---------------------------------------------------------------
[ 2018-02-01T11:08:48+08:00 ] 121.42.251.110 115.57.135.101 POST /home/business/activation
[ info ] apibof.ewtouch.com/home/business/activation [运行时间：0.109782s][吞吐率：9.11req/s] [内存消耗：2,809.98kb] [文件加载：63]
[ info ] [ LANG ] /www/wwwroot/bof.com/thinkphp/lang/zh-cn.php
[ info ] [ ROUTE ] array (
  'type' => 'module',
  'module' => 
  array (
    0 => 'home',
    1 => 'business',
    2 => 'activation',
  ),
)
[ info ] [ HEADER ] array (
  'cookie' => 'PHPSESSID=em4ob6qkpg8cpd7d502t6lagj8',
  'accept-language' => 'zh-CN,zh;q=0.9',
  'accept-encoding' => 'gzip, deflate',
  'referer' => 'http://webbof.ewtouch.com/zh/business_active.html',
  'content-type' => 'application/x-www-form-urlencoded; charset=UTF-8',
  'user-agent' => 'Mozilla/5.0 (Windows NT 10.0; Win64; x64) AppleWebKit/537.36 (KHTML, like Gecko) Chrome/62.0.3202.94 Safari/537.36',
  'origin' => 'http://webbof.ewtouch.com',
  'accept' => 'application/json, text/javascript, */*; q=0.01',
  'content-length' => '66',
  'connection' => 'keep-alive',
  'host' => 'apibof.ewtouch.com',
)
[ info ] [ PARAM ] array (
  'need_integral' => '100',
  'integral' => '934949',
  'phone' => '15987456321',
  'id' => '138',
  'class' => '1',
)
[ info ] [ DB ] INIT mysql
[ info ] [ SESSION ] INIT array (
  'id' => '',
  'var_session_id' => '',
  'prefix' => 'think',
  'type' => '',
  'auto_start' => true,
  'httponly' => true,
  'secure' => false,
)
[ info ] [ RUN ] app\home\controller\Business->activation[ /www/wwwroot/bof.com/application/home/controller/Business.php ]
[ info ] [ CACHE ] INIT file
[ info ] [ LOG ] INIT File
[ sql ] [ DB ] CONNECT:[ UseTime:0.000508s ] mysql:dbname=bof_com;host=121.42.251.110;port=3306;charset=utf8
[ sql ] [ SQL ] SHOW COLUMNS FROM `sql_config` [ RunTime:0.001469s ]
[ sql ] [ SQL ] SELECT `value` FROM `sql_config` WHERE  `name` = 'pu_straight' LIMIT 1 [ RunTime:0.000333s ]
[ sql ] [ SQL ] SELECT `value` FROM `sql_config` WHERE  `name` = 'yin_straight' LIMIT 1 [ RunTime:0.000245s ]
[ sql ] [ SQL ] SELECT `value` FROM `sql_config` WHERE  `name` = 'jin_straight' LIMIT 1 [ RunTime:0.000236s ]
[ sql ] [ SQL ] SELECT `value` FROM `sql_config` WHERE  `name` = 'baijin_straight' LIMIT 1 [ RunTime:0.000228s ]
[ sql ] [ SQL ] SELECT `value` FROM `sql_config` WHERE  `name` = 'heijin_straight' LIMIT 1 [ RunTime:0.000229s ]
[ sql ] [ SQL ] SELECT `value` FROM `sql_config` WHERE  `name` = 'zuan_straight' LIMIT 1 [ RunTime:0.000242s ]
[ sql ] [ SQL ] SELECT `value` FROM `sql_config` WHERE  `name` = 'lanzuan_straight' LIMIT 1 [ RunTime:0.000227s ]
[ sql ] [ SQL ] SHOW COLUMNS FROM `sql_users` [ RunTime:0.001420s ]
[ sql ] [ SQL ] SELECT `code` FROM `sql_users` WHERE  `id` = 121 LIMIT 1 [ RunTime:0.000265s ]
[ sql ] [ SQL ] SELECT `status` FROM `sql_users` WHERE  `phone` = '15987456321' LIMIT 1 [ RunTime:0.000236s ]
[ sql ] [ SQL ] UPDATE `sql_users`  SET `reg_score`=934849,`updated_at`='1517454528'  WHERE  `id` = 121 [ RunTime:0.005290s ]
[ sql ] [ SQL ] UPDATE `sql_users`  SET `updated_at`='1517454528',`status`=1  WHERE  `id` = 138 [ RunTime:0.002824s ]
[ sql ] [ SQL ] SHOW COLUMNS FROM `sql_account` [ RunTime:0.001185s ]
[ sql ] [ SQL ] INSERT INTO `sql_account` (`from_uid` , `score` , `cur_score` , `remark` , `class` , `is_add` , `type` , `uid` , `source` , `created_at`) VALUES (138 , -100 , 934849 , '激活用户' , 1 , 2 , 1 , 121 , 11 , '1517454528') [ RunTime:0.004391s ]
[ sql ] [ SQL ] SHOW COLUMNS FROM `sql_disc` [ RunTime:0.001105s ]
[ sql ] [ SQL ] SELECT COUNT(*) AS tp_count FROM `sql_disc` LIMIT 1 [ RunTime:0.000213s ]
[ sql ] [ SQL ] SELECT * FROM `sql_disc` ORDER BY `id`  desc LIMIT 1 [ RunTime:0.000220s ]
[ sql ] [ SQL ] SELECT `class`,`balance`,`id` FROM `sql_users` WHERE  `id` = 138  AND `status` = 3  AND `islock` = 1 LIMIT 1 [ RunTime:0.000270s ]
[ sql ] [ SQL ] SELECT `region`,`nid` FROM `sql_users` WHERE  `id` = 138 LIMIT 1 [ RunTime:0.000278s ]
[ sql ] [ SQL ] SELECT `nid`,`region`,`left_all_ach`,`right_all_ach`,`left_ach`,`right_ach` FROM `sql_users` WHERE  `id` = 137 LIMIT 1 [ RunTime:0.000252s ]
[ sql ] [ SQL ] UPDATE `sql_users`  SET `right_all_ach`=100,`right_ach`=100  WHERE  `id` = 137 [ RunTime:0.003902s ]
[ sql ] [ SQL ] SELECT `nid`,`region`,`left_all_ach`,`right_all_ach`,`left_ach`,`right_ach` FROM `sql_users` WHERE  `id` = 134 LIMIT 1 [ RunTime:0.000274s ]
[ sql ] [ SQL ] UPDATE `sql_users`  SET `right_all_ach`=100,`right_ach`=100  WHERE  `id` = 134 [ RunTime:0.011842s ]
[ sql ] [ SQL ] SELECT `nid`,`region`,`left_all_ach`,`right_all_ach`,`left_ach`,`right_ach` FROM `sql_users` WHERE  `id` = 132 LIMIT 1 [ RunTime:0.000270s ]
[ sql ] [ SQL ] UPDATE `sql_users`  SET `right_all_ach`=100,`right_ach`=100  WHERE  `id` = 132 [ RunTime:0.003774s ]
[ sql ] [ SQL ] SELECT `nid`,`region`,`left_all_ach`,`right_all_ach`,`left_ach`,`right_ach` FROM `sql_users` WHERE  `id` = 122 LIMIT 1 [ RunTime:0.000243s ]
[ sql ] [ SQL ] UPDATE `sql_users`  SET `right_all_ach`=100,`right_ach`=100  WHERE  `id` = 122 [ RunTime:0.002845s ]
[ sql ] [ SQL ] SELECT `nid`,`region`,`left_all_ach`,`right_all_ach`,`left_ach`,`right_ach` FROM `sql_users` WHERE  `id` = 121 LIMIT 1 [ RunTime:0.000240s ]
[ sql ] [ SQL ] UPDATE `sql_users`  SET `right_all_ach`=200,`right_ach`=100  WHERE  `id` = 121 [ RunTime:0.002617s ]
[ sql ] [ SQL ] SELECT `nid`,`region`,`left_all_ach`,`right_all_ach`,`left_ach`,`right_ach` FROM `sql_users` WHERE  `id` = 120 LIMIT 1 [ RunTime:0.000269s ]
[ sql ] [ SQL ] UPDATE `sql_users`  SET `right_all_ach`=102600,`right_ach`=102600  WHERE  `id` = 120 [ RunTime:0.003999s ]
[ sql ] [ SQL ] SELECT `nid`,`region`,`left_all_ach`,`right_all_ach`,`left_ach`,`right_ach` FROM `sql_users` WHERE  `id` = 119 LIMIT 1 [ RunTime:0.000250s ]
[ sql ] [ SQL ] UPDATE `sql_users`  SET `right_all_ach`=102600,`right_ach`=102600  WHERE  `id` = 119 [ RunTime:0.003186s ]
[ sql ] [ SQL ] SELECT `nid`,`region`,`left_all_ach`,`right_all_ach`,`left_ach`,`right_ach` FROM `sql_users` WHERE  `id` = 117 LIMIT 1 [ RunTime:0.000294s ]
[ sql ] [ SQL ] UPDATE `sql_users`  SET `right_all_ach`=102600,`right_ach`=101700  WHERE  `id` = 117 [ RunTime:0.003523s ]
[ sql ] [ SQL ] SELECT `nid`,`region`,`left_all_ach`,`right_all_ach`,`left_ach`,`right_ach` FROM `sql_users` WHERE  `id` = 0 LIMIT 1 [ RunTime:0.000268s ]
[ sql ] [ SQL ] SELECT * FROM `sql_users` WHERE  `id` = 138 LIMIT 1 [ RunTime:0.000455s ]
[ sql ] [ SQL ] SELECT `id` FROM `sql_users` WHERE  `id` = 137 LIMIT 1 [ RunTime:0.000213s ]
[ sql ] [ SQL ] SELECT `nid` FROM `sql_users` WHERE  `id` = 137 LIMIT 1 [ RunTime:0.000217s ]
[ sql ] [ SQL ] SELECT `id` FROM `sql_users` WHERE  `id` = 134 LIMIT 1 [ RunTime:0.000190s ]
[ sql ] [ SQL ] SELECT `nid` FROM `sql_users` WHERE  `id` = 134 LIMIT 1 [ RunTime:0.000190s ]
[ sql ] [ SQL ] SELECT `id` FROM `sql_users` WHERE  `id` = 132 LIMIT 1 [ RunTime:0.000192s ]
[ sql ] [ SQL ] SELECT `nid` FROM `sql_users` WHERE  `id` = 132 LIMIT 1 [ RunTime:0.000177s ]
[ sql ] [ SQL ] SELECT `id` FROM `sql_users` WHERE  `id` = 122 LIMIT 1 [ RunTime:0.000178s ]
[ sql ] [ SQL ] SELECT `nid` FROM `sql_users` WHERE  `id` = 122 LIMIT 1 [ RunTime:0.000171s ]
[ sql ] [ SQL ] SELECT `id` FROM `sql_users` WHERE  `id` = 121 LIMIT 1 [ RunTime:0.000181s ]
[ sql ] [ SQL ] SELECT `nid` FROM `sql_users` WHERE  `id` = 121 LIMIT 1 [ RunTime:0.000175s ]
[ sql ] [ SQL ] SELECT `id` FROM `sql_users` WHERE  `id` = 120 LIMIT 1 [ RunTime:0.000173s ]
[ sql ] [ SQL ] SELECT `nid` FROM `sql_users` WHERE  `id` = 120 LIMIT 1 [ RunTime:0.000176s ]
[ sql ] [ SQL ] SELECT `id` FROM `sql_users` WHERE  `id` = 119 LIMIT 1 [ RunTime:0.000177s ]
[ sql ] [ SQL ] SELECT `nid` FROM `sql_users` WHERE  `id` = 119 LIMIT 1 [ RunTime:0.000185s ]
[ sql ] [ SQL ] SELECT `id` FROM `sql_users` WHERE  `id` = 117 LIMIT 1 [ RunTime:0.000183s ]
[ sql ] [ SQL ] SELECT `nid` FROM `sql_users` WHERE  `id` = 117 LIMIT 1 [ RunTime:0.000177s ]
[ sql ] [ SQL ] SELECT * FROM `sql_users` WHERE  `id` IN (137,134,132,122,121,120,119,117) [ RunTime:0.000474s ]
[ sql ] [ SQL ] UPDATE `sql_users`  SET `left_ach`=left_ach-100  WHERE  `id` = 121 [ RunTime:0.000261s ]
[ sql ] [ SQL ] UPDATE `sql_users`  SET `right_ach`=right_ach-100  WHERE  `id` = 121 [ RunTime:0.000216s ]
[ sql ] [ SQL ] SELECT `value` FROM `sql_config` WHERE  `name` = 'oneMatchPercent' LIMIT 1 [ RunTime:0.000282s ]
[ sql ] [ SQL ] SELECT `value` FROM `sql_config` WHERE  `name` = 'sixBoomPercent' LIMIT 1 [ RunTime:0.000228s ]
[ sql ] [ SQL ] SELECT `value` FROM `sql_config` WHERE  `name` = 'oneToThreePercent' LIMIT 1 [ RunTime:0.000224s ]
[ sql ] [ SQL ] SELECT SUM(score) AS tp_sum FROM `sql_account` WHERE  `uid` = 121  AND `source` = 2  AND `is_add` = 1  AND `type` = 3  AND `class` = 1  AND ( `created_at` > '1517414400' AND `created_at` < '1517500799' ) LIMIT 1 [ RunTime:0.000363s ]
[ sql ] [ SQL ] SELECT `value` FROM `sql_config` WHERE  `name` = 'sixTopBoomScore' LIMIT 1 [ RunTime:0.000253s ]
[ sql ] [ SQL ] SELECT `prize_score` FROM `sql_users` WHERE  `id` = 121 LIMIT 1 [ RunTime:0.000190s ]
[ sql ] [ SQL ] INSERT INTO `sql_account` (`uid` , `score` , `cur_score` , `remark` , `class` , `is_add` , `type` , `source` , `from_uid` , `created_at`) VALUES (121 , 5 , 4818 , '对碰奖结算' , 1 , 1 , 3 , 2 , 138 , '1517454528') [ RunTime:0.000253s ]
[ sql ] [ SQL ] UPDATE `sql_users`  SET `prize_score`=prize_score+5  WHERE  `id` = 121 [ RunTime:0.000218s ]
[ sql ] [ SQL ] SELECT `id` FROM `sql_users` WHERE  `id` = 121 LIMIT 1 [ RunTime:0.000189s ]
[ sql ] [ SQL ] SELECT `pid` FROM `sql_users` WHERE  `id` = 121 LIMIT 1 [ RunTime:0.000183s ]
[ sql ] [ SQL ] SELECT `id` FROM `sql_users` WHERE  `id` = 117 LIMIT 1 [ RunTime:0.000177s ]
[ sql ] [ SQL ] SELECT `pid` FROM `sql_users` WHERE  `id` = 117 LIMIT 1 [ RunTime:0.000171s ]
[ sql ] [ SQL ] SELECT * FROM `sql_users` WHERE  `id` = 117 LIMIT 1 [ RunTime:0.000327s ]
[ sql ] [ SQL ] SELECT `value` FROM `sql_config` WHERE  `name` = 'oneContributionPercent' LIMIT 1 [ RunTime:0.000240s ]
[ sql ] [ SQL ] SELECT `prize_score` FROM `sql_users` WHERE  `id` = 117 LIMIT 1 [ RunTime:0.000194s ]
[ sql ] [ SQL ] INSERT INTO `sql_account` (`uid` , `score` , `cur_score` , `remark` , `class` , `is_add` , `type` , `source` , `from_uid` , `created_at`) VALUES (117 , 0.1 , 5295.7 , '贡献奖结算' , 1 , 1 , 3 , 2 , 121 , '1517454528') [ RunTime:0.000235s ]
[ sql ] [ SQL ] UPDATE `sql_users`  SET `prize_score`=prize_score+0.1  WHERE  `id` = 117 [ RunTime:0.000209s ]
[ log ] <<<碰撞完成 新人id：138--手机号：15987456321 --碰撞金额：100---获奖人id：121--碰撞时间：2018-02-01 11:08:481517454528>>>
---------------------------------------------------------------
[ 2018-02-01T11:08:53+08:00 ] 121.42.251.110 115.57.135.101 POST /home/business/activation
[ info ] apibof.ewtouch.com/home/business/activation [运行时间：0.088765s][吞吐率：11.27req/s] [内存消耗：2,797.67kb] [文件加载：63]
[ info ] [ LANG ] /www/wwwroot/bof.com/thinkphp/lang/zh-cn.php
[ info ] [ ROUTE ] array (
  'type' => 'module',
  'module' => 
  array (
    0 => 'home',
    1 => 'business',
    2 => 'activation',
  ),
)
[ info ] [ HEADER ] array (
  'cookie' => 'PHPSESSID=em4ob6qkpg8cpd7d502t6lagj8',
  'accept-language' => 'zh-CN,zh;q=0.9',
  'accept-encoding' => 'gzip, deflate',
  'referer' => 'http://webbof.ewtouch.com/zh/business_active.html',
  'content-type' => 'application/x-www-form-urlencoded; charset=UTF-8',
  'user-agent' => 'Mozilla/5.0 (Windows NT 10.0; Win64; x64) AppleWebKit/537.36 (KHTML, like Gecko) Chrome/62.0.3202.94 Safari/537.36',
  'origin' => 'http://webbof.ewtouch.com',
  'accept' => 'application/json, text/javascript, */*; q=0.01',
  'content-length' => '66',
  'connection' => 'keep-alive',
  'host' => 'apibof.ewtouch.com',
)
[ info ] [ PARAM ] array (
  'need_integral' => '100',
  'integral' => '934849',
  'phone' => '15987465984',
  'id' => '134',
  'class' => '1',
)
[ info ] [ DB ] INIT mysql
[ info ] [ SESSION ] INIT array (
  'id' => '',
  'var_session_id' => '',
  'prefix' => 'think',
  'type' => '',
  'auto_start' => true,
  'httponly' => true,
  'secure' => false,
)
[ info ] [ RUN ] app\home\controller\Business->activation[ /www/wwwroot/bof.com/application/home/controller/Business.php ]
[ info ] [ CACHE ] INIT file
[ info ] [ LOG ] INIT File
[ sql ] [ DB ] CONNECT:[ UseTime:0.000543s ] mysql:dbname=bof_com;host=121.42.251.110;port=3306;charset=utf8
[ sql ] [ SQL ] SHOW COLUMNS FROM `sql_config` [ RunTime:0.001480s ]
[ sql ] [ SQL ] SELECT `value` FROM `sql_config` WHERE  `name` = 'pu_straight' LIMIT 1 [ RunTime:0.000338s ]
[ sql ] [ SQL ] SELECT `value` FROM `sql_config` WHERE  `name` = 'yin_straight' LIMIT 1 [ RunTime:0.000248s ]
[ sql ] [ SQL ] SELECT `value` FROM `sql_config` WHERE  `name` = 'jin_straight' LIMIT 1 [ RunTime:0.000237s ]
[ sql ] [ SQL ] SELECT `value` FROM `sql_config` WHERE  `name` = 'baijin_straight' LIMIT 1 [ RunTime:0.000303s ]
[ sql ] [ SQL ] SELECT `value` FROM `sql_config` WHERE  `name` = 'heijin_straight' LIMIT 1 [ RunTime:0.000330s ]
[ sql ] [ SQL ] SELECT `value` FROM `sql_config` WHERE  `name` = 'zuan_straight' LIMIT 1 [ RunTime:0.000241s ]
[ sql ] [ SQL ] SELECT `value` FROM `sql_config` WHERE  `name` = 'lanzuan_straight' LIMIT 1 [ RunTime:0.000231s ]
[ sql ] [ SQL ] SHOW COLUMNS FROM `sql_users` [ RunTime:0.001429s ]
[ sql ] [ SQL ] SELECT `code` FROM `sql_users` WHERE  `id` = 121 LIMIT 1 [ RunTime:0.000261s ]
[ sql ] [ SQL ] SELECT `status` FROM `sql_users` WHERE  `phone` = '15987465984' LIMIT 1 [ RunTime:0.000265s ]
[ sql ] [ SQL ] UPDATE `sql_users`  SET `reg_score`=934749,`updated_at`='1517454533'  WHERE  `id` = 121 [ RunTime:0.004414s ]
[ sql ] [ SQL ] UPDATE `sql_users`  SET `updated_at`='1517454533',`status`=1  WHERE  `id` = 134 [ RunTime:0.003970s ]
[ sql ] [ SQL ] SHOW COLUMNS FROM `sql_account` [ RunTime:0.001141s ]
[ sql ] [ SQL ] INSERT INTO `sql_account` (`from_uid` , `score` , `cur_score` , `remark` , `class` , `is_add` , `type` , `uid` , `source` , `created_at`) VALUES (134 , -100 , 934749 , '激活用户' , 1 , 2 , 1 , 121 , 11 , '1517454533') [ RunTime:0.003506s ]
[ sql ] [ SQL ] SHOW COLUMNS FROM `sql_disc` [ RunTime:0.001090s ]
[ sql ] [ SQL ] SELECT COUNT(*) AS tp_count FROM `sql_disc` LIMIT 1 [ RunTime:0.000240s ]
[ sql ] [ SQL ] SELECT * FROM `sql_disc` ORDER BY `id`  desc LIMIT 1 [ RunTime:0.000229s ]
[ sql ] [ SQL ] SELECT `class`,`balance`,`id` FROM `sql_users` WHERE  `id` = 134  AND `status` = 3  AND `islock` = 1 LIMIT 1 [ RunTime:0.000276s ]
[ sql ] [ SQL ] SELECT `region`,`nid` FROM `sql_users` WHERE  `id` = 134 LIMIT 1 [ RunTime:0.000242s ]
[ sql ] [ SQL ] SELECT `nid`,`region`,`left_all_ach`,`right_all_ach`,`left_ach`,`right_ach` FROM `sql_users` WHERE  `id` = 132 LIMIT 1 [ RunTime:0.000245s ]
[ sql ] [ SQL ] UPDATE `sql_users`  SET `right_all_ach`=200,`right_ach`=200  WHERE  `id` = 132 [ RunTime:0.004679s ]
[ sql ] [ SQL ] SELECT `nid`,`region`,`left_all_ach`,`right_all_ach`,`left_ach`,`right_ach` FROM `sql_users` WHERE  `id` = 122 LIMIT 1 [ RunTime:0.000307s ]
[ sql ] [ SQL ] UPDATE `sql_users`  SET `right_all_ach`=200,`right_ach`=200  WHERE  `id` = 122 [ RunTime:0.002619s ]
[ sql ] [ SQL ] SELECT `nid`,`region`,`left_all_ach`,`right_all_ach`,`left_ach`,`right_ach` FROM `sql_users` WHERE  `id` = 121 LIMIT 1 [ RunTime:0.000282s ]
[ sql ] [ SQL ] UPDATE `sql_users`  SET `right_all_ach`=300,`right_ach`=100  WHERE  `id` = 121 [ RunTime:0.002670s ]
[ sql ] [ SQL ] SELECT `nid`,`region`,`left_all_ach`,`right_all_ach`,`left_ach`,`right_ach` FROM `sql_users` WHERE  `id` = 120 LIMIT 1 [ RunTime:0.000291s ]
[ sql ] [ SQL ] UPDATE `sql_users`  SET `right_all_ach`=102700,`right_ach`=102700  WHERE  `id` = 120 [ RunTime:0.002742s ]
[ sql ] [ SQL ] SELECT `nid`,`region`,`left_all_ach`,`right_all_ach`,`left_ach`,`right_ach` FROM `sql_users` WHERE  `id` = 119 LIMIT 1 [ RunTime:0.000249s ]
[ sql ] [ SQL ] UPDATE `sql_users`  SET `right_all_ach`=102700,`right_ach`=102700  WHERE  `id` = 119 [ RunTime:0.002988s ]
[ sql ] [ SQL ] SELECT `nid`,`region`,`left_all_ach`,`right_all_ach`,`left_ach`,`right_ach` FROM `sql_users` WHERE  `id` = 117 LIMIT 1 [ RunTime:0.000262s ]
[ sql ] [ SQL ] UPDATE `sql_users`  SET `right_all_ach`=102700,`right_ach`=101800  WHERE  `id` = 117 [ RunTime:0.003576s ]
[ sql ] [ SQL ] SELECT `nid`,`region`,`left_all_ach`,`right_all_ach`,`left_ach`,`right_ach` FROM `sql_users` WHERE  `id` = 0 LIMIT 1 [ RunTime:0.000291s ]
[ sql ] [ SQL ] SELECT * FROM `sql_users` WHERE  `id` = 134 LIMIT 1 [ RunTime:0.000464s ]
[ sql ] [ SQL ] SELECT `id` FROM `sql_users` WHERE  `id` = 132 LIMIT 1 [ RunTime:0.000270s ]
[ sql ] [ SQL ] SELECT `nid` FROM `sql_users` WHERE  `id` = 132 LIMIT 1 [ RunTime:0.000228s ]
[ sql ] [ SQL ] SELECT `id` FROM `sql_users` WHERE  `id` = 122 LIMIT 1 [ RunTime:0.000216s ]
[ sql ] [ SQL ] SELECT `nid` FROM `sql_users` WHERE  `id` = 122 LIMIT 1 [ RunTime:0.000186s ]
[ sql ] [ SQL ] SELECT `id` FROM `sql_users` WHERE  `id` = 121 LIMIT 1 [ RunTime:0.000195s ]
[ sql ] [ SQL ] SELECT `nid` FROM `sql_users` WHERE  `id` = 121 LIMIT 1 [ RunTime:0.000239s ]
[ sql ] [ SQL ] SELECT `id` FROM `sql_users` WHERE  `id` = 120 LIMIT 1 [ RunTime:0.000184s ]
[ sql ] [ SQL ] SELECT `nid` FROM `sql_users` WHERE  `id` = 120 LIMIT 1 [ RunTime:0.000196s ]
[ sql ] [ SQL ] SELECT `id` FROM `sql_users` WHERE  `id` = 119 LIMIT 1 [ RunTime:0.000194s ]
[ sql ] [ SQL ] SELECT `nid` FROM `sql_users` WHERE  `id` = 119 LIMIT 1 [ RunTime:0.000275s ]
[ sql ] [ SQL ] SELECT `id` FROM `sql_users` WHERE  `id` = 117 LIMIT 1 [ RunTime:0.000194s ]
[ sql ] [ SQL ] SELECT `nid` FROM `sql_users` WHERE  `id` = 117 LIMIT 1 [ RunTime:0.000186s ]
[ sql ] [ SQL ] SELECT * FROM `sql_users` WHERE  `id` IN (132,122,121,120,119,117) [ RunTime:0.000477s ]
[ sql ] [ SQL ] UPDATE `sql_users`  SET `left_ach`=left_ach-100  WHERE  `id` = 121 [ RunTime:0.000268s ]
[ sql ] [ SQL ] UPDATE `sql_users`  SET `right_ach`=right_ach-100  WHERE  `id` = 121 [ RunTime:0.000213s ]
[ sql ] [ SQL ] SELECT `value` FROM `sql_config` WHERE  `name` = 'oneMatchPercent' LIMIT 1 [ RunTime:0.000278s ]
[ sql ] [ SQL ] SELECT `value` FROM `sql_config` WHERE  `name` = 'sixBoomPercent' LIMIT 1 [ RunTime:0.000242s ]
[ sql ] [ SQL ] SELECT `value` FROM `sql_config` WHERE  `name` = 'oneToThreePercent' LIMIT 1 [ RunTime:0.000237s ]
[ sql ] [ SQL ] SELECT SUM(score) AS tp_sum FROM `sql_account` WHERE  `uid` = 121  AND `source` = 2  AND `is_add` = 1  AND `type` = 3  AND `class` = 1  AND ( `created_at` > '1517414400' AND `created_at` < '1517500799' ) LIMIT 1 [ RunTime:0.000409s ]
[ sql ] [ SQL ] SELECT `value` FROM `sql_config` WHERE  `name` = 'sixTopBoomScore' LIMIT 1 [ RunTime:0.000255s ]
[ sql ] [ SQL ] SELECT `prize_score` FROM `sql_users` WHERE  `id` = 121 LIMIT 1 [ RunTime:0.000246s ]
[ sql ] [ SQL ] INSERT INTO `sql_account` (`uid` , `score` , `cur_score` , `remark` , `class` , `is_add` , `type` , `source` , `from_uid` , `created_at`) VALUES (121 , 5 , 4831 , '对碰奖结算' , 1 , 1 , 3 , 2 , 134 , '1517454533') [ RunTime:0.000326s ]
[ sql ] [ SQL ] UPDATE `sql_users`  SET `prize_score`=prize_score+5  WHERE  `id` = 121 [ RunTime:0.000263s ]
[ sql ] [ SQL ] SELECT `id` FROM `sql_users` WHERE  `id` = 121 LIMIT 1 [ RunTime:0.000254s ]
[ sql ] [ SQL ] SELECT `pid` FROM `sql_users` WHERE  `id` = 121 LIMIT 1 [ RunTime:0.000264s ]
[ sql ] [ SQL ] SELECT `id` FROM `sql_users` WHERE  `id` = 117 LIMIT 1 [ RunTime:0.000227s ]
[ sql ] [ SQL ] SELECT `pid` FROM `sql_users` WHERE  `id` = 117 LIMIT 1 [ RunTime:0.000249s ]
[ sql ] [ SQL ] SELECT * FROM `sql_users` WHERE  `id` = 117 LIMIT 1 [ RunTime:0.000386s ]
[ sql ] [ SQL ] SELECT `value` FROM `sql_config` WHERE  `name` = 'oneContributionPercent' LIMIT 1 [ RunTime:0.000271s ]
[ sql ] [ SQL ] SELECT `prize_score` FROM `sql_users` WHERE  `id` = 117 LIMIT 1 [ RunTime:0.000245s ]
[ sql ] [ SQL ] INSERT INTO `sql_account` (`uid` , `score` , `cur_score` , `remark` , `class` , `is_add` , `type` , `source` , `from_uid` , `created_at`) VALUES (117 , 0.1 , 5303.8 , '贡献奖结算' , 1 , 1 , 3 , 2 , 121 , '1517454533') [ RunTime:0.000249s ]
[ sql ] [ SQL ] UPDATE `sql_users`  SET `prize_score`=prize_score+0.1  WHERE  `id` = 117 [ RunTime:0.000247s ]
[ log ] <<<碰撞完成 新人id：134--手机号：15987465984 --碰撞金额：100---获奖人id：121--碰撞时间：2018-02-01 11:08:531517454533>>>
---------------------------------------------------------------
[ 2018-02-01T11:09:17+08:00 ] 121.42.251.110 115.57.135.101 POST /home/business/activation
[ info ] apibof.ewtouch.com/home/business/activation [运行时间：0.220486s][吞吐率：4.54req/s] [内存消耗：2,816.72kb] [文件加载：63]
[ info ] [ LANG ] /www/wwwroot/bof.com/thinkphp/lang/zh-cn.php
[ info ] [ ROUTE ] array (
  'type' => 'module',
  'module' => 
  array (
    0 => 'home',
    1 => 'business',
    2 => 'activation',
  ),
)
[ info ] [ HEADER ] array (
  'cookie' => 'PHPSESSID=em4ob6qkpg8cpd7d502t6lagj8',
  'accept-language' => 'zh-CN,zh;q=0.9',
  'accept-encoding' => 'gzip, deflate',
  'referer' => 'http://webbof.ewtouch.com/zh/business_active.html',
  'content-type' => 'application/x-www-form-urlencoded; charset=UTF-8',
  'user-agent' => 'Mozilla/5.0 (Windows NT 10.0; Win64; x64) AppleWebKit/537.36 (KHTML, like Gecko) Chrome/62.0.3202.94 Safari/537.36',
  'origin' => 'http://webbof.ewtouch.com',
  'accept' => 'application/json, text/javascript, */*; q=0.01',
  'content-length' => '68',
  'connection' => 'keep-alive',
  'host' => 'apibof.ewtouch.com',
)
[ info ] [ PARAM ] array (
  'need_integral' => '10000',
  'integral' => '934749',
  'phone' => '15258886588',
  'id' => '139',
  'class' => '7',
)
[ info ] [ DB ] INIT mysql
[ info ] [ SESSION ] INIT array (
  'id' => '',
  'var_session_id' => '',
  'prefix' => 'think',
  'type' => '',
  'auto_start' => true,
  'httponly' => true,
  'secure' => false,
)
[ info ] [ RUN ] app\home\controller\Business->activation[ /www/wwwroot/bof.com/application/home/controller/Business.php ]
[ info ] [ CACHE ] INIT file
[ info ] [ LOG ] INIT File
[ sql ] [ DB ] CONNECT:[ UseTime:0.000584s ] mysql:dbname=bof_com;host=121.42.251.110;port=3306;charset=utf8
[ sql ] [ SQL ] SHOW COLUMNS FROM `sql_config` [ RunTime:0.002122s ]
[ sql ] [ SQL ] SELECT `value` FROM `sql_config` WHERE  `name` = 'pu_straight' LIMIT 1 [ RunTime:0.000471s ]
[ sql ] [ SQL ] SELECT `value` FROM `sql_config` WHERE  `name` = 'yin_straight' LIMIT 1 [ RunTime:0.000364s ]
[ sql ] [ SQL ] SELECT `value` FROM `sql_config` WHERE  `name` = 'jin_straight' LIMIT 1 [ RunTime:0.000327s ]
[ sql ] [ SQL ] SELECT `value` FROM `sql_config` WHERE  `name` = 'baijin_straight' LIMIT 1 [ RunTime:0.000353s ]
[ sql ] [ SQL ] SELECT `value` FROM `sql_config` WHERE  `name` = 'heijin_straight' LIMIT 1 [ RunTime:0.000334s ]
[ sql ] [ SQL ] SELECT `value` FROM `sql_config` WHERE  `name` = 'zuan_straight' LIMIT 1 [ RunTime:0.000354s ]
[ sql ] [ SQL ] SELECT `value` FROM `sql_config` WHERE  `name` = 'lanzuan_straight' LIMIT 1 [ RunTime:0.000344s ]
[ sql ] [ SQL ] SHOW COLUMNS FROM `sql_users` [ RunTime:0.002130s ]
[ sql ] [ SQL ] SELECT `code` FROM `sql_users` WHERE  `id` = 121 LIMIT 1 [ RunTime:0.000324s ]
[ sql ] [ SQL ] SELECT `status` FROM `sql_users` WHERE  `phone` = '15258886588' LIMIT 1 [ RunTime:0.000309s ]
[ sql ] [ SQL ] UPDATE `sql_users`  SET `reg_score`=924749,`updated_at`='1517454557'  WHERE  `id` = 121 [ RunTime:0.012308s ]
[ sql ] [ SQL ] UPDATE `sql_users`  SET `updated_at`='1517454557',`status`=1  WHERE  `id` = 139 [ RunTime:0.010321s ]
[ sql ] [ SQL ] SHOW COLUMNS FROM `sql_account` [ RunTime:0.001257s ]
[ sql ] [ SQL ] INSERT INTO `sql_account` (`from_uid` , `score` , `cur_score` , `remark` , `class` , `is_add` , `type` , `uid` , `source` , `created_at`) VALUES (139 , -10000 , 924749 , '激活用户' , 1 , 2 , 1 , 121 , 11 , '1517454557') [ RunTime:0.009739s ]
[ sql ] [ SQL ] SHOW COLUMNS FROM `sql_disc` [ RunTime:0.001260s ]
[ sql ] [ SQL ] SELECT COUNT(*) AS tp_count FROM `sql_disc` LIMIT 1 [ RunTime:0.000249s ]
[ sql ] [ SQL ] SELECT * FROM `sql_disc` ORDER BY `id`  desc LIMIT 1 [ RunTime:0.000257s ]
[ sql ] [ SQL ] SELECT `class`,`balance`,`id` FROM `sql_users` WHERE  `id` = 139  AND `status` = 3  AND `islock` = 1 LIMIT 1 [ RunTime:0.000327s ]
[ sql ] [ SQL ] SELECT `region`,`nid` FROM `sql_users` WHERE  `id` = 139 LIMIT 1 [ RunTime:0.000251s ]
[ sql ] [ SQL ] SELECT `nid`,`region`,`left_all_ach`,`right_all_ach`,`left_ach`,`right_ach` FROM `sql_users` WHERE  `id` = 138 LIMIT 1 [ RunTime:0.000281s ]
[ sql ] [ SQL ] UPDATE `sql_users`  SET `right_all_ach`=10000,`right_ach`=10000  WHERE  `id` = 138 [ RunTime:0.011962s ]
[ sql ] [ SQL ] SELECT `nid`,`region`,`left_all_ach`,`right_all_ach`,`left_ach`,`right_ach` FROM `sql_users` WHERE  `id` = 137 LIMIT 1 [ RunTime:0.000388s ]
[ sql ] [ SQL ] UPDATE `sql_users`  SET `right_all_ach`=10100,`right_ach`=10100  WHERE  `id` = 137 [ RunTime:0.011029s ]
[ sql ] [ SQL ] SELECT `nid`,`region`,`left_all_ach`,`right_all_ach`,`left_ach`,`right_ach` FROM `sql_users` WHERE  `id` = 134 LIMIT 1 [ RunTime:0.000344s ]
[ sql ] [ SQL ] UPDATE `sql_users`  SET `right_all_ach`=10100,`right_ach`=10100  WHERE  `id` = 134 [ RunTime:0.009346s ]
[ sql ] [ SQL ] SELECT `nid`,`region`,`left_all_ach`,`right_all_ach`,`left_ach`,`right_ach` FROM `sql_users` WHERE  `id` = 132 LIMIT 1 [ RunTime:0.000275s ]
[ sql ] [ SQL ] UPDATE `sql_users`  SET `right_all_ach`=10200,`right_ach`=10200  WHERE  `id` = 132 [ RunTime:0.012122s ]
[ sql ] [ SQL ] SELECT `nid`,`region`,`left_all_ach`,`right_all_ach`,`left_ach`,`right_ach` FROM `sql_users` WHERE  `id` = 122 LIMIT 1 [ RunTime:0.000444s ]
[ sql ] [ SQL ] UPDATE `sql_users`  SET `right_all_ach`=10200,`right_ach`=10200  WHERE  `id` = 122 [ RunTime:0.010317s ]
[ sql ] [ SQL ] SELECT `nid`,`region`,`left_all_ach`,`right_all_ach`,`left_ach`,`right_ach` FROM `sql_users` WHERE  `id` = 121 LIMIT 1 [ RunTime:0.000334s ]
[ sql ] [ SQL ] UPDATE `sql_users`  SET `right_all_ach`=10300,`right_ach`=10000  WHERE  `id` = 121 [ RunTime:0.011698s ]
[ sql ] [ SQL ] SELECT `nid`,`region`,`left_all_ach`,`right_all_ach`,`left_ach`,`right_ach` FROM `sql_users` WHERE  `id` = 120 LIMIT 1 [ RunTime:0.000266s ]
[ sql ] [ SQL ] UPDATE `sql_users`  SET `right_all_ach`=112700,`right_ach`=112700  WHERE  `id` = 120 [ RunTime:0.015543s ]
[ sql ] [ SQL ] SELECT `nid`,`region`,`left_all_ach`,`right_all_ach`,`left_ach`,`right_ach` FROM `sql_users` WHERE  `id` = 119 LIMIT 1 [ RunTime:0.000290s ]
[ sql ] [ SQL ] UPDATE `sql_users`  SET `right_all_ach`=112700,`right_ach`=112700  WHERE  `id` = 119 [ RunTime:0.010695s ]
[ sql ] [ SQL ] SELECT `nid`,`region`,`left_all_ach`,`right_all_ach`,`left_ach`,`right_ach` FROM `sql_users` WHERE  `id` = 117 LIMIT 1 [ RunTime:0.000369s ]
[ sql ] [ SQL ] UPDATE `sql_users`  SET `right_all_ach`=112700,`right_ach`=111800  WHERE  `id` = 117 [ RunTime:0.021834s ]
[ sql ] [ SQL ] SELECT `nid`,`region`,`left_all_ach`,`right_all_ach`,`left_ach`,`right_ach` FROM `sql_users` WHERE  `id` = 0 LIMIT 1 [ RunTime:0.000336s ]
[ sql ] [ SQL ] SELECT * FROM `sql_users` WHERE  `id` = 139 LIMIT 1 [ RunTime:0.000487s ]
[ sql ] [ SQL ] SELECT `id` FROM `sql_users` WHERE  `id` = 138 LIMIT 1 [ RunTime:0.000265s ]
[ sql ] [ SQL ] SELECT `nid` FROM `sql_users` WHERE  `id` = 138 LIMIT 1 [ RunTime:0.000204s ]
[ sql ] [ SQL ] SELECT `id` FROM `sql_users` WHERE  `id` = 137 LIMIT 1 [ RunTime:0.000282s ]
[ sql ] [ SQL ] SELECT `nid` FROM `sql_users` WHERE  `id` = 137 LIMIT 1 [ RunTime:0.000289s ]
[ sql ] [ SQL ] SELECT `id` FROM `sql_users` WHERE  `id` = 134 LIMIT 1 [ RunTime:0.000329s ]
[ sql ] [ SQL ] SELECT `nid` FROM `sql_users` WHERE  `id` = 134 LIMIT 1 [ RunTime:0.000221s ]
[ sql ] [ SQL ] SELECT `id` FROM `sql_users` WHERE  `id` = 132 LIMIT 1 [ RunTime:0.000201s ]
[ sql ] [ SQL ] SELECT `nid` FROM `sql_users` WHERE  `id` = 132 LIMIT 1 [ RunTime:0.000198s ]
[ sql ] [ SQL ] SELECT `id` FROM `sql_users` WHERE  `id` = 122 LIMIT 1 [ RunTime:0.000196s ]
[ sql ] [ SQL ] SELECT `nid` FROM `sql_users` WHERE  `id` = 122 LIMIT 1 [ RunTime:0.000187s ]
[ sql ] [ SQL ] SELECT `id` FROM `sql_users` WHERE  `id` = 121 LIMIT 1 [ RunTime:0.000183s ]
[ sql ] [ SQL ] SELECT `nid` FROM `sql_users` WHERE  `id` = 121 LIMIT 1 [ RunTime:0.000192s ]
[ sql ] [ SQL ] SELECT `id` FROM `sql_users` WHERE  `id` = 120 LIMIT 1 [ RunTime:0.000188s ]
[ sql ] [ SQL ] SELECT `nid` FROM `sql_users` WHERE  `id` = 120 LIMIT 1 [ RunTime:0.000187s ]
[ sql ] [ SQL ] SELECT `id` FROM `sql_users` WHERE  `id` = 119 LIMIT 1 [ RunTime:0.000188s ]
[ sql ] [ SQL ] SELECT `nid` FROM `sql_users` WHERE  `id` = 119 LIMIT 1 [ RunTime:0.000200s ]
[ sql ] [ SQL ] SELECT `id` FROM `sql_users` WHERE  `id` = 117 LIMIT 1 [ RunTime:0.000199s ]
[ sql ] [ SQL ] SELECT `nid` FROM `sql_users` WHERE  `id` = 117 LIMIT 1 [ RunTime:0.000196s ]
[ sql ] [ SQL ] SELECT * FROM `sql_users` WHERE  `id` IN (138,137,134,132,122,121,120,119,117) [ RunTime:0.000530s ]
[ sql ] [ SQL ] UPDATE `sql_users`  SET `left_ach`=left_ach-10000  WHERE  `id` = 121 [ RunTime:0.000300s ]
[ sql ] [ SQL ] UPDATE `sql_users`  SET `right_ach`=right_ach-10000  WHERE  `id` = 121 [ RunTime:0.000216s ]
[ sql ] [ SQL ] SELECT `value` FROM `sql_config` WHERE  `name` = 'sevenMatchPercent' LIMIT 1 [ RunTime:0.000345s ]
[ sql ] [ SQL ] SELECT `value` FROM `sql_config` WHERE  `name` = 'sixBoomPercent' LIMIT 1 [ RunTime:0.000253s ]
[ sql ] [ SQL ] SELECT `value` FROM `sql_config` WHERE  `name` = 'oneToThreePercent' LIMIT 1 [ RunTime:0.000298s ]
[ sql ] [ SQL ] SELECT SUM(score) AS tp_sum FROM `sql_account` WHERE  `uid` = 121  AND `source` = 2  AND `is_add` = 1  AND `type` = 3  AND `class` = 1  AND ( `created_at` > '1517414400' AND `created_at` < '1517500799' ) LIMIT 1 [ RunTime:0.000433s ]
[ sql ] [ SQL ] SELECT `value` FROM `sql_config` WHERE  `name` = 'sixTopBoomScore' LIMIT 1 [ RunTime:0.000260s ]
[ sql ] [ SQL ] SELECT `prize_score` FROM `sql_users` WHERE  `id` = 121 LIMIT 1 [ RunTime:0.000239s ]
[ sql ] [ SQL ] INSERT INTO `sql_account` (`uid` , `score` , `cur_score` , `remark` , `class` , `is_add` , `type` , `source` , `from_uid` , `created_at`) VALUES (121 , 620 , 5451 , '对碰奖结算' , 1 , 1 , 3 , 2 , 139 , '1517454557') [ RunTime:0.000258s ]
[ sql ] [ SQL ] UPDATE `sql_users`  SET `prize_score`=prize_score+620  WHERE  `id` = 121 [ RunTime:0.000279s ]
[ sql ] [ SQL ] SELECT `id` FROM `sql_users` WHERE  `id` = 121 LIMIT 1 [ RunTime:0.000200s ]
[ sql ] [ SQL ] SELECT `pid` FROM `sql_users` WHERE  `id` = 121 LIMIT 1 [ RunTime:0.000196s ]
[ sql ] [ SQL ] SELECT `id` FROM `sql_users` WHERE  `id` = 117 LIMIT 1 [ RunTime:0.000191s ]
[ sql ] [ SQL ] SELECT `pid` FROM `sql_users` WHERE  `id` = 117 LIMIT 1 [ RunTime:0.000189s ]
[ sql ] [ SQL ] SELECT * FROM `sql_users` WHERE  `id` = 117 LIMIT 1 [ RunTime:0.000357s ]
[ sql ] [ SQL ] SELECT `value` FROM `sql_config` WHERE  `name` = 'oneContributionPercent' LIMIT 1 [ RunTime:0.000285s ]
[ sql ] [ SQL ] SELECT `prize_score` FROM `sql_users` WHERE  `id` = 117 LIMIT 1 [ RunTime:0.000203s ]
[ sql ] [ SQL ] INSERT INTO `sql_account` (`uid` , `score` , `cur_score` , `remark` , `class` , `is_add` , `type` , `source` , `from_uid` , `created_at`) VALUES (117 , 12.4 , 5321.2 , '贡献奖结算' , 1 , 1 , 3 , 2 , 121 , '1517454557') [ RunTime:0.000248s ]
[ sql ] [ SQL ] UPDATE `sql_users`  SET `prize_score`=prize_score+12.4  WHERE  `id` = 117 [ RunTime:0.000237s ]
[ log ] <<<碰撞完成 新人id：139--手机号：15258886588 --碰撞金额：10000---获奖人id：121--碰撞时间：2018-02-01 11:09:171517454557>>>
---------------------------------------------------------------
[ 2018-02-01T11:09:22+08:00 ] 121.42.251.110 115.57.135.101 POST /home/business/activation
[ info ] apibof.ewtouch.com/home/business/activation [运行时间：0.092354s][吞吐率：10.83req/s] [内存消耗：2,803.88kb] [文件加载：63]
[ info ] [ LANG ] /www/wwwroot/bof.com/thinkphp/lang/zh-cn.php
[ info ] [ ROUTE ] array (
  'type' => 'module',
  'module' => 
  array (
    0 => 'home',
    1 => 'business',
    2 => 'activation',
  ),
)
[ info ] [ HEADER ] array (
  'cookie' => 'PHPSESSID=em4ob6qkpg8cpd7d502t6lagj8',
  'accept-language' => 'zh-CN,zh;q=0.9',
  'accept-encoding' => 'gzip, deflate',
  'referer' => 'http://webbof.ewtouch.com/zh/business_active.html',
  'content-type' => 'application/x-www-form-urlencoded; charset=UTF-8',
  'user-agent' => 'Mozilla/5.0 (Windows NT 10.0; Win64; x64) AppleWebKit/537.36 (KHTML, like Gecko) Chrome/62.0.3202.94 Safari/537.36',
  'origin' => 'http://webbof.ewtouch.com',
  'accept' => 'application/json, text/javascript, */*; q=0.01',
  'content-length' => '66',
  'connection' => 'keep-alive',
  'host' => 'apibof.ewtouch.com',
)
[ info ] [ PARAM ] array (
  'need_integral' => '100',
  'integral' => '924749',
  'phone' => '15987456598',
  'id' => '137',
  'class' => '1',
)
[ info ] [ DB ] INIT mysql
[ info ] [ SESSION ] INIT array (
  'id' => '',
  'var_session_id' => '',
  'prefix' => 'think',
  'type' => '',
  'auto_start' => true,
  'httponly' => true,
  'secure' => false,
)
[ info ] [ RUN ] app\home\controller\Business->activation[ /www/wwwroot/bof.com/application/home/controller/Business.php ]
[ info ] [ CACHE ] INIT file
[ info ] [ LOG ] INIT File
[ sql ] [ DB ] CONNECT:[ UseTime:0.000545s ] mysql:dbname=bof_com;host=121.42.251.110;port=3306;charset=utf8
[ sql ] [ SQL ] SHOW COLUMNS FROM `sql_config` [ RunTime:0.001472s ]
[ sql ] [ SQL ] SELECT `value` FROM `sql_config` WHERE  `name` = 'pu_straight' LIMIT 1 [ RunTime:0.000322s ]
[ sql ] [ SQL ] SELECT `value` FROM `sql_config` WHERE  `name` = 'yin_straight' LIMIT 1 [ RunTime:0.000265s ]
[ sql ] [ SQL ] SELECT `value` FROM `sql_config` WHERE  `name` = 'jin_straight' LIMIT 1 [ RunTime:0.000228s ]
[ sql ] [ SQL ] SELECT `value` FROM `sql_config` WHERE  `name` = 'baijin_straight' LIMIT 1 [ RunTime:0.000232s ]
[ sql ] [ SQL ] SELECT `value` FROM `sql_config` WHERE  `name` = 'heijin_straight' LIMIT 1 [ RunTime:0.000253s ]
[ sql ] [ SQL ] SELECT `value` FROM `sql_config` WHERE  `name` = 'zuan_straight' LIMIT 1 [ RunTime:0.000253s ]
[ sql ] [ SQL ] SELECT `value` FROM `sql_config` WHERE  `name` = 'lanzuan_straight' LIMIT 1 [ RunTime:0.000263s ]
[ sql ] [ SQL ] SHOW COLUMNS FROM `sql_users` [ RunTime:0.001452s ]
[ sql ] [ SQL ] SELECT `code` FROM `sql_users` WHERE  `id` = 121 LIMIT 1 [ RunTime:0.000263s ]
[ sql ] [ SQL ] SELECT `status` FROM `sql_users` WHERE  `phone` = '15987456598' LIMIT 1 [ RunTime:0.000254s ]
[ sql ] [ SQL ] UPDATE `sql_users`  SET `reg_score`=924649,`updated_at`='1517454562'  WHERE  `id` = 121 [ RunTime:0.004210s ]
[ sql ] [ SQL ] UPDATE `sql_users`  SET `updated_at`='1517454562',`status`=1  WHERE  `id` = 137 [ RunTime:0.004096s ]
[ sql ] [ SQL ] SHOW COLUMNS FROM `sql_account` [ RunTime:0.001286s ]
[ sql ] [ SQL ] INSERT INTO `sql_account` (`from_uid` , `score` , `cur_score` , `remark` , `class` , `is_add` , `type` , `uid` , `source` , `created_at`) VALUES (137 , -100 , 924649 , '激活用户' , 1 , 2 , 1 , 121 , 11 , '1517454562') [ RunTime:0.004510s ]
[ sql ] [ SQL ] SHOW COLUMNS FROM `sql_disc` [ RunTime:0.001140s ]
[ sql ] [ SQL ] SELECT COUNT(*) AS tp_count FROM `sql_disc` LIMIT 1 [ RunTime:0.000240s ]
[ sql ] [ SQL ] SELECT * FROM `sql_disc` ORDER BY `id`  desc LIMIT 1 [ RunTime:0.000226s ]
[ sql ] [ SQL ] SELECT `class`,`balance`,`id` FROM `sql_users` WHERE  `id` = 137  AND `status` = 3  AND `islock` = 1 LIMIT 1 [ RunTime:0.000277s ]
[ sql ] [ SQL ] SELECT `region`,`nid` FROM `sql_users` WHERE  `id` = 137 LIMIT 1 [ RunTime:0.000228s ]
[ sql ] [ SQL ] SELECT `nid`,`region`,`left_all_ach`,`right_all_ach`,`left_ach`,`right_ach` FROM `sql_users` WHERE  `id` = 134 LIMIT 1 [ RunTime:0.000237s ]
[ sql ] [ SQL ] UPDATE `sql_users`  SET `right_all_ach`=10200,`right_ach`=10200  WHERE  `id` = 134 [ RunTime:0.003404s ]
[ sql ] [ SQL ] SELECT `nid`,`region`,`left_all_ach`,`right_all_ach`,`left_ach`,`right_ach` FROM `sql_users` WHERE  `id` = 132 LIMIT 1 [ RunTime:0.000255s ]
[ sql ] [ SQL ] UPDATE `sql_users`  SET `right_all_ach`=10300,`right_ach`=10300  WHERE  `id` = 132 [ RunTime:0.002454s ]
[ sql ] [ SQL ] SELECT `nid`,`region`,`left_all_ach`,`right_all_ach`,`left_ach`,`right_ach` FROM `sql_users` WHERE  `id` = 122 LIMIT 1 [ RunTime:0.000248s ]
[ sql ] [ SQL ] UPDATE `sql_users`  SET `right_all_ach`=10300,`right_ach`=10300  WHERE  `id` = 122 [ RunTime:0.002784s ]
[ sql ] [ SQL ] SELECT `nid`,`region`,`left_all_ach`,`right_all_ach`,`left_ach`,`right_ach` FROM `sql_users` WHERE  `id` = 121 LIMIT 1 [ RunTime:0.000251s ]
[ sql ] [ SQL ] UPDATE `sql_users`  SET `right_all_ach`=10400,`right_ach`=100  WHERE  `id` = 121 [ RunTime:0.003011s ]
[ sql ] [ SQL ] SELECT `nid`,`region`,`left_all_ach`,`right_all_ach`,`left_ach`,`right_ach` FROM `sql_users` WHERE  `id` = 120 LIMIT 1 [ RunTime:0.000249s ]
[ sql ] [ SQL ] UPDATE `sql_users`  SET `right_all_ach`=112800,`right_ach`=112800  WHERE  `id` = 120 [ RunTime:0.003281s ]
[ sql ] [ SQL ] SELECT `nid`,`region`,`left_all_ach`,`right_all_ach`,`left_ach`,`right_ach` FROM `sql_users` WHERE  `id` = 119 LIMIT 1 [ RunTime:0.000265s ]
[ sql ] [ SQL ] UPDATE `sql_users`  SET `right_all_ach`=112800,`right_ach`=112800  WHERE  `id` = 119 [ RunTime:0.002802s ]
[ sql ] [ SQL ] SELECT `nid`,`region`,`left_all_ach`,`right_all_ach`,`left_ach`,`right_ach` FROM `sql_users` WHERE  `id` = 117 LIMIT 1 [ RunTime:0.000244s ]
[ sql ] [ SQL ] UPDATE `sql_users`  SET `right_all_ach`=112800,`right_ach`=111900  WHERE  `id` = 117 [ RunTime:0.003401s ]
[ sql ] [ SQL ] SELECT `nid`,`region`,`left_all_ach`,`right_all_ach`,`left_ach`,`right_ach` FROM `sql_users` WHERE  `id` = 0 LIMIT 1 [ RunTime:0.000257s ]
[ sql ] [ SQL ] SELECT * FROM `sql_users` WHERE  `id` = 137 LIMIT 1 [ RunTime:0.000517s ]
[ sql ] [ SQL ] SELECT `id` FROM `sql_users` WHERE  `id` = 134 LIMIT 1 [ RunTime:0.000222s ]
[ sql ] [ SQL ] SELECT `nid` FROM `sql_users` WHERE  `id` = 134 LIMIT 1 [ RunTime:0.000204s ]
[ sql ] [ SQL ] SELECT `id` FROM `sql_users` WHERE  `id` = 132 LIMIT 1 [ RunTime:0.000204s ]
[ sql ] [ SQL ] SELECT `nid` FROM `sql_users` WHERE  `id` = 132 LIMIT 1 [ RunTime:0.000187s ]
[ sql ] [ SQL ] SELECT `id` FROM `sql_users` WHERE  `id` = 122 LIMIT 1 [ RunTime:0.000200s ]
[ sql ] [ SQL ] SELECT `nid` FROM `sql_users` WHERE  `id` = 122 LIMIT 1 [ RunTime:0.000207s ]
[ sql ] [ SQL ] SELECT `id` FROM `sql_users` WHERE  `id` = 121 LIMIT 1 [ RunTime:0.000183s ]
[ sql ] [ SQL ] SELECT `nid` FROM `sql_users` WHERE  `id` = 121 LIMIT 1 [ RunTime:0.000198s ]
[ sql ] [ SQL ] SELECT `id` FROM `sql_users` WHERE  `id` = 120 LIMIT 1 [ RunTime:0.000190s ]
[ sql ] [ SQL ] SELECT `nid` FROM `sql_users` WHERE  `id` = 120 LIMIT 1 [ RunTime:0.000187s ]
[ sql ] [ SQL ] SELECT `id` FROM `sql_users` WHERE  `id` = 119 LIMIT 1 [ RunTime:0.000190s ]
[ sql ] [ SQL ] SELECT `nid` FROM `sql_users` WHERE  `id` = 119 LIMIT 1 [ RunTime:0.000196s ]
[ sql ] [ SQL ] SELECT `id` FROM `sql_users` WHERE  `id` = 117 LIMIT 1 [ RunTime:0.000184s ]
[ sql ] [ SQL ] SELECT `nid` FROM `sql_users` WHERE  `id` = 117 LIMIT 1 [ RunTime:0.000263s ]
[ sql ] [ SQL ] SELECT * FROM `sql_users` WHERE  `id` IN (134,132,122,121,120,119,117) [ RunTime:0.000490s ]
[ sql ] [ SQL ] UPDATE `sql_users`  SET `left_ach`=left_ach-100  WHERE  `id` = 121 [ RunTime:0.000260s ]
[ sql ] [ SQL ] UPDATE `sql_users`  SET `right_ach`=right_ach-100  WHERE  `id` = 121 [ RunTime:0.000237s ]
[ sql ] [ SQL ] SELECT `value` FROM `sql_config` WHERE  `name` = 'oneMatchPercent' LIMIT 1 [ RunTime:0.000308s ]
[ sql ] [ SQL ] SELECT `value` FROM `sql_config` WHERE  `name` = 'sixBoomPercent' LIMIT 1 [ RunTime:0.000254s ]
[ sql ] [ SQL ] SELECT `value` FROM `sql_config` WHERE  `name` = 'oneToThreePercent' LIMIT 1 [ RunTime:0.000232s ]
[ sql ] [ SQL ] SELECT SUM(score) AS tp_sum FROM `sql_account` WHERE  `uid` = 121  AND `source` = 2  AND `is_add` = 1  AND `type` = 3  AND `class` = 1  AND ( `created_at` > '1517414400' AND `created_at` < '1517500799' ) LIMIT 1 [ RunTime:0.000411s ]
[ sql ] [ SQL ] SELECT `value` FROM `sql_config` WHERE  `name` = 'sixTopBoomScore' LIMIT 1 [ RunTime:0.000228s ]
[ sql ] [ SQL ] SELECT `prize_score` FROM `sql_users` WHERE  `id` = 121 LIMIT 1 [ RunTime:0.000194s ]
[ sql ] [ SQL ] INSERT INTO `sql_account` (`uid` , `score` , `cur_score` , `remark` , `class` , `is_add` , `type` , `source` , `from_uid` , `created_at`) VALUES (121 , 5 , 6256 , '对碰奖结算' , 1 , 1 , 3 , 2 , 137 , '1517454562') [ RunTime:0.000249s ]
[ sql ] [ SQL ] UPDATE `sql_users`  SET `prize_score`=prize_score+5  WHERE  `id` = 121 [ RunTime:0.000229s ]
[ sql ] [ SQL ] SELECT `id` FROM `sql_users` WHERE  `id` = 121 LIMIT 1 [ RunTime:0.000219s ]
[ sql ] [ SQL ] SELECT `pid` FROM `sql_users` WHERE  `id` = 121 LIMIT 1 [ RunTime:0.000197s ]
[ sql ] [ SQL ] SELECT `id` FROM `sql_users` WHERE  `id` = 117 LIMIT 1 [ RunTime:0.000181s ]
[ sql ] [ SQL ] SELECT `pid` FROM `sql_users` WHERE  `id` = 117 LIMIT 1 [ RunTime:0.000251s ]
[ sql ] [ SQL ] SELECT * FROM `sql_users` WHERE  `id` = 117 LIMIT 1 [ RunTime:0.000392s ]
[ sql ] [ SQL ] SELECT `value` FROM `sql_config` WHERE  `name` = 'oneContributionPercent' LIMIT 1 [ RunTime:0.000266s ]
[ sql ] [ SQL ] SELECT `prize_score` FROM `sql_users` WHERE  `id` = 117 LIMIT 1 [ RunTime:0.000196s ]
[ sql ] [ SQL ] INSERT INTO `sql_account` (`uid` , `score` , `cur_score` , `remark` , `class` , `is_add` , `type` , `source` , `from_uid` , `created_at`) VALUES (117 , 0.1 , 6121.3 , '贡献奖结算' , 1 , 1 , 3 , 2 , 121 , '1517454562') [ RunTime:0.000361s ]
[ sql ] [ SQL ] UPDATE `sql_users`  SET `prize_score`=prize_score+0.1  WHERE  `id` = 117 [ RunTime:0.000234s ]
[ log ] <<<碰撞完成 新人id：137--手机号：15987456598 --碰撞金额：100---获奖人id：121--碰撞时间：2018-02-01 11:09:221517454562>>>
---------------------------------------------------------------
[ 2018-02-01T11:31:08+08:00 ] 121.42.251.110 115.57.135.101 POST /home/business/activation
[ info ] apibof.ewtouch.com/home/business/activation [运行时间：0.073980s][吞吐率：13.52req/s] [内存消耗：2,922.01kb] [文件加载：64]
[ info ] [ LANG ] /www/wwwroot/bof.com/thinkphp/lang/zh-cn.php
[ info ] [ ROUTE ] array (
  'type' => 'module',
  'module' => 
  array (
    0 => 'home',
    1 => 'business',
    2 => 'activation',
  ),
)
[ info ] [ HEADER ] array (
  'cookie' => 'PHPSESSID=em4ob6qkpg8cpd7d502t6lagj8',
  'accept-language' => 'zh-CN,zh;q=0.9',
  'accept-encoding' => 'gzip, deflate',
  'referer' => 'http://webbof.ewtouch.com/zh/business_active.html',
  'content-type' => 'application/x-www-form-urlencoded; charset=UTF-8',
  'user-agent' => 'Mozilla/5.0 (Windows NT 10.0; Win64; x64) AppleWebKit/537.36 (KHTML, like Gecko) Chrome/62.0.3202.94 Safari/537.36',
  'origin' => 'http://webbof.ewtouch.com',
  'accept' => 'application/json, text/javascript, */*; q=0.01',
  'content-length' => '65',
  'connection' => 'keep-alive',
  'host' => 'apibof.ewtouch.com',
)
[ info ] [ PARAM ] array (
  'need_integral' => '100',
  'integral' => '89900',
  'phone' => '15253568590',
  'id' => '145',
  'class' => '1',
)
[ info ] [ DB ] INIT mysql
[ info ] [ SESSION ] INIT array (
  'id' => '',
  'var_session_id' => '',
  'prefix' => 'think',
  'type' => '',
  'auto_start' => true,
  'httponly' => true,
  'secure' => false,
)
[ info ] [ RUN ] app\home\controller\Business->activation[ /www/wwwroot/bof.com/application/home/controller/Business.php ]
[ info ] [ CACHE ] INIT file
[ info ] [ LOG ] INIT File
[ sql ] [ DB ] CONNECT:[ UseTime:0.000510s ] mysql:dbname=bof_com;host=121.42.251.110;port=3306;charset=utf8
[ sql ] [ SQL ] SHOW COLUMNS FROM `sql_config` [ RunTime:0.001443s ]
[ sql ] [ SQL ] SELECT `value` FROM `sql_config` WHERE  `name` = 'pu_straight' LIMIT 1 [ RunTime:0.000336s ]
[ sql ] [ SQL ] SELECT `value` FROM `sql_config` WHERE  `name` = 'yin_straight' LIMIT 1 [ RunTime:0.000248s ]
[ sql ] [ SQL ] SELECT `value` FROM `sql_config` WHERE  `name` = 'jin_straight' LIMIT 1 [ RunTime:0.000252s ]
[ sql ] [ SQL ] SELECT `value` FROM `sql_config` WHERE  `name` = 'baijin_straight' LIMIT 1 [ RunTime:0.000222s ]
[ sql ] [ SQL ] SELECT `value` FROM `sql_config` WHERE  `name` = 'heijin_straight' LIMIT 1 [ RunTime:0.000237s ]
[ sql ] [ SQL ] SELECT `value` FROM `sql_config` WHERE  `name` = 'zuan_straight' LIMIT 1 [ RunTime:0.000262s ]
[ sql ] [ SQL ] SELECT `value` FROM `sql_config` WHERE  `name` = 'lanzuan_straight' LIMIT 1 [ RunTime:0.000228s ]
[ sql ] [ SQL ] SHOW COLUMNS FROM `sql_users` [ RunTime:0.001343s ]
[ sql ] [ SQL ] SELECT `code` FROM `sql_users` WHERE  `id` = 142 LIMIT 1 [ RunTime:0.000254s ]
[ sql ] [ SQL ] SELECT `status` FROM `sql_users` WHERE  `phone` = '15253568590' LIMIT 1 [ RunTime:0.000223s ]
[ sql ] [ SQL ] UPDATE `sql_users`  SET `reg_score`=89800,`updated_at`='1517455868'  WHERE  `id` = 142 [ RunTime:0.004359s ]
[ sql ] [ SQL ] UPDATE `sql_users`  SET `updated_at`='1517455868',`status`=1  WHERE  `id` = 145 [ RunTime:0.003054s ]
[ sql ] [ SQL ] SHOW COLUMNS FROM `sql_account` [ RunTime:0.001130s ]
[ sql ] [ SQL ] INSERT INTO `sql_account` (`from_uid` , `score` , `cur_score` , `remark` , `class` , `is_add` , `type` , `uid` , `source` , `created_at`) VALUES (145 , -100 , 89800 , '激活用户' , 1 , 2 , 1 , 142 , 11 , '1517455868') [ RunTime:0.004188s ]
[ sql ] [ SQL ] SHOW COLUMNS FROM `sql_disc` [ RunTime:0.001071s ]
[ sql ] [ SQL ] SELECT COUNT(*) AS tp_count FROM `sql_disc` LIMIT 1 [ RunTime:0.000216s ]
[ sql ] [ SQL ] SELECT * FROM `sql_disc` ORDER BY `id`  desc LIMIT 1 [ RunTime:0.000227s ]
[ sql ] [ SQL ] SELECT `class`,`balance`,`id` FROM `sql_users` WHERE  `id` = 145  AND `status` = 3  AND `islock` = 1 LIMIT 1 [ RunTime:0.000263s ]
[ sql ] [ SQL ] SELECT `region`,`nid` FROM `sql_users` WHERE  `id` = 145 LIMIT 1 [ RunTime:0.000242s ]
[ sql ] [ SQL ] SELECT `nid`,`region`,`left_all_ach`,`right_all_ach`,`left_ach`,`right_ach` FROM `sql_users` WHERE  `id` = 142 LIMIT 1 [ RunTime:0.000241s ]
[ sql ] [ SQL ] UPDATE `sql_users`  SET `right_all_ach`=100,`right_ach`=100  WHERE  `id` = 142 [ RunTime:0.004206s ]
[ sql ] [ SQL ] SELECT `nid`,`region`,`left_all_ach`,`right_all_ach`,`left_ach`,`right_ach` FROM `sql_users` WHERE  `id` = 141 LIMIT 1 [ RunTime:0.000251s ]
[ sql ] [ SQL ] UPDATE `sql_users`  SET `left_all_ach`=10200,`left_ach`=10200  WHERE  `id` = 141 [ RunTime:0.002641s ]
[ sql ] [ SQL ] SELECT `nid`,`region`,`left_all_ach`,`right_all_ach`,`left_ach`,`right_ach` FROM `sql_users` WHERE  `id` = 140 LIMIT 1 [ RunTime:0.000236s ]
[ sql ] [ SQL ] UPDATE `sql_users`  SET `left_all_ach`=20200,`left_ach`=20200  WHERE  `id` = 140 [ RunTime:0.002565s ]
[ sql ] [ SQL ] SELECT `nid`,`region`,`left_all_ach`,`right_all_ach`,`left_ach`,`right_ach` FROM `sql_users` WHERE  `id` = 0 LIMIT 1 [ RunTime:0.000289s ]
[ sql ] [ SQL ] SELECT * FROM `sql_users` WHERE  `id` = 145 LIMIT 1 [ RunTime:0.000458s ]
[ sql ] [ SQL ] SELECT `id` FROM `sql_users` WHERE  `id` = 142 LIMIT 1 [ RunTime:0.000226s ]
[ sql ] [ SQL ] SELECT `nid` FROM `sql_users` WHERE  `id` = 142 LIMIT 1 [ RunTime:0.000203s ]
[ sql ] [ SQL ] SELECT `id` FROM `sql_users` WHERE  `id` = 141 LIMIT 1 [ RunTime:0.000213s ]
[ sql ] [ SQL ] SELECT `nid` FROM `sql_users` WHERE  `id` = 141 LIMIT 1 [ RunTime:0.000208s ]
[ sql ] [ SQL ] SELECT `id` FROM `sql_users` WHERE  `id` = 140 LIMIT 1 [ RunTime:0.000199s ]
[ sql ] [ SQL ] SELECT `nid` FROM `sql_users` WHERE  `id` = 140 LIMIT 1 [ RunTime:0.000220s ]
[ sql ] [ SQL ] SELECT * FROM `sql_users` WHERE  `id` IN (142,141,140) [ RunTime:0.000440s ]
[ sql ] [ SQL ] UPDATE `sql_users`  SET `left_ach`=left_ach-100  WHERE  `id` = 142 [ RunTime:0.000307s ]
[ sql ] [ SQL ] UPDATE `sql_users`  SET `right_ach`=right_ach-100  WHERE  `id` = 142 [ RunTime:0.000251s ]
[ sql ] [ SQL ] SELECT `value` FROM `sql_config` WHERE  `name` = 'oneMatchPercent' LIMIT 1 [ RunTime:0.000288s ]
[ sql ] [ SQL ] SELECT `value` FROM `sql_config` WHERE  `name` = 'sevenBoomPercent' LIMIT 1 [ RunTime:0.000267s ]
[ sql ] [ SQL ] SELECT `value` FROM `sql_config` WHERE  `name` = 'oneToThreePercent' LIMIT 1 [ RunTime:0.000245s ]
[ sql ] [ SQL ] SELECT SUM(score) AS tp_sum FROM `sql_account` WHERE  `uid` = 142  AND `source` = 2  AND `is_add` = 1  AND `type` = 3  AND `class` = 1  AND ( `created_at` > '1517414400' AND `created_at` < '1517500799' ) LIMIT 1 [ RunTime:0.000307s ]
[ sql ] [ SQL ] SELECT `value` FROM `sql_config` WHERE  `name` = 'sevenTopBoomScore' LIMIT 1 [ RunTime:0.000261s ]
[ sql ] [ SQL ] SELECT `prize_score` FROM `sql_users` WHERE  `id` = 142 LIMIT 1 [ RunTime:0.000224s ]
[ sql ] [ SQL ] INSERT INTO `sql_account` (`uid` , `score` , `cur_score` , `remark` , `class` , `is_add` , `type` , `source` , `from_uid` , `created_at`) VALUES (142 , 5 , 13 , '对碰奖结算' , 1 , 1 , 3 , 2 , 145 , '1517455868') [ RunTime:0.000246s ]
[ sql ] [ SQL ] UPDATE `sql_users`  SET `prize_score`=prize_score+5  WHERE  `id` = 142 [ RunTime:0.000245s ]
[ sql ] [ SQL ] SELECT `id` FROM `sql_users` WHERE  `id` = 142 LIMIT 1 [ RunTime:0.000208s ]
[ sql ] [ SQL ] SELECT `pid` FROM `sql_users` WHERE  `id` = 142 LIMIT 1 [ RunTime:0.000196s ]
[ sql ] [ SQL ] SELECT `id` FROM `sql_users` WHERE  `id` = 140 LIMIT 1 [ RunTime:0.000207s ]
[ sql ] [ SQL ] SELECT `pid` FROM `sql_users` WHERE  `id` = 140 LIMIT 1 [ RunTime:0.000195s ]
[ sql ] [ SQL ] SELECT * FROM `sql_users` WHERE  `id` = 140 LIMIT 1 [ RunTime:0.000345s ]
[ log ] <<<--错误信息：用户级别异常-->>>
---------------------------------------------------------------
[ 2018-02-01T11:34:02+08:00 ] 121.42.251.110 115.57.135.101 POST /home/users/DoUpgrade
[ info ] apibof.ewtouch.com/home/users/DoUpgrade [运行时间：0.064274s][吞吐率：15.56req/s] [内存消耗：3,082.92kb] [文件加载：65]
[ info ] [ LANG ] /www/wwwroot/bof.com/thinkphp/lang/zh-cn.php
[ info ] [ ROUTE ] array (
  'type' => 'module',
  'module' => 
  array (
    0 => 'home',
    1 => 'users',
    2 => 'DoUpgrade',
  ),
)
[ info ] [ HEADER ] array (
  'cookie' => 'PHPSESSID=em4ob6qkpg8cpd7d502t6lagj8',
  'accept-language' => 'zh-CN,zh;q=0.9',
  'accept-encoding' => 'gzip, deflate',
  'referer' => 'http://webbof.ewtouch.com/zh/business_up.html',
  'content-type' => 'application/x-www-form-urlencoded; charset=UTF-8',
  'user-agent' => 'Mozilla/5.0 (Windows NT 10.0; Win64; x64) AppleWebKit/537.36 (KHTML, like Gecko) Chrome/62.0.3202.94 Safari/537.36',
  'origin' => 'http://webbof.ewtouch.com',
  'accept' => 'application/json, text/javascript, */*; q=0.01',
  'content-length' => '7',
  'connection' => 'keep-alive',
  'host' => 'apibof.ewtouch.com',
)
[ info ] [ PARAM ] array (
  'class' => '7',
)
[ info ] [ DB ] INIT mysql
[ info ] [ SESSION ] INIT array (
  'id' => '',
  'var_session_id' => '',
  'prefix' => 'think',
  'type' => '',
  'auto_start' => true,
  'httponly' => true,
  'secure' => false,
)
[ info ] [ RUN ] app\home\controller\Users->DoUpgrade[ /www/wwwroot/bof.com/application/home/controller/Users.php ]
[ info ] [ CACHE ] INIT file
[ info ] [ LOG ] INIT File
[ sql ] [ DB ] CONNECT:[ UseTime:0.000452s ] mysql:dbname=bof_com;host=121.42.251.110;port=3306;charset=utf8
[ sql ] [ SQL ] SHOW COLUMNS FROM `sql_config` [ RunTime:0.001434s ]
[ sql ] [ SQL ] SELECT `value` FROM `sql_config` WHERE  `name` = 'pu_straight' LIMIT 1 [ RunTime:0.000385s ]
[ sql ] [ SQL ] SELECT `value` FROM `sql_config` WHERE  `name` = 'yin_straight' LIMIT 1 [ RunTime:0.000321s ]
[ sql ] [ SQL ] SELECT `value` FROM `sql_config` WHERE  `name` = 'jin_straight' LIMIT 1 [ RunTime:0.000221s ]
[ sql ] [ SQL ] SELECT `value` FROM `sql_config` WHERE  `name` = 'baijin_straight' LIMIT 1 [ RunTime:0.000236s ]
[ sql ] [ SQL ] SELECT `value` FROM `sql_config` WHERE  `name` = 'heijin_straight' LIMIT 1 [ RunTime:0.000224s ]
[ sql ] [ SQL ] SELECT `value` FROM `sql_config` WHERE  `name` = 'zuan_straight' LIMIT 1 [ RunTime:0.000234s ]
[ sql ] [ SQL ] SELECT `value` FROM `sql_config` WHERE  `name` = 'lanzuan_straight' LIMIT 1 [ RunTime:0.000243s ]
[ sql ] [ SQL ] SHOW COLUMNS FROM `sql_users` [ RunTime:0.001380s ]
[ sql ] [ SQL ] SELECT `bof_all`,`class`,`balance`,`reg_score` FROM `sql_users` WHERE  `id` = 146 LIMIT 1 [ RunTime:0.000302s ]
[ sql ] [ SQL ] SELECT `class` FROM `sql_users` WHERE  `pid` = 146 [ RunTime:0.000297s ]
[ sql ] [ SQL ] SHOW COLUMNS FROM `sql_user_upgrade` [ RunTime:0.001125s ]
[ sql ] [ SQL ] SELECT * FROM `sql_user_upgrade` WHERE  `uid` = 146 LIMIT 1 [ RunTime:0.000313s ]
[ sql ] [ SQL ] SELECT `class`,`reg_score` FROM `sql_users` WHERE  `id` = 146 LIMIT 1 [ RunTime:0.000239s ]
[ sql ] [ SQL ] UPDATE `sql_users`  SET `reg_score`=0,`class`=7  WHERE  `id` = 146 [ RunTime:0.000424s ]
[ sql ] [ SQL ] INSERT INTO `sql_user_upgrade` (`uid` , `truename` , `code` , `type` , `created_at` , `class` , `class_at` , `Amount` , `updated_at` , `state`) VALUES (146 , 'sdsasa' , 'x999' , '会员升级' , '1517456041' , 1 , 7 , 10000 , '1517456041' , 1) [ RunTime:0.000278s ]
[ sql ] [ SQL ] SHOW COLUMNS FROM `sql_account` [ RunTime:0.001153s ]
[ sql ] [ SQL ] INSERT INTO `sql_account` (`uid` , `score` , `cur_score` , `remark` , `type` , `is_add` , `class` , `from_uid` , `created_at` , `source`) VALUES (146 , -9900 , 0 , '会员升级' , 1 , 2 , 1 , 146 , '1517456041' , 8) [ RunTime:0.000276s ]
[ sql ] [ SQL ] SHOW COLUMNS FROM `sql_disc` [ RunTime:0.001089s ]
[ sql ] [ SQL ] SELECT `market_price` FROM `sql_disc` ORDER BY id desc LIMIT 1 [ RunTime:0.000249s ]
[ sql ] [ SQL ] SELECT `status`,`class` FROM `sql_users` WHERE  `id` = 146 LIMIT 1 [ RunTime:0.000237s ]
[ sql ] [ SQL ] SELECT `class`,`balance`,`id` FROM `sql_users` WHERE  `id` = 146  AND `status` = 1  AND `islock` = 1 LIMIT 1 [ RunTime:0.000275s ]
[ sql ] [ SQL ] SHOW COLUMNS FROM `sql_bof_rank` [ RunTime:0.002044s ]
[ sql ] [ SQL ] SELECT * FROM `sql_bof_rank` WHERE  `uid` = 146  AND `status` = 1 LIMIT 1 [ RunTime:0.000277s ]
[ sql ] [ SQL ] SHOW COLUMNS FROM `sql_bof_issue` [ RunTime:0.001168s ]
[ sql ] [ SQL ] SELECT `bof_num`,`id` FROM `sql_bof_issue` WHERE  `status` = 1 ORDER BY `id`  desc LIMIT 1 [ RunTime:0.000285s ]
[ sql ] [ SQL ] UPDATE `sql_bof_issue`  SET `bof_num`=108224.59320329  WHERE  `id` = 18 [ RunTime:0.000236s ]
[ sql ] [ SQL ] UPDATE `sql_users`  SET `balance`=balance+30082.336796707  WHERE  `id` = 146 [ RunTime:0.000295s ]
[ sql ] [ SQL ] SELECT `balance` FROM `sql_users` WHERE  `id` = 146 LIMIT 1 [ RunTime:0.000222s ]
[ sql ] [ SQL ] INSERT INTO `sql_account` (`uid` , `cur_score` , `score` , `remark` , `class` , `is_add` , `type` , `source` , `created_at`) VALUES (146 , 30082.34 , 30082.336796707 , '系统分配bof' , 2 , 1 , 8 , 13 , '1517456042') [ RunTime:0.000242s ]
[ sql ] [ SQL ] SHOW COLUMNS FROM `sql_bof_deal` [ RunTime:0.001297s ]
[ sql ] [ SQL ] SELECT * FROM `sql_bof_deal` WHERE  `order_sn` = '2018021517456042911' LIMIT 1 [ RunTime:0.000323s ]
[ sql ] [ SQL ] INSERT INTO `sql_bof_deal` (`uid` , `order_sn` , `sell_price` , `sell_num` , `status` , `type` , `created_at`) VALUES (146 , '2018021517456042911' , 0.20404 , 30082.336796707 , 2 , 2 , '1517456042') [ RunTime:0.000277s ]
[ sql ] [ SQL ] SELECT `region`,`nid` FROM `sql_users` WHERE  `id` = 146 LIMIT 1 [ RunTime:0.000267s ]
[ sql ] [ SQL ] SELECT `nid`,`region`,`left_all_ach`,`right_all_ach`,`left_ach`,`right_ach` FROM `sql_users` WHERE  `id` = 143 LIMIT 1 [ RunTime:0.000263s ]
[ sql ] [ SQL ] UPDATE `sql_users`  SET `left_all_ach`=10100,`left_ach`=10100  WHERE  `id` = 143 [ RunTime:0.000273s ]
[ sql ] [ SQL ] SELECT `nid`,`region`,`left_all_ach`,`right_all_ach`,`left_ach`,`right_ach` FROM `sql_users` WHERE  `id` = 142 LIMIT 1 [ RunTime:0.000238s ]
[ sql ] [ SQL ] UPDATE `sql_users`  SET `left_all_ach`=10100,`left_ach`=10100  WHERE  `id` = 142 [ RunTime:0.000269s ]
[ sql ] [ SQL ] SELECT `nid`,`region`,`left_all_ach`,`right_all_ach`,`left_ach`,`right_ach` FROM `sql_users` WHERE  `id` = 141 LIMIT 1 [ RunTime:0.000243s ]
[ sql ] [ SQL ] UPDATE `sql_users`  SET `left_all_ach`=20200,`left_ach`=20200  WHERE  `id` = 141 [ RunTime:0.000248s ]
[ sql ] [ SQL ] SELECT `nid`,`region`,`left_all_ach`,`right_all_ach`,`left_ach`,`right_ach` FROM `sql_users` WHERE  `id` = 140 LIMIT 1 [ RunTime:0.000240s ]
[ sql ] [ SQL ] UPDATE `sql_users`  SET `left_all_ach`=30200,`left_ach`=30200  WHERE  `id` = 140 [ RunTime:0.000259s ]
[ sql ] [ SQL ] SELECT `nid`,`region`,`left_all_ach`,`right_all_ach`,`left_ach`,`right_ach` FROM `sql_users` WHERE  `id` = 0 LIMIT 1 [ RunTime:0.000208s ]
[ sql ] [ SQL ] SELECT * FROM `sql_users` WHERE  `id` = 146 LIMIT 1 [ RunTime:0.000449s ]
[ sql ] [ SQL ] SELECT `id` FROM `sql_users` WHERE  `id` = 143 LIMIT 1 [ RunTime:0.000218s ]
[ sql ] [ SQL ] SELECT `nid` FROM `sql_users` WHERE  `id` = 143 LIMIT 1 [ RunTime:0.000191s ]
[ sql ] [ SQL ] SELECT `id` FROM `sql_users` WHERE  `id` = 142 LIMIT 1 [ RunTime:0.000259s ]
[ sql ] [ SQL ] SELECT `nid` FROM `sql_users` WHERE  `id` = 142 LIMIT 1 [ RunTime:0.000182s ]
[ sql ] [ SQL ] SELECT `id` FROM `sql_users` WHERE  `id` = 141 LIMIT 1 [ RunTime:0.000184s ]
[ sql ] [ SQL ] SELECT `nid` FROM `sql_users` WHERE  `id` = 141 LIMIT 1 [ RunTime:0.000203s ]
[ sql ] [ SQL ] SELECT `id` FROM `sql_users` WHERE  `id` = 140 LIMIT 1 [ RunTime:0.000179s ]
[ sql ] [ SQL ] SELECT `nid` FROM `sql_users` WHERE  `id` = 140 LIMIT 1 [ RunTime:0.000175s ]
[ sql ] [ SQL ] SELECT * FROM `sql_users` WHERE  `id` IN (143,142,141,140) [ RunTime:0.000446s ]
[ sql ] [ SQL ] UPDATE `sql_users`  SET `left_ach`=left_ach-100  WHERE  `id` = 142 [ RunTime:0.000284s ]
[ sql ] [ SQL ] UPDATE `sql_users`  SET `right_ach`=right_ach-100  WHERE  `id` = 142 [ RunTime:0.000208s ]
[ sql ] [ SQL ] SELECT `value` FROM `sql_config` WHERE  `name` = 'sevenMatchPercent' LIMIT 1 [ RunTime:0.000284s ]
[ sql ] [ SQL ] SELECT `value` FROM `sql_config` WHERE  `name` = 'sevenBoomPercent' LIMIT 1 [ RunTime:0.000236s ]
[ sql ] [ SQL ] SELECT `value` FROM `sql_config` WHERE  `name` = 'oneToThreePercent' LIMIT 1 [ RunTime:0.000228s ]
[ sql ] [ SQL ] SELECT SUM(score) AS tp_sum FROM `sql_account` WHERE  `uid` = 142  AND `source` = 2  AND `is_add` = 1  AND `type` = 3  AND `class` = 1  AND ( `created_at` > '1517414400' AND `created_at` < '1517500799' ) LIMIT 1 [ RunTime:0.000294s ]
[ sql ] [ SQL ] SELECT `value` FROM `sql_config` WHERE  `name` = 'sevenTopBoomScore' LIMIT 1 [ RunTime:0.000225s ]
[ sql ] [ SQL ] SELECT `prize_score` FROM `sql_users` WHERE  `id` = 142 LIMIT 1 [ RunTime:0.000219s ]
[ sql ] [ SQL ] INSERT INTO `sql_account` (`uid` , `score` , `cur_score` , `remark` , `class` , `is_add` , `type` , `source` , `from_uid` , `created_at`) VALUES (142 , 6.2 , 22.2 , '对碰奖结算' , 1 , 1 , 3 , 2 , 146 , '1517456042') [ RunTime:0.000339s ]
[ sql ] [ SQL ] UPDATE `sql_users`  SET `prize_score`=prize_score+6.2  WHERE  `id` = 142 [ RunTime:0.000347s ]
[ sql ] [ SQL ] SELECT `id` FROM `sql_users` WHERE  `id` = 142 LIMIT 1 [ RunTime:0.000270s ]
[ sql ] [ SQL ] SELECT `pid` FROM `sql_users` WHERE  `id` = 142 LIMIT 1 [ RunTime:0.000285s ]
[ sql ] [ SQL ] SELECT `id` FROM `sql_users` WHERE  `id` = 140 LIMIT 1 [ RunTime:0.000242s ]
[ sql ] [ SQL ] SELECT `pid` FROM `sql_users` WHERE  `id` = 140 LIMIT 1 [ RunTime:0.000194s ]
[ sql ] [ SQL ] SELECT * FROM `sql_users` WHERE  `id` = 140 LIMIT 1 [ RunTime:0.000593s ]
[ log ] <<<--错误信息：用户级别异常-->>>
---------------------------------------------------------------
[ 2018-02-01T11:34:59+08:00 ] 121.42.251.110 115.57.135.101 POST /home/users/DoUpgrade
[ info ] apibof.ewtouch.com/home/users/DoUpgrade [运行时间：0.061440s][吞吐率：16.28req/s] [内存消耗：3,076.80kb] [文件加载：65]
[ info ] [ LANG ] /www/wwwroot/bof.com/thinkphp/lang/zh-cn.php
[ info ] [ ROUTE ] array (
  'type' => 'module',
  'module' => 
  array (
    0 => 'home',
    1 => 'users',
    2 => 'DoUpgrade',
  ),
)
[ info ] [ HEADER ] array (
  'cookie' => 'PHPSESSID=em4ob6qkpg8cpd7d502t6lagj8',
  'accept-language' => 'zh-CN,zh;q=0.9',
  'accept-encoding' => 'gzip, deflate',
  'referer' => 'http://webbof.ewtouch.com/zh/business_up.html',
  'content-type' => 'application/x-www-form-urlencoded; charset=UTF-8',
  'user-agent' => 'Mozilla/5.0 (Windows NT 10.0; Win64; x64) AppleWebKit/537.36 (KHTML, like Gecko) Chrome/62.0.3202.94 Safari/537.36',
  'origin' => 'http://webbof.ewtouch.com',
  'accept' => 'application/json, text/javascript, */*; q=0.01',
  'content-length' => '7',
  'connection' => 'keep-alive',
  'host' => 'apibof.ewtouch.com',
)
[ info ] [ PARAM ] array (
  'class' => '7',
)
[ info ] [ DB ] INIT mysql
[ info ] [ SESSION ] INIT array (
  'id' => '',
  'var_session_id' => '',
  'prefix' => 'think',
  'type' => '',
  'auto_start' => true,
  'httponly' => true,
  'secure' => false,
)
[ info ] [ RUN ] app\home\controller\Users->DoUpgrade[ /www/wwwroot/bof.com/application/home/controller/Users.php ]
[ info ] [ CACHE ] INIT file
[ info ] [ LOG ] INIT File
[ sql ] [ DB ] CONNECT:[ UseTime:0.000587s ] mysql:dbname=bof_com;host=121.42.251.110;port=3306;charset=utf8
[ sql ] [ SQL ] SHOW COLUMNS FROM `sql_config` [ RunTime:0.001421s ]
[ sql ] [ SQL ] SELECT `value` FROM `sql_config` WHERE  `name` = 'pu_straight' LIMIT 1 [ RunTime:0.000338s ]
[ sql ] [ SQL ] SELECT `value` FROM `sql_config` WHERE  `name` = 'yin_straight' LIMIT 1 [ RunTime:0.000254s ]
[ sql ] [ SQL ] SELECT `value` FROM `sql_config` WHERE  `name` = 'jin_straight' LIMIT 1 [ RunTime:0.000229s ]
[ sql ] [ SQL ] SELECT `value` FROM `sql_config` WHERE  `name` = 'baijin_straight' LIMIT 1 [ RunTime:0.000222s ]
[ sql ] [ SQL ] SELECT `value` FROM `sql_config` WHERE  `name` = 'heijin_straight' LIMIT 1 [ RunTime:0.000216s ]
[ sql ] [ SQL ] SELECT `value` FROM `sql_config` WHERE  `name` = 'zuan_straight' LIMIT 1 [ RunTime:0.000229s ]
[ sql ] [ SQL ] SELECT `value` FROM `sql_config` WHERE  `name` = 'lanzuan_straight' LIMIT 1 [ RunTime:0.000694s ]
[ sql ] [ SQL ] SHOW COLUMNS FROM `sql_users` [ RunTime:0.001383s ]
[ sql ] [ SQL ] SELECT `bof_all`,`class`,`balance`,`reg_score` FROM `sql_users` WHERE  `id` = 145 LIMIT 1 [ RunTime:0.000280s ]
[ sql ] [ SQL ] SELECT `class` FROM `sql_users` WHERE  `pid` = 145 [ RunTime:0.000226s ]
[ sql ] [ SQL ] SHOW COLUMNS FROM `sql_user_upgrade` [ RunTime:0.001039s ]
[ sql ] [ SQL ] SELECT * FROM `sql_user_upgrade` WHERE  `uid` = 145 LIMIT 1 [ RunTime:0.000275s ]
[ sql ] [ SQL ] SELECT `class`,`reg_score` FROM `sql_users` WHERE  `id` = 145 LIMIT 1 [ RunTime:0.000213s ]
[ sql ] [ SQL ] UPDATE `sql_users`  SET `reg_score`=0,`class`=7  WHERE  `id` = 145 [ RunTime:0.000296s ]
[ sql ] [ SQL ] INSERT INTO `sql_user_upgrade` (`uid` , `truename` , `code` , `type` , `created_at` , `class` , `class_at` , `Amount` , `updated_at` , `state`) VALUES (145 , 'sdsasa' , 'x666' , '会员升级' , '1517456099' , 1 , 7 , 10000 , '1517456099' , 1) [ RunTime:0.000246s ]
[ sql ] [ SQL ] SHOW COLUMNS FROM `sql_account` [ RunTime:0.001053s ]
[ sql ] [ SQL ] INSERT INTO `sql_account` (`uid` , `score` , `cur_score` , `remark` , `type` , `is_add` , `class` , `from_uid` , `created_at` , `source`) VALUES (145 , -9900 , 0 , '会员升级' , 1 , 2 , 1 , 145 , '1517456099' , 8) [ RunTime:0.000300s ]
[ sql ] [ SQL ] SHOW COLUMNS FROM `sql_disc` [ RunTime:0.001020s ]
[ sql ] [ SQL ] SELECT `market_price` FROM `sql_disc` ORDER BY id desc LIMIT 1 [ RunTime:0.000210s ]
[ sql ] [ SQL ] SELECT `status`,`class` FROM `sql_users` WHERE  `id` = 145 LIMIT 1 [ RunTime:0.000221s ]
[ sql ] [ SQL ] SELECT `class`,`balance`,`id` FROM `sql_users` WHERE  `id` = 145  AND `status` = 1  AND `islock` = 1 LIMIT 1 [ RunTime:0.000261s ]
[ sql ] [ SQL ] SHOW COLUMNS FROM `sql_bof_rank` [ RunTime:0.001246s ]
[ sql ] [ SQL ] SELECT * FROM `sql_bof_rank` WHERE  `uid` = 145  AND `status` = 1 LIMIT 1 [ RunTime:0.000298s ]
[ sql ] [ SQL ] SHOW COLUMNS FROM `sql_bof_issue` [ RunTime:0.001209s ]
[ sql ] [ SQL ] SELECT `bof_num`,`id` FROM `sql_bof_issue` WHERE  `status` = 1 ORDER BY `id`  desc LIMIT 1 [ RunTime:0.000231s ]
[ sql ] [ SQL ] UPDATE `sql_bof_issue`  SET `bof_num`=78142.253203293  WHERE  `id` = 18 [ RunTime:0.000245s ]
[ sql ] [ SQL ] UPDATE `sql_users`  SET `balance`=balance+30082.336796707  WHERE  `id` = 145 [ RunTime:0.000246s ]
[ sql ] [ SQL ] SELECT `balance` FROM `sql_users` WHERE  `id` = 145 LIMIT 1 [ RunTime:0.000203s ]
[ sql ] [ SQL ] INSERT INTO `sql_account` (`uid` , `cur_score` , `score` , `remark` , `class` , `is_add` , `type` , `source` , `created_at`) VALUES (145 , 30082.34 , 30082.336796707 , '系统分配bof' , 2 , 1 , 8 , 13 , '1517456099') [ RunTime:0.000265s ]
[ sql ] [ SQL ] SHOW COLUMNS FROM `sql_bof_deal` [ RunTime:0.002939s ]
[ sql ] [ SQL ] SELECT * FROM `sql_bof_deal` WHERE  `order_sn` = '2018021517456099954' LIMIT 1 [ RunTime:0.000300s ]
[ sql ] [ SQL ] INSERT INTO `sql_bof_deal` (`uid` , `order_sn` , `sell_price` , `sell_num` , `status` , `type` , `created_at`) VALUES (145 , '2018021517456099954' , 0.20404 , 30082.336796707 , 2 , 2 , '1517456099') [ RunTime:0.000278s ]
[ sql ] [ SQL ] SELECT `region`,`nid` FROM `sql_users` WHERE  `id` = 145 LIMIT 1 [ RunTime:0.000239s ]
[ sql ] [ SQL ] SELECT `nid`,`region`,`left_all_ach`,`right_all_ach`,`left_ach`,`right_ach` FROM `sql_users` WHERE  `id` = 142 LIMIT 1 [ RunTime:0.000244s ]
[ sql ] [ SQL ] UPDATE `sql_users`  SET `right_all_ach`=10100,`right_ach`=10100  WHERE  `id` = 142 [ RunTime:0.000256s ]
[ sql ] [ SQL ] SELECT `nid`,`region`,`left_all_ach`,`right_all_ach`,`left_ach`,`right_ach` FROM `sql_users` WHERE  `id` = 141 LIMIT 1 [ RunTime:0.000209s ]
[ sql ] [ SQL ] UPDATE `sql_users`  SET `left_all_ach`=30200,`left_ach`=30200  WHERE  `id` = 141 [ RunTime:0.000230s ]
[ sql ] [ SQL ] SELECT `nid`,`region`,`left_all_ach`,`right_all_ach`,`left_ach`,`right_ach` FROM `sql_users` WHERE  `id` = 140 LIMIT 1 [ RunTime:0.000205s ]
[ sql ] [ SQL ] UPDATE `sql_users`  SET `left_all_ach`=40200,`left_ach`=40200  WHERE  `id` = 140 [ RunTime:0.000232s ]
[ sql ] [ SQL ] SELECT `nid`,`region`,`left_all_ach`,`right_all_ach`,`left_ach`,`right_ach` FROM `sql_users` WHERE  `id` = 0 LIMIT 1 [ RunTime:0.000274s ]
[ sql ] [ SQL ] SELECT * FROM `sql_users` WHERE  `id` = 145 LIMIT 1 [ RunTime:0.000480s ]
[ sql ] [ SQL ] SELECT `id` FROM `sql_users` WHERE  `id` = 142 LIMIT 1 [ RunTime:0.000224s ]
[ sql ] [ SQL ] SELECT `nid` FROM `sql_users` WHERE  `id` = 142 LIMIT 1 [ RunTime:0.000185s ]
[ sql ] [ SQL ] SELECT `id` FROM `sql_users` WHERE  `id` = 141 LIMIT 1 [ RunTime:0.000207s ]
[ sql ] [ SQL ] SELECT `nid` FROM `sql_users` WHERE  `id` = 141 LIMIT 1 [ RunTime:0.000199s ]
[ sql ] [ SQL ] SELECT `id` FROM `sql_users` WHERE  `id` = 140 LIMIT 1 [ RunTime:0.000182s ]
[ sql ] [ SQL ] SELECT `nid` FROM `sql_users` WHERE  `id` = 140 LIMIT 1 [ RunTime:0.000177s ]
[ sql ] [ SQL ] SELECT * FROM `sql_users` WHERE  `id` IN (142,141,140) [ RunTime:0.000372s ]
[ sql ] [ SQL ] UPDATE `sql_users`  SET `left_ach`=left_ach-10100  WHERE  `id` = 142 [ RunTime:0.000256s ]
[ sql ] [ SQL ] UPDATE `sql_users`  SET `right_ach`=right_ach-10100  WHERE  `id` = 142 [ RunTime:0.000213s ]
[ sql ] [ SQL ] SELECT `value` FROM `sql_config` WHERE  `name` = 'sevenMatchPercent' LIMIT 1 [ RunTime:0.000272s ]
[ sql ] [ SQL ] SELECT `value` FROM `sql_config` WHERE  `name` = 'sevenBoomPercent' LIMIT 1 [ RunTime:0.000228s ]
[ sql ] [ SQL ] SELECT `value` FROM `sql_config` WHERE  `name` = 'oneToThreePercent' LIMIT 1 [ RunTime:0.000229s ]
[ sql ] [ SQL ] SELECT SUM(score) AS tp_sum FROM `sql_account` WHERE  `uid` = 142  AND `source` = 2  AND `is_add` = 1  AND `type` = 3  AND `class` = 1  AND ( `created_at` > '1517414400' AND `created_at` < '1517500799' ) LIMIT 1 [ RunTime:0.000301s ]
[ sql ] [ SQL ] SELECT `value` FROM `sql_config` WHERE  `name` = 'sevenTopBoomScore' LIMIT 1 [ RunTime:0.000229s ]
[ sql ] [ SQL ] SELECT `prize_score` FROM `sql_users` WHERE  `id` = 142 LIMIT 1 [ RunTime:0.000217s ]
[ sql ] [ SQL ] INSERT INTO `sql_account` (`uid` , `score` , `cur_score` , `remark` , `class` , `is_add` , `type` , `source` , `from_uid` , `created_at`) VALUES (142 , 626.2 , 1442.2 , '对碰奖结算' , 1 , 1 , 3 , 2 , 145 , '1517456099') [ RunTime:0.000232s ]
[ sql ] [ SQL ] UPDATE `sql_users`  SET `prize_score`=prize_score+626.2  WHERE  `id` = 142 [ RunTime:0.000216s ]
[ sql ] [ SQL ] SELECT `id` FROM `sql_users` WHERE  `id` = 142 LIMIT 1 [ RunTime:0.000195s ]
[ sql ] [ SQL ] SELECT `pid` FROM `sql_users` WHERE  `id` = 142 LIMIT 1 [ RunTime:0.000194s ]
[ sql ] [ SQL ] SELECT `id` FROM `sql_users` WHERE  `id` = 140 LIMIT 1 [ RunTime:0.000181s ]
[ sql ] [ SQL ] SELECT `pid` FROM `sql_users` WHERE  `id` = 140 LIMIT 1 [ RunTime:0.000180s ]
[ sql ] [ SQL ] SELECT * FROM `sql_users` WHERE  `id` = 140 LIMIT 1 [ RunTime:0.000319s ]
[ log ] <<<--错误信息：用户级别异常-->>>
---------------------------------------------------------------
[ 2018-02-01T11:39:30+08:00 ] 121.42.251.110 115.57.135.101 POST /home/business/activation
[ info ] apibof.ewtouch.com/home/business/activation [运行时间：0.089507s][吞吐率：11.17req/s] [内存消耗：2,955.96kb] [文件加载：64]
[ info ] [ LANG ] /www/wwwroot/bof.com/thinkphp/lang/zh-cn.php
[ info ] [ ROUTE ] array (
  'type' => 'module',
  'module' => 
  array (
    0 => 'home',
    1 => 'business',
    2 => 'activation',
  ),
)
[ info ] [ HEADER ] array (
  'cookie' => 'PHPSESSID=mjeo27s8rrk9f97hvi3a1qjpsu',
  'accept-language' => 'zh-CN,zh;q=0.9',
  'accept-encoding' => 'gzip, deflate',
  'referer' => 'http://webbof.ewtouch.com/zh/business_active.html',
  'content-type' => 'application/x-www-form-urlencoded; charset=UTF-8',
  'user-agent' => 'Mozilla/5.0 (Windows NT 6.1; WOW64) AppleWebKit/537.36 (KHTML, like Gecko) Chrome/63.0.3239.84 Safari/537.36',
  'origin' => 'http://webbof.ewtouch.com',
  'accept' => 'application/json, text/javascript, */*; q=0.01',
  'content-length' => '68',
  'connection' => 'keep-alive',
  'host' => 'apibof.ewtouch.com',
)
[ info ] [ PARAM ] array (
  'need_integral' => '10000',
  'integral' => '500000',
  'phone' => '15290809876',
  'id' => '150',
  'class' => '7',
)
[ info ] [ DB ] INIT mysql
[ info ] [ SESSION ] INIT array (
  'id' => '',
  'var_session_id' => '',
  'prefix' => 'think',
  'type' => '',
  'auto_start' => true,
  'httponly' => true,
  'secure' => false,
)
[ info ] [ RUN ] app\home\controller\Business->activation[ /www/wwwroot/bof.com/application/home/controller/Business.php ]
[ info ] [ CACHE ] INIT file
[ info ] [ LOG ] INIT File
[ sql ] [ DB ] CONNECT:[ UseTime:0.000553s ] mysql:dbname=bof_com;host=121.42.251.110;port=3306;charset=utf8
[ sql ] [ SQL ] SHOW COLUMNS FROM `sql_config` [ RunTime:0.001480s ]
[ sql ] [ SQL ] SELECT `value` FROM `sql_config` WHERE  `name` = 'pu_straight' LIMIT 1 [ RunTime:0.000330s ]
[ sql ] [ SQL ] SELECT `value` FROM `sql_config` WHERE  `name` = 'yin_straight' LIMIT 1 [ RunTime:0.000288s ]
[ sql ] [ SQL ] SELECT `value` FROM `sql_config` WHERE  `name` = 'jin_straight' LIMIT 1 [ RunTime:0.000242s ]
[ sql ] [ SQL ] SELECT `value` FROM `sql_config` WHERE  `name` = 'baijin_straight' LIMIT 1 [ RunTime:0.000312s ]
[ sql ] [ SQL ] SELECT `value` FROM `sql_config` WHERE  `name` = 'heijin_straight' LIMIT 1 [ RunTime:0.000250s ]
[ sql ] [ SQL ] SELECT `value` FROM `sql_config` WHERE  `name` = 'zuan_straight' LIMIT 1 [ RunTime:0.000368s ]
[ sql ] [ SQL ] SELECT `value` FROM `sql_config` WHERE  `name` = 'lanzuan_straight' LIMIT 1 [ RunTime:0.000240s ]
[ sql ] [ SQL ] SHOW COLUMNS FROM `sql_users` [ RunTime:0.001420s ]
[ sql ] [ SQL ] SELECT `code` FROM `sql_users` WHERE  `id` = 141 LIMIT 1 [ RunTime:0.000260s ]
[ sql ] [ SQL ] SELECT `status` FROM `sql_users` WHERE  `phone` = '15290809876' LIMIT 1 [ RunTime:0.000240s ]
[ sql ] [ SQL ] UPDATE `sql_users`  SET `reg_score`=490000,`updated_at`='1517456370'  WHERE  `id` = 141 [ RunTime:0.004620s ]
[ sql ] [ SQL ] UPDATE `sql_users`  SET `updated_at`='1517456370',`status`=1  WHERE  `id` = 150 [ RunTime:0.004497s ]
[ sql ] [ SQL ] SHOW COLUMNS FROM `sql_account` [ RunTime:0.001112s ]
[ sql ] [ SQL ] INSERT INTO `sql_account` (`from_uid` , `score` , `cur_score` , `remark` , `class` , `is_add` , `type` , `uid` , `source` , `created_at`) VALUES (150 , -10000 , 490000 , '激活用户' , 1 , 2 , 1 , 141 , 11 , '1517456370') [ RunTime:0.003471s ]
[ sql ] [ SQL ] SHOW COLUMNS FROM `sql_disc` [ RunTime:0.001046s ]
[ sql ] [ SQL ] SELECT COUNT(*) AS tp_count FROM `sql_disc` LIMIT 1 [ RunTime:0.000215s ]
[ sql ] [ SQL ] SELECT * FROM `sql_disc` ORDER BY `id`  desc LIMIT 1 [ RunTime:0.000197s ]
[ sql ] [ SQL ] SELECT `class`,`balance`,`id` FROM `sql_users` WHERE  `id` = 150  AND `status` = 3  AND `islock` = 1 LIMIT 1 [ RunTime:0.000259s ]
[ sql ] [ SQL ] SELECT `region`,`nid` FROM `sql_users` WHERE  `id` = 150 LIMIT 1 [ RunTime:0.000234s ]
[ sql ] [ SQL ] SELECT `nid`,`region`,`left_all_ach`,`right_all_ach`,`left_ach`,`right_ach` FROM `sql_users` WHERE  `id` = 149 LIMIT 1 [ RunTime:0.000227s ]
[ sql ] [ SQL ] UPDATE `sql_users`  SET `left_all_ach`=10000,`left_ach`=10000  WHERE  `id` = 149 [ RunTime:0.004418s ]
[ sql ] [ SQL ] SELECT `nid`,`region`,`left_all_ach`,`right_all_ach`,`left_ach`,`right_ach` FROM `sql_users` WHERE  `id` = 148 LIMIT 1 [ RunTime:0.000262s ]
[ sql ] [ SQL ] UPDATE `sql_users`  SET `left_all_ach`=10000,`left_ach`=10000  WHERE  `id` = 148 [ RunTime:0.002703s ]
[ sql ] [ SQL ] SELECT `nid`,`region`,`left_all_ach`,`right_all_ach`,`left_ach`,`right_ach` FROM `sql_users` WHERE  `id` = 146 LIMIT 1 [ RunTime:0.000253s ]
[ sql ] [ SQL ] UPDATE `sql_users`  SET `left_all_ach`=10000,`left_ach`=10000  WHERE  `id` = 146 [ RunTime:0.002634s ]
[ sql ] [ SQL ] SELECT `nid`,`region`,`left_all_ach`,`right_all_ach`,`left_ach`,`right_ach` FROM `sql_users` WHERE  `id` = 143 LIMIT 1 [ RunTime:0.000245s ]
[ sql ] [ SQL ] UPDATE `sql_users`  SET `left_all_ach`=20100,`left_ach`=20100  WHERE  `id` = 143 [ RunTime:0.002712s ]
[ sql ] [ SQL ] SELECT `nid`,`region`,`left_all_ach`,`right_all_ach`,`left_ach`,`right_ach` FROM `sql_users` WHERE  `id` = 142 LIMIT 1 [ RunTime:0.000253s ]
[ sql ] [ SQL ] UPDATE `sql_users`  SET `left_all_ach`=20100,`left_ach`=20100  WHERE  `id` = 142 [ RunTime:0.003232s ]
[ sql ] [ SQL ] SELECT `nid`,`region`,`left_all_ach`,`right_all_ach`,`left_ach`,`right_ach` FROM `sql_users` WHERE  `id` = 141 LIMIT 1 [ RunTime:0.000236s ]
[ sql ] [ SQL ] UPDATE `sql_users`  SET `left_all_ach`=40200,`left_ach`=40200  WHERE  `id` = 141 [ RunTime:0.002750s ]
[ sql ] [ SQL ] SELECT `nid`,`region`,`left_all_ach`,`right_all_ach`,`left_ach`,`right_ach` FROM `sql_users` WHERE  `id` = 140 LIMIT 1 [ RunTime:0.000231s ]
[ sql ] [ SQL ] UPDATE `sql_users`  SET `left_all_ach`=50200,`left_ach`=50200  WHERE  `id` = 140 [ RunTime:0.002627s ]
[ sql ] [ SQL ] SELECT `nid`,`region`,`left_all_ach`,`right_all_ach`,`left_ach`,`right_ach` FROM `sql_users` WHERE  `id` = 0 LIMIT 1 [ RunTime:0.000244s ]
[ sql ] [ SQL ] SELECT * FROM `sql_users` WHERE  `id` = 150 LIMIT 1 [ RunTime:0.000471s ]
[ sql ] [ SQL ] SELECT `id` FROM `sql_users` WHERE  `id` = 149 LIMIT 1 [ RunTime:0.000217s ]
[ sql ] [ SQL ] SELECT `nid` FROM `sql_users` WHERE  `id` = 149 LIMIT 1 [ RunTime:0.000202s ]
[ sql ] [ SQL ] SELECT `id` FROM `sql_users` WHERE  `id` = 148 LIMIT 1 [ RunTime:0.000182s ]
[ sql ] [ SQL ] SELECT `nid` FROM `sql_users` WHERE  `id` = 148 LIMIT 1 [ RunTime:0.000177s ]
[ sql ] [ SQL ] SELECT `id` FROM `sql_users` WHERE  `id` = 146 LIMIT 1 [ RunTime:0.000199s ]
[ sql ] [ SQL ] SELECT `nid` FROM `sql_users` WHERE  `id` = 146 LIMIT 1 [ RunTime:0.000180s ]
[ sql ] [ SQL ] SELECT `id` FROM `sql_users` WHERE  `id` = 143 LIMIT 1 [ RunTime:0.000173s ]
[ sql ] [ SQL ] SELECT `nid` FROM `sql_users` WHERE  `id` = 143 LIMIT 1 [ RunTime:0.000185s ]
[ sql ] [ SQL ] SELECT `id` FROM `sql_users` WHERE  `id` = 142 LIMIT 1 [ RunTime:0.000178s ]
[ sql ] [ SQL ] SELECT `nid` FROM `sql_users` WHERE  `id` = 142 LIMIT 1 [ RunTime:0.000189s ]
[ sql ] [ SQL ] SELECT `id` FROM `sql_users` WHERE  `id` = 141 LIMIT 1 [ RunTime:0.000175s ]
[ sql ] [ SQL ] SELECT `nid` FROM `sql_users` WHERE  `id` = 141 LIMIT 1 [ RunTime:0.000175s ]
[ sql ] [ SQL ] SELECT `id` FROM `sql_users` WHERE  `id` = 140 LIMIT 1 [ RunTime:0.000184s ]
[ sql ] [ SQL ] SELECT `nid` FROM `sql_users` WHERE  `id` = 140 LIMIT 1 [ RunTime:0.000239s ]
[ sql ] [ SQL ] SELECT * FROM `sql_users` WHERE  `id` IN (149,148,146,143,142,141,140) [ RunTime:0.000434s ]
[ sql ] [ SQL ] UPDATE `sql_users`  SET `left_ach`=left_ach-10100  WHERE  `id` = 142 [ RunTime:0.000261s ]
[ sql ] [ SQL ] UPDATE `sql_users`  SET `right_ach`=right_ach-10100  WHERE  `id` = 142 [ RunTime:0.000233s ]
[ sql ] [ SQL ] SELECT `value` FROM `sql_config` WHERE  `name` = 'sevenMatchPercent' LIMIT 1 [ RunTime:0.000264s ]
[ sql ] [ SQL ] SELECT `value` FROM `sql_config` WHERE  `name` = 'sevenBoomPercent' LIMIT 1 [ RunTime:0.000217s ]
[ sql ] [ SQL ] SELECT `value` FROM `sql_config` WHERE  `name` = 'oneToThreePercent' LIMIT 1 [ RunTime:0.000212s ]
[ sql ] [ SQL ] SELECT SUM(score) AS tp_sum FROM `sql_account` WHERE  `uid` = 142  AND `source` = 2  AND `is_add` = 1  AND `type` = 3  AND `class` = 1  AND ( `created_at` > '1517414400' AND `created_at` < '1517500799' ) LIMIT 1 [ RunTime:0.000293s ]
[ sql ] [ SQL ] SELECT `value` FROM `sql_config` WHERE  `name` = 'sevenTopBoomScore' LIMIT 1 [ RunTime:0.000224s ]
[ sql ] [ SQL ] SELECT `prize_score` FROM `sql_users` WHERE  `id` = 142 LIMIT 1 [ RunTime:0.000189s ]
[ sql ] [ SQL ] INSERT INTO `sql_account` (`uid` , `score` , `cur_score` , `remark` , `class` , `is_add` , `type` , `source` , `from_uid` , `created_at`) VALUES (142 , 626.2 , 2242.2 , '对碰奖结算' , 1 , 1 , 3 , 2 , 150 , '1517456370') [ RunTime:0.000251s ]
[ sql ] [ SQL ] UPDATE `sql_users`  SET `prize_score`=prize_score+626.2  WHERE  `id` = 142 [ RunTime:0.000214s ]
[ sql ] [ SQL ] SELECT `id` FROM `sql_users` WHERE  `id` = 142 LIMIT 1 [ RunTime:0.000184s ]
[ sql ] [ SQL ] SELECT `pid` FROM `sql_users` WHERE  `id` = 142 LIMIT 1 [ RunTime:0.000186s ]
[ sql ] [ SQL ] SELECT `id` FROM `sql_users` WHERE  `id` = 140 LIMIT 1 [ RunTime:0.000173s ]
[ sql ] [ SQL ] SELECT `pid` FROM `sql_users` WHERE  `id` = 140 LIMIT 1 [ RunTime:0.000178s ]
[ sql ] [ SQL ] SELECT * FROM `sql_users` WHERE  `id` = 140 LIMIT 1 [ RunTime:0.000326s ]
[ log ] <<<--错误信息：用户级别异常-->>>
---------------------------------------------------------------
[ 2018-02-01T11:39:54+08:00 ] 121.42.251.110 115.57.135.101 POST /home/business/activation
[ info ] apibof.ewtouch.com/home/business/activation [运行时间：0.084535s][吞吐率：11.83req/s] [内存消耗：2,925.43kb] [文件加载：64]
[ info ] [ LANG ] /www/wwwroot/bof.com/thinkphp/lang/zh-cn.php
[ info ] [ ROUTE ] array (
  'type' => 'module',
  'module' => 
  array (
    0 => 'home',
    1 => 'business',
    2 => 'activation',
  ),
)
[ info ] [ HEADER ] array (
  'cookie' => 'PHPSESSID=em4ob6qkpg8cpd7d502t6lagj8',
  'accept-language' => 'zh-CN,zh;q=0.9',
  'accept-encoding' => 'gzip, deflate',
  'referer' => 'http://webbof.ewtouch.com/zh/business_active.html',
  'content-type' => 'application/x-www-form-urlencoded; charset=UTF-8',
  'user-agent' => 'Mozilla/5.0 (Windows NT 10.0; Win64; x64) AppleWebKit/537.36 (KHTML, like Gecko) Chrome/62.0.3202.94 Safari/537.36',
  'origin' => 'http://webbof.ewtouch.com',
  'accept' => 'application/json, text/javascript, */*; q=0.01',
  'content-length' => '65',
  'connection' => 'keep-alive',
  'host' => 'apibof.ewtouch.com',
)
[ info ] [ PARAM ] array (
  'need_integral' => '100',
  'integral' => '70000',
  'phone' => '15253568592',
  'id' => '149',
  'class' => '1',
)
[ info ] [ DB ] INIT mysql
[ info ] [ SESSION ] INIT array (
  'id' => '',
  'var_session_id' => '',
  'prefix' => 'think',
  'type' => '',
  'auto_start' => true,
  'httponly' => true,
  'secure' => false,
)
[ info ] [ RUN ] app\home\controller\Business->activation[ /www/wwwroot/bof.com/application/home/controller/Business.php ]
[ info ] [ CACHE ] INIT file
[ info ] [ LOG ] INIT File
[ sql ] [ DB ] CONNECT:[ UseTime:0.000529s ] mysql:dbname=bof_com;host=121.42.251.110;port=3306;charset=utf8
[ sql ] [ SQL ] SHOW COLUMNS FROM `sql_config` [ RunTime:0.001516s ]
[ sql ] [ SQL ] SELECT `value` FROM `sql_config` WHERE  `name` = 'pu_straight' LIMIT 1 [ RunTime:0.000333s ]
[ sql ] [ SQL ] SELECT `value` FROM `sql_config` WHERE  `name` = 'yin_straight' LIMIT 1 [ RunTime:0.000249s ]
[ sql ] [ SQL ] SELECT `value` FROM `sql_config` WHERE  `name` = 'jin_straight' LIMIT 1 [ RunTime:0.000232s ]
[ sql ] [ SQL ] SELECT `value` FROM `sql_config` WHERE  `name` = 'baijin_straight' LIMIT 1 [ RunTime:0.000232s ]
[ sql ] [ SQL ] SELECT `value` FROM `sql_config` WHERE  `name` = 'heijin_straight' LIMIT 1 [ RunTime:0.000273s ]
[ sql ] [ SQL ] SELECT `value` FROM `sql_config` WHERE  `name` = 'zuan_straight' LIMIT 1 [ RunTime:0.000296s ]
[ sql ] [ SQL ] SELECT `value` FROM `sql_config` WHERE  `name` = 'lanzuan_straight' LIMIT 1 [ RunTime:0.000250s ]
[ sql ] [ SQL ] SHOW COLUMNS FROM `sql_users` [ RunTime:0.001366s ]
[ sql ] [ SQL ] SELECT `code` FROM `sql_users` WHERE  `id` = 142 LIMIT 1 [ RunTime:0.000251s ]
[ sql ] [ SQL ] SELECT `status` FROM `sql_users` WHERE  `phone` = '15253568592' LIMIT 1 [ RunTime:0.000229s ]
[ sql ] [ SQL ] UPDATE `sql_users`  SET `reg_score`=69900,`updated_at`='1517456394'  WHERE  `id` = 142 [ RunTime:0.004275s ]
[ sql ] [ SQL ] UPDATE `sql_users`  SET `updated_at`='1517456394',`status`=1  WHERE  `id` = 149 [ RunTime:0.002897s ]
[ sql ] [ SQL ] SHOW COLUMNS FROM `sql_account` [ RunTime:0.001205s ]
[ sql ] [ SQL ] INSERT INTO `sql_account` (`from_uid` , `score` , `cur_score` , `remark` , `class` , `is_add` , `type` , `uid` , `source` , `created_at`) VALUES (149 , -100 , 69900 , '激活用户' , 1 , 2 , 1 , 142 , 11 , '1517456394') [ RunTime:0.003689s ]
[ sql ] [ SQL ] SHOW COLUMNS FROM `sql_disc` [ RunTime:0.002187s ]
[ sql ] [ SQL ] SELECT COUNT(*) AS tp_count FROM `sql_disc` LIMIT 1 [ RunTime:0.000236s ]
[ sql ] [ SQL ] SELECT * FROM `sql_disc` ORDER BY `id`  desc LIMIT 1 [ RunTime:0.000221s ]
[ sql ] [ SQL ] SELECT `class`,`balance`,`id` FROM `sql_users` WHERE  `id` = 149  AND `status` = 3  AND `islock` = 1 LIMIT 1 [ RunTime:0.000309s ]
[ sql ] [ SQL ] SELECT `region`,`nid` FROM `sql_users` WHERE  `id` = 149 LIMIT 1 [ RunTime:0.000293s ]
[ sql ] [ SQL ] SELECT `nid`,`region`,`left_all_ach`,`right_all_ach`,`left_ach`,`right_ach` FROM `sql_users` WHERE  `id` = 148 LIMIT 1 [ RunTime:0.000249s ]
[ sql ] [ SQL ] UPDATE `sql_users`  SET `left_all_ach`=10100,`left_ach`=10100  WHERE  `id` = 148 [ RunTime:0.002916s ]
[ sql ] [ SQL ] SELECT `nid`,`region`,`left_all_ach`,`right_all_ach`,`left_ach`,`right_ach` FROM `sql_users` WHERE  `id` = 146 LIMIT 1 [ RunTime:0.000254s ]
[ sql ] [ SQL ] UPDATE `sql_users`  SET `left_all_ach`=10100,`left_ach`=10100  WHERE  `id` = 146 [ RunTime:0.002740s ]
[ sql ] [ SQL ] SELECT `nid`,`region`,`left_all_ach`,`right_all_ach`,`left_ach`,`right_ach` FROM `sql_users` WHERE  `id` = 143 LIMIT 1 [ RunTime:0.000243s ]
[ sql ] [ SQL ] UPDATE `sql_users`  SET `left_all_ach`=20200,`left_ach`=20200  WHERE  `id` = 143 [ RunTime:0.002771s ]
[ sql ] [ SQL ] SELECT `nid`,`region`,`left_all_ach`,`right_all_ach`,`left_ach`,`right_ach` FROM `sql_users` WHERE  `id` = 142 LIMIT 1 [ RunTime:0.000256s ]
[ sql ] [ SQL ] UPDATE `sql_users`  SET `left_all_ach`=20200,`left_ach`=20200  WHERE  `id` = 142 [ RunTime:0.002430s ]
[ sql ] [ SQL ] SELECT `nid`,`region`,`left_all_ach`,`right_all_ach`,`left_ach`,`right_ach` FROM `sql_users` WHERE  `id` = 141 LIMIT 1 [ RunTime:0.000331s ]
[ sql ] [ SQL ] UPDATE `sql_users`  SET `left_all_ach`=40300,`left_ach`=40300  WHERE  `id` = 141 [ RunTime:0.002410s ]
[ sql ] [ SQL ] SELECT `nid`,`region`,`left_all_ach`,`right_all_ach`,`left_ach`,`right_ach` FROM `sql_users` WHERE  `id` = 140 LIMIT 1 [ RunTime:0.000264s ]
[ sql ] [ SQL ] UPDATE `sql_users`  SET `left_all_ach`=50300,`left_ach`=50300  WHERE  `id` = 140 [ RunTime:0.002629s ]
[ sql ] [ SQL ] SELECT `nid`,`region`,`left_all_ach`,`right_all_ach`,`left_ach`,`right_ach` FROM `sql_users` WHERE  `id` = 0 LIMIT 1 [ RunTime:0.000251s ]
[ sql ] [ SQL ] SELECT * FROM `sql_users` WHERE  `id` = 149 LIMIT 1 [ RunTime:0.000498s ]
[ sql ] [ SQL ] SELECT `id` FROM `sql_users` WHERE  `id` = 148 LIMIT 1 [ RunTime:0.000220s ]
[ sql ] [ SQL ] SELECT `nid` FROM `sql_users` WHERE  `id` = 148 LIMIT 1 [ RunTime:0.000195s ]
[ sql ] [ SQL ] SELECT `id` FROM `sql_users` WHERE  `id` = 146 LIMIT 1 [ RunTime:0.000196s ]
[ sql ] [ SQL ] SELECT `nid` FROM `sql_users` WHERE  `id` = 146 LIMIT 1 [ RunTime:0.000175s ]
[ sql ] [ SQL ] SELECT `id` FROM `sql_users` WHERE  `id` = 143 LIMIT 1 [ RunTime:0.000183s ]
[ sql ] [ SQL ] SELECT `nid` FROM `sql_users` WHERE  `id` = 143 LIMIT 1 [ RunTime:0.000185s ]
[ sql ] [ SQL ] SELECT `id` FROM `sql_users` WHERE  `id` = 142 LIMIT 1 [ RunTime:0.000178s ]
[ sql ] [ SQL ] SELECT `nid` FROM `sql_users` WHERE  `id` = 142 LIMIT 1 [ RunTime:0.000199s ]
[ sql ] [ SQL ] SELECT `id` FROM `sql_users` WHERE  `id` = 141 LIMIT 1 [ RunTime:0.000183s ]
[ sql ] [ SQL ] SELECT `nid` FROM `sql_users` WHERE  `id` = 141 LIMIT 1 [ RunTime:0.000175s ]
[ sql ] [ SQL ] SELECT `id` FROM `sql_users` WHERE  `id` = 140 LIMIT 1 [ RunTime:0.000182s ]
[ sql ] [ SQL ] SELECT `nid` FROM `sql_users` WHERE  `id` = 140 LIMIT 1 [ RunTime:0.000178s ]
[ sql ] [ SQL ] SELECT * FROM `sql_users` WHERE  `id` IN (148,146,143,142,141,140) [ RunTime:0.000410s ]
[ sql ] [ SQL ] UPDATE `sql_users`  SET `left_ach`=left_ach-10100  WHERE  `id` = 142 [ RunTime:0.000247s ]
[ sql ] [ SQL ] UPDATE `sql_users`  SET `right_ach`=right_ach-10100  WHERE  `id` = 142 [ RunTime:0.000208s ]
[ sql ] [ SQL ] SELECT `value` FROM `sql_config` WHERE  `name` = 'oneMatchPercent' LIMIT 1 [ RunTime:0.000271s ]
[ sql ] [ SQL ] SELECT `value` FROM `sql_config` WHERE  `name` = 'sevenBoomPercent' LIMIT 1 [ RunTime:0.000217s ]
[ sql ] [ SQL ] SELECT `value` FROM `sql_config` WHERE  `name` = 'oneToThreePercent' LIMIT 1 [ RunTime:0.000223s ]
[ sql ] [ SQL ] SELECT SUM(score) AS tp_sum FROM `sql_account` WHERE  `uid` = 142  AND `source` = 2  AND `is_add` = 1  AND `type` = 3  AND `class` = 1  AND ( `created_at` > '1517414400' AND `created_at` < '1517500799' ) LIMIT 1 [ RunTime:0.000305s ]
[ sql ] [ SQL ] SELECT `value` FROM `sql_config` WHERE  `name` = 'sevenTopBoomScore' LIMIT 1 [ RunTime:0.000236s ]
[ sql ] [ SQL ] SELECT `prize_score` FROM `sql_users` WHERE  `id` = 142 LIMIT 1 [ RunTime:0.000186s ]
[ sql ] [ SQL ] INSERT INTO `sql_account` (`uid` , `score` , `cur_score` , `remark` , `class` , `is_add` , `type` , `source` , `from_uid` , `created_at`) VALUES (142 , 505 , 2121 , '对碰奖结算' , 1 , 1 , 3 , 2 , 149 , '1517456394') [ RunTime:0.000238s ]
[ sql ] [ SQL ] UPDATE `sql_users`  SET `prize_score`=prize_score+505  WHERE  `id` = 142 [ RunTime:0.000217s ]
[ sql ] [ SQL ] SELECT `id` FROM `sql_users` WHERE  `id` = 142 LIMIT 1 [ RunTime:0.000192s ]
[ sql ] [ SQL ] SELECT `pid` FROM `sql_users` WHERE  `id` = 142 LIMIT 1 [ RunTime:0.000185s ]
[ sql ] [ SQL ] SELECT `id` FROM `sql_users` WHERE  `id` = 140 LIMIT 1 [ RunTime:0.000238s ]
[ sql ] [ SQL ] SELECT `pid` FROM `sql_users` WHERE  `id` = 140 LIMIT 1 [ RunTime:0.000210s ]
[ sql ] [ SQL ] SELECT * FROM `sql_users` WHERE  `id` = 140 LIMIT 1 [ RunTime:0.000342s ]
[ log ] <<<--错误信息：用户级别异常-->>>
