---------------------------------------------------------------
[ 2018-02-02T15:22:00+08:00 ] 121.42.251.110 115.57.129.142 POST /home/business/activation
[ info ] apibof.ewtouch.com/home/business/activation [运行时间：0.087959s][吞吐率：11.37req/s] [内存消耗：2,939.42kb] [文件加载：64]
[ info ] [ LANG ] /www/wwwroot/bof.com/thinkphp/lang/zh-cn.php
[ info ] [ ROUTE ] array (
  'type' => 'module',
  'module' => 
  array (
    0 => 'home',
    1 => 'business',
    2 => 'activation',
  ),
)
[ info ] [ HEADER ] array (
  'cookie' => 'PHPSESSID=hfpqg7i7aqhuk44e36f16i6qf6',
  'accept-language' => 'zh-CN,zh;q=0.9',
  'accept-encoding' => 'gzip, deflate',
  'referer' => 'http://webbof.ewtouch.com/zh/business_active.html',
  'content-type' => 'application/x-www-form-urlencoded; charset=UTF-8',
  'user-agent' => 'Mozilla/5.0 (Windows NT 6.1; WOW64) AppleWebKit/537.36 (KHTML, like Gecko) Chrome/63.0.3239.84 Safari/537.36',
  'origin' => 'http://webbof.ewtouch.com',
  'accept' => 'application/json, text/javascript, */*; q=0.01',
  'content-length' => '68',
  'connection' => 'keep-alive',
  'host' => 'apibof.ewtouch.com',
)
[ info ] [ PARAM ] array (
  'need_integral' => '10000',
  'integral' => '490000',
  'phone' => '15290809877',
  'id' => '151',
  'class' => '7',
)
[ info ] [ DB ] INIT mysql
[ info ] [ SESSION ] INIT array (
  'id' => '',
  'var_session_id' => '',
  'prefix' => 'think',
  'type' => '',
  'auto_start' => true,
  'httponly' => true,
  'secure' => false,
)
[ info ] [ RUN ] app\home\controller\Business->activation[ /www/wwwroot/bof.com/application/home/controller/Business.php ]
[ info ] [ CACHE ] INIT file
[ info ] [ LOG ] INIT File
[ sql ] [ DB ] CONNECT:[ UseTime:0.000456s ] mysql:dbname=bof_com;host=121.42.251.110;port=3306;charset=utf8
[ sql ] [ SQL ] SHOW COLUMNS FROM `sql_config` [ RunTime:0.001452s ]
[ sql ] [ SQL ] SELECT `value` FROM `sql_config` WHERE  `name` = 'pu_straight' LIMIT 1 [ RunTime:0.000320s ]
[ sql ] [ SQL ] SELECT `value` FROM `sql_config` WHERE  `name` = 'yin_straight' LIMIT 1 [ RunTime:0.000252s ]
[ sql ] [ SQL ] SELECT `value` FROM `sql_config` WHERE  `name` = 'jin_straight' LIMIT 1 [ RunTime:0.000225s ]
[ sql ] [ SQL ] SELECT `value` FROM `sql_config` WHERE  `name` = 'baijin_straight' LIMIT 1 [ RunTime:0.000203s ]
[ sql ] [ SQL ] SELECT `value` FROM `sql_config` WHERE  `name` = 'heijin_straight' LIMIT 1 [ RunTime:0.000228s ]
[ sql ] [ SQL ] SELECT `value` FROM `sql_config` WHERE  `name` = 'zuan_straight' LIMIT 1 [ RunTime:0.000230s ]
[ sql ] [ SQL ] SELECT `value` FROM `sql_config` WHERE  `name` = 'lanzuan_straight' LIMIT 1 [ RunTime:0.000206s ]
[ sql ] [ SQL ] SHOW COLUMNS FROM `sql_users` [ RunTime:0.001385s ]
[ sql ] [ SQL ] SELECT `code` FROM `sql_users` WHERE  `id` = 141 LIMIT 1 [ RunTime:0.000251s ]
[ sql ] [ SQL ] SELECT `status` FROM `sql_users` WHERE  `phone` = '15290809877' LIMIT 1 [ RunTime:0.000223s ]
[ sql ] [ SQL ] UPDATE `sql_users`  SET `reg_score`=480000,`updated_at`='1517556120'  WHERE  `id` = 141 [ RunTime:0.003820s ]
[ sql ] [ SQL ] UPDATE `sql_users`  SET `updated_at`='1517556120',`status`=1  WHERE  `id` = 151 [ RunTime:0.002739s ]
[ sql ] [ SQL ] SHOW COLUMNS FROM `sql_account` [ RunTime:0.001072s ]
[ sql ] [ SQL ] INSERT INTO `sql_account` (`from_uid` , `score` , `cur_score` , `remark` , `class` , `is_add` , `type` , `uid` , `source` , `created_at`) VALUES (151 , -10000 , 480000 , '激活用户' , 1 , 2 , 1 , 141 , 11 , '1517556120') [ RunTime:0.002790s ]
[ sql ] [ SQL ] SHOW COLUMNS FROM `sql_disc` [ RunTime:0.001042s ]
[ sql ] [ SQL ] SELECT COUNT(*) AS tp_count FROM `sql_disc` LIMIT 1 [ RunTime:0.000204s ]
[ sql ] [ SQL ] SELECT * FROM `sql_disc` ORDER BY `id`  desc LIMIT 1 [ RunTime:0.000294s ]
[ sql ] [ SQL ] SELECT `class`,`balance`,`id` FROM `sql_users` WHERE  `id` = 151  AND `status` = 3  AND `islock` = 1 LIMIT 1 [ RunTime:0.000297s ]
[ sql ] [ SQL ] SELECT `region`,`nid` FROM `sql_users` WHERE  `id` = 151 LIMIT 1 [ RunTime:0.000229s ]
[ sql ] [ SQL ] SELECT `nid`,`region`,`left_all_ach`,`right_all_ach`,`left_ach`,`right_ach` FROM `sql_users` WHERE  `id` = 147 LIMIT 1 [ RunTime:0.000237s ]
[ sql ] [ SQL ] UPDATE `sql_users`  SET `right_all_ach`=10000,`right_ach`=10000  WHERE  `id` = 147 [ RunTime:0.002870s ]
[ sql ] [ SQL ] SELECT `nid`,`region`,`left_all_ach`,`right_all_ach`,`left_ach`,`right_ach` FROM `sql_users` WHERE  `id` = 145 LIMIT 1 [ RunTime:0.000252s ]
[ sql ] [ SQL ] UPDATE `sql_users`  SET `right_all_ach`=10000,`right_ach`=10000  WHERE  `id` = 145 [ RunTime:0.002313s ]
[ sql ] [ SQL ] SELECT `nid`,`region`,`left_all_ach`,`right_all_ach`,`left_ach`,`right_ach` FROM `sql_users` WHERE  `id` = 142 LIMIT 1 [ RunTime:0.000238s ]
[ sql ] [ SQL ] UPDATE `sql_users`  SET `right_all_ach`=20100,`right_ach`=20100  WHERE  `id` = 142 [ RunTime:0.005880s ]
[ sql ] [ SQL ] SELECT `nid`,`region`,`left_all_ach`,`right_all_ach`,`left_ach`,`right_ach` FROM `sql_users` WHERE  `id` = 141 LIMIT 1 [ RunTime:0.000232s ]
[ sql ] [ SQL ] UPDATE `sql_users`  SET `left_all_ach`=50300,`left_ach`=50300  WHERE  `id` = 141 [ RunTime:0.004741s ]
[ sql ] [ SQL ] SELECT `nid`,`region`,`left_all_ach`,`right_all_ach`,`left_ach`,`right_ach` FROM `sql_users` WHERE  `id` = 140 LIMIT 1 [ RunTime:0.000242s ]
[ sql ] [ SQL ] UPDATE `sql_users`  SET `left_all_ach`=60300,`left_ach`=60300  WHERE  `id` = 140 [ RunTime:0.007196s ]
[ sql ] [ SQL ] SELECT `nid`,`region`,`left_all_ach`,`right_all_ach`,`left_ach`,`right_ach` FROM `sql_users` WHERE  `id` = 0 LIMIT 1 [ RunTime:0.000234s ]
[ sql ] [ SQL ] SELECT * FROM `sql_users` WHERE  `id` = 151 LIMIT 1 [ RunTime:0.000438s ]
[ sql ] [ SQL ] SELECT `id` FROM `sql_users` WHERE  `id` = 147 LIMIT 1 [ RunTime:0.000249s ]
[ sql ] [ SQL ] SELECT `nid` FROM `sql_users` WHERE  `id` = 147 LIMIT 1 [ RunTime:0.000211s ]
[ sql ] [ SQL ] SELECT `id` FROM `sql_users` WHERE  `id` = 145 LIMIT 1 [ RunTime:0.000196s ]
[ sql ] [ SQL ] SELECT `nid` FROM `sql_users` WHERE  `id` = 145 LIMIT 1 [ RunTime:0.000192s ]
[ sql ] [ SQL ] SELECT `id` FROM `sql_users` WHERE  `id` = 142 LIMIT 1 [ RunTime:0.000178s ]
[ sql ] [ SQL ] SELECT `nid` FROM `sql_users` WHERE  `id` = 142 LIMIT 1 [ RunTime:0.000173s ]
[ sql ] [ SQL ] SELECT `id` FROM `sql_users` WHERE  `id` = 141 LIMIT 1 [ RunTime:0.000182s ]
[ sql ] [ SQL ] SELECT `nid` FROM `sql_users` WHERE  `id` = 141 LIMIT 1 [ RunTime:0.000186s ]
[ sql ] [ SQL ] SELECT `id` FROM `sql_users` WHERE  `id` = 140 LIMIT 1 [ RunTime:0.000184s ]
[ sql ] [ SQL ] SELECT `nid` FROM `sql_users` WHERE  `id` = 140 LIMIT 1 [ RunTime:0.000176s ]
[ sql ] [ SQL ] SELECT * FROM `sql_users` WHERE  `id` IN (147,145,142,141,140) [ RunTime:0.000400s ]
[ sql ] [ SQL ] UPDATE `sql_users`  SET `left_ach`=left_ach-20100  WHERE  `id` = 142 [ RunTime:0.000242s ]
[ sql ] [ SQL ] UPDATE `sql_users`  SET `right_ach`=right_ach-20100  WHERE  `id` = 142 [ RunTime:0.000222s ]
[ sql ] [ SQL ] SELECT `value` FROM `sql_config` WHERE  `name` = 'sevenMatchPercent' LIMIT 1 [ RunTime:0.000266s ]
[ sql ] [ SQL ] SELECT `value` FROM `sql_config` WHERE  `name` = 'sevenBoomPercent' LIMIT 1 [ RunTime:0.000237s ]
[ sql ] [ SQL ] SELECT `value` FROM `sql_config` WHERE  `name` = 'oneToThreePercent' LIMIT 1 [ RunTime:0.000213s ]
[ sql ] [ SQL ] SELECT SUM(score) AS tp_sum FROM `sql_account` WHERE  `uid` = 142  AND `source` = 2  AND `is_add` = 1  AND `type` = 3  AND `class` = 1  AND ( `created_at` > '1517500800' AND `created_at` < '1517587199' ) LIMIT 1 [ RunTime:0.000300s ]
[ sql ] [ SQL ] SELECT `value` FROM `sql_config` WHERE  `name` = 'sevenTopBoomScore' LIMIT 1 [ RunTime:0.000244s ]
[ sql ] [ SQL ] SELECT `prize_score` FROM `sql_users` WHERE  `id` = 142 LIMIT 1 [ RunTime:0.000208s ]
[ sql ] [ SQL ] INSERT INTO `sql_account` (`uid` , `score` , `cur_score` , `remark` , `class` , `is_add` , `type` , `source` , `from_uid` , `created_at`) VALUES (142 , 1246.2 , 2770.2 , '对碰奖结算' , 1 , 1 , 3 , 2 , 151 , '1517556120') [ RunTime:0.000260s ]
[ sql ] [ SQL ] UPDATE `sql_users`  SET `prize_score`=prize_score+1246.2  WHERE  `id` = 142 [ RunTime:0.000241s ]
[ sql ] [ SQL ] SELECT `id` FROM `sql_users` WHERE  `id` = 142 LIMIT 1 [ RunTime:0.000189s ]
[ sql ] [ SQL ] SELECT `pid` FROM `sql_users` WHERE  `id` = 142 LIMIT 1 [ RunTime:0.000190s ]
[ sql ] [ SQL ] SELECT `id` FROM `sql_users` WHERE  `id` = 140 LIMIT 1 [ RunTime:0.000194s ]
[ sql ] [ SQL ] SELECT `pid` FROM `sql_users` WHERE  `id` = 140 LIMIT 1 [ RunTime:0.000197s ]
[ sql ] [ SQL ] SELECT * FROM `sql_users` WHERE  `id` = 140 LIMIT 1 [ RunTime:0.000317s ]
[ log ] <<<--错误信息：用户级别异常-->>>
---------------------------------------------------------------
[ 2018-02-02T15:25:58+08:00 ] 121.42.251.110 115.57.129.142 POST /home/business/activation
[ info ] apibof.ewtouch.com/home/business/activation [运行时间：0.100944s][吞吐率：9.91req/s] [内存消耗：2,945.62kb] [文件加载：64]
[ info ] [ LANG ] /www/wwwroot/bof.com/thinkphp/lang/zh-cn.php
[ info ] [ ROUTE ] array (
  'type' => 'module',
  'module' => 
  array (
    0 => 'home',
    1 => 'business',
    2 => 'activation',
  ),
)
[ info ] [ HEADER ] array (
  'cookie' => 'PHPSESSID=hfpqg7i7aqhuk44e36f16i6qf6',
  'accept-language' => 'zh-CN,zh;q=0.9',
  'accept-encoding' => 'gzip, deflate',
  'referer' => 'http://webbof.ewtouch.com/zh/business_active.html',
  'content-type' => 'application/x-www-form-urlencoded; charset=UTF-8',
  'user-agent' => 'Mozilla/5.0 (Windows NT 6.1; WOW64) AppleWebKit/537.36 (KHTML, like Gecko) Chrome/63.0.3239.84 Safari/537.36',
  'origin' => 'http://webbof.ewtouch.com',
  'accept' => 'application/json, text/javascript, */*; q=0.01',
  'content-length' => '68',
  'connection' => 'keep-alive',
  'host' => 'apibof.ewtouch.com',
)
[ info ] [ PARAM ] array (
  'need_integral' => '10000',
  'integral' => '480000',
  'phone' => '15290809878',
  'id' => '152',
  'class' => '7',
)
[ info ] [ DB ] INIT mysql
[ info ] [ SESSION ] INIT array (
  'id' => '',
  'var_session_id' => '',
  'prefix' => 'think',
  'type' => '',
  'auto_start' => true,
  'httponly' => true,
  'secure' => false,
)
[ info ] [ RUN ] app\home\controller\Business->activation[ /www/wwwroot/bof.com/application/home/controller/Business.php ]
[ info ] [ CACHE ] INIT file
[ info ] [ LOG ] INIT File
[ sql ] [ DB ] CONNECT:[ UseTime:0.000747s ] mysql:dbname=bof_com;host=121.42.251.110;port=3306;charset=utf8
[ sql ] [ SQL ] SHOW COLUMNS FROM `sql_config` [ RunTime:0.001481s ]
[ sql ] [ SQL ] SELECT `value` FROM `sql_config` WHERE  `name` = 'pu_straight' LIMIT 1 [ RunTime:0.000343s ]
[ sql ] [ SQL ] SELECT `value` FROM `sql_config` WHERE  `name` = 'yin_straight' LIMIT 1 [ RunTime:0.000256s ]
[ sql ] [ SQL ] SELECT `value` FROM `sql_config` WHERE  `name` = 'jin_straight' LIMIT 1 [ RunTime:0.000244s ]
[ sql ] [ SQL ] SELECT `value` FROM `sql_config` WHERE  `name` = 'baijin_straight' LIMIT 1 [ RunTime:0.000241s ]
[ sql ] [ SQL ] SELECT `value` FROM `sql_config` WHERE  `name` = 'heijin_straight' LIMIT 1 [ RunTime:0.000229s ]
[ sql ] [ SQL ] SELECT `value` FROM `sql_config` WHERE  `name` = 'zuan_straight' LIMIT 1 [ RunTime:0.000238s ]
[ sql ] [ SQL ] SELECT `value` FROM `sql_config` WHERE  `name` = 'lanzuan_straight' LIMIT 1 [ RunTime:0.000245s ]
[ sql ] [ SQL ] SHOW COLUMNS FROM `sql_users` [ RunTime:0.001549s ]
[ sql ] [ SQL ] SELECT `code` FROM `sql_users` WHERE  `id` = 141 LIMIT 1 [ RunTime:0.000278s ]
[ sql ] [ SQL ] SELECT `status` FROM `sql_users` WHERE  `phone` = '15290809878' LIMIT 1 [ RunTime:0.000246s ]
[ sql ] [ SQL ] UPDATE `sql_users`  SET `reg_score`=470000,`updated_at`='1517556358'  WHERE  `id` = 141 [ RunTime:0.004540s ]
[ sql ] [ SQL ] UPDATE `sql_users`  SET `updated_at`='1517556358',`status`=1  WHERE  `id` = 152 [ RunTime:0.018746s ]
[ sql ] [ SQL ] SHOW COLUMNS FROM `sql_account` [ RunTime:0.001401s ]
[ sql ] [ SQL ] INSERT INTO `sql_account` (`from_uid` , `score` , `cur_score` , `remark` , `class` , `is_add` , `type` , `uid` , `source` , `created_at`) VALUES (152 , -10000 , 470000 , '激活用户' , 1 , 2 , 1 , 141 , 11 , '1517556358') [ RunTime:0.003027s ]
[ sql ] [ SQL ] SHOW COLUMNS FROM `sql_disc` [ RunTime:0.002201s ]
[ sql ] [ SQL ] SELECT COUNT(*) AS tp_count FROM `sql_disc` LIMIT 1 [ RunTime:0.000243s ]
[ sql ] [ SQL ] SELECT * FROM `sql_disc` ORDER BY `id`  desc LIMIT 1 [ RunTime:0.000228s ]
[ sql ] [ SQL ] SELECT `class`,`balance`,`id` FROM `sql_users` WHERE  `id` = 152  AND `status` = 3  AND `islock` = 1 LIMIT 1 [ RunTime:0.000287s ]
[ sql ] [ SQL ] SELECT `region`,`nid` FROM `sql_users` WHERE  `id` = 152 LIMIT 1 [ RunTime:0.000224s ]
[ sql ] [ SQL ] SELECT `nid`,`region`,`left_all_ach`,`right_all_ach`,`left_ach`,`right_ach` FROM `sql_users` WHERE  `id` = 151 LIMIT 1 [ RunTime:0.000219s ]
[ sql ] [ SQL ] UPDATE `sql_users`  SET `right_all_ach`=10000,`right_ach`=10000  WHERE  `id` = 151 [ RunTime:0.002345s ]
[ sql ] [ SQL ] SELECT `nid`,`region`,`left_all_ach`,`right_all_ach`,`left_ach`,`right_ach` FROM `sql_users` WHERE  `id` = 147 LIMIT 1 [ RunTime:0.000283s ]
[ sql ] [ SQL ] UPDATE `sql_users`  SET `right_all_ach`=20000,`right_ach`=20000  WHERE  `id` = 147 [ RunTime:0.002455s ]
[ sql ] [ SQL ] SELECT `nid`,`region`,`left_all_ach`,`right_all_ach`,`left_ach`,`right_ach` FROM `sql_users` WHERE  `id` = 145 LIMIT 1 [ RunTime:0.000274s ]
[ sql ] [ SQL ] UPDATE `sql_users`  SET `right_all_ach`=20000,`right_ach`=20000  WHERE  `id` = 145 [ RunTime:0.002364s ]
[ sql ] [ SQL ] SELECT `nid`,`region`,`left_all_ach`,`right_all_ach`,`left_ach`,`right_ach` FROM `sql_users` WHERE  `id` = 142 LIMIT 1 [ RunTime:0.000399s ]
[ sql ] [ SQL ] UPDATE `sql_users`  SET `right_all_ach`=30100,`right_ach`=30100  WHERE  `id` = 142 [ RunTime:0.003546s ]
[ sql ] [ SQL ] SELECT `nid`,`region`,`left_all_ach`,`right_all_ach`,`left_ach`,`right_ach` FROM `sql_users` WHERE  `id` = 141 LIMIT 1 [ RunTime:0.000288s ]
[ sql ] [ SQL ] UPDATE `sql_users`  SET `left_all_ach`=60300,`left_ach`=60300  WHERE  `id` = 141 [ RunTime:0.002628s ]
[ sql ] [ SQL ] SELECT `nid`,`region`,`left_all_ach`,`right_all_ach`,`left_ach`,`right_ach` FROM `sql_users` WHERE  `id` = 140 LIMIT 1 [ RunTime:0.000265s ]
[ sql ] [ SQL ] UPDATE `sql_users`  SET `left_all_ach`=70300,`left_ach`=70300  WHERE  `id` = 140 [ RunTime:0.002514s ]
[ sql ] [ SQL ] SELECT `nid`,`region`,`left_all_ach`,`right_all_ach`,`left_ach`,`right_ach` FROM `sql_users` WHERE  `id` = 0 LIMIT 1 [ RunTime:0.000237s ]
[ sql ] [ SQL ] SELECT * FROM `sql_users` WHERE  `id` = 152 LIMIT 1 [ RunTime:0.000570s ]
[ sql ] [ SQL ] SELECT `id` FROM `sql_users` WHERE  `id` = 151 LIMIT 1 [ RunTime:0.000279s ]
[ sql ] [ SQL ] SELECT `nid` FROM `sql_users` WHERE  `id` = 151 LIMIT 1 [ RunTime:0.000210s ]
[ sql ] [ SQL ] SELECT `id` FROM `sql_users` WHERE  `id` = 147 LIMIT 1 [ RunTime:0.000186s ]
[ sql ] [ SQL ] SELECT `nid` FROM `sql_users` WHERE  `id` = 147 LIMIT 1 [ RunTime:0.000187s ]
[ sql ] [ SQL ] SELECT `id` FROM `sql_users` WHERE  `id` = 145 LIMIT 1 [ RunTime:0.000176s ]
[ sql ] [ SQL ] SELECT `nid` FROM `sql_users` WHERE  `id` = 145 LIMIT 1 [ RunTime:0.000176s ]
[ sql ] [ SQL ] SELECT `id` FROM `sql_users` WHERE  `id` = 142 LIMIT 1 [ RunTime:0.000181s ]
[ sql ] [ SQL ] SELECT `nid` FROM `sql_users` WHERE  `id` = 142 LIMIT 1 [ RunTime:0.000184s ]
[ sql ] [ SQL ] SELECT `id` FROM `sql_users` WHERE  `id` = 141 LIMIT 1 [ RunTime:0.000171s ]
[ sql ] [ SQL ] SELECT `nid` FROM `sql_users` WHERE  `id` = 141 LIMIT 1 [ RunTime:0.000185s ]
[ sql ] [ SQL ] SELECT `id` FROM `sql_users` WHERE  `id` = 140 LIMIT 1 [ RunTime:0.000174s ]
[ sql ] [ SQL ] SELECT `nid` FROM `sql_users` WHERE  `id` = 140 LIMIT 1 [ RunTime:0.000202s ]
[ sql ] [ SQL ] SELECT * FROM `sql_users` WHERE  `id` IN (151,147,145,142,141,140) [ RunTime:0.000436s ]
[ sql ] [ SQL ] UPDATE `sql_users`  SET `left_ach`=left_ach-20200  WHERE  `id` = 142 [ RunTime:0.000287s ]
[ sql ] [ SQL ] UPDATE `sql_users`  SET `right_ach`=right_ach-20200  WHERE  `id` = 142 [ RunTime:0.000225s ]
[ sql ] [ SQL ] SELECT `value` FROM `sql_config` WHERE  `name` = 'sevenMatchPercent' LIMIT 1 [ RunTime:0.000283s ]
[ sql ] [ SQL ] SELECT `value` FROM `sql_config` WHERE  `name` = 'sevenBoomPercent' LIMIT 1 [ RunTime:0.000235s ]
[ sql ] [ SQL ] SELECT `value` FROM `sql_config` WHERE  `name` = 'oneToThreePercent' LIMIT 1 [ RunTime:0.000212s ]
[ sql ] [ SQL ] SELECT SUM(score) AS tp_sum FROM `sql_account` WHERE  `uid` = 142  AND `source` = 2  AND `is_add` = 1  AND `type` = 3  AND `class` = 1  AND ( `created_at` > '1517500800' AND `created_at` < '1517587199' ) LIMIT 1 [ RunTime:0.000330s ]
[ sql ] [ SQL ] SELECT `value` FROM `sql_config` WHERE  `name` = 'sevenTopBoomScore' LIMIT 1 [ RunTime:0.000224s ]
[ sql ] [ SQL ] SELECT `prize_score` FROM `sql_users` WHERE  `id` = 142 LIMIT 1 [ RunTime:0.000188s ]
[ sql ] [ SQL ] INSERT INTO `sql_account` (`uid` , `score` , `cur_score` , `remark` , `class` , `is_add` , `type` , `source` , `from_uid` , `created_at`) VALUES (142 , 1252.4 , 2776.4 , '对碰奖结算' , 1 , 1 , 3 , 2 , 152 , '1517556358') [ RunTime:0.000259s ]
[ sql ] [ SQL ] UPDATE `sql_users`  SET `prize_score`=prize_score+1252.4  WHERE  `id` = 142 [ RunTime:0.000243s ]
[ sql ] [ SQL ] SELECT `id` FROM `sql_users` WHERE  `id` = 142 LIMIT 1 [ RunTime:0.000194s ]
[ sql ] [ SQL ] SELECT `pid` FROM `sql_users` WHERE  `id` = 142 LIMIT 1 [ RunTime:0.000183s ]
[ sql ] [ SQL ] SELECT `id` FROM `sql_users` WHERE  `id` = 140 LIMIT 1 [ RunTime:0.000183s ]
[ sql ] [ SQL ] SELECT `pid` FROM `sql_users` WHERE  `id` = 140 LIMIT 1 [ RunTime:0.000182s ]
[ sql ] [ SQL ] SELECT * FROM `sql_users` WHERE  `id` = 140 LIMIT 1 [ RunTime:0.000316s ]
[ log ] <<<--错误信息：用户级别异常-->>>
---------------------------------------------------------------
[ 2018-02-02T17:34:58+08:00 ] 121.42.251.110 115.57.129.142 POST /home/business/activation
[ info ] apibof.ewtouch.com/home/business/activation [运行时间：0.068249s][吞吐率：14.65req/s] [内存消耗：2,897.56kb] [文件加载：64]
[ info ] [ LANG ] /www/wwwroot/bof.com/thinkphp/lang/zh-cn.php
[ info ] [ ROUTE ] array (
  'type' => 'module',
  'module' => 
  array (
    0 => 'home',
    1 => 'business',
    2 => 'activation',
  ),
)
[ info ] [ HEADER ] array (
  'cookie' => 'PHPSESSID=hfpqg7i7aqhuk44e36f16i6qf6',
  'accept-language' => 'zh-CN,zh;q=0.9',
  'accept-encoding' => 'gzip, deflate',
  'referer' => 'http://webbof.ewtouch.com/zh/business_active.html',
  'content-type' => 'application/x-www-form-urlencoded; charset=UTF-8',
  'user-agent' => 'Mozilla/5.0 (Windows NT 6.1; WOW64) AppleWebKit/537.36 (KHTML, like Gecko) Chrome/63.0.3239.84 Safari/537.36',
  'origin' => 'http://webbof.ewtouch.com',
  'accept' => 'application/json, text/javascript, */*; q=0.01',
  'content-length' => '68',
  'connection' => 'keep-alive',
  'host' => 'apibof.ewtouch.com',
)
[ info ] [ PARAM ] array (
  'need_integral' => '10000',
  'integral' => '470000',
  'phone' => '15290809987',
  'id' => '154',
  'class' => '7',
)
[ info ] [ DB ] INIT mysql
[ info ] [ SESSION ] INIT array (
  'id' => '',
  'var_session_id' => '',
  'prefix' => 'think',
  'type' => '',
  'auto_start' => true,
  'httponly' => true,
  'secure' => false,
)
[ info ] [ RUN ] app\home\controller\Business->activation[ /www/wwwroot/bof.com/application/home/controller/Business.php ]
[ info ] [ CACHE ] INIT file
[ info ] [ LOG ] INIT File
[ sql ] [ DB ] CONNECT:[ UseTime:0.000550s ] mysql:dbname=bof_com;host=121.42.251.110;port=3306;charset=utf8
[ sql ] [ SQL ] SHOW COLUMNS FROM `sql_config` [ RunTime:0.001429s ]
[ sql ] [ SQL ] SELECT `value` FROM `sql_config` WHERE  `name` = 'pu_straight' LIMIT 1 [ RunTime:0.000335s ]
[ sql ] [ SQL ] SELECT `value` FROM `sql_config` WHERE  `name` = 'yin_straight' LIMIT 1 [ RunTime:0.000288s ]
[ sql ] [ SQL ] SELECT `value` FROM `sql_config` WHERE  `name` = 'jin_straight' LIMIT 1 [ RunTime:0.000249s ]
[ sql ] [ SQL ] SELECT `value` FROM `sql_config` WHERE  `name` = 'baijin_straight' LIMIT 1 [ RunTime:0.000223s ]
[ sql ] [ SQL ] SELECT `value` FROM `sql_config` WHERE  `name` = 'heijin_straight' LIMIT 1 [ RunTime:0.000226s ]
[ sql ] [ SQL ] SELECT `value` FROM `sql_config` WHERE  `name` = 'zuan_straight' LIMIT 1 [ RunTime:0.000244s ]
[ sql ] [ SQL ] SELECT `value` FROM `sql_config` WHERE  `name` = 'lanzuan_straight' LIMIT 1 [ RunTime:0.000227s ]
[ sql ] [ SQL ] SHOW COLUMNS FROM `sql_users` [ RunTime:0.001461s ]
[ sql ] [ SQL ] SELECT `code` FROM `sql_users` WHERE  `id` = 141 LIMIT 1 [ RunTime:0.000255s ]
[ sql ] [ SQL ] SELECT `status` FROM `sql_users` WHERE  `phone` = '15290809987' LIMIT 1 [ RunTime:0.000228s ]
[ sql ] [ SQL ] UPDATE `sql_users`  SET `reg_score`=460000,`updated_at`='1517564098'  WHERE  `id` = 141 [ RunTime:0.004499s ]
[ sql ] [ SQL ] UPDATE `sql_users`  SET `updated_at`='1517564098',`status`=1  WHERE  `id` = 154 [ RunTime:0.004154s ]
[ sql ] [ SQL ] SHOW COLUMNS FROM `sql_account` [ RunTime:0.001266s ]
[ sql ] [ SQL ] INSERT INTO `sql_account` (`from_uid` , `score` , `cur_score` , `remark` , `class` , `is_add` , `type` , `uid` , `source` , `created_at`) VALUES (154 , -10000 , 460000 , '激活用户' , 1 , 2 , 1 , 141 , 11 , '1517564098') [ RunTime:0.003342s ]
[ sql ] [ SQL ] SHOW COLUMNS FROM `sql_disc` [ RunTime:0.001047s ]
[ sql ] [ SQL ] SELECT COUNT(*) AS tp_count FROM `sql_disc` LIMIT 1 [ RunTime:0.000225s ]
[ sql ] [ SQL ] SELECT * FROM `sql_disc` ORDER BY `id`  desc LIMIT 1 [ RunTime:0.000204s ]
[ sql ] [ SQL ] SELECT `class`,`balance`,`id` FROM `sql_users` WHERE  `id` = 154  AND `status` = 3  AND `islock` = 1 LIMIT 1 [ RunTime:0.000266s ]
[ sql ] [ SQL ] SELECT `region`,`nid` FROM `sql_users` WHERE  `id` = 154 LIMIT 1 [ RunTime:0.000298s ]
[ sql ] [ SQL ] SELECT `nid`,`region`,`left_all_ach`,`right_all_ach`,`left_ach`,`right_ach` FROM `sql_users` WHERE  `id` = 141 LIMIT 1 [ RunTime:0.000232s ]
[ sql ] [ SQL ] UPDATE `sql_users`  SET `right_all_ach`=10000,`right_ach`=10000  WHERE  `id` = 141 [ RunTime:0.003429s ]
[ sql ] [ SQL ] SELECT `nid`,`region`,`left_all_ach`,`right_all_ach`,`left_ach`,`right_ach` FROM `sql_users` WHERE  `id` = 140 LIMIT 1 [ RunTime:0.000281s ]
[ sql ] [ SQL ] UPDATE `sql_users`  SET `left_all_ach`=80300,`left_ach`=80300  WHERE  `id` = 140 [ RunTime:0.002425s ]
[ sql ] [ SQL ] SELECT `nid`,`region`,`left_all_ach`,`right_all_ach`,`left_ach`,`right_ach` FROM `sql_users` WHERE  `id` = 0 LIMIT 1 [ RunTime:0.000249s ]
[ sql ] [ SQL ] SELECT * FROM `sql_users` WHERE  `id` = 154 LIMIT 1 [ RunTime:0.000453s ]
[ sql ] [ SQL ] SELECT `id` FROM `sql_users` WHERE  `id` = 141 LIMIT 1 [ RunTime:0.000227s ]
[ sql ] [ SQL ] SELECT `nid` FROM `sql_users` WHERE  `id` = 141 LIMIT 1 [ RunTime:0.000330s ]
[ sql ] [ SQL ] SELECT `id` FROM `sql_users` WHERE  `id` = 140 LIMIT 1 [ RunTime:0.000244s ]
[ sql ] [ SQL ] SELECT `nid` FROM `sql_users` WHERE  `id` = 140 LIMIT 1 [ RunTime:0.000210s ]
[ sql ] [ SQL ] SELECT * FROM `sql_users` WHERE  `id` IN (141,140) [ RunTime:0.000405s ]
[ sql ] [ SQL ] UPDATE `sql_users`  SET `left_ach`=left_ach-10000  WHERE  `id` = 141 [ RunTime:0.000267s ]
[ sql ] [ SQL ] UPDATE `sql_users`  SET `right_ach`=right_ach-10000  WHERE  `id` = 141 [ RunTime:0.000232s ]
[ sql ] [ SQL ] SELECT `value` FROM `sql_config` WHERE  `name` = 'sevenMatchPercent' LIMIT 1 [ RunTime:0.000275s ]
[ sql ] [ SQL ] SELECT `value` FROM `sql_config` WHERE  `name` = 'sevenBoomPercent' LIMIT 1 [ RunTime:0.000233s ]
[ sql ] [ SQL ] SELECT `value` FROM `sql_config` WHERE  `name` = 'oneToThreePercent' LIMIT 1 [ RunTime:0.000251s ]
[ sql ] [ SQL ] SELECT SUM(score) AS tp_sum FROM `sql_account` WHERE  `uid` = 141  AND `source` = 2  AND `is_add` = 1  AND `type` = 3  AND `class` = 1  AND ( `created_at` > '1517500800' AND `created_at` < '1517587199' ) LIMIT 1 [ RunTime:0.000368s ]
[ sql ] [ SQL ] SELECT `value` FROM `sql_config` WHERE  `name` = 'sevenTopBoomScore' LIMIT 1 [ RunTime:0.000265s ]
[ sql ] [ SQL ] SELECT `prize_score` FROM `sql_users` WHERE  `id` = 141 LIMIT 1 [ RunTime:0.000207s ]
[ sql ] [ SQL ] INSERT INTO `sql_account` (`uid` , `score` , `cur_score` , `remark` , `class` , `is_add` , `type` , `source` , `from_uid` , `created_at`) VALUES (141 , 620 , 3020 , '对碰奖结算' , 1 , 1 , 3 , 2 , 154 , '1517564098') [ RunTime:0.000254s ]
[ sql ] [ SQL ] UPDATE `sql_users`  SET `prize_score`=prize_score+620  WHERE  `id` = 141 [ RunTime:0.000234s ]
[ sql ] [ SQL ] SELECT `id` FROM `sql_users` WHERE  `id` = 141 LIMIT 1 [ RunTime:0.000197s ]
[ sql ] [ SQL ] SELECT `pid` FROM `sql_users` WHERE  `id` = 141 LIMIT 1 [ RunTime:0.000182s ]
[ sql ] [ SQL ] SELECT `id` FROM `sql_users` WHERE  `id` = 140 LIMIT 1 [ RunTime:0.000249s ]
[ sql ] [ SQL ] SELECT `pid` FROM `sql_users` WHERE  `id` = 140 LIMIT 1 [ RunTime:0.000226s ]
[ sql ] [ SQL ] SELECT * FROM `sql_users` WHERE  `id` = 140 LIMIT 1 [ RunTime:0.000362s ]
[ log ] <<<--错误信息：用户级别异常-->>>
