---------------------------------------------------------------
[ 2018-02-23T09:22:10+08:00 ] 121.42.251.110 115.57.131.9 POST /home/business/activation
[ info ] apibof.ewtouch.com/home/business/activation [运行时间：0.330835s][吞吐率：3.02req/s] [内存消耗：2,976.14kb] [文件加载：64]
[ info ] [ LANG ] /www/wwwroot/bof.com/thinkphp/lang/zh-cn.php
[ info ] [ ROUTE ] array (
  'type' => 'module',
  'module' => 
  array (
    0 => 'home',
    1 => 'business',
    2 => 'activation',
  ),
)
[ info ] [ HEADER ] array (
  'cookie' => 'PHPSESSID=5l0fi3gikp85luqsj5ufopmsup',
  'accept-language' => 'zh-CN,zh;q=0.9',
  'accept-encoding' => 'gzip, deflate',
  'referer' => 'http://webbof.ewtouch.com/zh/business_active.html',
  'content-type' => 'application/x-www-form-urlencoded; charset=UTF-8',
  'user-agent' => 'Mozilla/5.0 (Windows NT 10.0; Win64; x64) AppleWebKit/537.36 (KHTML, like Gecko) Chrome/62.0.3202.94 Safari/537.36',
  'origin' => 'http://webbof.ewtouch.com',
  'accept' => 'application/json, text/javascript, */*; q=0.01',
  'content-length' => '65',
  'connection' => 'keep-alive',
  'host' => 'apibof.ewtouch.com',
)
[ info ] [ PARAM ] array (
  'need_integral' => '100',
  'integral' => '70000',
  'phone' => '13783336122',
  'id' => '159',
  'class' => '1',
)
[ info ] [ DB ] INIT mysql
[ info ] [ SESSION ] INIT array (
  'id' => '',
  'var_session_id' => '',
  'prefix' => 'think',
  'type' => '',
  'auto_start' => true,
  'httponly' => true,
  'secure' => false,
)
[ info ] [ RUN ] app\home\controller\Business->activation[ /www/wwwroot/bof.com/application/home/controller/Business.php ]
[ info ] [ CACHE ] INIT file
[ info ] [ LOG ] INIT File
[ sql ] [ DB ] CONNECT:[ UseTime:0.000551s ] mysql:dbname=bof_com;host=121.42.251.110;port=3306;charset=utf8
[ sql ] [ SQL ] SHOW COLUMNS FROM `sql_config` [ RunTime:0.001460s ]
[ sql ] [ SQL ] SELECT `value` FROM `sql_config` WHERE  `name` = 'pu_straight' LIMIT 1 [ RunTime:0.000345s ]
[ sql ] [ SQL ] SELECT `value` FROM `sql_config` WHERE  `name` = 'yin_straight' LIMIT 1 [ RunTime:0.000260s ]
[ sql ] [ SQL ] SELECT `value` FROM `sql_config` WHERE  `name` = 'jin_straight' LIMIT 1 [ RunTime:0.000243s ]
[ sql ] [ SQL ] SELECT `value` FROM `sql_config` WHERE  `name` = 'baijin_straight' LIMIT 1 [ RunTime:0.000249s ]
[ sql ] [ SQL ] SELECT `value` FROM `sql_config` WHERE  `name` = 'heijin_straight' LIMIT 1 [ RunTime:0.000245s ]
[ sql ] [ SQL ] SELECT `value` FROM `sql_config` WHERE  `name` = 'zuan_straight' LIMIT 1 [ RunTime:0.000244s ]
[ sql ] [ SQL ] SELECT `value` FROM `sql_config` WHERE  `name` = 'lanzuan_straight' LIMIT 1 [ RunTime:0.000242s ]
[ sql ] [ SQL ] SHOW COLUMNS FROM `sql_users` [ RunTime:0.001489s ]
[ sql ] [ SQL ] SELECT `code` FROM `sql_users` WHERE  `id` = 142 LIMIT 1 [ RunTime:0.000292s ]
[ sql ] [ SQL ] SELECT `status` FROM `sql_users` WHERE  `phone` = '13783336122' LIMIT 1 [ RunTime:0.000251s ]
[ sql ] [ SQL ] UPDATE `sql_users`  SET `reg_score`=69900,`updated_at`='1519348930'  WHERE  `id` = 142 [ RunTime:0.003944s ]
[ sql ] [ SQL ] UPDATE `sql_users`  SET `updated_at`='1519348930',`status`=1  WHERE  `id` = 159 [ RunTime:0.015092s ]
[ sql ] [ SQL ] SHOW COLUMNS FROM `sql_account` [ RunTime:0.001556s ]
[ sql ] [ SQL ] INSERT INTO `sql_account` (`from_uid` , `score` , `cur_score` , `remark` , `class` , `is_add` , `type` , `uid` , `source` , `created_at`) VALUES (159 , -100 , 69900 , '激活用户' , 1 , 2 , 1 , 142 , 11 , '1519348930') [ RunTime:0.009584s ]
[ sql ] [ SQL ] SHOW COLUMNS FROM `sql_disc` [ RunTime:0.001222s ]
[ sql ] [ SQL ] SELECT COUNT(*) AS tp_count FROM `sql_disc` LIMIT 1 [ RunTime:0.000256s ]
[ sql ] [ SQL ] SELECT * FROM `sql_disc` ORDER BY `id`  desc LIMIT 1 [ RunTime:0.000234s ]
[ sql ] [ SQL ] SELECT `class`,`balance`,`id` FROM `sql_users` WHERE  `id` = 159  AND `status` = 3  AND `islock` = 1 LIMIT 1 [ RunTime:0.000324s ]
[ sql ] [ SQL ] SELECT `region`,`nid` FROM `sql_users` WHERE  `id` = 159 LIMIT 1 [ RunTime:0.000442s ]
[ sql ] [ SQL ] SELECT `nid`,`region`,`left_all_ach`,`right_all_ach`,`left_ach`,`right_ach` FROM `sql_users` WHERE  `id` = 158 LIMIT 1 [ RunTime:0.000288s ]
[ sql ] [ SQL ] UPDATE `sql_users`  SET `left_all_ach`=100,`left_ach`=100  WHERE  `id` = 158 [ RunTime:0.005561s ]
[ sql ] [ SQL ] SELECT `nid`,`region`,`left_all_ach`,`right_all_ach`,`left_ach`,`right_ach` FROM `sql_users` WHERE  `id` = 157 LIMIT 1 [ RunTime:0.000372s ]
[ sql ] [ SQL ] UPDATE `sql_users`  SET `left_all_ach`=100,`left_ach`=100  WHERE  `id` = 157 [ RunTime:0.005696s ]
[ sql ] [ SQL ] SELECT `nid`,`region`,`left_all_ach`,`right_all_ach`,`left_ach`,`right_ach` FROM `sql_users` WHERE  `id` = 150 LIMIT 1 [ RunTime:0.000393s ]
[ sql ] [ SQL ] UPDATE `sql_users`  SET `left_all_ach`=100,`left_ach`=100  WHERE  `id` = 150 [ RunTime:0.012860s ]
[ sql ] [ SQL ] SELECT `nid`,`region`,`left_all_ach`,`right_all_ach`,`left_ach`,`right_ach` FROM `sql_users` WHERE  `id` = 149 LIMIT 1 [ RunTime:0.000382s ]
[ sql ] [ SQL ] UPDATE `sql_users`  SET `left_all_ach`=10100,`left_ach`=10100  WHERE  `id` = 149 [ RunTime:0.003071s ]
[ sql ] [ SQL ] SELECT `nid`,`region`,`left_all_ach`,`right_all_ach`,`left_ach`,`right_ach` FROM `sql_users` WHERE  `id` = 148 LIMIT 1 [ RunTime:0.000265s ]
[ sql ] [ SQL ] UPDATE `sql_users`  SET `left_all_ach`=10200,`left_ach`=10200  WHERE  `id` = 148 [ RunTime:0.002796s ]
[ sql ] [ SQL ] SELECT `nid`,`region`,`left_all_ach`,`right_all_ach`,`left_ach`,`right_ach` FROM `sql_users` WHERE  `id` = 146 LIMIT 1 [ RunTime:0.000305s ]
[ sql ] [ SQL ] UPDATE `sql_users`  SET `left_all_ach`=10200,`left_ach`=10200  WHERE  `id` = 146 [ RunTime:0.003923s ]
[ sql ] [ SQL ] SELECT `nid`,`region`,`left_all_ach`,`right_all_ach`,`left_ach`,`right_ach` FROM `sql_users` WHERE  `id` = 143 LIMIT 1 [ RunTime:0.000294s ]
[ sql ] [ SQL ] UPDATE `sql_users`  SET `left_all_ach`=20300,`left_ach`=20300  WHERE  `id` = 143 [ RunTime:0.009026s ]
[ sql ] [ SQL ] SELECT `nid`,`region`,`left_all_ach`,`right_all_ach`,`left_ach`,`right_ach` FROM `sql_users` WHERE  `id` = 142 LIMIT 1 [ RunTime:0.000383s ]
[ sql ] [ SQL ] UPDATE `sql_users`  SET `left_all_ach`=20300,`left_ach`=20300  WHERE  `id` = 142 [ RunTime:0.003066s ]
[ sql ] [ SQL ] SELECT `nid`,`region`,`left_all_ach`,`right_all_ach`,`left_ach`,`right_ach` FROM `sql_users` WHERE  `id` = 141 LIMIT 1 [ RunTime:0.000273s ]
[ sql ] [ SQL ] UPDATE `sql_users`  SET `left_all_ach`=60400,`left_ach`=60400  WHERE  `id` = 141 [ RunTime:0.003044s ]
[ sql ] [ SQL ] SELECT `nid`,`region`,`left_all_ach`,`right_all_ach`,`left_ach`,`right_ach` FROM `sql_users` WHERE  `id` = 140 LIMIT 1 [ RunTime:0.000347s ]
[ sql ] [ SQL ] UPDATE `sql_users`  SET `left_all_ach`=80400,`left_ach`=80400  WHERE  `id` = 140 [ RunTime:0.002773s ]
[ sql ] [ SQL ] SELECT `nid`,`region`,`left_all_ach`,`right_all_ach`,`left_ach`,`right_ach` FROM `sql_users` WHERE  `id` = 0 LIMIT 1 [ RunTime:0.000309s ]
[ sql ] [ SQL ] SELECT * FROM `sql_users` WHERE  `id` = 159 LIMIT 1 [ RunTime:0.000684s ]
[ sql ] [ SQL ] SELECT `id` FROM `sql_users` WHERE  `id` = 158 LIMIT 1 [ RunTime:0.000234s ]
[ sql ] [ SQL ] SELECT `nid` FROM `sql_users` WHERE  `id` = 158 LIMIT 1 [ RunTime:0.000231s ]
[ sql ] [ SQL ] SELECT `id` FROM `sql_users` WHERE  `id` = 157 LIMIT 1 [ RunTime:0.000270s ]
[ sql ] [ SQL ] SELECT `nid` FROM `sql_users` WHERE  `id` = 157 LIMIT 1 [ RunTime:0.000237s ]
[ sql ] [ SQL ] SELECT `id` FROM `sql_users` WHERE  `id` = 150 LIMIT 1 [ RunTime:0.000220s ]
[ sql ] [ SQL ] SELECT `nid` FROM `sql_users` WHERE  `id` = 150 LIMIT 1 [ RunTime:0.000203s ]
[ sql ] [ SQL ] SELECT `id` FROM `sql_users` WHERE  `id` = 149 LIMIT 1 [ RunTime:0.000244s ]
[ sql ] [ SQL ] SELECT `nid` FROM `sql_users` WHERE  `id` = 149 LIMIT 1 [ RunTime:0.000197s ]
[ sql ] [ SQL ] SELECT `id` FROM `sql_users` WHERE  `id` = 148 LIMIT 1 [ RunTime:0.000230s ]
[ sql ] [ SQL ] SELECT `nid` FROM `sql_users` WHERE  `id` = 148 LIMIT 1 [ RunTime:0.000212s ]
[ sql ] [ SQL ] SELECT `id` FROM `sql_users` WHERE  `id` = 146 LIMIT 1 [ RunTime:0.000252s ]
[ sql ] [ SQL ] SELECT `nid` FROM `sql_users` WHERE  `id` = 146 LIMIT 1 [ RunTime:0.000226s ]
[ sql ] [ SQL ] SELECT `id` FROM `sql_users` WHERE  `id` = 143 LIMIT 1 [ RunTime:0.000211s ]
[ sql ] [ SQL ] SELECT `nid` FROM `sql_users` WHERE  `id` = 143 LIMIT 1 [ RunTime:0.000270s ]
[ sql ] [ SQL ] SELECT `id` FROM `sql_users` WHERE  `id` = 142 LIMIT 1 [ RunTime:0.000213s ]
[ sql ] [ SQL ] SELECT `nid` FROM `sql_users` WHERE  `id` = 142 LIMIT 1 [ RunTime:0.000190s ]
[ sql ] [ SQL ] SELECT `id` FROM `sql_users` WHERE  `id` = 141 LIMIT 1 [ RunTime:0.000264s ]
[ sql ] [ SQL ] SELECT `nid` FROM `sql_users` WHERE  `id` = 141 LIMIT 1 [ RunTime:0.000267s ]
[ sql ] [ SQL ] SELECT `id` FROM `sql_users` WHERE  `id` = 140 LIMIT 1 [ RunTime:0.000241s ]
[ sql ] [ SQL ] SELECT `nid` FROM `sql_users` WHERE  `id` = 140 LIMIT 1 [ RunTime:0.000227s ]
[ sql ] [ SQL ] SELECT * FROM `sql_users` WHERE  `id` IN (158,157,150,149,148,146,143,142,141,140) [ RunTime:0.000680s ]
[ sql ] [ SQL ] UPDATE `sql_users`  SET `left_ach`=left_ach-10000  WHERE  `id` = 141 [ RunTime:0.000369s ]
[ sql ] [ SQL ] UPDATE `sql_users`  SET `right_ach`=right_ach-10000  WHERE  `id` = 141 [ RunTime:0.000227s ]
[ sql ] [ SQL ] SELECT `value` FROM `sql_config` WHERE  `name` = 'oneMatchPercent' LIMIT 1 [ RunTime:0.000337s ]
[ sql ] [ SQL ] SELECT `value` FROM `sql_config` WHERE  `name` = 'sevenBoomPercent' LIMIT 1 [ RunTime:0.000238s ]
[ sql ] [ SQL ] SELECT `value` FROM `sql_config` WHERE  `name` = 'oneToThreePercent' LIMIT 1 [ RunTime:0.000293s ]
[ sql ] [ SQL ] SELECT SUM(score) AS tp_sum FROM `sql_account` WHERE  `uid` = 141  AND `source` = 2  AND `is_add` = 1  AND `type` = 3  AND `class` = 1  AND ( `created_at` > '1519315200' AND `created_at` < '1519401599' ) LIMIT 1 [ RunTime:0.000386s ]
[ sql ] [ SQL ] SELECT `value` FROM `sql_config` WHERE  `name` = 'sevenTopBoomScore' LIMIT 1 [ RunTime:0.000242s ]
[ sql ] [ SQL ] SELECT `prize_score` FROM `sql_users` WHERE  `id` = 141 LIMIT 1 [ RunTime:0.000223s ]
[ sql ] [ SQL ] INSERT INTO `sql_account` (`uid` , `score` , `cur_score` , `remark` , `class` , `is_add` , `type` , `source` , `from_uid` , `created_at`) VALUES (141 , 500 , 3700 , '对碰奖结算' , 1 , 1 , 3 , 2 , 159 , '1519348930') [ RunTime:0.000262s ]
[ sql ] [ SQL ] UPDATE `sql_users`  SET `prize_score`=prize_score+500  WHERE  `id` = 141 [ RunTime:0.000239s ]
[ sql ] [ SQL ] SELECT `id` FROM `sql_users` WHERE  `id` = 141 LIMIT 1 [ RunTime:0.000198s ]
[ sql ] [ SQL ] SELECT `pid` FROM `sql_users` WHERE  `id` = 141 LIMIT 1 [ RunTime:0.000202s ]
[ sql ] [ SQL ] SELECT `id` FROM `sql_users` WHERE  `id` = 140 LIMIT 1 [ RunTime:0.000188s ]
[ sql ] [ SQL ] SELECT `pid` FROM `sql_users` WHERE  `id` = 140 LIMIT 1 [ RunTime:0.000194s ]
[ sql ] [ SQL ] SELECT * FROM `sql_users` WHERE  `id` = 140 LIMIT 1 [ RunTime:0.000334s ]
[ log ] <<<--错误信息：用户级别异常-->>>
---------------------------------------------------------------
[ 2018-02-23T09:22:10+08:00 ] 121.42.251.110 115.57.131.9 POST /home/business/activation
[ info ] apibof.ewtouch.com/home/business/activation [运行时间：0.341172s][吞吐率：2.93req/s] [内存消耗：2,953.16kb] [文件加载：64]
[ info ] [ LOG ] INIT File
[ sql ] [ SQL ] UPDATE `sql_users`  SET `left_ach`=left_ach-20300  WHERE  `id` = 142 [ RunTime:0.000506s ]
[ sql ] [ SQL ] UPDATE `sql_users`  SET `right_ach`=right_ach-20300  WHERE  `id` = 142 [ RunTime:0.000226s ]
[ sql ] [ SQL ] SELECT `value` FROM `sql_config` WHERE  `name` = 'oneMatchPercent' LIMIT 1 [ RunTime:0.000312s ]
[ sql ] [ SQL ] SELECT `value` FROM `sql_config` WHERE  `name` = 'sevenBoomPercent' LIMIT 1 [ RunTime:0.000228s ]
[ sql ] [ SQL ] SELECT `value` FROM `sql_config` WHERE  `name` = 'oneToThreePercent' LIMIT 1 [ RunTime:0.000233s ]
[ sql ] [ SQL ] SELECT SUM(score) AS tp_sum FROM `sql_account` WHERE  `uid` = 142  AND `source` = 2  AND `is_add` = 1  AND `type` = 3  AND `class` = 1  AND ( `created_at` > '1519315200' AND `created_at` < '1519401599' ) LIMIT 1 [ RunTime:0.000329s ]
[ sql ] [ SQL ] SELECT `value` FROM `sql_config` WHERE  `name` = 'sevenTopBoomScore' LIMIT 1 [ RunTime:0.000239s ]
[ sql ] [ SQL ] SELECT `prize_score` FROM `sql_users` WHERE  `id` = 142 LIMIT 1 [ RunTime:0.000200s ]
[ sql ] [ SQL ] INSERT INTO `sql_account` (`uid` , `score` , `cur_score` , `remark` , `class` , `is_add` , `type` , `source` , `from_uid` , `created_at`) VALUES (142 , 1015 , 2539 , '对碰奖结算' , 1 , 1 , 3 , 2 , 159 , '1519348930') [ RunTime:0.000286s ]
[ sql ] [ SQL ] UPDATE `sql_users`  SET `prize_score`=prize_score+1015  WHERE  `id` = 142 [ RunTime:0.000253s ]
[ sql ] [ SQL ] SELECT `id` FROM `sql_users` WHERE  `id` = 142 LIMIT 1 [ RunTime:0.000199s ]
[ sql ] [ SQL ] SELECT `pid` FROM `sql_users` WHERE  `id` = 142 LIMIT 1 [ RunTime:0.000201s ]
[ sql ] [ SQL ] SELECT `id` FROM `sql_users` WHERE  `id` = 140 LIMIT 1 [ RunTime:0.000264s ]
[ sql ] [ SQL ] SELECT `pid` FROM `sql_users` WHERE  `id` = 140 LIMIT 1 [ RunTime:0.000220s ]
[ sql ] [ SQL ] SELECT * FROM `sql_users` WHERE  `id` = 140 LIMIT 1 [ RunTime:0.000417s ]
[ log ] <<<--错误信息：用户级别异常-->>>
