---------------------------------------------------------------
[ 2018-03-06T11:31:16+08:00 ] 121.42.251.110 115.57.128.92 POST /home/register/dofourstep
[ info ] apibof.ewtouch.com/home/register/dofourstep [运行时间：0.258840s][吞吐率：3.86req/s] [内存消耗：3,055.34kb] [文件加载：62]
[ info ] [ LANG ] /www/wwwroot/bof.com/thinkphp/lang/zh-cn.php
[ info ] [ ROUTE ] array (
  'type' => 'module',
  'module' => 
  array (
    0 => 'home',
    1 => 'register',
    2 => 'dofourstep',
  ),
)
[ info ] [ HEADER ] array (
  'cookie' => 'PHPSESSID=ukmkhgkkro2no7b1b121oudds0',
  'accept-language' => 'zh-CN,zh;q=0.8',
  'accept-encoding' => 'gzip, deflate',
  'referer' => 'http://webbof.ewtouch.com/zh/register4.html?id=3',
  'content-type' => 'application/x-www-form-urlencoded; charset=UTF-8',
  'user-agent' => 'Mozilla/5.0 (Windows NT 6.1; WOW64) AppleWebKit/537.36 (KHTML, like Gecko) Chrome/55.0.2883.87 Safari/537.36',
  'origin' => 'http://webbof.ewtouch.com',
  'accept' => 'application/json, text/javascript, */*; q=0.01',
  'content-length' => '93',
  'connection' => 'keep-alive',
  'host' => 'apibof.ewtouch.com',
)
[ info ] [ PARAM ] array (
  'id' => '3',
  'videourl' => 'http://webbof.ewtouch.com/headimg/2018030611311418600000022384620.mp4',
)
[ info ] [ DB ] INIT mysql
[ info ] [ RUN ] app\home\controller\Register->dofourstep[ /www/wwwroot/bof.com/application/home/controller/Register.php ]
[ info ] [ SESSION ] INIT array (
  'id' => '',
  'var_session_id' => '',
  'prefix' => 'think',
  'type' => '',
  'auto_start' => true,
  'httponly' => true,
  'secure' => false,
)
[ info ] [ CACHE ] INIT file
[ info ] [ LOG ] INIT File
[ sql ] [ DB ] CONNECT:[ UseTime:0.000455s ] mysql:dbname=bof_com;host=121.42.251.110;port=3306;charset=utf8
[ sql ] [ SQL ] SHOW COLUMNS FROM `sql_config` [ RunTime:0.000939s ]
[ sql ] [ SQL ] SELECT `value` FROM `sql_config` WHERE  `name` = 'pu_straight' LIMIT 1 [ RunTime:0.000344s ]
[ sql ] [ SQL ] SELECT `value` FROM `sql_config` WHERE  `name` = 'pu_straight' LIMIT 1 [ RunTime:0.000246s ]
[ sql ] [ SQL ] SELECT `value` FROM `sql_config` WHERE  `name` = 'yin_straight' LIMIT 1 [ RunTime:0.000232s ]
[ sql ] [ SQL ] SELECT `value` FROM `sql_config` WHERE  `name` = 'jin_straight' LIMIT 1 [ RunTime:0.000216s ]
[ sql ] [ SQL ] SELECT `value` FROM `sql_config` WHERE  `name` = 'baijin_straight' LIMIT 1 [ RunTime:0.000214s ]
[ sql ] [ SQL ] SELECT `value` FROM `sql_config` WHERE  `name` = 'heijin_straight' LIMIT 1 [ RunTime:0.000211s ]
[ sql ] [ SQL ] SELECT `value` FROM `sql_config` WHERE  `name` = 'zuan_straight' LIMIT 1 [ RunTime:0.000224s ]
[ sql ] [ SQL ] SELECT `value` FROM `sql_config` WHERE  `name` = 'lanzuan_straight' LIMIT 1 [ RunTime:0.000222s ]
[ sql ] [ SQL ] SHOW COLUMNS FROM `sql_users` [ RunTime:0.000990s ]
[ sql ] [ SQL ] SELECT `id` FROM `sql_users` WHERE  `id` = 216 LIMIT 1 [ RunTime:0.000245s ]
[ sql ] [ SQL ] SELECT `id`,`region` FROM `sql_users` WHERE  `nid` = 216  AND `region` = 2 LIMIT 1 [ RunTime:0.000280s ]
[ sql ] [ SQL ] SELECT `all_nid` FROM `sql_users` WHERE  `id` = 216 LIMIT 1 [ RunTime:0.000215s ]
[ sql ] [ SQL ] SELECT `reg_score` FROM `sql_users` WHERE  `id` = 219 LIMIT 1 [ RunTime:0.000211s ]
[ sql ] [ SQL ] UPDATE `sql_users`  SET `password`='e10adc3949ba59abbe56e057f20f883e',`phone`='15800000002',`code`='TEST03',`two_password`='e10adc3949ba59abbe56e057f20f883e',`cascade`=1,`bd_id`='xxxx',`region`=2,`class_reg`=6,`class`=6,`pid`=216,`all_pid`='0,140,163,176,182,194,195,197,200,202,203,204,205,206,207,208,209,210,216,',`all_nid`='0,140,163,176,177,182,183,188,189,190,191,192,193,194,195,197,200,202,203,204,205,206,207,208,209,210,211,212,214,215,216,',`nid`=216,`pattern`=0,`nids`=216,`truename`='dfgbf',`identity`='gszgsz',`bank_name`='gzfgz',`bank_account`='2435',`bank_user`='sgd',`bank_branch`='',`zhifubao`='',`weixin`='',`videourl`='http://webbof.ewtouch.com/headimg/2018030611311418600000022384620.mp4',`created_at`='1520307076',`step`=4,`nickname`='BOF_ZJvm6e4'  WHERE  `id` = 219 [ RunTime:0.019733s ]
[ sql ] [ SQL ] UPDATE `sql_users`  SET `reg_score`=0,`updated_at`='1520307076'  WHERE  `id` = 219 [ RunTime:0.002980s ]
[ sql ] [ SQL ] SHOW COLUMNS FROM `sql_account` [ RunTime:0.000713s ]
[ sql ] [ SQL ] INSERT INTO `sql_account` (`score` , `cur_score` , `remark` , `class` , `is_add` , `type` , `uid` , `source` , `created_at`) VALUES (-5000 , 0 , '激活用户' , 1 , 2 , 1 , 219 , 11 , '1520307076') [ RunTime:0.003148s ]
[ sql ] [ SQL ] SHOW COLUMNS FROM `sql_disc` [ RunTime:0.000664s ]
[ sql ] [ SQL ] SELECT COUNT(*) AS tp_count FROM `sql_disc` LIMIT 1 [ RunTime:0.000203s ]
[ sql ] [ SQL ] SELECT * FROM `sql_disc` ORDER BY `id`  desc LIMIT 1 [ RunTime:0.000209s ]
[ sql ] [ SQL ] SELECT `class`,`balance`,`id` FROM `sql_users` WHERE  `id` = 219  AND `islock` = 1 LIMIT 1 [ RunTime:0.000246s ]
[ sql ] [ SQL ] SHOW COLUMNS FROM `sql_bof_rank` [ RunTime:0.000676s ]
[ sql ] [ SQL ] SELECT * FROM `sql_bof_rank` WHERE  `uid` = 219  AND `status` = 1 LIMIT 1 [ RunTime:0.000245s ]
[ sql ] [ SQL ] SHOW COLUMNS FROM `sql_bof_issue` [ RunTime:0.000635s ]
[ sql ] [ SQL ] SELECT `bof_num`,`id` FROM `sql_bof_issue` WHERE  `status` = 1 ORDER BY `id`  desc LIMIT 1 [ RunTime:0.000246s ]
[ sql ] [ SQL ] UPDATE `sql_bof_issue`  SET `bof_num`=9784173.6430144  WHERE  `id` = 23 [ RunTime:0.002971s ]
[ sql ] [ SQL ] UPDATE `sql_users`  SET `balance`=balance+14354.066985646  WHERE  `id` = 219 [ RunTime:0.002967s ]
[ sql ] [ SQL ] SELECT `balance` FROM `sql_users` WHERE  `id` = 219 LIMIT 1 [ RunTime:0.000231s ]
[ sql ] [ SQL ] INSERT INTO `sql_account` (`uid` , `cur_score` , `score` , `remark` , `class` , `is_add` , `type` , `source` , `created_at`) VALUES (219 , 14354.07 , 14354.066985646 , '系统分配bof' , 2 , 1 , 8 , 13 , '1520307076') [ RunTime:0.003007s ]
[ sql ] [ SQL ] SHOW COLUMNS FROM `sql_bof_deal` [ RunTime:0.000791s ]
[ sql ] [ SQL ] SELECT * FROM `sql_bof_deal` WHERE  `order_sn` = '2018031520307076527' LIMIT 1 [ RunTime:0.000362s ]
[ sql ] [ SQL ] INSERT INTO `sql_bof_deal` (`uid` , `order_sn` , `sell_price` , `sell_num` , `status` , `type` , `created_at`) VALUES (219 , '2018031520307076527' , 0.209 , 14354.066985646 , 2 , 2 , '1520307076') [ RunTime:0.005104s ]
[ sql ] [ SQL ] SELECT `region`,`nid` FROM `sql_users` WHERE  `id` = 219 LIMIT 1 [ RunTime:0.000251s ]
[ sql ] [ SQL ] SELECT `nid`,`region`,`left_all_ach`,`right_all_ach`,`left_ach`,`right_ach` FROM `sql_users` WHERE  `id` = 216 LIMIT 1 [ RunTime:0.000225s ]
[ sql ] [ SQL ] UPDATE `sql_users`  SET `right_all_ach`=5000,`right_ach`=5000  WHERE  `id` = 216 [ RunTime:0.002450s ]
[ sql ] [ SQL ] SELECT `nid`,`region`,`left_all_ach`,`right_all_ach`,`left_ach`,`right_ach` FROM `sql_users` WHERE  `id` = 215 LIMIT 1 [ RunTime:0.000250s ]
[ sql ] [ SQL ] UPDATE `sql_users`  SET `left_all_ach`=10100,`left_ach`=10100  WHERE  `id` = 215 [ RunTime:0.002638s ]
[ sql ] [ SQL ] SELECT `nid`,`region`,`left_all_ach`,`right_all_ach`,`left_ach`,`right_ach` FROM `sql_users` WHERE  `id` = 214 LIMIT 1 [ RunTime:0.000246s ]
[ sql ] [ SQL ] UPDATE `sql_users`  SET `left_all_ach`=10200,`left_ach`=10200  WHERE  `id` = 214 [ RunTime:0.003187s ]
[ sql ] [ SQL ] SELECT `nid`,`region`,`left_all_ach`,`right_all_ach`,`left_ach`,`right_ach` FROM `sql_users` WHERE  `id` = 212 LIMIT 1 [ RunTime:0.000259s ]
[ sql ] [ SQL ] UPDATE `sql_users`  SET `left_all_ach`=10200,`left_ach`=10200  WHERE  `id` = 212 [ RunTime:0.002440s ]
[ sql ] [ SQL ] SELECT `nid`,`region`,`left_all_ach`,`right_all_ach`,`left_ach`,`right_ach` FROM `sql_users` WHERE  `id` = 211 LIMIT 1 [ RunTime:0.000243s ]
[ sql ] [ SQL ] UPDATE `sql_users`  SET `left_all_ach`=15200,`left_ach`=15200  WHERE  `id` = 211 [ RunTime:0.004818s ]
[ sql ] [ SQL ] SELECT `nid`,`region`,`left_all_ach`,`right_all_ach`,`left_ach`,`right_ach` FROM `sql_users` WHERE  `id` = 210 LIMIT 1 [ RunTime:0.000237s ]
[ sql ] [ SQL ] UPDATE `sql_users`  SET `left_all_ach`=3034600,`left_ach`=3034600  WHERE  `id` = 210 [ RunTime:0.002934s ]
[ sql ] [ SQL ] SELECT `nid`,`region`,`left_all_ach`,`right_all_ach`,`left_ach`,`right_ach` FROM `sql_users` WHERE  `id` = 209 LIMIT 1 [ RunTime:0.000234s ]
[ sql ] [ SQL ] UPDATE `sql_users`  SET `left_all_ach`=15400,`left_ach`=15400  WHERE  `id` = 209 [ RunTime:0.003721s ]
[ sql ] [ SQL ] SELECT `nid`,`region`,`left_all_ach`,`right_all_ach`,`left_ach`,`right_ach` FROM `sql_users` WHERE  `id` = 208 LIMIT 1 [ RunTime:0.000252s ]
[ sql ] [ SQL ] UPDATE `sql_users`  SET `left_all_ach`=15500,`left_ach`=15500  WHERE  `id` = 208 [ RunTime:0.002434s ]
[ sql ] [ SQL ] SELECT `nid`,`region`,`left_all_ach`,`right_all_ach`,`left_ach`,`right_ach` FROM `sql_users` WHERE  `id` = 207 LIMIT 1 [ RunTime:0.000246s ]
[ sql ] [ SQL ] UPDATE `sql_users`  SET `left_all_ach`=15600,`left_ach`=15600  WHERE  `id` = 207 [ RunTime:0.003297s ]
[ sql ] [ SQL ] SELECT `nid`,`region`,`left_all_ach`,`right_all_ach`,`left_ach`,`right_ach` FROM `sql_users` WHERE  `id` = 206 LIMIT 1 [ RunTime:0.000290s ]
[ sql ] [ SQL ] UPDATE `sql_users`  SET `left_all_ach`=15700,`left_ach`=15700  WHERE  `id` = 206 [ RunTime:0.002779s ]
[ sql ] [ SQL ] SELECT `nid`,`region`,`left_all_ach`,`right_all_ach`,`left_ach`,`right_ach` FROM `sql_users` WHERE  `id` = 205 LIMIT 1 [ RunTime:0.000255s ]
[ sql ] [ SQL ] UPDATE `sql_users`  SET `left_all_ach`=15800,`left_ach`=15800  WHERE  `id` = 205 [ RunTime:0.002612s ]
[ sql ] [ SQL ] SELECT `nid`,`region`,`left_all_ach`,`right_all_ach`,`left_ach`,`right_ach` FROM `sql_users` WHERE  `id` = 204 LIMIT 1 [ RunTime:0.000274s ]
[ sql ] [ SQL ] UPDATE `sql_users`  SET `left_all_ach`=15900,`left_ach`=15900  WHERE  `id` = 204 [ RunTime:0.002614s ]
[ sql ] [ SQL ] SELECT `nid`,`region`,`left_all_ach`,`right_all_ach`,`left_ach`,`right_ach` FROM `sql_users` WHERE  `id` = 203 LIMIT 1 [ RunTime:0.000224s ]
[ sql ] [ SQL ] UPDATE `sql_users`  SET `left_all_ach`=16900,`left_ach`=16900  WHERE  `id` = 203 [ RunTime:0.002305s ]
[ sql ] [ SQL ] SELECT `nid`,`region`,`left_all_ach`,`right_all_ach`,`left_ach`,`right_ach` FROM `sql_users` WHERE  `id` = 202 LIMIT 1 [ RunTime:0.000225s ]
[ sql ] [ SQL ] UPDATE `sql_users`  SET `left_all_ach`=17000,`left_ach`=17000  WHERE  `id` = 202 [ RunTime:0.003355s ]
[ sql ] [ SQL ] SELECT `nid`,`region`,`left_all_ach`,`right_all_ach`,`left_ach`,`right_ach` FROM `sql_users` WHERE  `id` = 200 LIMIT 1 [ RunTime:0.000235s ]
[ sql ] [ SQL ] UPDATE `sql_users`  SET `left_all_ach`=17100,`left_ach`=17100  WHERE  `id` = 200 [ RunTime:0.003451s ]
[ sql ] [ SQL ] SELECT `nid`,`region`,`left_all_ach`,`right_all_ach`,`left_ach`,`right_ach` FROM `sql_users` WHERE  `id` = 197 LIMIT 1 [ RunTime:0.000231s ]
[ sql ] [ SQL ] UPDATE `sql_users`  SET `left_all_ach`=17200,`left_ach`=17200  WHERE  `id` = 197 [ RunTime:0.002521s ]
[ sql ] [ SQL ] SELECT `nid`,`region`,`left_all_ach`,`right_all_ach`,`left_ach`,`right_ach` FROM `sql_users` WHERE  `id` = 195 LIMIT 1 [ RunTime:0.000248s ]
[ sql ] [ SQL ] UPDATE `sql_users`  SET `left_all_ach`=22500,`left_ach`=22500  WHERE  `id` = 195 [ RunTime:0.002556s ]
[ sql ] [ SQL ] SELECT `nid`,`region`,`left_all_ach`,`right_all_ach`,`left_ach`,`right_ach` FROM `sql_users` WHERE  `id` = 194 LIMIT 1 [ RunTime:0.000245s ]
[ sql ] [ SQL ] UPDATE `sql_users`  SET `left_all_ach`=32500,`left_ach`=15700  WHERE  `id` = 194 [ RunTime:0.006923s ]
[ sql ] [ SQL ] SELECT `nid`,`region`,`left_all_ach`,`right_all_ach`,`left_ach`,`right_ach` FROM `sql_users` WHERE  `id` = 193 LIMIT 1 [ RunTime:0.000240s ]
[ sql ] [ SQL ] UPDATE `sql_users`  SET `left_all_ach`=49400,`left_ach`=49400  WHERE  `id` = 193 [ RunTime:0.002956s ]
[ sql ] [ SQL ] SELECT `nid`,`region`,`left_all_ach`,`right_all_ach`,`left_ach`,`right_ach` FROM `sql_users` WHERE  `id` = 192 LIMIT 1 [ RunTime:0.000240s ]
[ sql ] [ SQL ] UPDATE `sql_users`  SET `left_all_ach`=49900,`left_ach`=49900  WHERE  `id` = 192 [ RunTime:0.002907s ]
[ sql ] [ SQL ] SELECT `nid`,`region`,`left_all_ach`,`right_all_ach`,`left_ach`,`right_ach` FROM `sql_users` WHERE  `id` = 191 LIMIT 1 [ RunTime:0.000239s ]
[ sql ] [ SQL ] UPDATE `sql_users`  SET `left_all_ach`=50000,`left_ach`=50000  WHERE  `id` = 191 [ RunTime:0.002577s ]
[ sql ] [ SQL ] SELECT `nid`,`region`,`left_all_ach`,`right_all_ach`,`left_ach`,`right_ach` FROM `sql_users` WHERE  `id` = 190 LIMIT 1 [ RunTime:0.000225s ]
[ sql ] [ SQL ] UPDATE `sql_users`  SET `left_all_ach`=50000,`left_ach`=50000  WHERE  `id` = 190 [ RunTime:0.004418s ]
[ sql ] [ SQL ] SELECT `nid`,`region`,`left_all_ach`,`right_all_ach`,`left_ach`,`right_ach` FROM `sql_users` WHERE  `id` = 189 LIMIT 1 [ RunTime:0.000228s ]
[ sql ] [ SQL ] UPDATE `sql_users`  SET `left_all_ach`=50000,`left_ach`=50000  WHERE  `id` = 189 [ RunTime:0.002546s ]
[ sql ] [ SQL ] SELECT `nid`,`region`,`left_all_ach`,`right_all_ach`,`left_ach`,`right_ach` FROM `sql_users` WHERE  `id` = 188 LIMIT 1 [ RunTime:0.000222s ]
[ sql ] [ SQL ] UPDATE `sql_users`  SET `left_all_ach`=50100,`left_ach`=50100  WHERE  `id` = 188 [ RunTime:0.002954s ]
[ sql ] [ SQL ] SELECT `nid`,`region`,`left_all_ach`,`right_all_ach`,`left_ach`,`right_ach` FROM `sql_users` WHERE  `id` = 183 LIMIT 1 [ RunTime:0.000226s ]
[ sql ] [ SQL ] UPDATE `sql_users`  SET `left_all_ach`=50200,`left_ach`=50200  WHERE  `id` = 183 [ RunTime:0.003621s ]
[ sql ] [ SQL ] SELECT `nid`,`region`,`left_all_ach`,`right_all_ach`,`left_ach`,`right_ach` FROM `sql_users` WHERE  `id` = 182 LIMIT 1 [ RunTime:0.000233s ]
[ sql ] [ SQL ] UPDATE `sql_users`  SET `left_all_ach`=50200,`left_ach`=50200  WHERE  `id` = 182 [ RunTime:0.005002s ]
[ sql ] [ SQL ] SELECT `nid`,`region`,`left_all_ach`,`right_all_ach`,`left_ach`,`right_ach` FROM `sql_users` WHERE  `id` = 177 LIMIT 1 [ RunTime:0.000246s ]
[ sql ] [ SQL ] UPDATE `sql_users`  SET `left_all_ach`=50200,`left_ach`=50200  WHERE  `id` = 177 [ RunTime:0.002687s ]
[ sql ] [ SQL ] SELECT `nid`,`region`,`left_all_ach`,`right_all_ach`,`left_ach`,`right_ach` FROM `sql_users` WHERE  `id` = 176 LIMIT 1 [ RunTime:0.000242s ]
[ sql ] [ SQL ] UPDATE `sql_users`  SET `left_all_ach`=50200,`left_ach`=50200  WHERE  `id` = 176 [ RunTime:0.002929s ]
[ sql ] [ SQL ] SELECT `nid`,`region`,`left_all_ach`,`right_all_ach`,`left_ach`,`right_ach` FROM `sql_users` WHERE  `id` = 163 LIMIT 1 [ RunTime:0.000227s ]
[ sql ] [ SQL ] UPDATE `sql_users`  SET `left_all_ach`=362500,`left_ach`=362500  WHERE  `id` = 163 [ RunTime:0.003296s ]
[ sql ] [ SQL ] SELECT `nid`,`region`,`left_all_ach`,`right_all_ach`,`left_ach`,`right_ach` FROM `sql_users` WHERE  `id` = 140 LIMIT 1 [ RunTime:0.000217s ]
[ sql ] [ SQL ] SELECT * FROM `sql_users` WHERE  `id` = 219 LIMIT 1 [ RunTime:0.000436s ]
[ sql ] [ SQL ] SELECT `id` FROM `sql_users` WHERE  `id` = 216 LIMIT 1 [ RunTime:0.000212s ]
[ sql ] [ SQL ] SELECT `nid` FROM `sql_users` WHERE  `id` = 216 LIMIT 1 [ RunTime:0.000194s ]
[ sql ] [ SQL ] SELECT `id` FROM `sql_users` WHERE  `id` = 215 LIMIT 1 [ RunTime:0.000187s ]
[ sql ] [ SQL ] SELECT `nid` FROM `sql_users` WHERE  `id` = 215 LIMIT 1 [ RunTime:0.000242s ]
[ sql ] [ SQL ] SELECT `id` FROM `sql_users` WHERE  `id` = 214 LIMIT 1 [ RunTime:0.000262s ]
[ sql ] [ SQL ] SELECT `nid` FROM `sql_users` WHERE  `id` = 214 LIMIT 1 [ RunTime:0.000243s ]
[ sql ] [ SQL ] SELECT `id` FROM `sql_users` WHERE  `id` = 212 LIMIT 1 [ RunTime:0.000247s ]
[ sql ] [ SQL ] SELECT `nid` FROM `sql_users` WHERE  `id` = 212 LIMIT 1 [ RunTime:0.000234s ]
[ sql ] [ SQL ] SELECT `id` FROM `sql_users` WHERE  `id` = 211 LIMIT 1 [ RunTime:0.000228s ]
[ sql ] [ SQL ] SELECT `nid` FROM `sql_users` WHERE  `id` = 211 LIMIT 1 [ RunTime:0.000249s ]
[ sql ] [ SQL ] SELECT `id` FROM `sql_users` WHERE  `id` = 210 LIMIT 1 [ RunTime:0.000230s ]
[ sql ] [ SQL ] SELECT `nid` FROM `sql_users` WHERE  `id` = 210 LIMIT 1 [ RunTime:0.000247s ]
[ sql ] [ SQL ] SELECT `id` FROM `sql_users` WHERE  `id` = 209 LIMIT 1 [ RunTime:0.000256s ]
[ sql ] [ SQL ] SELECT `nid` FROM `sql_users` WHERE  `id` = 209 LIMIT 1 [ RunTime:0.000234s ]
[ sql ] [ SQL ] SELECT `id` FROM `sql_users` WHERE  `id` = 208 LIMIT 1 [ RunTime:0.000253s ]
[ sql ] [ SQL ] SELECT `nid` FROM `sql_users` WHERE  `id` = 208 LIMIT 1 [ RunTime:0.000258s ]
[ sql ] [ SQL ] SELECT `id` FROM `sql_users` WHERE  `id` = 207 LIMIT 1 [ RunTime:0.000245s ]
[ sql ] [ SQL ] SELECT `nid` FROM `sql_users` WHERE  `id` = 207 LIMIT 1 [ RunTime:0.000290s ]
[ sql ] [ SQL ] SELECT `id` FROM `sql_users` WHERE  `id` = 206 LIMIT 1 [ RunTime:0.000245s ]
[ sql ] [ SQL ] SELECT `nid` FROM `sql_users` WHERE  `id` = 206 LIMIT 1 [ RunTime:0.000261s ]
[ sql ] [ SQL ] SELECT `id` FROM `sql_users` WHERE  `id` = 205 LIMIT 1 [ RunTime:0.000201s ]
[ sql ] [ SQL ] SELECT `nid` FROM `sql_users` WHERE  `id` = 205 LIMIT 1 [ RunTime:0.000198s ]
[ sql ] [ SQL ] SELECT `id` FROM `sql_users` WHERE  `id` = 204 LIMIT 1 [ RunTime:0.000209s ]
[ sql ] [ SQL ] SELECT `nid` FROM `sql_users` WHERE  `id` = 204 LIMIT 1 [ RunTime:0.000204s ]
[ sql ] [ SQL ] SELECT `id` FROM `sql_users` WHERE  `id` = 203 LIMIT 1 [ RunTime:0.000184s ]
[ sql ] [ SQL ] SELECT `nid` FROM `sql_users` WHERE  `id` = 203 LIMIT 1 [ RunTime:0.000209s ]
[ sql ] [ SQL ] SELECT `id` FROM `sql_users` WHERE  `id` = 202 LIMIT 1 [ RunTime:0.000217s ]
[ sql ] [ SQL ] SELECT `nid` FROM `sql_users` WHERE  `id` = 202 LIMIT 1 [ RunTime:0.000236s ]
[ sql ] [ SQL ] SELECT `id` FROM `sql_users` WHERE  `id` = 200 LIMIT 1 [ RunTime:0.000219s ]
[ sql ] [ SQL ] SELECT `nid` FROM `sql_users` WHERE  `id` = 200 LIMIT 1 [ RunTime:0.000213s ]
[ sql ] [ SQL ] SELECT `id` FROM `sql_users` WHERE  `id` = 197 LIMIT 1 [ RunTime:0.000265s ]
[ sql ] [ SQL ] SELECT `nid` FROM `sql_users` WHERE  `id` = 197 LIMIT 1 [ RunTime:0.000252s ]
[ sql ] [ SQL ] SELECT `id` FROM `sql_users` WHERE  `id` = 195 LIMIT 1 [ RunTime:0.000280s ]
[ sql ] [ SQL ] SELECT `nid` FROM `sql_users` WHERE  `id` = 195 LIMIT 1 [ RunTime:0.000254s ]
[ sql ] [ SQL ] SELECT `id` FROM `sql_users` WHERE  `id` = 194 LIMIT 1 [ RunTime:0.000255s ]
[ sql ] [ SQL ] SELECT `nid` FROM `sql_users` WHERE  `id` = 194 LIMIT 1 [ RunTime:0.000252s ]
[ sql ] [ SQL ] SELECT `id` FROM `sql_users` WHERE  `id` = 193 LIMIT 1 [ RunTime:0.000233s ]
[ sql ] [ SQL ] SELECT `nid` FROM `sql_users` WHERE  `id` = 193 LIMIT 1 [ RunTime:0.000223s ]
[ sql ] [ SQL ] SELECT `id` FROM `sql_users` WHERE  `id` = 192 LIMIT 1 [ RunTime:0.000235s ]
[ sql ] [ SQL ] SELECT `nid` FROM `sql_users` WHERE  `id` = 192 LIMIT 1 [ RunTime:0.000254s ]
[ sql ] [ SQL ] SELECT `id` FROM `sql_users` WHERE  `id` = 191 LIMIT 1 [ RunTime:0.000219s ]
[ sql ] [ SQL ] SELECT `nid` FROM `sql_users` WHERE  `id` = 191 LIMIT 1 [ RunTime:0.000305s ]
[ sql ] [ SQL ] SELECT `id` FROM `sql_users` WHERE  `id` = 190 LIMIT 1 [ RunTime:0.000264s ]
[ sql ] [ SQL ] SELECT `nid` FROM `sql_users` WHERE  `id` = 190 LIMIT 1 [ RunTime:0.000245s ]
[ sql ] [ SQL ] SELECT `id` FROM `sql_users` WHERE  `id` = 189 LIMIT 1 [ RunTime:0.000248s ]
[ sql ] [ SQL ] SELECT `nid` FROM `sql_users` WHERE  `id` = 189 LIMIT 1 [ RunTime:0.000255s ]
[ sql ] [ SQL ] SELECT `id` FROM `sql_users` WHERE  `id` = 188 LIMIT 1 [ RunTime:0.000248s ]
[ sql ] [ SQL ] SELECT `nid` FROM `sql_users` WHERE  `id` = 188 LIMIT 1 [ RunTime:0.000248s ]
[ sql ] [ SQL ] SELECT `id` FROM `sql_users` WHERE  `id` = 183 LIMIT 1 [ RunTime:0.000248s ]
[ sql ] [ SQL ] SELECT `nid` FROM `sql_users` WHERE  `id` = 183 LIMIT 1 [ RunTime:0.000245s ]
[ sql ] [ SQL ] SELECT `id` FROM `sql_users` WHERE  `id` = 182 LIMIT 1 [ RunTime:0.000240s ]
[ sql ] [ SQL ] SELECT `nid` FROM `sql_users` WHERE  `id` = 182 LIMIT 1 [ RunTime:0.000235s ]
[ sql ] [ SQL ] SELECT `id` FROM `sql_users` WHERE  `id` = 177 LIMIT 1 [ RunTime:0.000232s ]
[ sql ] [ SQL ] SELECT `nid` FROM `sql_users` WHERE  `id` = 177 LIMIT 1 [ RunTime:0.000231s ]
[ sql ] [ SQL ] SELECT `id` FROM `sql_users` WHERE  `id` = 176 LIMIT 1 [ RunTime:0.000238s ]
[ sql ] [ SQL ] SELECT `nid` FROM `sql_users` WHERE  `id` = 176 LIMIT 1 [ RunTime:0.000209s ]
[ sql ] [ SQL ] SELECT `id` FROM `sql_users` WHERE  `id` = 163 LIMIT 1 [ RunTime:0.000199s ]
[ sql ] [ SQL ] SELECT `nid` FROM `sql_users` WHERE  `id` = 163 LIMIT 1 [ RunTime:0.000267s ]
[ sql ] [ SQL ] SELECT `id` FROM `sql_users` WHERE  `id` = 140 LIMIT 1 [ RunTime:0.000191s ]
[ sql ] [ SQL ] SELECT `nid` FROM `sql_users` WHERE  `id` = 140 LIMIT 1 [ RunTime:0.000217s ]
[ sql ] [ SQL ] SELECT * FROM `sql_users` WHERE  `id` IN (216,215,214,212,211,210,209,208,207,206,205,204,203,202,200,197,195,194,193,192,191,190,189,188,183,182,177,176,163) [ RunTime:0.000636s ]
[ sql ] [ SQL ] UPDATE `sql_users`  SET `left_ach`=left_ach-5000  WHERE  `id` = 216 [ RunTime:0.000266s ]
[ sql ] [ SQL ] UPDATE `sql_users`  SET `right_ach`=right_ach-5000  WHERE  `id` = 216 [ RunTime:0.000235s ]
[ sql ] [ SQL ] SELECT `value` FROM `sql_config` WHERE  `name` = 'sixMatchPercent' LIMIT 1 [ RunTime:0.000321s ]
[ sql ] [ SQL ] SELECT `value` FROM `sql_config` WHERE  `name` = 'oneBoomPercent' LIMIT 1 [ RunTime:0.000231s ]
[ sql ] [ SQL ] SELECT `value` FROM `sql_config` WHERE  `name` = 'oneToThreePercent' LIMIT 1 [ RunTime:0.000221s ]
[ sql ] [ SQL ] SELECT SUM(score) AS tp_sum FROM `sql_account` WHERE  `uid` = 216  AND `source` = 2  AND `is_add` = 1  AND `type` = 3  AND `class` = 1  AND ( `created_at` > '1520265600' AND `created_at` < '1520351999' ) LIMIT 1 [ RunTime:0.000686s ]
[ sql ] [ SQL ] SELECT `value` FROM `sql_config` WHERE  `name` = 'oneTopBoomScore' LIMIT 1 [ RunTime:0.000283s ]
[ sql ] [ SQL ] SELECT `value` FROM `sql_config` WHERE  `name` = 'oneTopBoomScore' LIMIT 1 [ RunTime:0.000260s ]
[ sql ] [ SQL ] SELECT `prize_score` FROM `sql_users` WHERE  `id` = 216 LIMIT 1 [ RunTime:0.000235s ]
[ sql ] [ SQL ] INSERT INTO `sql_account` (`uid` , `score` , `cur_score` , `remark` , `class` , `is_add` , `type` , `source` , `from_uid` , `created_at`) VALUES (216 , 100 , 350 , '对碰奖结算' , 1 , 1 , 3 , 2 , 219 , '1520307076') [ RunTime:0.000313s ]
[ sql ] [ SQL ] UPDATE `sql_users`  SET `prize_score`=prize_score+100  WHERE  `id` = 216 [ RunTime:0.000253s ]
[ sql ] [ SQL ] SELECT `id` FROM `sql_users` WHERE  `id` = 216 LIMIT 1 [ RunTime:0.000249s ]
[ sql ] [ SQL ] SELECT `pid` FROM `sql_users` WHERE  `id` = 216 LIMIT 1 [ RunTime:0.000206s ]
[ sql ] [ SQL ] SELECT `id` FROM `sql_users` WHERE  `id` = 210 LIMIT 1 [ RunTime:0.000242s ]
[ sql ] [ SQL ] SELECT `pid` FROM `sql_users` WHERE  `id` = 210 LIMIT 1 [ RunTime:0.000222s ]
[ sql ] [ SQL ] SELECT `id` FROM `sql_users` WHERE  `id` = 209 LIMIT 1 [ RunTime:0.000186s ]
[ sql ] [ SQL ] SELECT `pid` FROM `sql_users` WHERE  `id` = 209 LIMIT 1 [ RunTime:0.000180s ]
[ sql ] [ SQL ] SELECT `id` FROM `sql_users` WHERE  `id` = 208 LIMIT 1 [ RunTime:0.000206s ]
[ sql ] [ SQL ] SELECT `pid` FROM `sql_users` WHERE  `id` = 208 LIMIT 1 [ RunTime:0.000181s ]
[ sql ] [ SQL ] SELECT `id` FROM `sql_users` WHERE  `id` = 207 LIMIT 1 [ RunTime:0.000179s ]
[ sql ] [ SQL ] SELECT `pid` FROM `sql_users` WHERE  `id` = 207 LIMIT 1 [ RunTime:0.000193s ]
[ sql ] [ SQL ] SELECT `id` FROM `sql_users` WHERE  `id` = 206 LIMIT 1 [ RunTime:0.000179s ]
[ sql ] [ SQL ] SELECT `pid` FROM `sql_users` WHERE  `id` = 206 LIMIT 1 [ RunTime:0.000184s ]
[ sql ] [ SQL ] SELECT * FROM `sql_users` WHERE  `id` = 210 LIMIT 1 [ RunTime:0.000338s ]
[ sql ] [ SQL ] SELECT `value` FROM `sql_config` WHERE  `name` = 'oneContributionPercent' LIMIT 1 [ RunTime:0.000251s ]
[ sql ] [ SQL ] SELECT `prize_score` FROM `sql_users` WHERE  `id` = 210 LIMIT 1 [ RunTime:0.000183s ]
[ sql ] [ SQL ] INSERT INTO `sql_account` (`uid` , `score` , `cur_score` , `remark` , `class` , `is_add` , `type` , `source` , `from_uid` , `created_at`) VALUES (210 , 2 , 262 , '贡献奖结算' , 1 , 1 , 3 , 2 , 216 , '1520307076') [ RunTime:0.000218s ]
[ sql ] [ SQL ] UPDATE `sql_users`  SET `prize_score`=prize_score+2  WHERE  `id` = 210 [ RunTime:0.000245s ]
[ sql ] [ SQL ] SELECT * FROM `sql_users` WHERE  `id` = 209 LIMIT 1 [ RunTime:0.000380s ]
[ sql ] [ SQL ] SELECT * FROM `sql_users` WHERE  `id` = 208 LIMIT 1 [ RunTime:0.000334s ]
[ sql ] [ SQL ] SELECT * FROM `sql_users` WHERE  `id` = 207 LIMIT 1 [ RunTime:0.000333s ]
[ sql ] [ SQL ] SELECT * FROM `sql_users` WHERE  `id` = 206 LIMIT 1 [ RunTime:0.000341s ]
[ log ] <<<碰撞完成 新人id：219--手机号：15800000002 --碰撞金额：5000---配比率：0.6---获奖人id：216--碰撞时间：2018-03-06 11:31:161520307076>>>
