---------------------------------------------------------------
[ 2018-03-14T20:10:38+08:00 ] 121.42.251.110 222.85.230.24 POST /home/users/DoUpgrade
[ info ] apibof.ewtouch.com/home/users/DoUpgrade [运行时间：0.104514s][吞吐率：9.57req/s] [内存消耗：3,242.00kb] [文件加载：65]
[ info ] [ LANG ] /www/wwwroot/bof.com/thinkphp/lang/zh-cn.php
[ info ] [ ROUTE ] array (
  'type' => 'module',
  'module' => 
  array (
    0 => 'home',
    1 => 'users',
    2 => 'DoUpgrade',
  ),
)
[ info ] [ HEADER ] array (
  'cookie' => '__guid=100059214.2053202350323212000.1521006449847.388; PHPSESSID=to7omg38f0dletf68i27nddfnr; monitor_count=40',
  'accept-language' => 'zh-CN,zh;q=0.8',
  'accept-encoding' => 'gzip, deflate',
  'referer' => 'http://webbof.ewtouch.com/zh/business_up.html',
  'content-type' => 'application/x-www-form-urlencoded; charset=UTF-8',
  'user-agent' => 'Mozilla/5.0 (Windows NT 10.0; WOW64) AppleWebKit/537.36 (KHTML, like Gecko) Chrome/55.0.2883.87 Safari/537.36',
  'origin' => 'http://webbof.ewtouch.com',
  'accept' => 'application/json, text/javascript, */*; q=0.01',
  'content-length' => '7',
  'connection' => 'keep-alive',
  'host' => 'apibof.ewtouch.com',
)
[ info ] [ PARAM ] array (
  'class' => '3',
)
[ info ] [ DB ] INIT mysql
[ info ] [ SESSION ] INIT array (
  'id' => '',
  'var_session_id' => '',
  'prefix' => 'think',
  'type' => '',
  'auto_start' => true,
  'httponly' => true,
  'secure' => false,
)
[ info ] [ RUN ] app\home\controller\Users->DoUpgrade[ /www/wwwroot/bof.com/application/home/controller/Users.php ]
[ info ] [ CACHE ] INIT file
[ info ] [ LOG ] INIT File
[ sql ] [ DB ] CONNECT:[ UseTime:0.000597s ] mysql:dbname=bof_com;host=121.42.251.110;port=3306;charset=utf8
[ sql ] [ SQL ] SHOW COLUMNS FROM `sql_config` [ RunTime:0.000975s ]
[ sql ] [ SQL ] SELECT `value` FROM `sql_config` WHERE  `name` = 'pu_straight' LIMIT 1 [ RunTime:0.000340s ]
[ sql ] [ SQL ] SELECT `value` FROM `sql_config` WHERE  `name` = 'pu_straight' LIMIT 1 [ RunTime:0.000239s ]
[ sql ] [ SQL ] SELECT `value` FROM `sql_config` WHERE  `name` = 'yin_straight' LIMIT 1 [ RunTime:0.000235s ]
[ sql ] [ SQL ] SELECT `value` FROM `sql_config` WHERE  `name` = 'jin_straight' LIMIT 1 [ RunTime:0.000223s ]
[ sql ] [ SQL ] SELECT `value` FROM `sql_config` WHERE  `name` = 'baijin_straight' LIMIT 1 [ RunTime:0.000206s ]
[ sql ] [ SQL ] SELECT `value` FROM `sql_config` WHERE  `name` = 'heijin_straight' LIMIT 1 [ RunTime:0.000216s ]
[ sql ] [ SQL ] SELECT `value` FROM `sql_config` WHERE  `name` = 'zuan_straight' LIMIT 1 [ RunTime:0.000230s ]
[ sql ] [ SQL ] SELECT `value` FROM `sql_config` WHERE  `name` = 'lanzuan_straight' LIMIT 1 [ RunTime:0.000213s ]
[ sql ] [ SQL ] SHOW COLUMNS FROM `sql_users` [ RunTime:0.001060s ]
[ sql ] [ SQL ] SELECT * FROM `sql_users` WHERE  `id` = 295 LIMIT 1 [ RunTime:0.000486s ]
[ sql ] [ SQL ] SELECT `bof_all`,`class`,`balance`,`reg_score` FROM `sql_users` WHERE  `id` = 295 LIMIT 1 [ RunTime:0.000240s ]
[ sql ] [ SQL ] SELECT `class` FROM `sql_users` WHERE  `pid` = 295 [ RunTime:0.000290s ]
[ sql ] [ SQL ] SHOW COLUMNS FROM `sql_user_upgrade` [ RunTime:0.000677s ]
[ sql ] [ SQL ] SELECT * FROM `sql_user_upgrade` WHERE  `uid` = 295 LIMIT 1 [ RunTime:0.000330s ]
[ sql ] [ SQL ] SELECT `class`,`reg_score`,`shopping_number` FROM `sql_users` WHERE  `id` = 295 LIMIT 1 [ RunTime:0.000215s ]
[ sql ] [ SQL ] UPDATE `sql_users`  SET `reg_score`=0,`class`=3  WHERE  `id` = 295 [ RunTime:0.000362s ]
[ sql ] [ SQL ] INSERT INTO `sql_user_upgrade` (`uid` , `truename` , `code` , `type` , `created_at` , `class` , `class_at` , `Amount` , `updated_at` , `state`) VALUES (295 , '蓝海' , 'c119' , '会员升级' , '1521029438' , 0 , 3 , 500 , '1521029438' , 1) [ RunTime:0.000255s ]
[ sql ] [ SQL ] SHOW COLUMNS FROM `sql_account` [ RunTime:0.000698s ]
[ sql ] [ SQL ] INSERT INTO `sql_account` (`uid` , `score` , `cur_score` , `remark` , `type` , `is_add` , `class` , `from_uid` , `created_at` , `source`) VALUES (295 , -500 , 0 , '会员升级' , 1 , 2 , 1 , 295 , '1521029438' , 8) [ RunTime:0.000234s ]
[ sql ] [ SQL ] SHOW COLUMNS FROM `sql_disc` [ RunTime:0.000626s ]
[ sql ] [ SQL ] SELECT `market_price` FROM `sql_disc` ORDER BY id desc LIMIT 1 [ RunTime:0.000191s ]
[ sql ] [ SQL ] SELECT `status`,`class` FROM `sql_users` WHERE  `id` = 295 LIMIT 1 [ RunTime:0.000205s ]
[ sql ] [ SQL ] SELECT COUNT(*) AS tp_count FROM `sql_disc` LIMIT 1 [ RunTime:0.000211s ]
[ sql ] [ SQL ] SELECT * FROM `sql_disc` ORDER BY `id`  desc LIMIT 1 [ RunTime:0.000190s ]
[ sql ] [ SQL ] SELECT `class`,`balance`,`id` FROM `sql_users` WHERE  `id` = 295  AND `islock` = 1 LIMIT 1 [ RunTime:0.000232s ]
[ sql ] [ SQL ] SHOW COLUMNS FROM `sql_bof_rank` [ RunTime:0.000654s ]
[ sql ] [ SQL ] SELECT * FROM `sql_bof_rank` WHERE  `uid` = 295  AND `status` = 1 LIMIT 1 [ RunTime:0.000261s ]
[ sql ] [ SQL ] SHOW COLUMNS FROM `sql_bof_issue` [ RunTime:0.000629s ]
[ sql ] [ SQL ] SELECT `bof_num`,`id` FROM `sql_bof_issue` WHERE  `status` = 1 ORDER BY `id`  desc LIMIT 1 [ RunTime:0.000228s ]
[ sql ] [ SQL ] UPDATE `sql_bof_issue`  SET `bof_num`=257876.58869659  WHERE  `id` = 58 [ RunTime:0.000232s ]
[ sql ] [ SQL ] UPDATE `sql_users`  SET `balance`=balance+1058.8235294118  WHERE  `id` = 295 [ RunTime:0.000243s ]
[ sql ] [ SQL ] SELECT `balance` FROM `sql_users` WHERE  `id` = 295 LIMIT 1 [ RunTime:0.000204s ]
[ sql ] [ SQL ] INSERT INTO `sql_account` (`uid` , `cur_score` , `score` , `remark` , `class` , `is_add` , `type` , `source` , `created_at`) VALUES (295 , 1058.823529 , 1058.8235294118 , '系统分配bof' , 2 , 1 , 8 , 13 , '1521029438') [ RunTime:0.000219s ]
[ sql ] [ SQL ] SHOW COLUMNS FROM `sql_bof_deal` [ RunTime:0.000742s ]
[ sql ] [ SQL ] SELECT * FROM `sql_bof_deal` WHERE  `order_sn` = '2018031521029438398' LIMIT 1 [ RunTime:0.000516s ]
[ sql ] [ SQL ] INSERT INTO `sql_bof_deal` (`uid` , `order_sn` , `sell_price` , `sell_num` , `status` , `type` , `created_at` , `updated_at`) VALUES (295 , '2018031521029438398' , 0.255 , 1058.8235294118 , 2 , 2 , '1521029438' , '1521029438') [ RunTime:0.000236s ]
[ sql ] [ SQL ] SELECT COUNT(*) AS tp_count FROM `sql_disc` LIMIT 1 [ RunTime:0.000215s ]
[ sql ] [ SQL ] SELECT * FROM `sql_disc` ORDER BY `id`  desc LIMIT 1 [ RunTime:0.000192s ]
[ sql ] [ SQL ] SELECT `value` FROM `sql_config` WHERE  `name` = 'market' LIMIT 1 [ RunTime:0.000257s ]
[ sql ] [ SQL ] SELECT `value` FROM `sql_config` WHERE  `name` = 'bof_all' LIMIT 1 [ RunTime:0.000227s ]
[ sql ] [ SQL ] SELECT `bof_num` FROM `sql_bof_issue` WHERE  `status` = 1 ORDER BY `id`  desc LIMIT 1 [ RunTime:0.000204s ]
[ sql ] [ SQL ] SELECT `value` FROM `sql_config` WHERE  `name` = 'current_price' LIMIT 1 [ RunTime:0.000229s ]
[ sql ] [ SQL ] SHOW COLUMNS FROM `sql_per` [ RunTime:0.000613s ]
[ sql ] [ SQL ] SELECT SUM(num) AS tp_sum FROM `sql_per` LIMIT 1 [ RunTime:0.000192s ]
[ sql ] [ SQL ] SELECT `id` FROM `sql_account` ORDER BY `id`  desc LIMIT 1 [ RunTime:0.000171s ]
[ sql ] [ SQL ] SELECT SUM(score) AS tp_sum FROM `sql_account` WHERE  `is_add` = 2  AND `source` IN (8,11) LIMIT 1 [ RunTime:0.000918s ]
[ sql ] [ SQL ] SELECT `region`,`nid` FROM `sql_users` WHERE  `id` = 295 LIMIT 1 [ RunTime:0.000219s ]
[ sql ] [ SQL ] SELECT `class`,`nid`,`region`,`left_all_ach`,`right_all_ach`,`left_ach`,`right_ach` FROM `sql_users` WHERE  `id` = 291 LIMIT 1 [ RunTime:0.000215s ]
[ sql ] [ SQL ] UPDATE `sql_users`  SET `right_all_ach`=500,`right_ach`=500  WHERE  `id` = 291 [ RunTime:0.000240s ]
[ sql ] [ SQL ] SELECT `class`,`nid`,`region`,`left_all_ach`,`right_all_ach`,`left_ach`,`right_ach` FROM `sql_users` WHERE  `id` = 289 LIMIT 1 [ RunTime:0.000229s ]
[ sql ] [ SQL ] UPDATE `sql_users`  SET `right_all_ach`=900,`right_ach`=900  WHERE  `id` = 289 [ RunTime:0.000233s ]
[ sql ] [ SQL ] SELECT `class`,`nid`,`region`,`left_all_ach`,`right_all_ach`,`left_ach`,`right_ach` FROM `sql_users` WHERE  `id` = 287 LIMIT 1 [ RunTime:0.000212s ]
[ sql ] [ SQL ] UPDATE `sql_users`  SET `right_all_ach`=1400,`right_ach`=1400  WHERE  `id` = 287 [ RunTime:0.000221s ]
[ sql ] [ SQL ] SELECT `class`,`nid`,`region`,`left_all_ach`,`right_all_ach`,`left_ach`,`right_ach` FROM `sql_users` WHERE  `id` = 285 LIMIT 1 [ RunTime:0.000213s ]
[ sql ] [ SQL ] UPDATE `sql_users`  SET `left_all_ach`=2900,`left_ach`=2900  WHERE  `id` = 285 [ RunTime:0.000230s ]
[ sql ] [ SQL ] SELECT `class`,`nid`,`region`,`left_all_ach`,`right_all_ach`,`left_ach`,`right_ach` FROM `sql_users` WHERE  `id` = 284 LIMIT 1 [ RunTime:0.000224s ]
[ sql ] [ SQL ] SELECT * FROM `sql_users` WHERE  `id` = 295 LIMIT 1 [ RunTime:0.000360s ]
[ sql ] [ SQL ] SELECT `id` FROM `sql_users` WHERE  `id` = 291 LIMIT 1 [ RunTime:0.000200s ]
[ sql ] [ SQL ] SELECT `nid` FROM `sql_users` WHERE  `id` = 291 LIMIT 1 [ RunTime:0.000283s ]
[ sql ] [ SQL ] SELECT `id` FROM `sql_users` WHERE  `id` = 289 LIMIT 1 [ RunTime:0.000204s ]
[ sql ] [ SQL ] SELECT `nid` FROM `sql_users` WHERE  `id` = 289 LIMIT 1 [ RunTime:0.000184s ]
[ sql ] [ SQL ] SELECT `id` FROM `sql_users` WHERE  `id` = 287 LIMIT 1 [ RunTime:0.000194s ]
[ sql ] [ SQL ] SELECT `nid` FROM `sql_users` WHERE  `id` = 287 LIMIT 1 [ RunTime:0.000188s ]
[ sql ] [ SQL ] SELECT `id` FROM `sql_users` WHERE  `id` = 285 LIMIT 1 [ RunTime:0.000254s ]
[ sql ] [ SQL ] SELECT `nid` FROM `sql_users` WHERE  `id` = 285 LIMIT 1 [ RunTime:0.000187s ]
[ sql ] [ SQL ] SELECT `id` FROM `sql_users` WHERE  `id` = 284 LIMIT 1 [ RunTime:0.000203s ]
[ sql ] [ SQL ] SELECT `nid` FROM `sql_users` WHERE  `id` = 284 LIMIT 1 [ RunTime:0.000182s ]
[ sql ] [ SQL ] SELECT `id` FROM `sql_users` WHERE  `id` = 282 LIMIT 1 [ RunTime:0.000174s ]
[ sql ] [ SQL ] SELECT `nid` FROM `sql_users` WHERE  `id` = 282 LIMIT 1 [ RunTime:0.000182s ]
[ sql ] [ SQL ] SELECT * FROM `sql_users` WHERE  `id` IN (291,289,287,285,284,282) [ RunTime:0.000474s ]
[ sql ] [ SQL ] UPDATE `sql_users`  SET `left_ach`=left_ach-300  WHERE  `id` = 291 [ RunTime:0.000250s ]
[ sql ] [ SQL ] UPDATE `sql_users`  SET `right_ach`=right_ach-300  WHERE  `id` = 291 [ RunTime:0.000212s ]
[ sql ] [ SQL ] SELECT `value` FROM `sql_config` WHERE  `name` = 'threeMatchPercent' LIMIT 1 [ RunTime:0.000262s ]
[ sql ] [ SQL ] SELECT `value` FROM `sql_config` WHERE  `name` = 'oneBoomPercent' LIMIT 1 [ RunTime:0.000230s ]
[ sql ] [ SQL ] SELECT `value` FROM `sql_config` WHERE  `name` = 'oneToThreePercent' LIMIT 1 [ RunTime:0.000210s ]
[ sql ] [ SQL ] SELECT SUM(score) AS tp_sum FROM `sql_account` WHERE  `uid` = 291  AND `source` = 2  AND `is_add` = 1  AND `type` = 3  AND `class` = 1  AND ( `created_at` > '1520956800' AND `created_at` < '1521043199' ) LIMIT 1 [ RunTime:0.001267s ]
[ sql ] [ SQL ] SELECT `value` FROM `sql_config` WHERE  `name` = 'oneTopBoomScore' LIMIT 1 [ RunTime:0.000244s ]
[ sql ] [ SQL ] SELECT `prize_score` FROM `sql_users` WHERE  `id` = 291 LIMIT 1 [ RunTime:0.000200s ]
[ sql ] [ SQL ] INSERT INTO `sql_account` (`uid` , `score` , `cur_score` , `remark` , `class` , `is_add` , `type` , `source` , `from_uid` , `created_at`) VALUES (291 , 8.1 , 23.1 , '对碰奖结算' , 1 , 1 , 3 , 2 , 295 , '1521029438') [ RunTime:0.000252s ]
[ sql ] [ SQL ] UPDATE `sql_users`  SET `prize_score`=prize_score+8.1  WHERE  `id` = 291 [ RunTime:0.000231s ]
[ sql ] [ SQL ] SELECT `id` FROM `sql_users` WHERE  `id` = 291 LIMIT 1 [ RunTime:0.000230s ]
[ sql ] [ SQL ] SELECT `pid` FROM `sql_users` WHERE  `id` = 291 LIMIT 1 [ RunTime:0.000189s ]
[ sql ] [ SQL ] SELECT `id` FROM `sql_users` WHERE  `id` = 287 LIMIT 1 [ RunTime:0.000227s ]
[ sql ] [ SQL ] SELECT `pid` FROM `sql_users` WHERE  `id` = 287 LIMIT 1 [ RunTime:0.000187s ]
[ sql ] [ SQL ] SELECT `id` FROM `sql_users` WHERE  `id` = 233 LIMIT 1 [ RunTime:0.000177s ]
[ sql ] [ SQL ] SELECT `pid` FROM `sql_users` WHERE  `id` = 233 LIMIT 1 [ RunTime:0.000205s ]
[ sql ] [ SQL ] SELECT `id` FROM `sql_users` WHERE  `id` = 232 LIMIT 1 [ RunTime:0.000231s ]
[ sql ] [ SQL ] SELECT `pid` FROM `sql_users` WHERE  `id` = 232 LIMIT 1 [ RunTime:0.000239s ]
[ sql ] [ SQL ] SELECT `id` FROM `sql_users` WHERE  `id` = 227 LIMIT 1 [ RunTime:0.000190s ]
[ sql ] [ SQL ] SELECT `pid` FROM `sql_users` WHERE  `id` = 227 LIMIT 1 [ RunTime:0.000179s ]
[ sql ] [ SQL ] SELECT `id` FROM `sql_users` WHERE  `id` = 216 LIMIT 1 [ RunTime:0.000239s ]
[ sql ] [ SQL ] SELECT `pid` FROM `sql_users` WHERE  `id` = 216 LIMIT 1 [ RunTime:0.000227s ]
[ sql ] [ SQL ] SELECT * FROM `sql_users` WHERE  `id` = 287 LIMIT 1 [ RunTime:0.000365s ]
[ sql ] [ SQL ] SELECT `value` FROM `sql_config` WHERE  `name` = 'fourContributionPercent' LIMIT 1 [ RunTime:0.000253s ]
[ sql ] [ SQL ] SELECT `prize_score` FROM `sql_users` WHERE  `id` = 287 LIMIT 1 [ RunTime:0.000191s ]
[ sql ] [ SQL ] INSERT INTO `sql_account` (`uid` , `score` , `cur_score` , `remark` , `class` , `is_add` , `type` , `source` , `from_uid` , `created_at`) VALUES (287 , 0.243 , 42.743 , '贡献奖结算' , 1 , 1 , 3 , 2 , 291 , '1521029438') [ RunTime:0.000263s ]
[ sql ] [ SQL ] UPDATE `sql_users`  SET `prize_score`=prize_score+0.243  WHERE  `id` = 287 [ RunTime:0.000233s ]
[ sql ] [ SQL ] SELECT * FROM `sql_users` WHERE  `id` = 233 LIMIT 1 [ RunTime:0.000388s ]
[ sql ] [ SQL ] SELECT `value` FROM `sql_config` WHERE  `name` = 'sevenContributionPercent' LIMIT 1 [ RunTime:0.000267s ]
[ sql ] [ SQL ] SELECT `prize_score` FROM `sql_users` WHERE  `id` = 233 LIMIT 1 [ RunTime:0.000206s ]
[ sql ] [ SQL ] INSERT INTO `sql_account` (`uid` , `score` , `cur_score` , `remark` , `class` , `is_add` , `type` , `source` , `from_uid` , `created_at`) VALUES (233 , 0.01215 , 2071.160343 , '贡献奖结算' , 1 , 1 , 3 , 2 , 291 , '1521029438') [ RunTime:0.000249s ]
[ sql ] [ SQL ] UPDATE `sql_users`  SET `prize_score`=prize_score+0.01215  WHERE  `id` = 233 [ RunTime:0.000229s ]
[ sql ] [ SQL ] SELECT * FROM `sql_users` WHERE  `id` = 232 LIMIT 1 [ RunTime:0.000329s ]
[ sql ] [ SQL ] SELECT * FROM `sql_users` WHERE  `id` = 227 LIMIT 1 [ RunTime:0.000337s ]
[ sql ] [ SQL ] SELECT `value` FROM `sql_config` WHERE  `name` = 'sixContributionPercent' LIMIT 1 [ RunTime:0.000248s ]
[ sql ] [ SQL ] SELECT `prize_score` FROM `sql_users` WHERE  `id` = 227 LIMIT 1 [ RunTime:0.000192s ]
[ sql ] [ SQL ] INSERT INTO `sql_account` (`uid` , `score` , `cur_score` , `remark` , `class` , `is_add` , `type` , `source` , `from_uid` , `created_at`) VALUES (227 , 0.0006075 , 480.2906165 , '贡献奖结算' , 1 , 1 , 3 , 2 , 291 , '1521029438') [ RunTime:0.000252s ]
[ sql ] [ SQL ] UPDATE `sql_users`  SET `prize_score`=prize_score+0.0006075  WHERE  `id` = 227 [ RunTime:0.000243s ]
[ sql ] [ SQL ] SELECT * FROM `sql_users` WHERE  `id` = 216 LIMIT 1 [ RunTime:0.000337s ]
[ log ] <<<碰撞完成 新人id：295--手机号：15985056808 --碰撞金额：300---配比率：0.54---获奖人id：291--碰撞时间：2018-03-14 20:10:381521029438>>>
---------------------------------------------------------------
[ 2018-03-14T20:19:18+08:00 ] 121.42.251.110 222.85.230.24 POST /home/users/DoUpgrade
[ info ] apibof.ewtouch.com/home/users/DoUpgrade [运行时间：0.071234s][吞吐率：14.04req/s] [内存消耗：3,246.87kb] [文件加载：65]
[ info ] [ LANG ] /www/wwwroot/bof.com/thinkphp/lang/zh-cn.php
[ info ] [ ROUTE ] array (
  'type' => 'module',
  'module' => 
  array (
    0 => 'home',
    1 => 'users',
    2 => 'DoUpgrade',
  ),
)
[ info ] [ HEADER ] array (
  'cookie' => '__guid=100059214.2053202350323212000.1521006449847.388; PHPSESSID=to7omg38f0dletf68i27nddfnr; monitor_count=43',
  'accept-language' => 'zh-CN,zh;q=0.8',
  'accept-encoding' => 'gzip, deflate',
  'referer' => 'http://webbof.ewtouch.com/zh/business_up.html',
  'content-type' => 'application/x-www-form-urlencoded; charset=UTF-8',
  'user-agent' => 'Mozilla/5.0 (Windows NT 10.0; WOW64) AppleWebKit/537.36 (KHTML, like Gecko) Chrome/55.0.2883.87 Safari/537.36',
  'origin' => 'http://webbof.ewtouch.com',
  'accept' => 'application/json, text/javascript, */*; q=0.01',
  'content-length' => '7',
  'connection' => 'keep-alive',
  'host' => 'apibof.ewtouch.com',
)
[ info ] [ PARAM ] array (
  'class' => '6',
)
[ info ] [ DB ] INIT mysql
[ info ] [ SESSION ] INIT array (
  'id' => '',
  'var_session_id' => '',
  'prefix' => 'think',
  'type' => '',
  'auto_start' => true,
  'httponly' => true,
  'secure' => false,
)
[ info ] [ RUN ] app\home\controller\Users->DoUpgrade[ /www/wwwroot/bof.com/application/home/controller/Users.php ]
[ info ] [ CACHE ] INIT file
[ info ] [ LOG ] INIT File
[ sql ] [ DB ] CONNECT:[ UseTime:0.000662s ] mysql:dbname=bof_com;host=121.42.251.110;port=3306;charset=utf8
[ sql ] [ SQL ] SHOW COLUMNS FROM `sql_config` [ RunTime:0.000999s ]
[ sql ] [ SQL ] SELECT `value` FROM `sql_config` WHERE  `name` = 'pu_straight' LIMIT 1 [ RunTime:0.000347s ]
[ sql ] [ SQL ] SELECT `value` FROM `sql_config` WHERE  `name` = 'pu_straight' LIMIT 1 [ RunTime:0.000247s ]
[ sql ] [ SQL ] SELECT `value` FROM `sql_config` WHERE  `name` = 'yin_straight' LIMIT 1 [ RunTime:0.000239s ]
[ sql ] [ SQL ] SELECT `value` FROM `sql_config` WHERE  `name` = 'jin_straight' LIMIT 1 [ RunTime:0.000221s ]
[ sql ] [ SQL ] SELECT `value` FROM `sql_config` WHERE  `name` = 'baijin_straight' LIMIT 1 [ RunTime:0.000213s ]
[ sql ] [ SQL ] SELECT `value` FROM `sql_config` WHERE  `name` = 'heijin_straight' LIMIT 1 [ RunTime:0.000213s ]
[ sql ] [ SQL ] SELECT `value` FROM `sql_config` WHERE  `name` = 'zuan_straight' LIMIT 1 [ RunTime:0.000227s ]
[ sql ] [ SQL ] SELECT `value` FROM `sql_config` WHERE  `name` = 'lanzuan_straight' LIMIT 1 [ RunTime:0.000222s ]
[ sql ] [ SQL ] SHOW COLUMNS FROM `sql_users` [ RunTime:0.001055s ]
[ sql ] [ SQL ] SELECT * FROM `sql_users` WHERE  `id` = 301 LIMIT 1 [ RunTime:0.000495s ]
[ sql ] [ SQL ] SELECT `bof_all`,`class`,`balance`,`reg_score` FROM `sql_users` WHERE  `id` = 301 LIMIT 1 [ RunTime:0.000259s ]
[ sql ] [ SQL ] SELECT `class` FROM `sql_users` WHERE  `pid` = 301 [ RunTime:0.000304s ]
[ sql ] [ SQL ] SHOW COLUMNS FROM `sql_user_upgrade` [ RunTime:0.000681s ]
[ sql ] [ SQL ] SELECT * FROM `sql_user_upgrade` WHERE  `uid` = 301 LIMIT 1 [ RunTime:0.000338s ]
[ sql ] [ SQL ] SELECT `class`,`reg_score`,`shopping_number` FROM `sql_users` WHERE  `id` = 301 LIMIT 1 [ RunTime:0.000236s ]
[ sql ] [ SQL ] UPDATE `sql_users`  SET `reg_score`=0,`class`=6  WHERE  `id` = 301 [ RunTime:0.000424s ]
[ sql ] [ SQL ] INSERT INTO `sql_user_upgrade` (`uid` , `truename` , `code` , `type` , `created_at` , `class` , `class_at` , `Amount` , `updated_at` , `state`) VALUES (301 , '蓝海' , 'c123' , '会员升级' , '1521029958' , 0 , 6 , 5000 , '1521029958' , 1) [ RunTime:0.000254s ]
[ sql ] [ SQL ] SHOW COLUMNS FROM `sql_account` [ RunTime:0.000893s ]
[ sql ] [ SQL ] INSERT INTO `sql_account` (`uid` , `score` , `cur_score` , `remark` , `type` , `is_add` , `class` , `from_uid` , `created_at` , `source`) VALUES (301 , -5000 , 0 , '会员升级' , 1 , 2 , 1 , 301 , '1521029958' , 8) [ RunTime:0.000246s ]
[ sql ] [ SQL ] SHOW COLUMNS FROM `sql_disc` [ RunTime:0.000644s ]
[ sql ] [ SQL ] SELECT `market_price` FROM `sql_disc` ORDER BY id desc LIMIT 1 [ RunTime:0.000200s ]
[ sql ] [ SQL ] SELECT `status`,`class` FROM `sql_users` WHERE  `id` = 301 LIMIT 1 [ RunTime:0.000230s ]
[ sql ] [ SQL ] SELECT COUNT(*) AS tp_count FROM `sql_disc` LIMIT 1 [ RunTime:0.000212s ]
[ sql ] [ SQL ] SELECT * FROM `sql_disc` ORDER BY `id`  desc LIMIT 1 [ RunTime:0.000204s ]
[ sql ] [ SQL ] SELECT `class`,`balance`,`id` FROM `sql_users` WHERE  `id` = 301  AND `islock` = 1 LIMIT 1 [ RunTime:0.000219s ]
[ sql ] [ SQL ] SHOW COLUMNS FROM `sql_bof_rank` [ RunTime:0.000663s ]
[ sql ] [ SQL ] SELECT * FROM `sql_bof_rank` WHERE  `uid` = 301  AND `status` = 1 LIMIT 1 [ RunTime:0.000270s ]
[ sql ] [ SQL ] SHOW COLUMNS FROM `sql_bof_issue` [ RunTime:0.000634s ]
[ sql ] [ SQL ] SELECT `bof_num`,`id` FROM `sql_bof_issue` WHERE  `status` = 1 ORDER BY `id`  desc LIMIT 1 [ RunTime:0.000226s ]
[ sql ] [ SQL ] UPDATE `sql_bof_issue`  SET `bof_num`=222719.98106403  WHERE  `id` = 58 [ RunTime:0.000246s ]
[ sql ] [ SQL ] UPDATE `sql_users`  SET `balance`=balance+11673.151750973  WHERE  `id` = 301 [ RunTime:0.000245s ]
[ sql ] [ SQL ] SELECT `balance` FROM `sql_users` WHERE  `id` = 301 LIMIT 1 [ RunTime:0.000189s ]
[ sql ] [ SQL ] INSERT INTO `sql_account` (`uid` , `cur_score` , `score` , `remark` , `class` , `is_add` , `type` , `source` , `created_at`) VALUES (301 , 11673.151751 , 11673.151750973 , '系统分配bof' , 2 , 1 , 8 , 13 , '1521029958') [ RunTime:0.000230s ]
[ sql ] [ SQL ] SHOW COLUMNS FROM `sql_bof_deal` [ RunTime:0.000711s ]
[ sql ] [ SQL ] SELECT * FROM `sql_bof_deal` WHERE  `order_sn` = '2018031521029958238' LIMIT 1 [ RunTime:0.000504s ]
[ sql ] [ SQL ] INSERT INTO `sql_bof_deal` (`uid` , `order_sn` , `sell_price` , `sell_num` , `status` , `type` , `created_at` , `updated_at`) VALUES (301 , '2018031521029958238' , 0.257 , 11673.151750973 , 2 , 2 , '1521029958' , '1521029958') [ RunTime:0.000226s ]
[ sql ] [ SQL ] SELECT COUNT(*) AS tp_count FROM `sql_disc` LIMIT 1 [ RunTime:0.000202s ]
[ sql ] [ SQL ] SELECT * FROM `sql_disc` ORDER BY `id`  desc LIMIT 1 [ RunTime:0.000266s ]
[ sql ] [ SQL ] SELECT `value` FROM `sql_config` WHERE  `name` = 'market' LIMIT 1 [ RunTime:0.000276s ]
[ sql ] [ SQL ] SELECT `value` FROM `sql_config` WHERE  `name` = 'bof_all' LIMIT 1 [ RunTime:0.000218s ]
[ sql ] [ SQL ] SELECT `bof_num` FROM `sql_bof_issue` WHERE  `status` = 1 ORDER BY `id`  desc LIMIT 1 [ RunTime:0.000206s ]
[ sql ] [ SQL ] SELECT `value` FROM `sql_config` WHERE  `name` = 'current_price' LIMIT 1 [ RunTime:0.000224s ]
[ sql ] [ SQL ] SHOW COLUMNS FROM `sql_per` [ RunTime:0.000640s ]
[ sql ] [ SQL ] SELECT SUM(num) AS tp_sum FROM `sql_per` LIMIT 1 [ RunTime:0.000192s ]
[ sql ] [ SQL ] SELECT `id` FROM `sql_account` ORDER BY `id`  desc LIMIT 1 [ RunTime:0.000168s ]
[ sql ] [ SQL ] SELECT SUM(score) AS tp_sum FROM `sql_account` WHERE  `is_add` = 2  AND `source` IN (8,11) LIMIT 1 [ RunTime:0.000932s ]
[ sql ] [ SQL ] INSERT INTO `sql_disc` (`market_price` , `created_at`) VALUES (0.258 , '1521029958') [ RunTime:0.000204s ]
[ sql ] [ SQL ] SELECT `uid` FROM `sql_bof_deal` WHERE  `pay_status` = 2 [ RunTime:0.000263s ]
[ sql ] [ SQL ] SELECT `id`,`bof_num`,`class`,`balance`,`balance_return`,`game_score`,`fund_gold`,`con_score`,`prize_score` FROM `sql_users` WHERE  `id` = 176 LIMIT 1 [ RunTime:0.000226s ]
[ sql ] [ SQL ] SELECT `region`,`nid` FROM `sql_users` WHERE  `id` = 301 LIMIT 1 [ RunTime:0.000220s ]
[ sql ] [ SQL ] SELECT `class`,`nid`,`region`,`left_all_ach`,`right_all_ach`,`left_ach`,`right_ach` FROM `sql_users` WHERE  `id` = 298 LIMIT 1 [ RunTime:0.000212s ]
[ sql ] [ SQL ] UPDATE `sql_users`  SET `right_all_ach`=5000,`right_ach`=5000  WHERE  `id` = 298 [ RunTime:0.000231s ]
[ sql ] [ SQL ] SELECT `class`,`nid`,`region`,`left_all_ach`,`right_all_ach`,`left_ach`,`right_ach` FROM `sql_users` WHERE  `id` = 292 LIMIT 1 [ RunTime:0.000200s ]
[ sql ] [ SQL ] SELECT * FROM `sql_users` WHERE  `id` = 301 LIMIT 1 [ RunTime:0.000350s ]
[ sql ] [ SQL ] SELECT `id` FROM `sql_users` WHERE  `id` = 298 LIMIT 1 [ RunTime:0.000195s ]
[ sql ] [ SQL ] SELECT `nid` FROM `sql_users` WHERE  `id` = 298 LIMIT 1 [ RunTime:0.000196s ]
[ sql ] [ SQL ] SELECT `id` FROM `sql_users` WHERE  `id` = 292 LIMIT 1 [ RunTime:0.000184s ]
[ sql ] [ SQL ] SELECT `nid` FROM `sql_users` WHERE  `id` = 292 LIMIT 1 [ RunTime:0.000180s ]
[ sql ] [ SQL ] SELECT `id` FROM `sql_users` WHERE  `id` = 290 LIMIT 1 [ RunTime:0.000189s ]
[ sql ] [ SQL ] SELECT `nid` FROM `sql_users` WHERE  `id` = 290 LIMIT 1 [ RunTime:0.000178s ]
[ sql ] [ SQL ] SELECT `id` FROM `sql_users` WHERE  `id` = 288 LIMIT 1 [ RunTime:0.000187s ]
[ sql ] [ SQL ] SELECT `nid` FROM `sql_users` WHERE  `id` = 288 LIMIT 1 [ RunTime:0.000179s ]
[ sql ] [ SQL ] SELECT `id` FROM `sql_users` WHERE  `id` = 287 LIMIT 1 [ RunTime:0.000172s ]
[ sql ] [ SQL ] SELECT `nid` FROM `sql_users` WHERE  `id` = 287 LIMIT 1 [ RunTime:0.000180s ]
[ sql ] [ SQL ] SELECT `id` FROM `sql_users` WHERE  `id` = 285 LIMIT 1 [ RunTime:0.000176s ]
[ sql ] [ SQL ] SELECT `nid` FROM `sql_users` WHERE  `id` = 285 LIMIT 1 [ RunTime:0.000171s ]
[ sql ] [ SQL ] SELECT `id` FROM `sql_users` WHERE  `id` = 284 LIMIT 1 [ RunTime:0.000171s ]
[ sql ] [ SQL ] SELECT `nid` FROM `sql_users` WHERE  `id` = 284 LIMIT 1 [ RunTime:0.000171s ]
[ sql ] [ SQL ] SELECT `id` FROM `sql_users` WHERE  `id` = 282 LIMIT 1 [ RunTime:0.000176s ]
[ sql ] [ SQL ] SELECT `nid` FROM `sql_users` WHERE  `id` = 282 LIMIT 1 [ RunTime:0.000173s ]
[ sql ] [ SQL ] SELECT * FROM `sql_users` WHERE  `id` IN (298,292,290,288,287,285,284,282) [ RunTime:0.000422s ]
[ sql ] [ SQL ] UPDATE `sql_users`  SET `left_ach`=left_ach-5000  WHERE  `id` = 298 [ RunTime:0.000246s ]
[ sql ] [ SQL ] UPDATE `sql_users`  SET `right_ach`=right_ach-5000  WHERE  `id` = 298 [ RunTime:0.000205s ]
[ sql ] [ SQL ] SELECT `value` FROM `sql_config` WHERE  `name` = 'sixMatchPercent' LIMIT 1 [ RunTime:0.000237s ]
[ sql ] [ SQL ] SELECT `value` FROM `sql_config` WHERE  `name` = 'threeBoomPercent' LIMIT 1 [ RunTime:0.000219s ]
[ sql ] [ SQL ] SELECT `value` FROM `sql_config` WHERE  `name` = 'oneToThreePercent' LIMIT 1 [ RunTime:0.000227s ]
[ sql ] [ SQL ] SELECT SUM(score) AS tp_sum FROM `sql_account` WHERE  `uid` = 298  AND `source` = 2  AND `is_add` = 1  AND `type` = 3  AND `class` = 1  AND ( `created_at` > '1520956800' AND `created_at` < '1521043199' ) LIMIT 1 [ RunTime:0.001251s ]
[ sql ] [ SQL ] SELECT `value` FROM `sql_config` WHERE  `name` = 'threeTopBoomScore' LIMIT 1 [ RunTime:0.000237s ]
[ sql ] [ SQL ] SELECT `prize_score` FROM `sql_users` WHERE  `id` = 298 LIMIT 1 [ RunTime:0.000194s ]
[ sql ] [ SQL ] INSERT INTO `sql_account` (`uid` , `score` , `cur_score` , `remark` , `class` , `is_add` , `type` , `source` , `from_uid` , `created_at`) VALUES (298 , 210 , 460 , '对碰奖结算' , 1 , 1 , 3 , 2 , 301 , '1521029958') [ RunTime:0.000226s ]
[ sql ] [ SQL ] UPDATE `sql_users`  SET `prize_score`=prize_score+210  WHERE  `id` = 298 [ RunTime:0.000250s ]
[ sql ] [ SQL ] SELECT `id` FROM `sql_users` WHERE  `id` = 298 LIMIT 1 [ RunTime:0.000205s ]
[ sql ] [ SQL ] SELECT `pid` FROM `sql_users` WHERE  `id` = 298 LIMIT 1 [ RunTime:0.000181s ]
[ sql ] [ SQL ] SELECT `id` FROM `sql_users` WHERE  `id` = 292 LIMIT 1 [ RunTime:0.000174s ]
[ sql ] [ SQL ] SELECT `pid` FROM `sql_users` WHERE  `id` = 292 LIMIT 1 [ RunTime:0.000182s ]
[ sql ] [ SQL ] SELECT `id` FROM `sql_users` WHERE  `id` = 290 LIMIT 1 [ RunTime:0.000171s ]
[ sql ] [ SQL ] SELECT `pid` FROM `sql_users` WHERE  `id` = 290 LIMIT 1 [ RunTime:0.000185s ]
[ sql ] [ SQL ] SELECT `id` FROM `sql_users` WHERE  `id` = 287 LIMIT 1 [ RunTime:0.000178s ]
[ sql ] [ SQL ] SELECT `pid` FROM `sql_users` WHERE  `id` = 287 LIMIT 1 [ RunTime:0.000264s ]
[ sql ] [ SQL ] SELECT `id` FROM `sql_users` WHERE  `id` = 233 LIMIT 1 [ RunTime:0.000211s ]
[ sql ] [ SQL ] SELECT `pid` FROM `sql_users` WHERE  `id` = 233 LIMIT 1 [ RunTime:0.000193s ]
[ sql ] [ SQL ] SELECT `id` FROM `sql_users` WHERE  `id` = 232 LIMIT 1 [ RunTime:0.000181s ]
[ sql ] [ SQL ] SELECT `pid` FROM `sql_users` WHERE  `id` = 232 LIMIT 1 [ RunTime:0.000195s ]
[ sql ] [ SQL ] SELECT * FROM `sql_users` WHERE  `id` = 292 LIMIT 1 [ RunTime:0.000342s ]
[ sql ] [ SQL ] SELECT * FROM `sql_users` WHERE  `id` = 290 LIMIT 1 [ RunTime:0.000343s ]
[ sql ] [ SQL ] SELECT * FROM `sql_users` WHERE  `id` = 287 LIMIT 1 [ RunTime:0.000344s ]
[ sql ] [ SQL ] SELECT `value` FROM `sql_config` WHERE  `name` = 'fourContributionPercent' LIMIT 1 [ RunTime:0.000240s ]
[ sql ] [ SQL ] SELECT * FROM `sql_users` WHERE  `id` = 233 LIMIT 1 [ RunTime:0.000364s ]
[ sql ] [ SQL ] SELECT `value` FROM `sql_config` WHERE  `name` = 'sevenContributionPercent' LIMIT 1 [ RunTime:0.000246s ]
[ sql ] [ SQL ] SELECT * FROM `sql_users` WHERE  `id` = 232 LIMIT 1 [ RunTime:0.000341s ]
[ log ] <<<碰撞完成 新人id：301--手机号：15985056808 --碰撞金额：5000---配比率：0.6---获奖人id：298--碰撞时间：2018-03-14 20:19:181521029958>>>
---------------------------------------------------------------
[ 2018-03-14T20:23:25+08:00 ] 121.42.251.110 222.85.230.24 POST /home/users/DoUpgrade
[ info ] apibof.ewtouch.com/home/users/DoUpgrade [运行时间：0.077466s][吞吐率：12.91req/s] [内存消耗：3,178.62kb] [文件加载：65]
[ info ] [ LANG ] /www/wwwroot/bof.com/thinkphp/lang/zh-cn.php
[ info ] [ ROUTE ] array (
  'type' => 'module',
  'module' => 
  array (
    0 => 'home',
    1 => 'users',
    2 => 'DoUpgrade',
  ),
)
[ info ] [ HEADER ] array (
  'cookie' => '__guid=100059214.2053202350323212000.1521006449847.388; PHPSESSID=to7omg38f0dletf68i27nddfnr; monitor_count=45',
  'accept-language' => 'zh-CN,zh;q=0.8',
  'accept-encoding' => 'gzip, deflate',
  'referer' => 'http://webbof.ewtouch.com/zh/business_up.html',
  'content-type' => 'application/x-www-form-urlencoded; charset=UTF-8',
  'user-agent' => 'Mozilla/5.0 (Windows NT 10.0; WOW64) AppleWebKit/537.36 (KHTML, like Gecko) Chrome/55.0.2883.87 Safari/537.36',
  'origin' => 'http://webbof.ewtouch.com',
  'accept' => 'application/json, text/javascript, */*; q=0.01',
  'content-length' => '7',
  'connection' => 'keep-alive',
  'host' => 'apibof.ewtouch.com',
)
[ info ] [ PARAM ] array (
  'class' => '6',
)
[ info ] [ DB ] INIT mysql
[ info ] [ SESSION ] INIT array (
  'id' => '',
  'var_session_id' => '',
  'prefix' => 'think',
  'type' => '',
  'auto_start' => true,
  'httponly' => true,
  'secure' => false,
)
[ info ] [ RUN ] app\home\controller\Users->DoUpgrade[ /www/wwwroot/bof.com/application/home/controller/Users.php ]
[ info ] [ CACHE ] INIT file
[ info ] [ LOG ] INIT File
[ sql ] [ DB ] CONNECT:[ UseTime:0.000496s ] mysql:dbname=bof_com;host=121.42.251.110;port=3306;charset=utf8
[ sql ] [ SQL ] SHOW COLUMNS FROM `sql_config` [ RunTime:0.001000s ]
[ sql ] [ SQL ] SELECT `value` FROM `sql_config` WHERE  `name` = 'pu_straight' LIMIT 1 [ RunTime:0.000336s ]
[ sql ] [ SQL ] SELECT `value` FROM `sql_config` WHERE  `name` = 'pu_straight' LIMIT 1 [ RunTime:0.000247s ]
[ sql ] [ SQL ] SELECT `value` FROM `sql_config` WHERE  `name` = 'yin_straight' LIMIT 1 [ RunTime:0.000232s ]
[ sql ] [ SQL ] SELECT `value` FROM `sql_config` WHERE  `name` = 'jin_straight' LIMIT 1 [ RunTime:0.000289s ]
[ sql ] [ SQL ] SELECT `value` FROM `sql_config` WHERE  `name` = 'baijin_straight' LIMIT 1 [ RunTime:0.000281s ]
[ sql ] [ SQL ] SELECT `value` FROM `sql_config` WHERE  `name` = 'heijin_straight' LIMIT 1 [ RunTime:0.000235s ]
[ sql ] [ SQL ] SELECT `value` FROM `sql_config` WHERE  `name` = 'zuan_straight' LIMIT 1 [ RunTime:0.000224s ]
[ sql ] [ SQL ] SELECT `value` FROM `sql_config` WHERE  `name` = 'lanzuan_straight' LIMIT 1 [ RunTime:0.000243s ]
[ sql ] [ SQL ] SHOW COLUMNS FROM `sql_users` [ RunTime:0.001059s ]
[ sql ] [ SQL ] SELECT * FROM `sql_users` WHERE  `id` = 303 LIMIT 1 [ RunTime:0.000498s ]
[ sql ] [ SQL ] SELECT `bof_all`,`class`,`balance`,`reg_score` FROM `sql_users` WHERE  `id` = 303 LIMIT 1 [ RunTime:0.000258s ]
[ sql ] [ SQL ] SELECT `class` FROM `sql_users` WHERE  `pid` = 303 [ RunTime:0.000360s ]
[ sql ] [ SQL ] SHOW COLUMNS FROM `sql_user_upgrade` [ RunTime:0.000699s ]
[ sql ] [ SQL ] SELECT * FROM `sql_user_upgrade` WHERE  `uid` = 303 LIMIT 1 [ RunTime:0.000357s ]
[ sql ] [ SQL ] SELECT `class`,`reg_score`,`shopping_number` FROM `sql_users` WHERE  `id` = 303 LIMIT 1 [ RunTime:0.000220s ]
[ sql ] [ SQL ] UPDATE `sql_users`  SET `reg_score`=0,`class`=6  WHERE  `id` = 303 [ RunTime:0.000350s ]
[ sql ] [ SQL ] INSERT INTO `sql_user_upgrade` (`uid` , `truename` , `code` , `type` , `created_at` , `class` , `class_at` , `Amount` , `updated_at` , `state`) VALUES (303 , '蓝海' , 'c125' , '会员升级' , '1521030205' , 0 , 6 , 5000 , '1521030205' , 1) [ RunTime:0.000263s ]
[ sql ] [ SQL ] SHOW COLUMNS FROM `sql_account` [ RunTime:0.000736s ]
[ sql ] [ SQL ] INSERT INTO `sql_account` (`uid` , `score` , `cur_score` , `remark` , `type` , `is_add` , `class` , `from_uid` , `created_at` , `source`) VALUES (303 , -5000 , 0 , '会员升级' , 1 , 2 , 1 , 303 , '1521030205' , 8) [ RunTime:0.000238s ]
[ sql ] [ SQL ] SHOW COLUMNS FROM `sql_disc` [ RunTime:0.000637s ]
[ sql ] [ SQL ] SELECT `market_price` FROM `sql_disc` ORDER BY id desc LIMIT 1 [ RunTime:0.000195s ]
[ sql ] [ SQL ] SELECT `status`,`class` FROM `sql_users` WHERE  `id` = 303 LIMIT 1 [ RunTime:0.000215s ]
[ sql ] [ SQL ] SELECT COUNT(*) AS tp_count FROM `sql_disc` LIMIT 1 [ RunTime:0.000212s ]
[ sql ] [ SQL ] SELECT * FROM `sql_disc` ORDER BY `id`  desc LIMIT 1 [ RunTime:0.000194s ]
[ sql ] [ SQL ] SELECT `class`,`balance`,`id` FROM `sql_users` WHERE  `id` = 303  AND `islock` = 1 LIMIT 1 [ RunTime:0.000226s ]
[ sql ] [ SQL ] SHOW COLUMNS FROM `sql_bof_rank` [ RunTime:0.000665s ]
[ sql ] [ SQL ] SELECT * FROM `sql_bof_rank` WHERE  `uid` = 303  AND `status` = 1 LIMIT 1 [ RunTime:0.000265s ]
[ sql ] [ SQL ] SHOW COLUMNS FROM `sql_bof_issue` [ RunTime:0.000649s ]
[ sql ] [ SQL ] SELECT `bof_num`,`id` FROM `sql_bof_issue` WHERE  `status` = 1 ORDER BY `id`  desc LIMIT 1 [ RunTime:0.000231s ]
[ sql ] [ SQL ] UPDATE `sql_bof_issue`  SET `bof_num`=199509.06250399  WHERE  `id` = 58 [ RunTime:0.000231s ]
[ sql ] [ SQL ] UPDATE `sql_users`  SET `balance`=balance+11583.011583012  WHERE  `id` = 303 [ RunTime:0.000221s ]
[ sql ] [ SQL ] SELECT `balance` FROM `sql_users` WHERE  `id` = 303 LIMIT 1 [ RunTime:0.000214s ]
[ sql ] [ SQL ] INSERT INTO `sql_account` (`uid` , `cur_score` , `score` , `remark` , `class` , `is_add` , `type` , `source` , `created_at`) VALUES (303 , 11583.011583 , 11583.011583012 , '系统分配bof' , 2 , 1 , 8 , 13 , '1521030205') [ RunTime:0.000222s ]
[ sql ] [ SQL ] SHOW COLUMNS FROM `sql_bof_deal` [ RunTime:0.000739s ]
[ sql ] [ SQL ] SELECT * FROM `sql_bof_deal` WHERE  `order_sn` = '2018031521030205907' LIMIT 1 [ RunTime:0.000505s ]
[ sql ] [ SQL ] INSERT INTO `sql_bof_deal` (`uid` , `order_sn` , `sell_price` , `sell_num` , `status` , `type` , `created_at` , `updated_at`) VALUES (303 , '2018031521030205907' , 0.259 , 11583.011583012 , 2 , 2 , '1521030205' , '1521030205') [ RunTime:0.000236s ]
[ sql ] [ SQL ] SELECT COUNT(*) AS tp_count FROM `sql_disc` LIMIT 1 [ RunTime:0.000219s ]
[ sql ] [ SQL ] SELECT * FROM `sql_disc` ORDER BY `id`  desc LIMIT 1 [ RunTime:0.000201s ]
[ sql ] [ SQL ] SELECT `value` FROM `sql_config` WHERE  `name` = 'market' LIMIT 1 [ RunTime:0.000248s ]
[ sql ] [ SQL ] SELECT `value` FROM `sql_config` WHERE  `name` = 'bof_all' LIMIT 1 [ RunTime:0.000237s ]
[ sql ] [ SQL ] SELECT `bof_num` FROM `sql_bof_issue` WHERE  `status` = 1 ORDER BY `id`  desc LIMIT 1 [ RunTime:0.000208s ]
[ sql ] [ SQL ] SELECT `value` FROM `sql_config` WHERE  `name` = 'current_price' LIMIT 1 [ RunTime:0.000233s ]
[ sql ] [ SQL ] SHOW COLUMNS FROM `sql_per` [ RunTime:0.000646s ]
[ sql ] [ SQL ] SELECT SUM(num) AS tp_sum FROM `sql_per` LIMIT 1 [ RunTime:0.000183s ]
[ sql ] [ SQL ] SELECT `id` FROM `sql_account` ORDER BY `id`  desc LIMIT 1 [ RunTime:0.000200s ]
[ sql ] [ SQL ] SELECT SUM(score) AS tp_sum FROM `sql_account` WHERE  `is_add` = 2  AND `source` IN (8,11) LIMIT 1 [ RunTime:0.000950s ]
[ sql ] [ SQL ] INSERT INTO `sql_disc` (`market_price` , `created_at`) VALUES (0.26 , '1521030205') [ RunTime:0.000219s ]
[ sql ] [ SQL ] SELECT `uid` FROM `sql_bof_deal` WHERE  `pay_status` = 2 [ RunTime:0.000276s ]
[ sql ] [ SQL ] SELECT `id`,`bof_num`,`class`,`balance`,`balance_return`,`game_score`,`fund_gold`,`con_score`,`prize_score` FROM `sql_users` WHERE  `id` = 176 LIMIT 1 [ RunTime:0.000232s ]
[ sql ] [ SQL ] SELECT `region`,`nid` FROM `sql_users` WHERE  `id` = 303 LIMIT 1 [ RunTime:0.000224s ]
[ sql ] [ SQL ] SELECT `class`,`nid`,`region`,`left_all_ach`,`right_all_ach`,`left_ach`,`right_ach` FROM `sql_users` WHERE  `id` = 300 LIMIT 1 [ RunTime:0.000218s ]
[ sql ] [ SQL ] UPDATE `sql_users`  SET `right_all_ach`=5000,`right_ach`=5000  WHERE  `id` = 300 [ RunTime:0.000236s ]
[ sql ] [ SQL ] SELECT `class`,`nid`,`region`,`left_all_ach`,`right_all_ach`,`left_ach`,`right_ach` FROM `sql_users` WHERE  `id` = 298 LIMIT 1 [ RunTime:0.000234s ]
[ sql ] [ SQL ] UPDATE `sql_users`  SET `left_all_ach`=15000,`left_ach`=10000  WHERE  `id` = 298 [ RunTime:0.000235s ]
[ sql ] [ SQL ] SELECT `class`,`nid`,`region`,`left_all_ach`,`right_all_ach`,`left_ach`,`right_ach` FROM `sql_users` WHERE  `id` = 292 LIMIT 1 [ RunTime:0.000232s ]
[ sql ] [ SQL ] SELECT * FROM `sql_users` WHERE  `id` = 303 LIMIT 1 [ RunTime:0.000381s ]
[ sql ] [ SQL ] SELECT `id` FROM `sql_users` WHERE  `id` = 300 LIMIT 1 [ RunTime:0.000209s ]
[ sql ] [ SQL ] SELECT `nid` FROM `sql_users` WHERE  `id` = 300 LIMIT 1 [ RunTime:0.000205s ]
[ sql ] [ SQL ] SELECT `id` FROM `sql_users` WHERE  `id` = 298 LIMIT 1 [ RunTime:0.000199s ]
[ sql ] [ SQL ] SELECT `nid` FROM `sql_users` WHERE  `id` = 298 LIMIT 1 [ RunTime:0.000185s ]
[ sql ] [ SQL ] SELECT `id` FROM `sql_users` WHERE  `id` = 292 LIMIT 1 [ RunTime:0.000196s ]
[ sql ] [ SQL ] SELECT `nid` FROM `sql_users` WHERE  `id` = 292 LIMIT 1 [ RunTime:0.000185s ]
[ sql ] [ SQL ] SELECT `id` FROM `sql_users` WHERE  `id` = 290 LIMIT 1 [ RunTime:0.000183s ]
[ sql ] [ SQL ] SELECT `nid` FROM `sql_users` WHERE  `id` = 290 LIMIT 1 [ RunTime:0.000197s ]
[ sql ] [ SQL ] SELECT `id` FROM `sql_users` WHERE  `id` = 288 LIMIT 1 [ RunTime:0.000182s ]
[ sql ] [ SQL ] SELECT `nid` FROM `sql_users` WHERE  `id` = 288 LIMIT 1 [ RunTime:0.000184s ]
[ sql ] [ SQL ] SELECT `id` FROM `sql_users` WHERE  `id` = 287 LIMIT 1 [ RunTime:0.000195s ]
[ sql ] [ SQL ] SELECT `nid` FROM `sql_users` WHERE  `id` = 287 LIMIT 1 [ RunTime:0.000184s ]
[ sql ] [ SQL ] SELECT `id` FROM `sql_users` WHERE  `id` = 285 LIMIT 1 [ RunTime:0.000193s ]
[ sql ] [ SQL ] SELECT `nid` FROM `sql_users` WHERE  `id` = 285 LIMIT 1 [ RunTime:0.000205s ]
[ sql ] [ SQL ] SELECT `id` FROM `sql_users` WHERE  `id` = 284 LIMIT 1 [ RunTime:0.000187s ]
[ sql ] [ SQL ] SELECT `nid` FROM `sql_users` WHERE  `id` = 284 LIMIT 1 [ RunTime:0.000199s ]
[ sql ] [ SQL ] SELECT `id` FROM `sql_users` WHERE  `id` = 282 LIMIT 1 [ RunTime:0.000209s ]
[ sql ] [ SQL ] SELECT `nid` FROM `sql_users` WHERE  `id` = 282 LIMIT 1 [ RunTime:0.000189s ]
[ sql ] [ SQL ] SELECT * FROM `sql_users` WHERE  `id` IN (300,298,292,290,288,287,285,284,282) [ RunTime:0.000440s ]
[ sql ] [ SQL ] UPDATE `sql_users`  SET `left_ach`=left_ach-5000  WHERE  `id` = 300 [ RunTime:0.000271s ]
[ sql ] [ SQL ] UPDATE `sql_users`  SET `right_ach`=right_ach-5000  WHERE  `id` = 300 [ RunTime:0.000235s ]
[ sql ] [ SQL ] SELECT `value` FROM `sql_config` WHERE  `name` = 'sixMatchPercent' LIMIT 1 [ RunTime:0.000281s ]
[ sql ] [ SQL ] SELECT `value` FROM `sql_config` WHERE  `name` = 'sixBoomPercent' LIMIT 1 [ RunTime:0.000226s ]
[ sql ] [ SQL ] SELECT `value` FROM `sql_config` WHERE  `name` = 'oneToThreePercent' LIMIT 1 [ RunTime:0.000232s ]
[ sql ] [ SQL ] SELECT SUM(score) AS tp_sum FROM `sql_account` WHERE  `uid` = 300  AND `source` = 2  AND `is_add` = 1  AND `type` = 3  AND `class` = 1  AND ( `created_at` > '1520956800' AND `created_at` < '1521043199' ) LIMIT 1 [ RunTime:0.001281s ]
[ sql ] [ SQL ] SELECT `value` FROM `sql_config` WHERE  `name` = 'sixTopBoomScore' LIMIT 1 [ RunTime:0.000240s ]
[ sql ] [ SQL ] SELECT `prize_score` FROM `sql_users` WHERE  `id` = 300 LIMIT 1 [ RunTime:0.000196s ]
[ sql ] [ SQL ] INSERT INTO `sql_account` (`uid` , `score` , `cur_score` , `remark` , `class` , `is_add` , `type` , `source` , `from_uid` , `created_at`) VALUES (300 , 300 , 700 , '对碰奖结算' , 1 , 1 , 3 , 2 , 303 , '1521030205') [ RunTime:0.000229s ]
[ sql ] [ SQL ] UPDATE `sql_users`  SET `prize_score`=prize_score+300  WHERE  `id` = 300 [ RunTime:0.000264s ]
[ sql ] [ SQL ] SELECT `id` FROM `sql_users` WHERE  `id` = 300 LIMIT 1 [ RunTime:0.000197s ]
[ sql ] [ SQL ] SELECT `pid` FROM `sql_users` WHERE  `id` = 300 LIMIT 1 [ RunTime:0.000189s ]
[ sql ] [ SQL ] SELECT `id` FROM `sql_users` WHERE  `id` = 298 LIMIT 1 [ RunTime:0.000200s ]
[ sql ] [ SQL ] SELECT `pid` FROM `sql_users` WHERE  `id` = 298 LIMIT 1 [ RunTime:0.000260s ]
[ sql ] [ SQL ] SELECT `id` FROM `sql_users` WHERE  `id` = 292 LIMIT 1 [ RunTime:0.000220s ]
[ sql ] [ SQL ] SELECT `pid` FROM `sql_users` WHERE  `id` = 292 LIMIT 1 [ RunTime:0.000250s ]
[ sql ] [ SQL ] SELECT `id` FROM `sql_users` WHERE  `id` = 290 LIMIT 1 [ RunTime:0.000222s ]
[ sql ] [ SQL ] SELECT `pid` FROM `sql_users` WHERE  `id` = 290 LIMIT 1 [ RunTime:0.000216s ]
[ sql ] [ SQL ] SELECT `id` FROM `sql_users` WHERE  `id` = 287 LIMIT 1 [ RunTime:0.000186s ]
[ sql ] [ SQL ] SELECT `pid` FROM `sql_users` WHERE  `id` = 287 LIMIT 1 [ RunTime:0.000196s ]
[ sql ] [ SQL ] SELECT `id` FROM `sql_users` WHERE  `id` = 233 LIMIT 1 [ RunTime:0.000213s ]
[ sql ] [ SQL ] SELECT `pid` FROM `sql_users` WHERE  `id` = 233 LIMIT 1 [ RunTime:0.000210s ]
[ sql ] [ SQL ] SELECT * FROM `sql_users` WHERE  `id` = 298 LIMIT 1 [ RunTime:0.000345s ]
[ sql ] [ SQL ] SELECT `value` FROM `sql_config` WHERE  `name` = 'threeContributionPercent' LIMIT 1 [ RunTime:0.000257s ]
[ sql ] [ SQL ] SELECT `prize_score` FROM `sql_users` WHERE  `id` = 298 LIMIT 1 [ RunTime:0.000209s ]
[ sql ] [ SQL ] INSERT INTO `sql_account` (`uid` , `score` , `cur_score` , `remark` , `class` , `is_add` , `type` , `source` , `from_uid` , `created_at`) VALUES (298 , 6 , 741 , '贡献奖结算' , 1 , 1 , 3 , 2 , 300 , '1521030205') [ RunTime:0.000255s ]
[ sql ] [ SQL ] UPDATE `sql_users`  SET `prize_score`=prize_score+6  WHERE  `id` = 298 [ RunTime:0.000246s ]
[ sql ] [ SQL ] SELECT * FROM `sql_users` WHERE  `id` = 292 LIMIT 1 [ RunTime:0.000342s ]
[ sql ] [ SQL ] SELECT * FROM `sql_users` WHERE  `id` = 290 LIMIT 1 [ RunTime:0.000359s ]
[ sql ] [ SQL ] SELECT * FROM `sql_users` WHERE  `id` = 287 LIMIT 1 [ RunTime:0.000348s ]
[ sql ] [ SQL ] SELECT * FROM `sql_users` WHERE  `id` = 233 LIMIT 1 [ RunTime:0.000360s ]
[ sql ] [ SQL ] SELECT `value` FROM `sql_config` WHERE  `name` = 'sevenContributionPercent' LIMIT 1 [ RunTime:0.000256s ]
[ sql ] [ SQL ] SELECT `prize_score` FROM `sql_users` WHERE  `id` = 233 LIMIT 1 [ RunTime:0.000198s ]
[ sql ] [ SQL ] INSERT INTO `sql_account` (`uid` , `score` , `cur_score` , `remark` , `class` , `is_add` , `type` , `source` , `from_uid` , `created_at`) VALUES (233 , 0.3 , 2176.4604 , '贡献奖结算' , 1 , 1 , 3 , 2 , 300 , '1521030205') [ RunTime:0.000238s ]
[ sql ] [ SQL ] UPDATE `sql_users`  SET `prize_score`=prize_score+0.3  WHERE  `id` = 233 [ RunTime:0.000229s ]
[ log ] <<<碰撞完成 新人id：303--手机号：15985056808 --碰撞金额：5000---配比率：0.6---获奖人id：300--碰撞时间：2018-03-14 20:23:251521030205>>>
---------------------------------------------------------------
[ 2018-03-14T20:57:46+08:00 ] 121.42.251.110 222.85.230.24 POST /home/users/DoUpgrade
[ info ] apibof.ewtouch.com/home/users/DoUpgrade [运行时间：0.070130s][吞吐率：14.26req/s] [内存消耗：3,227.07kb] [文件加载：65]
[ info ] [ LANG ] /www/wwwroot/bof.com/thinkphp/lang/zh-cn.php
[ info ] [ ROUTE ] array (
  'type' => 'module',
  'module' => 
  array (
    0 => 'home',
    1 => 'users',
    2 => 'DoUpgrade',
  ),
)
[ info ] [ HEADER ] array (
  'cookie' => '__guid=100059214.2053202350323212000.1521006449847.388; PHPSESSID=to7omg38f0dletf68i27nddfnr; monitor_count=51',
  'accept-language' => 'zh-CN,zh;q=0.8',
  'accept-encoding' => 'gzip, deflate',
  'referer' => 'http://webbof.ewtouch.com/zh/business_up.html',
  'content-type' => 'application/x-www-form-urlencoded; charset=UTF-8',
  'user-agent' => 'Mozilla/5.0 (Windows NT 10.0; WOW64) AppleWebKit/537.36 (KHTML, like Gecko) Chrome/55.0.2883.87 Safari/537.36',
  'origin' => 'http://webbof.ewtouch.com',
  'accept' => 'application/json, text/javascript, */*; q=0.01',
  'content-length' => '7',
  'connection' => 'keep-alive',
  'host' => 'apibof.ewtouch.com',
)
[ info ] [ PARAM ] array (
  'class' => '1',
)
[ info ] [ DB ] INIT mysql
[ info ] [ SESSION ] INIT array (
  'id' => '',
  'var_session_id' => '',
  'prefix' => 'think',
  'type' => '',
  'auto_start' => true,
  'httponly' => true,
  'secure' => false,
)
[ info ] [ RUN ] app\home\controller\Users->DoUpgrade[ /www/wwwroot/bof.com/application/home/controller/Users.php ]
[ info ] [ CACHE ] INIT file
[ info ] [ LOG ] INIT File
[ sql ] [ DB ] CONNECT:[ UseTime:0.000492s ] mysql:dbname=bof_com;host=121.42.251.110;port=3306;charset=utf8
[ sql ] [ SQL ] SHOW COLUMNS FROM `sql_config` [ RunTime:0.000976s ]
[ sql ] [ SQL ] SELECT `value` FROM `sql_config` WHERE  `name` = 'pu_straight' LIMIT 1 [ RunTime:0.000324s ]
[ sql ] [ SQL ] SELECT `value` FROM `sql_config` WHERE  `name` = 'pu_straight' LIMIT 1 [ RunTime:0.000252s ]
[ sql ] [ SQL ] SELECT `value` FROM `sql_config` WHERE  `name` = 'yin_straight' LIMIT 1 [ RunTime:0.000234s ]
[ sql ] [ SQL ] SELECT `value` FROM `sql_config` WHERE  `name` = 'jin_straight' LIMIT 1 [ RunTime:0.000213s ]
[ sql ] [ SQL ] SELECT `value` FROM `sql_config` WHERE  `name` = 'baijin_straight' LIMIT 1 [ RunTime:0.000219s ]
[ sql ] [ SQL ] SELECT `value` FROM `sql_config` WHERE  `name` = 'heijin_straight' LIMIT 1 [ RunTime:0.000219s ]
[ sql ] [ SQL ] SELECT `value` FROM `sql_config` WHERE  `name` = 'zuan_straight' LIMIT 1 [ RunTime:0.000218s ]
[ sql ] [ SQL ] SELECT `value` FROM `sql_config` WHERE  `name` = 'lanzuan_straight' LIMIT 1 [ RunTime:0.000224s ]
[ sql ] [ SQL ] SHOW COLUMNS FROM `sql_users` [ RunTime:0.001005s ]
[ sql ] [ SQL ] SELECT * FROM `sql_users` WHERE  `id` = 288 LIMIT 1 [ RunTime:0.000488s ]
[ sql ] [ SQL ] SELECT `bof_all`,`class`,`balance`,`reg_score` FROM `sql_users` WHERE  `id` = 288 LIMIT 1 [ RunTime:0.000232s ]
[ sql ] [ SQL ] SELECT `class` FROM `sql_users` WHERE  `pid` = 288 [ RunTime:0.000288s ]
[ sql ] [ SQL ] SHOW COLUMNS FROM `sql_user_upgrade` [ RunTime:0.000669s ]
[ sql ] [ SQL ] SELECT * FROM `sql_user_upgrade` WHERE  `uid` = 288 LIMIT 1 [ RunTime:0.000343s ]
[ sql ] [ SQL ] SELECT `class`,`reg_score`,`shopping_number` FROM `sql_users` WHERE  `id` = 288 LIMIT 1 [ RunTime:0.000219s ]
[ sql ] [ SQL ] UPDATE `sql_users`  SET `reg_score`=0,`class`=1  WHERE  `id` = 288 [ RunTime:0.000317s ]
[ sql ] [ SQL ] INSERT INTO `sql_user_upgrade` (`uid` , `truename` , `code` , `type` , `created_at` , `class` , `class_at` , `Amount` , `updated_at` , `state`) VALUES (288 , '蓝海' , 'c112' , '会员升级' , '1521032266' , 0 , 1 , 100 , '1521032266' , 1) [ RunTime:0.000248s ]
[ sql ] [ SQL ] SHOW COLUMNS FROM `sql_account` [ RunTime:0.000696s ]
[ sql ] [ SQL ] INSERT INTO `sql_account` (`uid` , `score` , `cur_score` , `remark` , `type` , `is_add` , `class` , `from_uid` , `created_at` , `source`) VALUES (288 , -100 , 0 , '会员升级' , 1 , 2 , 1 , 288 , '1521032266' , 8) [ RunTime:0.000249s ]
[ sql ] [ SQL ] SHOW COLUMNS FROM `sql_disc` [ RunTime:0.000620s ]
[ sql ] [ SQL ] SELECT `market_price` FROM `sql_disc` ORDER BY id desc LIMIT 1 [ RunTime:0.000193s ]
[ sql ] [ SQL ] SELECT `status`,`class` FROM `sql_users` WHERE  `id` = 288 LIMIT 1 [ RunTime:0.000225s ]
[ sql ] [ SQL ] SELECT COUNT(*) AS tp_count FROM `sql_disc` LIMIT 1 [ RunTime:0.000207s ]
[ sql ] [ SQL ] SELECT * FROM `sql_disc` ORDER BY `id`  desc LIMIT 1 [ RunTime:0.000208s ]
[ sql ] [ SQL ] SELECT `class`,`balance`,`id` FROM `sql_users` WHERE  `id` = 288  AND `islock` = 1 LIMIT 1 [ RunTime:0.000222s ]
[ sql ] [ SQL ] SHOW COLUMNS FROM `sql_bof_rank` [ RunTime:0.000651s ]
[ sql ] [ SQL ] SELECT * FROM `sql_bof_rank` WHERE  `uid` = 288  AND `status` = 1 LIMIT 1 [ RunTime:0.000248s ]
[ sql ] [ SQL ] SHOW COLUMNS FROM `sql_bof_issue` [ RunTime:0.000630s ]
[ sql ] [ SQL ] SELECT `bof_num`,`id` FROM `sql_bof_issue` WHERE  `status` = 1 ORDER BY `id`  desc LIMIT 1 [ RunTime:0.000219s ]
[ sql ] [ SQL ] UPDATE `sql_bof_issue`  SET `bof_num`=199316.75481169  WHERE  `id` = 58 [ RunTime:0.000224s ]
[ sql ] [ SQL ] UPDATE `sql_users`  SET `balance`=balance+192.30769230769  WHERE  `id` = 288 [ RunTime:0.000236s ]
[ sql ] [ SQL ] SELECT `balance` FROM `sql_users` WHERE  `id` = 288 LIMIT 1 [ RunTime:0.000185s ]
[ sql ] [ SQL ] INSERT INTO `sql_account` (`uid` , `cur_score` , `score` , `remark` , `class` , `is_add` , `type` , `source` , `created_at`) VALUES (288 , 192.307692 , 192.30769230769 , '系统分配bof' , 2 , 1 , 8 , 13 , '1521032266') [ RunTime:0.000212s ]
[ sql ] [ SQL ] SHOW COLUMNS FROM `sql_bof_deal` [ RunTime:0.000706s ]
[ sql ] [ SQL ] SELECT * FROM `sql_bof_deal` WHERE  `order_sn` = '2018031521032266769' LIMIT 1 [ RunTime:0.000510s ]
[ sql ] [ SQL ] INSERT INTO `sql_bof_deal` (`uid` , `order_sn` , `sell_price` , `sell_num` , `status` , `type` , `created_at` , `updated_at`) VALUES (288 , '2018031521032266769' , 0.26 , 192.30769230769 , 2 , 2 , '1521032266' , '1521032266') [ RunTime:0.000225s ]
[ sql ] [ SQL ] SELECT COUNT(*) AS tp_count FROM `sql_disc` LIMIT 1 [ RunTime:0.000204s ]
[ sql ] [ SQL ] SELECT * FROM `sql_disc` ORDER BY `id`  desc LIMIT 1 [ RunTime:0.000206s ]
[ sql ] [ SQL ] SELECT `value` FROM `sql_config` WHERE  `name` = 'market' LIMIT 1 [ RunTime:0.000237s ]
[ sql ] [ SQL ] SELECT `value` FROM `sql_config` WHERE  `name` = 'bof_all' LIMIT 1 [ RunTime:0.000217s ]
[ sql ] [ SQL ] SELECT `bof_num` FROM `sql_bof_issue` WHERE  `status` = 1 ORDER BY `id`  desc LIMIT 1 [ RunTime:0.000216s ]
[ sql ] [ SQL ] SELECT `value` FROM `sql_config` WHERE  `name` = 'current_price' LIMIT 1 [ RunTime:0.000214s ]
[ sql ] [ SQL ] SHOW COLUMNS FROM `sql_per` [ RunTime:0.000620s ]
[ sql ] [ SQL ] SELECT SUM(num) AS tp_sum FROM `sql_per` LIMIT 1 [ RunTime:0.000178s ]
[ sql ] [ SQL ] SELECT `id` FROM `sql_account` ORDER BY `id`  desc LIMIT 1 [ RunTime:0.000175s ]
[ sql ] [ SQL ] SELECT SUM(score) AS tp_sum FROM `sql_account` WHERE  `is_add` = 2  AND `source` IN (8,11) LIMIT 1 [ RunTime:0.000937s ]
[ sql ] [ SQL ] SELECT `region`,`nid` FROM `sql_users` WHERE  `id` = 288 LIMIT 1 [ RunTime:0.000224s ]
[ sql ] [ SQL ] SELECT `class`,`nid`,`region`,`left_all_ach`,`right_all_ach`,`left_ach`,`right_ach` FROM `sql_users` WHERE  `id` = 287 LIMIT 1 [ RunTime:0.000223s ]
[ sql ] [ SQL ] UPDATE `sql_users`  SET `left_all_ach`=100,`left_ach`=100  WHERE  `id` = 287 [ RunTime:0.000249s ]
[ sql ] [ SQL ] SELECT `class`,`nid`,`region`,`left_all_ach`,`right_all_ach`,`left_ach`,`right_ach` FROM `sql_users` WHERE  `id` = 285 LIMIT 1 [ RunTime:0.000217s ]
[ sql ] [ SQL ] UPDATE `sql_users`  SET `left_all_ach`=3000,`left_ach`=3000  WHERE  `id` = 285 [ RunTime:0.000220s ]
[ sql ] [ SQL ] SELECT `class`,`nid`,`region`,`left_all_ach`,`right_all_ach`,`left_ach`,`right_ach` FROM `sql_users` WHERE  `id` = 284 LIMIT 1 [ RunTime:0.000226s ]
[ sql ] [ SQL ] SELECT * FROM `sql_users` WHERE  `id` = 288 LIMIT 1 [ RunTime:0.000358s ]
[ sql ] [ SQL ] SELECT `id` FROM `sql_users` WHERE  `id` = 287 LIMIT 1 [ RunTime:0.000196s ]
[ sql ] [ SQL ] SELECT `nid` FROM `sql_users` WHERE  `id` = 287 LIMIT 1 [ RunTime:0.000198s ]
[ sql ] [ SQL ] SELECT `id` FROM `sql_users` WHERE  `id` = 285 LIMIT 1 [ RunTime:0.000185s ]
[ sql ] [ SQL ] SELECT `nid` FROM `sql_users` WHERE  `id` = 285 LIMIT 1 [ RunTime:0.000183s ]
[ sql ] [ SQL ] SELECT `id` FROM `sql_users` WHERE  `id` = 284 LIMIT 1 [ RunTime:0.000186s ]
[ sql ] [ SQL ] SELECT `nid` FROM `sql_users` WHERE  `id` = 284 LIMIT 1 [ RunTime:0.000212s ]
[ sql ] [ SQL ] SELECT `id` FROM `sql_users` WHERE  `id` = 282 LIMIT 1 [ RunTime:0.000198s ]
[ sql ] [ SQL ] SELECT `nid` FROM `sql_users` WHERE  `id` = 282 LIMIT 1 [ RunTime:0.000209s ]
[ sql ] [ SQL ] SELECT * FROM `sql_users` WHERE  `id` IN (287,285,284,282) [ RunTime:0.000394s ]
[ sql ] [ SQL ] UPDATE `sql_users`  SET `left_ach`=left_ach-100  WHERE  `id` = 287 [ RunTime:0.000246s ]
[ sql ] [ SQL ] UPDATE `sql_users`  SET `right_ach`=right_ach-100  WHERE  `id` = 287 [ RunTime:0.000223s ]
[ sql ] [ SQL ] SELECT `value` FROM `sql_config` WHERE  `name` = 'oneMatchPercent' LIMIT 1 [ RunTime:0.000300s ]
[ sql ] [ SQL ] SELECT `value` FROM `sql_config` WHERE  `name` = 'fourBoomPercent' LIMIT 1 [ RunTime:0.000223s ]
[ sql ] [ SQL ] SELECT `value` FROM `sql_config` WHERE  `name` = 'oneToThreePercent' LIMIT 1 [ RunTime:0.000222s ]
[ sql ] [ SQL ] SELECT SUM(score) AS tp_sum FROM `sql_account` WHERE  `uid` = 287  AND `source` = 2  AND `is_add` = 1  AND `type` = 3  AND `class` = 1  AND ( `created_at` > '1520956800' AND `created_at` < '1521043199' ) LIMIT 1 [ RunTime:0.001285s ]
[ sql ] [ SQL ] SELECT `value` FROM `sql_config` WHERE  `name` = 'fourTopBoomScore' LIMIT 1 [ RunTime:0.000228s ]
[ sql ] [ SQL ] SELECT `prize_score` FROM `sql_users` WHERE  `id` = 287 LIMIT 1 [ RunTime:0.000193s ]
[ sql ] [ SQL ] INSERT INTO `sql_account` (`uid` , `score` , `cur_score` , `remark` , `class` , `is_add` , `type` , `source` , `from_uid` , `created_at`) VALUES (287 , 4 , 174.242996 , '对碰奖结算' , 1 , 1 , 3 , 2 , 288 , '1521032266') [ RunTime:0.000242s ]
[ sql ] [ SQL ] UPDATE `sql_users`  SET `prize_score`=prize_score+4  WHERE  `id` = 287 [ RunTime:0.000236s ]
[ sql ] [ SQL ] SELECT `id` FROM `sql_users` WHERE  `id` = 287 LIMIT 1 [ RunTime:0.000189s ]
[ sql ] [ SQL ] SELECT `pid` FROM `sql_users` WHERE  `id` = 287 LIMIT 1 [ RunTime:0.000191s ]
[ sql ] [ SQL ] SELECT `id` FROM `sql_users` WHERE  `id` = 233 LIMIT 1 [ RunTime:0.000178s ]
[ sql ] [ SQL ] SELECT `pid` FROM `sql_users` WHERE  `id` = 233 LIMIT 1 [ RunTime:0.000177s ]
[ sql ] [ SQL ] SELECT `id` FROM `sql_users` WHERE  `id` = 232 LIMIT 1 [ RunTime:0.000188s ]
[ sql ] [ SQL ] SELECT `pid` FROM `sql_users` WHERE  `id` = 232 LIMIT 1 [ RunTime:0.000184s ]
[ sql ] [ SQL ] SELECT `id` FROM `sql_users` WHERE  `id` = 227 LIMIT 1 [ RunTime:0.000176s ]
[ sql ] [ SQL ] SELECT `pid` FROM `sql_users` WHERE  `id` = 227 LIMIT 1 [ RunTime:0.000183s ]
[ sql ] [ SQL ] SELECT `id` FROM `sql_users` WHERE  `id` = 216 LIMIT 1 [ RunTime:0.000189s ]
[ sql ] [ SQL ] SELECT `pid` FROM `sql_users` WHERE  `id` = 216 LIMIT 1 [ RunTime:0.000179s ]
[ sql ] [ SQL ] SELECT `id` FROM `sql_users` WHERE  `id` = 210 LIMIT 1 [ RunTime:0.000188s ]
[ sql ] [ SQL ] SELECT `pid` FROM `sql_users` WHERE  `id` = 210 LIMIT 1 [ RunTime:0.000191s ]
[ sql ] [ SQL ] SELECT * FROM `sql_users` WHERE  `id` = 233 LIMIT 1 [ RunTime:0.000345s ]
[ sql ] [ SQL ] SELECT `value` FROM `sql_config` WHERE  `name` = 'sevenContributionPercent' LIMIT 1 [ RunTime:0.000235s ]
[ sql ] [ SQL ] SELECT `prize_score` FROM `sql_users` WHERE  `id` = 233 LIMIT 1 [ RunTime:0.000188s ]
[ sql ] [ SQL ] INSERT INTO `sql_account` (`uid` , `score` , `cur_score` , `remark` , `class` , `is_add` , `type` , `source` , `from_uid` , `created_at`) VALUES (233 , 0.2 , 2201.660449 , '贡献奖结算' , 1 , 1 , 3 , 2 , 287 , '1521032266') [ RunTime:0.000231s ]
[ sql ] [ SQL ] UPDATE `sql_users`  SET `prize_score`=prize_score+0.2  WHERE  `id` = 233 [ RunTime:0.000229s ]
[ sql ] [ SQL ] SELECT * FROM `sql_users` WHERE  `id` = 232 LIMIT 1 [ RunTime:0.000343s ]
[ sql ] [ SQL ] SELECT * FROM `sql_users` WHERE  `id` = 227 LIMIT 1 [ RunTime:0.000380s ]
[ sql ] [ SQL ] SELECT `value` FROM `sql_config` WHERE  `name` = 'sixContributionPercent' LIMIT 1 [ RunTime:0.000270s ]
[ sql ] [ SQL ] SELECT `prize_score` FROM `sql_users` WHERE  `id` = 227 LIMIT 1 [ RunTime:0.000199s ]
[ sql ] [ SQL ] INSERT INTO `sql_account` (`uid` , `score` , `cur_score` , `remark` , `class` , `is_add` , `type` , `source` , `from_uid` , `created_at`) VALUES (227 , 0.01 , 607.800649 , '贡献奖结算' , 1 , 1 , 3 , 2 , 287 , '1521032266') [ RunTime:0.000232s ]
[ sql ] [ SQL ] UPDATE `sql_users`  SET `prize_score`=prize_score+0.01  WHERE  `id` = 227 [ RunTime:0.000235s ]
[ sql ] [ SQL ] SELECT * FROM `sql_users` WHERE  `id` = 216 LIMIT 1 [ RunTime:0.000331s ]
[ sql ] [ SQL ] SELECT * FROM `sql_users` WHERE  `id` = 210 LIMIT 1 [ RunTime:0.000342s ]
[ log ] <<<碰撞完成 新人id：288--手机号：15985056808 --碰撞金额：100---配比率：0.5---获奖人id：287--碰撞时间：2018-03-14 20:57:461521032266>>>
