---------------------------------------------------------------
[ 2018-03-16T14:38:27+08:00 ] 121.42.251.110 115.57.131.218 POST /home/register/dofourstep
[ info ] apibof.ewtouch.com/home/register/dofourstep [运行时间：0.175394s][吞吐率：5.70req/s] [内存消耗：3,094.78kb] [文件加载：62]
[ info ] [ LANG ] /www/wwwroot/bof.com/thinkphp/lang/zh-cn.php
[ info ] [ ROUTE ] array (
  'type' => 'module',
  'module' => 
  array (
    0 => 'home',
    1 => 'register',
    2 => 'dofourstep',
  ),
)
[ info ] [ HEADER ] array (
  'cookie' => 'pgv_pvi=3596337152; PHPSESSID=vtg1bigml50icu0jkkbqos7li7',
  'accept-language' => 'zh-CN,zh;q=0.9',
  'accept-encoding' => 'gzip, deflate',
  'referer' => 'http://webbof.ewtouch.com/zh/register4.html?id=3',
  'content-type' => 'application/x-www-form-urlencoded; charset=UTF-8',
  'user-agent' => 'Mozilla/5.0 (Windows NT 6.1; WOW64) AppleWebKit/537.36 (KHTML, like Gecko) Chrome/63.0.3239.84 Safari/537.36',
  'origin' => 'http://webbof.ewtouch.com',
  'accept' => 'application/json, text/javascript, */*; q=0.01',
  'content-length' => '96',
  'connection' => 'keep-alive',
  'host' => 'apibof.ewtouch.com',
)
[ info ] [ PARAM ] array (
  'id' => '3',
  'videourl' => 'http://webbof.ewtouch.com/headimg/2018031614382618160000004726122445.mp4',
)
[ info ] [ DB ] INIT mysql
[ info ] [ RUN ] app\home\controller\Register->dofourstep[ /www/wwwroot/bof.com/application/home/controller/Register.php ]
[ info ] [ SESSION ] INIT array (
  'id' => '',
  'var_session_id' => '',
  'prefix' => 'think',
  'type' => '',
  'auto_start' => true,
  'httponly' => true,
  'secure' => false,
)
[ info ] [ CACHE ] INIT file
[ info ] [ LOG ] INIT File
[ sql ] [ DB ] CONNECT:[ UseTime:0.000493s ] mysql:dbname=bof_com;host=121.42.251.110;port=3306;charset=utf8
[ sql ] [ SQL ] SHOW COLUMNS FROM `sql_config` [ RunTime:0.001015s ]
[ sql ] [ SQL ] SELECT `value` FROM `sql_config` WHERE  `name` = 'pu_straight' LIMIT 1 [ RunTime:0.000336s ]
[ sql ] [ SQL ] SELECT `value` FROM `sql_config` WHERE  `name` = 'pu_straight' LIMIT 1 [ RunTime:0.000238s ]
[ sql ] [ SQL ] SELECT `value` FROM `sql_config` WHERE  `name` = 'yin_straight' LIMIT 1 [ RunTime:0.000226s ]
[ sql ] [ SQL ] SELECT `value` FROM `sql_config` WHERE  `name` = 'jin_straight' LIMIT 1 [ RunTime:0.000226s ]
[ sql ] [ SQL ] SELECT `value` FROM `sql_config` WHERE  `name` = 'baijin_straight' LIMIT 1 [ RunTime:0.000217s ]
[ sql ] [ SQL ] SELECT `value` FROM `sql_config` WHERE  `name` = 'heijin_straight' LIMIT 1 [ RunTime:0.000216s ]
[ sql ] [ SQL ] SELECT `value` FROM `sql_config` WHERE  `name` = 'zuan_straight' LIMIT 1 [ RunTime:0.000234s ]
[ sql ] [ SQL ] SELECT `value` FROM `sql_config` WHERE  `name` = 'lanzuan_straight' LIMIT 1 [ RunTime:0.000224s ]
[ sql ] [ SQL ] SHOW COLUMNS FROM `sql_users` [ RunTime:0.001016s ]
[ sql ] [ SQL ] SELECT `id` FROM `sql_users` WHERE  `id` = 366 LIMIT 1 [ RunTime:0.000255s ]
[ sql ] [ SQL ] SELECT `id`,`region` FROM `sql_users` WHERE  `nid` = 366  AND `region` = 1 LIMIT 1 [ RunTime:0.000382s ]
[ sql ] [ SQL ] SELECT `all_nid` FROM `sql_users` WHERE  `id` = 366 LIMIT 1 [ RunTime:0.000210s ]
[ sql ] [ SQL ] SELECT `reg_score` FROM `sql_users` WHERE  `id` = 373 LIMIT 1 [ RunTime:0.000210s ]
[ sql ] [ SQL ] SELECT `value` FROM `sql_config` WHERE  `name` = 'register' LIMIT 1 [ RunTime:0.000241s ]
[ sql ] [ SQL ] UPDATE `sql_users`  SET `password`='e10adc3949ba59abbe56e057f20f883e',`phone`='15290809875',`code`='y051',`two_password`='e10adc3949ba59abbe56e057f20f883e',`cascade`=1,`bd_id`='xxxx',`region`=1,`class_reg`=1,`class`=1,`pid`=366,`all_pid`='0,140,163,176,182,194,195,197,200,202,203,204,205,206,207,208,209,210,216,227,232,233,287,290,292,299,326,327,343,345,355,357,362,366,',`all_nid`='0,140,163,176,177,182,183,188,189,190,191,192,193,194,195,197,200,202,203,204,205,206,207,208,209,210,211,212,214,215,216,218,217,220,221,222,223,225,224,227,226,228,230,231,232,233,234,282,282,284,285,287,288,290,292,299,326,327,340,341,342,343,345,355,357,362,366,',`nid`=366,`pattern`=0,`nids`=366,`truename`='啊啊啊',`identity`='555555555555555555',`bank_name`='123',`bank_account`='1231',`bank_user`='23',`bank_branch`='',`zhifubao`='',`weixin`='',`videourl`='/headimg/2018031614382618160000004726122445.mp4',`created_at`='1521182307',`step`=4,`nickname`='BOF_cA4sYa9',`status`=1  WHERE  `id` = 373 [ RunTime:0.003981s ]
[ sql ] [ SQL ] UPDATE `sql_users`  SET `reg_score`=0,`updated_at`='1521182307'  WHERE  `id` = 373 [ RunTime:0.002701s ]
[ sql ] [ SQL ] SHOW COLUMNS FROM `sql_account` [ RunTime:0.000759s ]
[ sql ] [ SQL ] INSERT INTO `sql_account` (`score` , `cur_score` , `remark` , `class` , `is_add` , `type` , `uid` , `source` , `created_at`) VALUES (-100 , 0 , '激活用户' , 1 , 2 , 1 , 373 , 11 , '1521182307') [ RunTime:0.003564s ]
[ sql ] [ SQL ] SHOW COLUMNS FROM `sql_disc` [ RunTime:0.000752s ]
[ sql ] [ SQL ] SELECT COUNT(*) AS tp_count FROM `sql_disc` LIMIT 1 [ RunTime:0.000243s ]
[ sql ] [ SQL ] SELECT * FROM `sql_disc` ORDER BY `id`  desc LIMIT 1 [ RunTime:0.000191s ]
[ sql ] [ SQL ] SELECT COUNT(*) AS tp_count FROM `sql_disc` LIMIT 1 [ RunTime:0.000208s ]
[ sql ] [ SQL ] SELECT * FROM `sql_disc` ORDER BY `id`  desc LIMIT 1 [ RunTime:0.000192s ]
[ sql ] [ SQL ] SELECT `class`,`balance`,`id` FROM `sql_users` WHERE  `id` = 373  AND `islock` = 1 LIMIT 1 [ RunTime:0.000252s ]
[ sql ] [ SQL ] SHOW COLUMNS FROM `sql_bof_rank` [ RunTime:0.000672s ]
[ sql ] [ SQL ] SELECT * FROM `sql_bof_rank` WHERE  `uid` = 373  AND `status` = 1 LIMIT 1 [ RunTime:0.000286s ]
[ sql ] [ SQL ] SHOW COLUMNS FROM `sql_bof_issue` [ RunTime:0.000646s ]
[ sql ] [ SQL ] SELECT `bof_num`,`id` FROM `sql_bof_issue` WHERE  `status` = 1 ORDER BY `id`  desc LIMIT 1 [ RunTime:0.000231s ]
[ sql ] [ SQL ] INSERT INTO `sql_bof_rank` (`uid` , `ele_score` , `market_price` , `created_at`) VALUES (373 , 160.77170418006 , 0.311 , '1521182307') [ RunTime:0.003245s ]
[ sql ] [ SQL ] UPDATE `sql_users`  SET `ele_score`=ele_score+160.77170418006  WHERE  `id` = 373 [ RunTime:0.004344s ]
[ sql ] [ SQL ] SELECT `ele_score` FROM `sql_users` WHERE  `id` = 373 LIMIT 1 [ RunTime:0.000247s ]
[ sql ] [ SQL ] INSERT INTO `sql_account` (`uid` , `score` , `cur_score` , `remark` , `class` , `is_add` , `type` , `source` , `created_at`) VALUES (373 , 160.77170418006 , 160.771698 , '电子积分' , 1 , 1 , 5 , 14 , '1521182307') [ RunTime:0.004335s ]
[ sql ] [ SQL ] SELECT `region`,`nid` FROM `sql_users` WHERE  `id` = 373 LIMIT 1 [ RunTime:0.000244s ]
[ sql ] [ SQL ] SELECT `class`,`nid`,`region`,`left_all_ach`,`right_all_ach`,`left_ach`,`right_ach` FROM `sql_users` WHERE  `id` = 366 LIMIT 1 [ RunTime:0.000267s ]
[ sql ] [ SQL ] UPDATE `sql_users`  SET `left_all_ach`=100,`left_ach`=100  WHERE  `id` = 366 [ RunTime:0.002361s ]
[ sql ] [ SQL ] SELECT `class`,`nid`,`region`,`left_all_ach`,`right_all_ach`,`left_ach`,`right_ach` FROM `sql_users` WHERE  `id` = 362 LIMIT 1 [ RunTime:0.000238s ]
[ sql ] [ SQL ] UPDATE `sql_users`  SET `left_all_ach`=10100,`left_ach`=10100  WHERE  `id` = 362 [ RunTime:0.003299s ]
[ sql ] [ SQL ] SELECT `class`,`nid`,`region`,`left_all_ach`,`right_all_ach`,`left_ach`,`right_ach` FROM `sql_users` WHERE  `id` = 357 LIMIT 1 [ RunTime:0.000220s ]
[ sql ] [ SQL ] UPDATE `sql_users`  SET `right_all_ach`=15100,`right_ach`=15100  WHERE  `id` = 357 [ RunTime:0.002452s ]
[ sql ] [ SQL ] SELECT `class`,`nid`,`region`,`left_all_ach`,`right_all_ach`,`left_ach`,`right_ach` FROM `sql_users` WHERE  `id` = 355 LIMIT 1 [ RunTime:0.000237s ]
[ sql ] [ SQL ] UPDATE `sql_users`  SET `left_all_ach`=25100,`left_ach`=10100  WHERE  `id` = 355 [ RunTime:0.002588s ]
[ sql ] [ SQL ] SELECT `class`,`nid`,`region`,`left_all_ach`,`right_all_ach`,`left_ach`,`right_ach` FROM `sql_users` WHERE  `id` = 345 LIMIT 1 [ RunTime:0.000228s ]
[ sql ] [ SQL ] UPDATE `sql_users`  SET `left_all_ach`=50100,`left_ach`=100  WHERE  `id` = 345 [ RunTime:0.002347s ]
[ sql ] [ SQL ] SELECT `class`,`nid`,`region`,`left_all_ach`,`right_all_ach`,`left_ach`,`right_ach` FROM `sql_users` WHERE  `id` = 343 LIMIT 1 [ RunTime:0.000261s ]
[ sql ] [ SQL ] UPDATE `sql_users`  SET `left_all_ach`=101600,`left_ach`=101100  WHERE  `id` = 343 [ RunTime:0.002391s ]
[ sql ] [ SQL ] SELECT `class`,`nid`,`region`,`left_all_ach`,`right_all_ach`,`left_ach`,`right_ach` FROM `sql_users` WHERE  `id` = 342 LIMIT 1 [ RunTime:0.000229s ]
[ sql ] [ SQL ] UPDATE `sql_users`  SET `left_all_ach`=105100,`left_ach`=104100  WHERE  `id` = 342 [ RunTime:0.002521s ]
[ sql ] [ SQL ] SELECT `class`,`nid`,`region`,`left_all_ach`,`right_all_ach`,`left_ach`,`right_ach` FROM `sql_users` WHERE  `id` = 341 LIMIT 1 [ RunTime:0.000242s ]
[ sql ] [ SQL ] UPDATE `sql_users`  SET `right_all_ach`=111100,`right_ach`=111100  WHERE  `id` = 341 [ RunTime:0.002633s ]
[ sql ] [ SQL ] SELECT `class`,`nid`,`region`,`left_all_ach`,`right_all_ach`,`left_ach`,`right_ach` FROM `sql_users` WHERE  `id` = 340 LIMIT 1 [ RunTime:0.000234s ]
[ sql ] [ SQL ] UPDATE `sql_users`  SET `right_all_ach`=116100,`right_ach`=116100  WHERE  `id` = 340 [ RunTime:0.002441s ]
[ sql ] [ SQL ] SELECT `class`,`nid`,`region`,`left_all_ach`,`right_all_ach`,`left_ach`,`right_ach` FROM `sql_users` WHERE  `id` = 327 LIMIT 1 [ RunTime:0.000222s ]
[ sql ] [ SQL ] UPDATE `sql_users`  SET `right_all_ach`=121100,`right_ach`=16100  WHERE  `id` = 327 [ RunTime:0.003186s ]
[ sql ] [ SQL ] SELECT `class`,`nid`,`region`,`left_all_ach`,`right_all_ach`,`left_ach`,`right_ach` FROM `sql_users` WHERE  `id` = 326 LIMIT 1 [ RunTime:0.000232s ]
[ sql ] [ SQL ] UPDATE `sql_users`  SET `left_all_ach`=231100,`left_ach`=226100  WHERE  `id` = 326 [ RunTime:0.003930s ]
[ sql ] [ SQL ] SELECT `class`,`nid`,`region`,`left_all_ach`,`right_all_ach`,`left_ach`,`right_ach` FROM `sql_users` WHERE  `id` = 299 LIMIT 1 [ RunTime:0.000245s ]
[ sql ] [ SQL ] UPDATE `sql_users`  SET `left_all_ach`=236500,`left_ach`=229300  WHERE  `id` = 299 [ RunTime:0.003572s ]
[ sql ] [ SQL ] SELECT `class`,`nid`,`region`,`left_all_ach`,`right_all_ach`,`left_ach`,`right_ach` FROM `sql_users` WHERE  `id` = 292 LIMIT 1 [ RunTime:0.000229s ]
[ sql ] [ SQL ] UPDATE `sql_users`  SET `right_all_ach`=243700,`right_ach`=243700  WHERE  `id` = 292 [ RunTime:0.004061s ]
[ sql ] [ SQL ] SELECT `class`,`nid`,`region`,`left_all_ach`,`right_all_ach`,`left_ach`,`right_ach` FROM `sql_users` WHERE  `id` = 290 LIMIT 1 [ RunTime:0.000241s ]
[ sql ] [ SQL ] UPDATE `sql_users`  SET `left_all_ach`=243700,`left_ach`=243700  WHERE  `id` = 290 [ RunTime:0.002984s ]
[ sql ] [ SQL ] SELECT `class`,`nid`,`region`,`left_all_ach`,`right_all_ach`,`left_ach`,`right_ach` FROM `sql_users` WHERE  `id` = 288 LIMIT 1 [ RunTime:0.000244s ]
[ sql ] [ SQL ] UPDATE `sql_users`  SET `left_all_ach`=243700,`left_ach`=243700  WHERE  `id` = 288 [ RunTime:0.002857s ]
[ sql ] [ SQL ] SELECT `class`,`nid`,`region`,`left_all_ach`,`right_all_ach`,`left_ach`,`right_ach` FROM `sql_users` WHERE  `id` = 287 LIMIT 1 [ RunTime:0.000231s ]
[ sql ] [ SQL ] UPDATE `sql_users`  SET `left_all_ach`=243800,`left_ach`=242400  WHERE  `id` = 287 [ RunTime:0.002483s ]
[ sql ] [ SQL ] SELECT `class`,`nid`,`region`,`left_all_ach`,`right_all_ach`,`left_ach`,`right_ach` FROM `sql_users` WHERE  `id` = 285 LIMIT 1 [ RunTime:0.000231s ]
[ sql ] [ SQL ] UPDATE `sql_users`  SET `left_all_ach`=246700,`left_ach`=246700  WHERE  `id` = 285 [ RunTime:0.014189s ]
[ sql ] [ SQL ] SELECT `class`,`nid`,`region`,`left_all_ach`,`right_all_ach`,`left_ach`,`right_ach` FROM `sql_users` WHERE  `id` = 284 LIMIT 1 [ RunTime:0.000239s ]
[ sql ] [ SQL ] UPDATE `sql_users`  SET `left_all_ach`=243700,`left_ach`=243700  WHERE  `id` = 284 [ RunTime:0.002487s ]
[ sql ] [ SQL ] SELECT `class`,`nid`,`region`,`left_all_ach`,`right_all_ach`,`left_ach`,`right_ach` FROM `sql_users` WHERE  `id` = 282 LIMIT 1 [ RunTime:0.000230s ]
[ sql ] [ SQL ] UPDATE `sql_users`  SET `left_all_ach`=243700,`left_ach`=243700  WHERE  `id` = 282 [ RunTime:0.003691s ]
[ sql ] [ SQL ] SELECT `class`,`nid`,`region`,`left_all_ach`,`right_all_ach`,`left_ach`,`right_ach` FROM `sql_users` WHERE  `id` = 0 LIMIT 1 [ RunTime:0.000224s ]
[ sql ] [ SQL ] SELECT * FROM `sql_users` WHERE  `id` = 373 LIMIT 1 [ RunTime:0.000405s ]
[ sql ] [ SQL ] SELECT `id` FROM `sql_users` WHERE  `id` = 366 LIMIT 1 [ RunTime:0.000215s ]
[ sql ] [ SQL ] SELECT `nid` FROM `sql_users` WHERE  `id` = 366 LIMIT 1 [ RunTime:0.000205s ]
[ sql ] [ SQL ] SELECT `id` FROM `sql_users` WHERE  `id` = 362 LIMIT 1 [ RunTime:0.000205s ]
[ sql ] [ SQL ] SELECT `nid` FROM `sql_users` WHERE  `id` = 362 LIMIT 1 [ RunTime:0.000208s ]
[ sql ] [ SQL ] SELECT `id` FROM `sql_users` WHERE  `id` = 357 LIMIT 1 [ RunTime:0.000185s ]
[ sql ] [ SQL ] SELECT `nid` FROM `sql_users` WHERE  `id` = 357 LIMIT 1 [ RunTime:0.000208s ]
[ sql ] [ SQL ] SELECT `id` FROM `sql_users` WHERE  `id` = 355 LIMIT 1 [ RunTime:0.000183s ]
[ sql ] [ SQL ] SELECT `nid` FROM `sql_users` WHERE  `id` = 355 LIMIT 1 [ RunTime:0.000175s ]
[ sql ] [ SQL ] SELECT `id` FROM `sql_users` WHERE  `id` = 345 LIMIT 1 [ RunTime:0.000183s ]
[ sql ] [ SQL ] SELECT `nid` FROM `sql_users` WHERE  `id` = 345 LIMIT 1 [ RunTime:0.000173s ]
[ sql ] [ SQL ] SELECT `id` FROM `sql_users` WHERE  `id` = 343 LIMIT 1 [ RunTime:0.000174s ]
[ sql ] [ SQL ] SELECT `nid` FROM `sql_users` WHERE  `id` = 343 LIMIT 1 [ RunTime:0.000176s ]
[ sql ] [ SQL ] SELECT `id` FROM `sql_users` WHERE  `id` = 342 LIMIT 1 [ RunTime:0.000175s ]
[ sql ] [ SQL ] SELECT `nid` FROM `sql_users` WHERE  `id` = 342 LIMIT 1 [ RunTime:0.000190s ]
[ sql ] [ SQL ] SELECT `id` FROM `sql_users` WHERE  `id` = 341 LIMIT 1 [ RunTime:0.000173s ]
[ sql ] [ SQL ] SELECT `nid` FROM `sql_users` WHERE  `id` = 341 LIMIT 1 [ RunTime:0.000180s ]
[ sql ] [ SQL ] SELECT `id` FROM `sql_users` WHERE  `id` = 340 LIMIT 1 [ RunTime:0.000182s ]
[ sql ] [ SQL ] SELECT `nid` FROM `sql_users` WHERE  `id` = 340 LIMIT 1 [ RunTime:0.000173s ]
[ sql ] [ SQL ] SELECT `id` FROM `sql_users` WHERE  `id` = 327 LIMIT 1 [ RunTime:0.000188s ]
[ sql ] [ SQL ] SELECT `nid` FROM `sql_users` WHERE  `id` = 327 LIMIT 1 [ RunTime:0.000180s ]
[ sql ] [ SQL ] SELECT `id` FROM `sql_users` WHERE  `id` = 326 LIMIT 1 [ RunTime:0.000173s ]
[ sql ] [ SQL ] SELECT `nid` FROM `sql_users` WHERE  `id` = 326 LIMIT 1 [ RunTime:0.000179s ]
[ sql ] [ SQL ] SELECT `id` FROM `sql_users` WHERE  `id` = 299 LIMIT 1 [ RunTime:0.000177s ]
[ sql ] [ SQL ] SELECT `nid` FROM `sql_users` WHERE  `id` = 299 LIMIT 1 [ RunTime:0.000176s ]
[ sql ] [ SQL ] SELECT `id` FROM `sql_users` WHERE  `id` = 292 LIMIT 1 [ RunTime:0.000174s ]
[ sql ] [ SQL ] SELECT `nid` FROM `sql_users` WHERE  `id` = 292 LIMIT 1 [ RunTime:0.000174s ]
[ sql ] [ SQL ] SELECT `id` FROM `sql_users` WHERE  `id` = 290 LIMIT 1 [ RunTime:0.000179s ]
[ sql ] [ SQL ] SELECT `nid` FROM `sql_users` WHERE  `id` = 290 LIMIT 1 [ RunTime:0.000172s ]
[ sql ] [ SQL ] SELECT `id` FROM `sql_users` WHERE  `id` = 288 LIMIT 1 [ RunTime:0.000189s ]
[ sql ] [ SQL ] SELECT `nid` FROM `sql_users` WHERE  `id` = 288 LIMIT 1 [ RunTime:0.000195s ]
[ sql ] [ SQL ] SELECT `id` FROM `sql_users` WHERE  `id` = 287 LIMIT 1 [ RunTime:0.000192s ]
[ sql ] [ SQL ] SELECT `nid` FROM `sql_users` WHERE  `id` = 287 LIMIT 1 [ RunTime:0.000190s ]
[ sql ] [ SQL ] SELECT `id` FROM `sql_users` WHERE  `id` = 285 LIMIT 1 [ RunTime:0.000179s ]
[ sql ] [ SQL ] SELECT `nid` FROM `sql_users` WHERE  `id` = 285 LIMIT 1 [ RunTime:0.000178s ]
[ sql ] [ SQL ] SELECT `id` FROM `sql_users` WHERE  `id` = 284 LIMIT 1 [ RunTime:0.000181s ]
[ sql ] [ SQL ] SELECT `nid` FROM `sql_users` WHERE  `id` = 284 LIMIT 1 [ RunTime:0.000178s ]
[ sql ] [ SQL ] SELECT `id` FROM `sql_users` WHERE  `id` = 282 LIMIT 1 [ RunTime:0.000177s ]
[ sql ] [ SQL ] SELECT `nid` FROM `sql_users` WHERE  `id` = 282 LIMIT 1 [ RunTime:0.000177s ]
[ sql ] [ SQL ] SELECT * FROM `sql_users` WHERE  `id` IN (366,362,357,355,345,343,342,341,340,327,326,299,292,290,288,287,285,284,282) [ RunTime:0.000587s ]
[ sql ] [ SQL ] UPDATE `sql_users`  SET `left_ach`=left_ach-100  WHERE  `id` = 345 [ RunTime:0.000289s ]
[ sql ] [ SQL ] UPDATE `sql_users`  SET `right_ach`=right_ach-100  WHERE  `id` = 345 [ RunTime:0.000211s ]
[ sql ] [ SQL ] SELECT `value` FROM `sql_config` WHERE  `name` = 'threeBoomPercent' LIMIT 1 [ RunTime:0.000295s ]
[ sql ] [ SQL ] SELECT `value` FROM `sql_config` WHERE  `name` = 'oneToThreePercent' LIMIT 1 [ RunTime:0.000226s ]
[ sql ] [ SQL ] SELECT SUM(score) AS tp_sum FROM `sql_account` WHERE  `uid` = 345  AND `source` = 2  AND `is_add` = 1  AND `type` = 3  AND `class` = 1  AND ( `created_at` > '1521129600' AND `created_at` < '1521215999' ) LIMIT 1 [ RunTime:0.001983s ]
[ sql ] [ SQL ] SELECT `value` FROM `sql_config` WHERE  `name` = 'threeTopBoomScore' LIMIT 1 [ RunTime:0.000235s ]
[ sql ] [ SQL ] SELECT `prize_score` FROM `sql_users` WHERE  `id` = 345 LIMIT 1 [ RunTime:0.000196s ]
[ sql ] [ SQL ] INSERT INTO `sql_account` (`uid` , `score` , `cur_score` , `remark` , `class` , `is_add` , `type` , `source` , `from_uid` , `created_at`) VALUES (345 , 3.6 , 1846.020044 , '平衡奖结算' , 1 , 1 , 3 , 2 , 373 , '1521182307') [ RunTime:0.000253s ]
[ sql ] [ SQL ] UPDATE `sql_users`  SET `prize_score`=prize_score+3.6  WHERE  `id` = 345 [ RunTime:0.000279s ]
[ sql ] [ SQL ] SELECT `id` FROM `sql_users` WHERE  `id` = 345 LIMIT 1 [ RunTime:0.000212s ]
[ sql ] [ SQL ] SELECT `pid` FROM `sql_users` WHERE  `id` = 345 LIMIT 1 [ RunTime:0.000218s ]
[ sql ] [ SQL ] SELECT `id` FROM `sql_users` WHERE  `id` = 343 LIMIT 1 [ RunTime:0.000202s ]
[ sql ] [ SQL ] SELECT `pid` FROM `sql_users` WHERE  `id` = 343 LIMIT 1 [ RunTime:0.000194s ]
[ sql ] [ SQL ] SELECT `id` FROM `sql_users` WHERE  `id` = 327 LIMIT 1 [ RunTime:0.000178s ]
[ sql ] [ SQL ] SELECT `pid` FROM `sql_users` WHERE  `id` = 327 LIMIT 1 [ RunTime:0.000176s ]
[ sql ] [ SQL ] SELECT `id` FROM `sql_users` WHERE  `id` = 326 LIMIT 1 [ RunTime:0.000179s ]
[ sql ] [ SQL ] SELECT `pid` FROM `sql_users` WHERE  `id` = 326 LIMIT 1 [ RunTime:0.000177s ]
[ sql ] [ SQL ] SELECT `id` FROM `sql_users` WHERE  `id` = 299 LIMIT 1 [ RunTime:0.000177s ]
[ sql ] [ SQL ] SELECT `pid` FROM `sql_users` WHERE  `id` = 299 LIMIT 1 [ RunTime:0.000172s ]
[ sql ] [ SQL ] SELECT `id` FROM `sql_users` WHERE  `id` = 292 LIMIT 1 [ RunTime:0.000183s ]
[ sql ] [ SQL ] SELECT `pid` FROM `sql_users` WHERE  `id` = 292 LIMIT 1 [ RunTime:0.000171s ]
[ sql ] [ SQL ] SELECT * FROM `sql_users` WHERE  `id` = 343 LIMIT 1 [ RunTime:0.000344s ]
[ sql ] [ SQL ] SELECT `value` FROM `sql_config` WHERE  `name` = 'fiveContributionPercent' LIMIT 1 [ RunTime:0.000224s ]
[ sql ] [ SQL ] SELECT `prize_score` FROM `sql_users` WHERE  `id` = 343 LIMIT 1 [ RunTime:0.000213s ]
[ sql ] [ SQL ] INSERT INTO `sql_account` (`uid` , `score` , `cur_score` , `remark` , `class` , `is_add` , `type` , `source` , `from_uid` , `created_at`) VALUES (343 , 0.144 , 724.00075 , '贡献奖结算' , 1 , 1 , 3 , 2 , 345 , '1521182307') [ RunTime:0.000228s ]
[ sql ] [ SQL ] UPDATE `sql_users`  SET `prize_score`=prize_score+0.144  WHERE  `id` = 343 [ RunTime:0.000224s ]
[ sql ] [ SQL ] SELECT * FROM `sql_users` WHERE  `id` = 327 LIMIT 1 [ RunTime:0.000340s ]
[ sql ] [ SQL ] SELECT `value` FROM `sql_config` WHERE  `name` = 'sixContributionPercent' LIMIT 1 [ RunTime:0.000245s ]
[ sql ] [ SQL ] SELECT `prize_score` FROM `sql_users` WHERE  `id` = 327 LIMIT 1 [ RunTime:0.000201s ]
[ sql ] [ SQL ] INSERT INTO `sql_account` (`uid` , `score` , `cur_score` , `remark` , `class` , `is_add` , `type` , `source` , `from_uid` , `created_at`) VALUES (327 , 0.0072 , 10491.017942 , '贡献奖结算' , 1 , 1 , 3 , 2 , 345 , '1521182307') [ RunTime:0.000230s ]
[ sql ] [ SQL ] UPDATE `sql_users`  SET `prize_score`=prize_score+0.0072  WHERE  `id` = 327 [ RunTime:0.000312s ]
[ sql ] [ SQL ] SELECT * FROM `sql_users` WHERE  `id` = 326 LIMIT 1 [ RunTime:0.000366s ]
[ sql ] [ SQL ] SELECT * FROM `sql_users` WHERE  `id` = 299 LIMIT 1 [ RunTime:0.000386s ]
[ sql ] [ SQL ] SELECT `value` FROM `sql_config` WHERE  `name` = 'sixContributionPercent' LIMIT 1 [ RunTime:0.000265s ]
[ sql ] [ SQL ] SELECT `prize_score` FROM `sql_users` WHERE  `id` = 299 LIMIT 1 [ RunTime:0.000202s ]
[ sql ] [ SQL ] INSERT INTO `sql_account` (`uid` , `score` , `cur_score` , `remark` , `class` , `is_add` , `type` , `source` , `from_uid` , `created_at`) VALUES (299 , 0.00036 , 2049.905145 , '贡献奖结算' , 1 , 1 , 3 , 2 , 345 , '1521182307') [ RunTime:0.000243s ]
[ sql ] [ SQL ] UPDATE `sql_users`  SET `prize_score`=prize_score+0.00036  WHERE  `id` = 299 [ RunTime:0.000249s ]
[ sql ] [ SQL ] SELECT * FROM `sql_users` WHERE  `id` = 292 LIMIT 1 [ RunTime:0.000385s ]
[ log ] <<<碰撞完成 新人id：373--手机号：15290809875 --碰撞金额：100---配比率：0.6---获奖人id：345--碰撞时间：2018-03-16 14:38:271521182307>>>
---------------------------------------------------------------
[ 2018-03-16T17:35:38+08:00 ] 121.42.251.110 222.85.230.24 POST /home/users/DoUpgrade
[ info ] apibof.ewtouch.com/home/users/DoUpgrade [运行时间：0.078768s][吞吐率：12.70req/s] [内存消耗：3,155.81kb] [文件加载：66]
[ info ] [ LANG ] /www/wwwroot/bof.com/thinkphp/lang/zh-cn.php
[ info ] [ ROUTE ] array (
  'type' => 'module',
  'module' => 
  array (
    0 => 'home',
    1 => 'users',
    2 => 'DoUpgrade',
  ),
)
[ info ] [ HEADER ] array (
  'cookie' => '__guid=100059214.2053202350323212000.1521006449847.388; PHPSESSID=hbrnejlt59ukh7niq758l1uf08; monitor_count=162',
  'accept-language' => 'zh-CN,zh;q=0.8',
  'accept-encoding' => 'gzip, deflate',
  'referer' => 'http://webbof.ewtouch.com/zh/business_up.html',
  'content-type' => 'application/x-www-form-urlencoded; charset=UTF-8',
  'user-agent' => 'Mozilla/5.0 (Windows NT 10.0; WOW64) AppleWebKit/537.36 (KHTML, like Gecko) Chrome/55.0.2883.87 Safari/537.36',
  'origin' => 'http://webbof.ewtouch.com',
  'accept' => 'application/json, text/javascript, */*; q=0.01',
  'content-length' => '7',
  'connection' => 'keep-alive',
  'host' => 'apibof.ewtouch.com',
)
[ info ] [ PARAM ] array (
  'class' => '1',
)
[ info ] [ DB ] INIT mysql
[ info ] [ SESSION ] INIT array (
  'id' => '',
  'var_session_id' => '',
  'prefix' => 'think',
  'type' => '',
  'auto_start' => true,
  'httponly' => true,
  'secure' => false,
)
[ info ] [ RUN ] app\home\controller\Users->DoUpgrade[ /www/wwwroot/bof.com/application/home/controller/Users.php ]
[ info ] [ CACHE ] INIT file
[ info ] [ LOG ] INIT File
[ sql ] [ DB ] CONNECT:[ UseTime:0.000495s ] mysql:dbname=bof_com;host=121.42.251.110;port=3306;charset=utf8
[ sql ] [ SQL ] SHOW COLUMNS FROM `sql_config` [ RunTime:0.001051s ]
[ sql ] [ SQL ] SELECT `value` FROM `sql_config` WHERE  `name` = 'pu_straight' LIMIT 1 [ RunTime:0.000338s ]
[ sql ] [ SQL ] SELECT `value` FROM `sql_config` WHERE  `name` = 'pu_straight' LIMIT 1 [ RunTime:0.000246s ]
[ sql ] [ SQL ] SELECT `value` FROM `sql_config` WHERE  `name` = 'yin_straight' LIMIT 1 [ RunTime:0.000237s ]
[ sql ] [ SQL ] SELECT `value` FROM `sql_config` WHERE  `name` = 'jin_straight' LIMIT 1 [ RunTime:0.000215s ]
[ sql ] [ SQL ] SELECT `value` FROM `sql_config` WHERE  `name` = 'baijin_straight' LIMIT 1 [ RunTime:0.000228s ]
[ sql ] [ SQL ] SELECT `value` FROM `sql_config` WHERE  `name` = 'heijin_straight' LIMIT 1 [ RunTime:0.000221s ]
[ sql ] [ SQL ] SELECT `value` FROM `sql_config` WHERE  `name` = 'zuan_straight' LIMIT 1 [ RunTime:0.000228s ]
[ sql ] [ SQL ] SELECT `value` FROM `sql_config` WHERE  `name` = 'lanzuan_straight' LIMIT 1 [ RunTime:0.000206s ]
[ sql ] [ SQL ] SHOW COLUMNS FROM `sql_users` [ RunTime:0.001064s ]
[ sql ] [ SQL ] SELECT * FROM `sql_users` WHERE  `id` = 376 LIMIT 1 [ RunTime:0.000492s ]
[ sql ] [ SQL ] SELECT `bof_all`,`class`,`balance`,`reg_score` FROM `sql_users` WHERE  `id` = 376 LIMIT 1 [ RunTime:0.000239s ]
[ sql ] [ SQL ] SELECT `class` FROM `sql_users` WHERE  `pid` = 376 [ RunTime:0.000347s ]
[ sql ] [ SQL ] SHOW COLUMNS FROM `sql_user_upgrade` [ RunTime:0.000696s ]
[ sql ] [ SQL ] SELECT * FROM `sql_user_upgrade` WHERE  `uid` = 376 LIMIT 1 [ RunTime:0.000390s ]
[ sql ] [ SQL ] SELECT `class`,`reg_score`,`shopping_number` FROM `sql_users` WHERE  `id` = 376 LIMIT 1 [ RunTime:0.000222s ]
[ sql ] [ SQL ] UPDATE `sql_users`  SET `reg_score`=900,`class`=1  WHERE  `id` = 376 [ RunTime:0.000326s ]
[ sql ] [ SQL ] INSERT INTO `sql_user_upgrade` (`uid` , `truename` , `code` , `type` , `created_at` , `class` , `class_at` , `Amount` , `updated_at` , `state`) VALUES (376 , '蓝海' , 'e163' , '会员升级' , '1521192938' , 0 , 1 , 100 , '1521192938' , 1) [ RunTime:0.000272s ]
[ sql ] [ SQL ] SHOW COLUMNS FROM `sql_account` [ RunTime:0.000740s ]
[ sql ] [ SQL ] INSERT INTO `sql_account` (`uid` , `score` , `cur_score` , `remark` , `type` , `is_add` , `class` , `from_uid` , `created_at` , `source`) VALUES (376 , -100 , 900 , '会员升级' , 1 , 2 , 1 , 376 , '1521192938' , 8) [ RunTime:0.000242s ]
[ sql ] [ SQL ] SHOW COLUMNS FROM `sql_disc` [ RunTime:0.000670s ]
[ sql ] [ SQL ] SELECT `market_price` FROM `sql_disc` ORDER BY id desc LIMIT 1 [ RunTime:0.000198s ]
[ sql ] [ SQL ] SELECT `status`,`class` FROM `sql_users` WHERE  `id` = 376 LIMIT 1 [ RunTime:0.000216s ]
[ sql ] [ SQL ] SELECT COUNT(*) AS tp_count FROM `sql_disc` LIMIT 1 [ RunTime:0.000227s ]
[ sql ] [ SQL ] SELECT * FROM `sql_disc` ORDER BY `id`  desc LIMIT 1 [ RunTime:0.000193s ]
[ sql ] [ SQL ] SELECT `class`,`balance`,`id` FROM `sql_users` WHERE  `id` = 376  AND `islock` = 1 LIMIT 1 [ RunTime:0.000226s ]
[ sql ] [ SQL ] SHOW COLUMNS FROM `sql_bof_rank` [ RunTime:0.000679s ]
[ sql ] [ SQL ] SELECT * FROM `sql_bof_rank` WHERE  `uid` = 376  AND `status` = 1 LIMIT 1 [ RunTime:0.000258s ]
[ sql ] [ SQL ] SHOW COLUMNS FROM `sql_bof_issue` [ RunTime:0.000700s ]
[ sql ] [ SQL ] SELECT `bof_num`,`id` FROM `sql_bof_issue` WHERE  `status` = 1 ORDER BY `id`  desc LIMIT 1 [ RunTime:0.000216s ]
[ sql ] [ SQL ] UPDATE `sql_bof_issue`  SET `bof_num`=80253.770589744  WHERE  `id` = 64 [ RunTime:0.000241s ]
[ sql ] [ SQL ] UPDATE `sql_users`  SET `balance`=balance+160.25641025641  WHERE  `id` = 376 [ RunTime:0.000227s ]
[ sql ] [ SQL ] SELECT `balance` FROM `sql_users` WHERE  `id` = 376 LIMIT 1 [ RunTime:0.000192s ]
[ sql ] [ SQL ] INSERT INTO `sql_account` (`uid` , `cur_score` , `score` , `remark` , `class` , `is_add` , `type` , `source` , `created_at`) VALUES (376 , 160.25641 , 160.25641025641 , '系统分配bof' , 2 , 1 , 8 , 13 , '1521192938') [ RunTime:0.000217s ]
[ sql ] [ SQL ] SHOW COLUMNS FROM `sql_bof_deal` [ RunTime:0.000751s ]
[ sql ] [ SQL ] SELECT * FROM `sql_bof_deal` WHERE  `order_sn` = '2018031521192938771' LIMIT 1 [ RunTime:0.000542s ]
[ sql ] [ SQL ] INSERT INTO `sql_bof_deal` (`uid` , `order_sn` , `sell_price` , `sell_num` , `status` , `type` , `created_at` , `updated_at`) VALUES (376 , '2018031521192938771' , 0.312 , 160.25641025641 , 2 , 2 , '1521192938' , '1521192938') [ RunTime:0.000243s ]
[ sql ] [ SQL ] SELECT COUNT(*) AS tp_count FROM `sql_disc` LIMIT 1 [ RunTime:0.000229s ]
[ sql ] [ SQL ] SELECT * FROM `sql_disc` ORDER BY `id`  desc LIMIT 1 [ RunTime:0.000216s ]
[ sql ] [ SQL ] SELECT `value` FROM `sql_config` WHERE  `name` = 'market' LIMIT 1 [ RunTime:0.000255s ]
[ sql ] [ SQL ] SELECT `value` FROM `sql_config` WHERE  `name` = 'bof_all' LIMIT 1 [ RunTime:0.000221s ]
[ sql ] [ SQL ] SELECT `bof_num` FROM `sql_bof_issue` WHERE  `status` = 1 ORDER BY `id`  desc LIMIT 1 [ RunTime:0.000226s ]
[ sql ] [ SQL ] SELECT `value` FROM `sql_config` WHERE  `name` = 'current_price' LIMIT 1 [ RunTime:0.000224s ]
[ sql ] [ SQL ] SHOW COLUMNS FROM `sql_per` [ RunTime:0.000701s ]
[ sql ] [ SQL ] SELECT SUM(num) AS tp_sum FROM `sql_per` LIMIT 1 [ RunTime:0.000190s ]
[ sql ] [ SQL ] SELECT `id` FROM `sql_account` ORDER BY `id`  desc LIMIT 1 [ RunTime:0.000184s ]
[ sql ] [ SQL ] SELECT SUM(score) AS tp_sum FROM `sql_account` WHERE  `is_add` = 2  AND `source` IN (8,11) LIMIT 1 [ RunTime:0.001416s ]
[ sql ] [ SQL ] SELECT `region`,`nid` FROM `sql_users` WHERE  `id` = 376 LIMIT 1 [ RunTime:0.000224s ]
[ sql ] [ SQL ] SELECT `class`,`nid`,`region`,`left_all_ach`,`right_all_ach`,`left_ach`,`right_ach` FROM `sql_users` WHERE  `id` = 371 LIMIT 1 [ RunTime:0.000229s ]
[ sql ] [ SQL ] UPDATE `sql_users`  SET `right_all_ach`=100,`right_ach`=100  WHERE  `id` = 371 [ RunTime:0.000250s ]
[ sql ] [ SQL ] SELECT `class`,`nid`,`region`,`left_all_ach`,`right_all_ach`,`left_ach`,`right_ach` FROM `sql_users` WHERE  `id` = 0 LIMIT 1 [ RunTime:0.000225s ]
[ sql ] [ SQL ] SELECT * FROM `sql_users` WHERE  `id` = 376 LIMIT 1 [ RunTime:0.000397s ]
[ sql ] [ SQL ] SELECT `id` FROM `sql_users` WHERE  `id` = 371 LIMIT 1 [ RunTime:0.000217s ]
[ sql ] [ SQL ] SELECT `nid` FROM `sql_users` WHERE  `id` = 371 LIMIT 1 [ RunTime:0.000211s ]
[ sql ] [ SQL ] SELECT * FROM `sql_users` WHERE  `id` IN (371) [ RunTime:0.000344s ]
[ sql ] [ SQL ] UPDATE `sql_users`  SET `left_ach`=left_ach-100  WHERE  `id` = 371 [ RunTime:0.000258s ]
[ sql ] [ SQL ] UPDATE `sql_users`  SET `right_ach`=right_ach-100  WHERE  `id` = 371 [ RunTime:0.000231s ]
[ sql ] [ SQL ] SELECT `value` FROM `sql_config` WHERE  `name` = 'fourBoomPercent' LIMIT 1 [ RunTime:0.000256s ]
[ sql ] [ SQL ] SELECT `value` FROM `sql_config` WHERE  `name` = 'oneToThreePercent' LIMIT 1 [ RunTime:0.000221s ]
[ sql ] [ SQL ] SELECT SUM(score) AS tp_sum FROM `sql_account` WHERE  `uid` = 371  AND `source` = 2  AND `is_add` = 1  AND `type` = 3  AND `class` = 1  AND ( `created_at` > '1521129600' AND `created_at` < '1521215999' ) LIMIT 1 [ RunTime:0.001979s ]
[ sql ] [ SQL ] SELECT `value` FROM `sql_config` WHERE  `name` = 'fourTopBoomScore' LIMIT 1 [ RunTime:0.000256s ]
[ sql ] [ SQL ] SELECT `prize_score` FROM `sql_users` WHERE  `id` = 371 LIMIT 1 [ RunTime:0.000216s ]
[ sql ] [ SQL ] INSERT INTO `sql_account` (`uid` , `score` , `cur_score` , `remark` , `class` , `is_add` , `type` , `source` , `from_uid` , `created_at`) VALUES (371 , 4.2 , 304.2 , '平衡奖结算' , 1 , 1 , 3 , 2 , 376 , '1521192938') [ RunTime:0.000244s ]
[ sql ] [ SQL ] UPDATE `sql_users`  SET `prize_score`=prize_score+4.2  WHERE  `id` = 371 [ RunTime:0.000231s ]
[ sql ] [ SQL ] SELECT `id` FROM `sql_users` WHERE  `id` = 371 LIMIT 1 [ RunTime:0.000198s ]
[ sql ] [ SQL ] SELECT `pid` FROM `sql_users` WHERE  `id` = 371 LIMIT 1 [ RunTime:0.000188s ]
[ sql ] [ SQL ] SELECT `id` FROM `sql_users` WHERE  `id` = 366 LIMIT 1 [ RunTime:0.000184s ]
[ sql ] [ SQL ] SELECT `pid` FROM `sql_users` WHERE  `id` = 366 LIMIT 1 [ RunTime:0.000192s ]
[ sql ] [ SQL ] SELECT `id` FROM `sql_users` WHERE  `id` = 362 LIMIT 1 [ RunTime:0.000216s ]
[ sql ] [ SQL ] SELECT `pid` FROM `sql_users` WHERE  `id` = 362 LIMIT 1 [ RunTime:0.000183s ]
[ sql ] [ SQL ] SELECT `id` FROM `sql_users` WHERE  `id` = 357 LIMIT 1 [ RunTime:0.000202s ]
[ sql ] [ SQL ] SELECT `pid` FROM `sql_users` WHERE  `id` = 357 LIMIT 1 [ RunTime:0.000197s ]
[ sql ] [ SQL ] SELECT `id` FROM `sql_users` WHERE  `id` = 355 LIMIT 1 [ RunTime:0.000225s ]
[ sql ] [ SQL ] SELECT `pid` FROM `sql_users` WHERE  `id` = 355 LIMIT 1 [ RunTime:0.000212s ]
[ sql ] [ SQL ] SELECT `id` FROM `sql_users` WHERE  `id` = 345 LIMIT 1 [ RunTime:0.000192s ]
[ sql ] [ SQL ] SELECT `pid` FROM `sql_users` WHERE  `id` = 345 LIMIT 1 [ RunTime:0.000230s ]
[ sql ] [ SQL ] SELECT * FROM `sql_users` WHERE  `id` = 366 LIMIT 1 [ RunTime:0.000367s ]
[ sql ] [ SQL ] SELECT `value` FROM `sql_config` WHERE  `name` = 'sevenContributionPercent' LIMIT 1 [ RunTime:0.000272s ]
[ sql ] [ SQL ] SELECT `prize_score` FROM `sql_users` WHERE  `id` = 366 LIMIT 1 [ RunTime:0.000211s ]
[ sql ] [ SQL ] INSERT INTO `sql_account` (`uid` , `score` , `cur_score` , `remark` , `class` , `is_add` , `type` , `source` , `from_uid` , `created_at`) VALUES (366 , 0.21 , 154.21 , '贡献奖结算' , 1 , 1 , 3 , 2 , 371 , '1521192938') [ RunTime:0.000302s ]
[ sql ] [ SQL ] UPDATE `sql_users`  SET `prize_score`=prize_score+0.21  WHERE  `id` = 366 [ RunTime:0.000290s ]
[ sql ] [ SQL ] SELECT * FROM `sql_users` WHERE  `id` = 362 LIMIT 1 [ RunTime:0.000456s ]
[ sql ] [ SQL ] SELECT `value` FROM `sql_config` WHERE  `name` = 'sixContributionPercent' LIMIT 1 [ RunTime:0.000315s ]
[ sql ] [ SQL ] SELECT `prize_score` FROM `sql_users` WHERE  `id` = 362 LIMIT 1 [ RunTime:0.000253s ]
[ sql ] [ SQL ] INSERT INTO `sql_account` (`uid` , `score` , `cur_score` , `remark` , `class` , `is_add` , `type` , `source` , `from_uid` , `created_at`) VALUES (362 , 0.0105 , 863.0105 , '贡献奖结算' , 1 , 1 , 3 , 2 , 371 , '1521192938') [ RunTime:0.000287s ]
[ sql ] [ SQL ] UPDATE `sql_users`  SET `prize_score`=prize_score+0.0105  WHERE  `id` = 362 [ RunTime:0.000287s ]
[ sql ] [ SQL ] SELECT * FROM `sql_users` WHERE  `id` = 357 LIMIT 1 [ RunTime:0.000444s ]
[ sql ] [ SQL ] SELECT `value` FROM `sql_config` WHERE  `name` = 'sevenContributionPercent' LIMIT 1 [ RunTime:0.000313s ]
[ sql ] [ SQL ] SELECT `prize_score` FROM `sql_users` WHERE  `id` = 357 LIMIT 1 [ RunTime:0.000272s ]
[ sql ] [ SQL ] INSERT INTO `sql_account` (`uid` , `score` , `cur_score` , `remark` , `class` , `is_add` , `type` , `source` , `from_uid` , `created_at`) VALUES (357 , 0.000525 , 938.000525 , '贡献奖结算' , 1 , 1 , 3 , 2 , 371 , '1521192938') [ RunTime:0.000294s ]
[ sql ] [ SQL ] UPDATE `sql_users`  SET `prize_score`=prize_score+0.000525  WHERE  `id` = 357 [ RunTime:0.000289s ]
[ sql ] [ SQL ] SELECT * FROM `sql_users` WHERE  `id` = 355 LIMIT 1 [ RunTime:0.000448s ]
[ sql ] [ SQL ] SELECT `value` FROM `sql_config` WHERE  `name` = 'sevenContributionPercent' LIMIT 1 [ RunTime:0.000279s ]
[ sql ] [ SQL ] SELECT `prize_score` FROM `sql_users` WHERE  `id` = 355 LIMIT 1 [ RunTime:0.000202s ]
[ sql ] [ SQL ] INSERT INTO `sql_account` (`uid` , `score` , `cur_score` , `remark` , `class` , `is_add` , `type` , `source` , `from_uid` , `created_at`) VALUES (355 , 2.625E-5 , 2751.50002625 , '贡献奖结算' , 1 , 1 , 3 , 2 , 371 , '1521192938') [ RunTime:0.000243s ]
[ sql ] [ SQL ] UPDATE `sql_users`  SET `prize_score`=prize_score+2.625E-5  WHERE  `id` = 355 [ RunTime:0.000226s ]
[ log ] <<<--错误信息：更改用户贡献奖异常-->>>
---------------------------------------------------------------
[ 2018-03-16T17:36:02+08:00 ] 121.42.251.110 222.85.230.24 POST /home/users/DoUpgrade
[ info ] apibof.ewtouch.com/home/users/DoUpgrade [运行时间：0.072027s][吞吐率：13.88req/s] [内存消耗：3,213.85kb] [文件加载：65]
[ info ] [ LANG ] /www/wwwroot/bof.com/thinkphp/lang/zh-cn.php
[ info ] [ ROUTE ] array (
  'type' => 'module',
  'module' => 
  array (
    0 => 'home',
    1 => 'users',
    2 => 'DoUpgrade',
  ),
)
[ info ] [ HEADER ] array (
  'cookie' => '__guid=100059214.2053202350323212000.1521006449847.388; PHPSESSID=hbrnejlt59ukh7niq758l1uf08; monitor_count=162',
  'accept-language' => 'zh-CN,zh;q=0.8',
  'accept-encoding' => 'gzip, deflate',
  'referer' => 'http://webbof.ewtouch.com/zh/business_up.html',
  'content-type' => 'application/x-www-form-urlencoded; charset=UTF-8',
  'user-agent' => 'Mozilla/5.0 (Windows NT 10.0; WOW64) AppleWebKit/537.36 (KHTML, like Gecko) Chrome/55.0.2883.87 Safari/537.36',
  'origin' => 'http://webbof.ewtouch.com',
  'accept' => 'application/json, text/javascript, */*; q=0.01',
  'content-length' => '7',
  'connection' => 'keep-alive',
  'host' => 'apibof.ewtouch.com',
)
[ info ] [ PARAM ] array (
  'class' => '4',
)
[ info ] [ DB ] INIT mysql
[ info ] [ SESSION ] INIT array (
  'id' => '',
  'var_session_id' => '',
  'prefix' => 'think',
  'type' => '',
  'auto_start' => true,
  'httponly' => true,
  'secure' => false,
)
[ info ] [ RUN ] app\home\controller\Users->DoUpgrade[ /www/wwwroot/bof.com/application/home/controller/Users.php ]
[ info ] [ CACHE ] INIT file
[ info ] [ LOG ] INIT File
[ sql ] [ DB ] CONNECT:[ UseTime:0.000480s ] mysql:dbname=bof_com;host=121.42.251.110;port=3306;charset=utf8
[ sql ] [ SQL ] SHOW COLUMNS FROM `sql_config` [ RunTime:0.001014s ]
[ sql ] [ SQL ] SELECT `value` FROM `sql_config` WHERE  `name` = 'pu_straight' LIMIT 1 [ RunTime:0.000323s ]
[ sql ] [ SQL ] SELECT `value` FROM `sql_config` WHERE  `name` = 'pu_straight' LIMIT 1 [ RunTime:0.000281s ]
[ sql ] [ SQL ] SELECT `value` FROM `sql_config` WHERE  `name` = 'yin_straight' LIMIT 1 [ RunTime:0.000259s ]
[ sql ] [ SQL ] SELECT `value` FROM `sql_config` WHERE  `name` = 'jin_straight' LIMIT 1 [ RunTime:0.000216s ]
[ sql ] [ SQL ] SELECT `value` FROM `sql_config` WHERE  `name` = 'baijin_straight' LIMIT 1 [ RunTime:0.000209s ]
[ sql ] [ SQL ] SELECT `value` FROM `sql_config` WHERE  `name` = 'heijin_straight' LIMIT 1 [ RunTime:0.000216s ]
[ sql ] [ SQL ] SELECT `value` FROM `sql_config` WHERE  `name` = 'zuan_straight' LIMIT 1 [ RunTime:0.000222s ]
[ sql ] [ SQL ] SELECT `value` FROM `sql_config` WHERE  `name` = 'lanzuan_straight' LIMIT 1 [ RunTime:0.000230s ]
[ sql ] [ SQL ] SHOW COLUMNS FROM `sql_users` [ RunTime:0.001062s ]
[ sql ] [ SQL ] SELECT * FROM `sql_users` WHERE  `id` = 376 LIMIT 1 [ RunTime:0.000498s ]
[ sql ] [ SQL ] SELECT `bof_all`,`class`,`balance`,`reg_score` FROM `sql_users` WHERE  `id` = 376 LIMIT 1 [ RunTime:0.000239s ]
[ sql ] [ SQL ] SELECT `class` FROM `sql_users` WHERE  `pid` = 376 [ RunTime:0.000341s ]
[ sql ] [ SQL ] SHOW COLUMNS FROM `sql_user_upgrade` [ RunTime:0.000687s ]
[ sql ] [ SQL ] SELECT * FROM `sql_user_upgrade` WHERE  `uid` = 376 LIMIT 1 [ RunTime:0.000392s ]
[ sql ] [ SQL ] SELECT `class`,`reg_score`,`shopping_number` FROM `sql_users` WHERE  `id` = 376 LIMIT 1 [ RunTime:0.000216s ]
[ sql ] [ SQL ] UPDATE `sql_users`  SET `reg_score`=0,`class`=4  WHERE  `id` = 376 [ RunTime:0.000303s ]
[ sql ] [ SQL ] INSERT INTO `sql_user_upgrade` (`uid` , `truename` , `code` , `type` , `created_at` , `class` , `class_at` , `Amount` , `updated_at` , `state`) VALUES (376 , '蓝海' , 'e163' , '会员升级' , '1521192962' , 1 , 4 , 900 , '1521192962' , 1) [ RunTime:0.000230s ]
[ sql ] [ SQL ] SHOW COLUMNS FROM `sql_account` [ RunTime:0.000712s ]
[ sql ] [ SQL ] INSERT INTO `sql_account` (`uid` , `score` , `cur_score` , `remark` , `type` , `is_add` , `class` , `from_uid` , `created_at` , `source`) VALUES (376 , -900 , 0 , '会员升级' , 1 , 2 , 1 , 376 , '1521192962' , 8) [ RunTime:0.000232s ]
[ sql ] [ SQL ] SHOW COLUMNS FROM `sql_disc` [ RunTime:0.000646s ]
[ sql ] [ SQL ] SELECT `market_price` FROM `sql_disc` ORDER BY id desc LIMIT 1 [ RunTime:0.000192s ]
[ sql ] [ SQL ] SELECT `status`,`class` FROM `sql_users` WHERE  `id` = 376 LIMIT 1 [ RunTime:0.000215s ]
[ sql ] [ SQL ] SELECT COUNT(*) AS tp_count FROM `sql_disc` LIMIT 1 [ RunTime:0.000220s ]
[ sql ] [ SQL ] SELECT * FROM `sql_disc` ORDER BY `id`  desc LIMIT 1 [ RunTime:0.000199s ]
[ sql ] [ SQL ] SELECT `class`,`balance`,`id` FROM `sql_users` WHERE  `id` = 376  AND `islock` = 1 LIMIT 1 [ RunTime:0.000235s ]
[ sql ] [ SQL ] SHOW COLUMNS FROM `sql_bof_rank` [ RunTime:0.000692s ]
[ sql ] [ SQL ] SELECT * FROM `sql_bof_rank` WHERE  `uid` = 376  AND `status` = 1 LIMIT 1 [ RunTime:0.000269s ]
[ sql ] [ SQL ] SHOW COLUMNS FROM `sql_bof_issue` [ RunTime:0.000669s ]
[ sql ] [ SQL ] SELECT `bof_num`,`id` FROM `sql_bof_issue` WHERE  `status` = 1 ORDER BY `id`  desc LIMIT 1 [ RunTime:0.000208s ]
[ sql ] [ SQL ] UPDATE `sql_bof_issue`  SET `bof_num`=78638.385974615  WHERE  `id` = 64 [ RunTime:0.000233s ]
[ sql ] [ SQL ] UPDATE `sql_users`  SET `balance`=balance+1615.3846153846  WHERE  `id` = 376 [ RunTime:0.000287s ]
[ sql ] [ SQL ] SELECT `balance` FROM `sql_users` WHERE  `id` = 376 LIMIT 1 [ RunTime:0.000214s ]
[ sql ] [ SQL ] INSERT INTO `sql_account` (`uid` , `cur_score` , `score` , `remark` , `class` , `is_add` , `type` , `source` , `created_at`) VALUES (376 , 1775.641025 , 1615.3846153846 , '系统分配bof' , 2 , 1 , 8 , 13 , '1521192962') [ RunTime:0.000247s ]
[ sql ] [ SQL ] SHOW COLUMNS FROM `sql_bof_deal` [ RunTime:0.000734s ]
[ sql ] [ SQL ] SELECT * FROM `sql_bof_deal` WHERE  `order_sn` = '2018031521192962255' LIMIT 1 [ RunTime:0.000561s ]
[ sql ] [ SQL ] INSERT INTO `sql_bof_deal` (`uid` , `order_sn` , `sell_price` , `sell_num` , `status` , `type` , `created_at` , `updated_at`) VALUES (376 , '2018031521192962255' , 0.312 , 1615.3846153846 , 2 , 2 , '1521192962' , '1521192962') [ RunTime:0.000289s ]
[ sql ] [ SQL ] SELECT COUNT(*) AS tp_count FROM `sql_disc` LIMIT 1 [ RunTime:0.000215s ]
[ sql ] [ SQL ] SELECT * FROM `sql_disc` ORDER BY `id`  desc LIMIT 1 [ RunTime:0.000196s ]
[ sql ] [ SQL ] SELECT `value` FROM `sql_config` WHERE  `name` = 'market' LIMIT 1 [ RunTime:0.000246s ]
[ sql ] [ SQL ] SELECT `value` FROM `sql_config` WHERE  `name` = 'bof_all' LIMIT 1 [ RunTime:0.000227s ]
[ sql ] [ SQL ] SELECT `bof_num` FROM `sql_bof_issue` WHERE  `status` = 1 ORDER BY `id`  desc LIMIT 1 [ RunTime:0.000202s ]
[ sql ] [ SQL ] SELECT `value` FROM `sql_config` WHERE  `name` = 'current_price' LIMIT 1 [ RunTime:0.000216s ]
[ sql ] [ SQL ] SHOW COLUMNS FROM `sql_per` [ RunTime:0.000636s ]
[ sql ] [ SQL ] SELECT SUM(num) AS tp_sum FROM `sql_per` LIMIT 1 [ RunTime:0.000181s ]
[ sql ] [ SQL ] SELECT `id` FROM `sql_account` ORDER BY `id`  desc LIMIT 1 [ RunTime:0.000167s ]
[ sql ] [ SQL ] SELECT SUM(score) AS tp_sum FROM `sql_account` WHERE  `is_add` = 2  AND `source` IN (8,11) LIMIT 1 [ RunTime:0.001388s ]
[ sql ] [ SQL ] SELECT `region`,`nid` FROM `sql_users` WHERE  `id` = 376 LIMIT 1 [ RunTime:0.000223s ]
[ sql ] [ SQL ] SELECT `class`,`nid`,`region`,`left_all_ach`,`right_all_ach`,`left_ach`,`right_ach` FROM `sql_users` WHERE  `id` = 371 LIMIT 1 [ RunTime:0.000216s ]
[ sql ] [ SQL ] UPDATE `sql_users`  SET `right_all_ach`=1100,`right_ach`=1100  WHERE  `id` = 371 [ RunTime:0.000237s ]
[ sql ] [ SQL ] SELECT `class`,`nid`,`region`,`left_all_ach`,`right_all_ach`,`left_ach`,`right_ach` FROM `sql_users` WHERE  `id` = 0 LIMIT 1 [ RunTime:0.000228s ]
[ sql ] [ SQL ] SELECT * FROM `sql_users` WHERE  `id` = 376 LIMIT 1 [ RunTime:0.000366s ]
[ sql ] [ SQL ] SELECT `id` FROM `sql_users` WHERE  `id` = 371 LIMIT 1 [ RunTime:0.000204s ]
[ sql ] [ SQL ] SELECT `nid` FROM `sql_users` WHERE  `id` = 371 LIMIT 1 [ RunTime:0.000203s ]
[ sql ] [ SQL ] SELECT * FROM `sql_users` WHERE  `id` IN (371) [ RunTime:0.000332s ]
[ sql ] [ SQL ] UPDATE `sql_users`  SET `left_ach`=left_ach-1100  WHERE  `id` = 371 [ RunTime:0.000235s ]
[ sql ] [ SQL ] UPDATE `sql_users`  SET `right_ach`=right_ach-1100  WHERE  `id` = 371 [ RunTime:0.000232s ]
[ sql ] [ SQL ] SELECT `value` FROM `sql_config` WHERE  `name` = 'fourBoomPercent' LIMIT 1 [ RunTime:0.000235s ]
[ sql ] [ SQL ] SELECT `value` FROM `sql_config` WHERE  `name` = 'oneToThreePercent' LIMIT 1 [ RunTime:0.000232s ]
[ sql ] [ SQL ] SELECT SUM(score) AS tp_sum FROM `sql_account` WHERE  `uid` = 371  AND `source` = 2  AND `is_add` = 1  AND `type` = 3  AND `class` = 1  AND ( `created_at` > '1521129600' AND `created_at` < '1521215999' ) LIMIT 1 [ RunTime:0.001959s ]
[ sql ] [ SQL ] SELECT `value` FROM `sql_config` WHERE  `name` = 'fourTopBoomScore' LIMIT 1 [ RunTime:0.000221s ]
[ sql ] [ SQL ] SELECT `prize_score` FROM `sql_users` WHERE  `id` = 371 LIMIT 1 [ RunTime:0.000196s ]
[ sql ] [ SQL ] INSERT INTO `sql_account` (`uid` , `score` , `cur_score` , `remark` , `class` , `is_add` , `type` , `source` , `from_uid` , `created_at`) VALUES (371 , 46.2 , 352.2 , '平衡奖结算' , 1 , 1 , 3 , 2 , 376 , '1521192962') [ RunTime:0.000235s ]
[ sql ] [ SQL ] UPDATE `sql_users`  SET `prize_score`=prize_score+46.2  WHERE  `id` = 371 [ RunTime:0.000269s ]
[ sql ] [ SQL ] SELECT `id` FROM `sql_users` WHERE  `id` = 371 LIMIT 1 [ RunTime:0.000230s ]
[ sql ] [ SQL ] SELECT `pid` FROM `sql_users` WHERE  `id` = 371 LIMIT 1 [ RunTime:0.000194s ]
[ sql ] [ SQL ] SELECT `id` FROM `sql_users` WHERE  `id` = 366 LIMIT 1 [ RunTime:0.000198s ]
[ sql ] [ SQL ] SELECT `pid` FROM `sql_users` WHERE  `id` = 366 LIMIT 1 [ RunTime:0.000211s ]
[ sql ] [ SQL ] SELECT `id` FROM `sql_users` WHERE  `id` = 362 LIMIT 1 [ RunTime:0.000189s ]
[ sql ] [ SQL ] SELECT `pid` FROM `sql_users` WHERE  `id` = 362 LIMIT 1 [ RunTime:0.000194s ]
[ sql ] [ SQL ] SELECT `id` FROM `sql_users` WHERE  `id` = 357 LIMIT 1 [ RunTime:0.000215s ]
[ sql ] [ SQL ] SELECT `pid` FROM `sql_users` WHERE  `id` = 357 LIMIT 1 [ RunTime:0.000182s ]
[ sql ] [ SQL ] SELECT `id` FROM `sql_users` WHERE  `id` = 355 LIMIT 1 [ RunTime:0.000276s ]
[ sql ] [ SQL ] SELECT `pid` FROM `sql_users` WHERE  `id` = 355 LIMIT 1 [ RunTime:0.000210s ]
[ sql ] [ SQL ] SELECT `id` FROM `sql_users` WHERE  `id` = 345 LIMIT 1 [ RunTime:0.000191s ]
[ sql ] [ SQL ] SELECT `pid` FROM `sql_users` WHERE  `id` = 345 LIMIT 1 [ RunTime:0.000187s ]
[ sql ] [ SQL ] SELECT * FROM `sql_users` WHERE  `id` = 366 LIMIT 1 [ RunTime:0.000354s ]
[ sql ] [ SQL ] SELECT `value` FROM `sql_config` WHERE  `name` = 'sevenContributionPercent' LIMIT 1 [ RunTime:0.000259s ]
[ sql ] [ SQL ] SELECT `prize_score` FROM `sql_users` WHERE  `id` = 366 LIMIT 1 [ RunTime:0.000206s ]
[ sql ] [ SQL ] INSERT INTO `sql_account` (`uid` , `score` , `cur_score` , `remark` , `class` , `is_add` , `type` , `source` , `from_uid` , `created_at`) VALUES (366 , 2.31 , 157.31 , '贡献奖结算' , 1 , 1 , 3 , 2 , 371 , '1521192962') [ RunTime:0.000239s ]
[ sql ] [ SQL ] UPDATE `sql_users`  SET `prize_score`=prize_score+2.31  WHERE  `id` = 366 [ RunTime:0.000242s ]
[ sql ] [ SQL ] SELECT * FROM `sql_users` WHERE  `id` = 362 LIMIT 1 [ RunTime:0.000334s ]
[ sql ] [ SQL ] SELECT `value` FROM `sql_config` WHERE  `name` = 'sixContributionPercent' LIMIT 1 [ RunTime:0.000293s ]
[ sql ] [ SQL ] SELECT `prize_score` FROM `sql_users` WHERE  `id` = 362 LIMIT 1 [ RunTime:0.000203s ]
[ sql ] [ SQL ] INSERT INTO `sql_account` (`uid` , `score` , `cur_score` , `remark` , `class` , `is_add` , `type` , `source` , `from_uid` , `created_at`) VALUES (362 , 0.1155 , 864.1155 , '贡献奖结算' , 1 , 1 , 3 , 2 , 371 , '1521192962') [ RunTime:0.000241s ]
[ sql ] [ SQL ] UPDATE `sql_users`  SET `prize_score`=prize_score+0.1155  WHERE  `id` = 362 [ RunTime:0.000241s ]
[ sql ] [ SQL ] SELECT * FROM `sql_users` WHERE  `id` = 357 LIMIT 1 [ RunTime:0.000341s ]
[ sql ] [ SQL ] SELECT `value` FROM `sql_config` WHERE  `name` = 'sevenContributionPercent' LIMIT 1 [ RunTime:0.000269s ]
[ sql ] [ SQL ] SELECT `prize_score` FROM `sql_users` WHERE  `id` = 357 LIMIT 1 [ RunTime:0.000201s ]
[ sql ] [ SQL ] INSERT INTO `sql_account` (`uid` , `score` , `cur_score` , `remark` , `class` , `is_add` , `type` , `source` , `from_uid` , `created_at`) VALUES (357 , 0.005775 , 938.505775 , '贡献奖结算' , 1 , 1 , 3 , 2 , 371 , '1521192962') [ RunTime:0.000262s ]
[ sql ] [ SQL ] UPDATE `sql_users`  SET `prize_score`=prize_score+0.005775  WHERE  `id` = 357 [ RunTime:0.000230s ]
[ sql ] [ SQL ] SELECT * FROM `sql_users` WHERE  `id` = 355 LIMIT 1 [ RunTime:0.000335s ]
[ sql ] [ SQL ] SELECT `value` FROM `sql_config` WHERE  `name` = 'sevenContributionPercent' LIMIT 1 [ RunTime:0.000242s ]
[ sql ] [ SQL ] SELECT `prize_score` FROM `sql_users` WHERE  `id` = 355 LIMIT 1 [ RunTime:0.000193s ]
[ sql ] [ SQL ] INSERT INTO `sql_account` (`uid` , `score` , `cur_score` , `remark` , `class` , `is_add` , `type` , `source` , `from_uid` , `created_at`) VALUES (355 , 0.00028875 , 2752.00028875 , '贡献奖结算' , 1 , 1 , 3 , 2 , 371 , '1521192962') [ RunTime:0.000221s ]
[ sql ] [ SQL ] UPDATE `sql_users`  SET `prize_score`=prize_score+0.00028875  WHERE  `id` = 355 [ RunTime:0.000229s ]
[ sql ] [ SQL ] SELECT * FROM `sql_users` WHERE  `id` = 345 LIMIT 1 [ RunTime:0.000346s ]
[ log ] <<<碰撞完成 新人id：376--手机号：18185521108 --碰撞金额：1100---配比率：0.6---获奖人id：371--碰撞时间：2018-03-16 17:36:021521192962>>>
---------------------------------------------------------------
[ 2018-03-16T18:04:46+08:00 ] 121.42.251.110 115.57.131.218 POST /home/register/dofourstep
[ info ] apibof.ewtouch.com/home/register/dofourstep [运行时间：0.096294s][吞吐率：10.38req/s] [内存消耗：2,952.45kb] [文件加载：62]
[ info ] [ LANG ] /www/wwwroot/bof.com/thinkphp/lang/zh-cn.php
[ info ] [ ROUTE ] array (
  'type' => 'module',
  'module' => 
  array (
    0 => 'home',
    1 => 'register',
    2 => 'dofourstep',
  ),
)
[ info ] [ HEADER ] array (
  'cookie' => 'pgv_pvi=3596337152; PHPSESSID=3682f9n5pjpa7u9c559tph5j41',
  'accept-language' => 'zh-CN,zh;q=0.9',
  'accept-encoding' => 'gzip, deflate',
  'referer' => 'http://webbof.ewtouch.com/zh/register4.html?id=3',
  'content-type' => 'application/x-www-form-urlencoded; charset=UTF-8',
  'user-agent' => 'Mozilla/5.0 (Windows NT 6.1; WOW64) AppleWebKit/537.36 (KHTML, like Gecko) Chrome/63.0.3239.84 Safari/537.36',
  'origin' => 'http://webbof.ewtouch.com',
  'accept' => 'application/json, text/javascript, */*; q=0.01',
  'content-length' => '96',
  'connection' => 'keep-alive',
  'host' => 'apibof.ewtouch.com',
)
[ info ] [ PARAM ] array (
  'id' => '3',
  'videourl' => 'http://webbof.ewtouch.com/headimg/2018031618044618160000003342282325.mp4',
)
[ info ] [ DB ] INIT mysql
[ info ] [ RUN ] app\home\controller\Register->dofourstep[ /www/wwwroot/bof.com/application/home/controller/Register.php ]
[ info ] [ SESSION ] INIT array (
  'id' => '',
  'var_session_id' => '',
  'prefix' => 'think',
  'type' => '',
  'auto_start' => true,
  'httponly' => true,
  'secure' => false,
)
[ info ] [ CACHE ] INIT file
[ info ] [ LOG ] INIT File
[ sql ] [ DB ] CONNECT:[ UseTime:0.000544s ] mysql:dbname=bof_com;host=121.42.251.110;port=3306;charset=utf8
[ sql ] [ SQL ] SHOW COLUMNS FROM `sql_config` [ RunTime:0.001054s ]
[ sql ] [ SQL ] SELECT `value` FROM `sql_config` WHERE  `name` = 'pu_straight' LIMIT 1 [ RunTime:0.000347s ]
[ sql ] [ SQL ] SELECT `value` FROM `sql_config` WHERE  `name` = 'pu_straight' LIMIT 1 [ RunTime:0.000263s ]
[ sql ] [ SQL ] SELECT `value` FROM `sql_config` WHERE  `name` = 'yin_straight' LIMIT 1 [ RunTime:0.000223s ]
[ sql ] [ SQL ] SELECT `value` FROM `sql_config` WHERE  `name` = 'jin_straight' LIMIT 1 [ RunTime:0.000228s ]
[ sql ] [ SQL ] SELECT `value` FROM `sql_config` WHERE  `name` = 'baijin_straight' LIMIT 1 [ RunTime:0.000222s ]
[ sql ] [ SQL ] SELECT `value` FROM `sql_config` WHERE  `name` = 'heijin_straight' LIMIT 1 [ RunTime:0.000266s ]
[ sql ] [ SQL ] SELECT `value` FROM `sql_config` WHERE  `name` = 'zuan_straight' LIMIT 1 [ RunTime:0.000263s ]
[ sql ] [ SQL ] SELECT `value` FROM `sql_config` WHERE  `name` = 'lanzuan_straight' LIMIT 1 [ RunTime:0.000233s ]
[ sql ] [ SQL ] SHOW COLUMNS FROM `sql_users` [ RunTime:0.001065s ]
[ sql ] [ SQL ] SELECT `id` FROM `sql_users` WHERE  `id` = 376 LIMIT 1 [ RunTime:0.000279s ]
[ sql ] [ SQL ] SELECT `id`,`region` FROM `sql_users` WHERE  `nid` = 376  AND `region` = 1 LIMIT 1 [ RunTime:0.000385s ]
[ sql ] [ SQL ] SELECT `all_nid` FROM `sql_users` WHERE  `id` = 376 LIMIT 1 [ RunTime:0.000208s ]
[ sql ] [ SQL ] SELECT `reg_score` FROM `sql_users` WHERE  `id` = 377 LIMIT 1 [ RunTime:0.000214s ]
[ sql ] [ SQL ] SELECT `value` FROM `sql_config` WHERE  `name` = 'register' LIMIT 1 [ RunTime:0.000262s ]
[ sql ] [ SQL ] UPDATE `sql_users`  SET `password`='e10adc3949ba59abbe56e057f20f883e',`phone`='15290809875',`code`='cs001',`two_password`='e10adc3949ba59abbe56e057f20f883e',`cascade`=1,`bd_id`='xxxx',`region`=1,`class_reg`=6,`class`=6,`pid`=376,`all_pid`='0,140,163,176,182,194,195,197,200,202,203,204,205,206,207,208,209,210,216,227,232,233,287,290,292,299,326,327,343,345,355,357,362,366,371,376,',`all_nid`=',371,376,',`nid`=376,`pattern`=0,`nids`=376,`truename`='啊啊啊',`identity`='999999999999999999',`bank_name`='152908098',`bank_account`='123123',`bank_user`='123',`bank_branch`='',`zhifubao`='',`weixin`='',`videourl`='/headimg/2018031618044618160000003342282325.mp4',`created_at`='1521194686',`step`=4,`nickname`='BOF_QPVJas6',`status`=1  WHERE  `id` = 377 [ RunTime:0.003928s ]
[ sql ] [ SQL ] UPDATE `sql_users`  SET `reg_score`=0,`updated_at`='1521194686'  WHERE  `id` = 377 [ RunTime:0.002466s ]
[ sql ] [ SQL ] SHOW COLUMNS FROM `sql_account` [ RunTime:0.000773s ]
[ sql ] [ SQL ] INSERT INTO `sql_account` (`score` , `cur_score` , `remark` , `class` , `is_add` , `type` , `uid` , `source` , `created_at`) VALUES (-5000 , 0 , '激活用户' , 1 , 2 , 1 , 377 , 11 , '1521194686') [ RunTime:0.003908s ]
[ sql ] [ SQL ] SHOW COLUMNS FROM `sql_disc` [ RunTime:0.000687s ]
[ sql ] [ SQL ] SELECT COUNT(*) AS tp_count FROM `sql_disc` LIMIT 1 [ RunTime:0.000230s ]
[ sql ] [ SQL ] SELECT * FROM `sql_disc` ORDER BY `id`  desc LIMIT 1 [ RunTime:0.000217s ]
[ sql ] [ SQL ] SELECT COUNT(*) AS tp_count FROM `sql_disc` LIMIT 1 [ RunTime:0.000221s ]
[ sql ] [ SQL ] SELECT * FROM `sql_disc` ORDER BY `id`  desc LIMIT 1 [ RunTime:0.000215s ]
[ sql ] [ SQL ] SELECT `class`,`balance`,`id` FROM `sql_users` WHERE  `id` = 377  AND `islock` = 1 LIMIT 1 [ RunTime:0.000265s ]
[ sql ] [ SQL ] SHOW COLUMNS FROM `sql_bof_rank` [ RunTime:0.000676s ]
[ sql ] [ SQL ] SELECT * FROM `sql_bof_rank` WHERE  `uid` = 377  AND `status` = 1 LIMIT 1 [ RunTime:0.000291s ]
[ sql ] [ SQL ] SHOW COLUMNS FROM `sql_bof_issue` [ RunTime:0.000688s ]
[ sql ] [ SQL ] SELECT `bof_num`,`id` FROM `sql_bof_issue` WHERE  `status` = 1 ORDER BY `id`  desc LIMIT 1 [ RunTime:0.000248s ]
[ sql ] [ SQL ] UPDATE `sql_bof_issue`  SET `bof_num`=29056.223956  WHERE  `id` = 65 [ RunTime:0.002830s ]
[ sql ] [ SQL ] UPDATE `sql_users`  SET `balance`=balance+9615.384615  WHERE  `id` = 377 [ RunTime:0.002417s ]
[ sql ] [ SQL ] SELECT `balance` FROM `sql_users` WHERE  `id` = 377 LIMIT 1 [ RunTime:0.000235s ]
[ sql ] [ SQL ] INSERT INTO `sql_account` (`uid` , `cur_score` , `score` , `remark` , `class` , `is_add` , `type` , `source` , `created_at`) VALUES (377 , 9615.384615 , 9615.384615 , '系统分配bof' , 2 , 1 , 8 , 13 , '1521194686') [ RunTime:0.002817s ]
[ sql ] [ SQL ] SHOW COLUMNS FROM `sql_bof_deal` [ RunTime:0.000786s ]
[ sql ] [ SQL ] SELECT * FROM `sql_bof_deal` WHERE  `order_sn` = '2018031521194686292' LIMIT 1 [ RunTime:0.000610s ]
[ sql ] [ SQL ] INSERT INTO `sql_bof_deal` (`uid` , `order_sn` , `sell_price` , `sell_num` , `status` , `type` , `created_at` , `updated_at`) VALUES (377 , '2018031521194686292' , 0.312 , 9615.384615 , 2 , 2 , '1521194686' , '1521194686') [ RunTime:0.003107s ]
[ sql ] [ SQL ] SELECT `region`,`nid` FROM `sql_users` WHERE  `id` = 377 LIMIT 1 [ RunTime:0.000418s ]
[ sql ] [ SQL ] SELECT `class`,`nid`,`region`,`left_all_ach`,`right_all_ach`,`left_ach`,`right_ach` FROM `sql_users` WHERE  `id` = 376 LIMIT 1 [ RunTime:0.000256s ]
[ sql ] [ SQL ] UPDATE `sql_users`  SET `left_all_ach`=5000,`left_ach`=5000  WHERE  `id` = 376 [ RunTime:0.003352s ]
[ sql ] [ SQL ] SELECT `class`,`nid`,`region`,`left_all_ach`,`right_all_ach`,`left_ach`,`right_ach` FROM `sql_users` WHERE  `id` = 371 LIMIT 1 [ RunTime:0.000263s ]
[ sql ] [ SQL ] UPDATE `sql_users`  SET `right_all_ach`=6100,`right_ach`=5000  WHERE  `id` = 371 [ RunTime:0.002775s ]
[ sql ] [ SQL ] SELECT `class`,`nid`,`region`,`left_all_ach`,`right_all_ach`,`left_ach`,`right_ach` FROM `sql_users` WHERE  `id` = 0 LIMIT 1 [ RunTime:0.000251s ]
[ sql ] [ SQL ] SELECT * FROM `sql_users` WHERE  `id` = 377 LIMIT 1 [ RunTime:0.000501s ]
[ sql ] [ SQL ] SELECT `id` FROM `sql_users` WHERE  `id` = 376 LIMIT 1 [ RunTime:0.000224s ]
[ sql ] [ SQL ] SELECT `nid` FROM `sql_users` WHERE  `id` = 376 LIMIT 1 [ RunTime:0.000288s ]
[ sql ] [ SQL ] SELECT `id` FROM `sql_users` WHERE  `id` = 371 LIMIT 1 [ RunTime:0.000239s ]
[ sql ] [ SQL ] SELECT `nid` FROM `sql_users` WHERE  `id` = 371 LIMIT 1 [ RunTime:0.000210s ]
[ sql ] [ SQL ] SELECT * FROM `sql_users` WHERE  `id` IN (376,371) [ RunTime:0.000409s ]
[ sql ] [ SQL ] UPDATE `sql_users`  SET `left_ach`=left_ach-3900  WHERE  `id` = 371 [ RunTime:0.000282s ]
[ sql ] [ SQL ] UPDATE `sql_users`  SET `right_ach`=right_ach-3900  WHERE  `id` = 371 [ RunTime:0.000238s ]
[ sql ] [ SQL ] SELECT `value` FROM `sql_config` WHERE  `name` = 'fourBoomPercent' LIMIT 1 [ RunTime:0.000279s ]
[ sql ] [ SQL ] SELECT `value` FROM `sql_config` WHERE  `name` = 'oneToThreePercent' LIMIT 1 [ RunTime:0.000239s ]
[ sql ] [ SQL ] SELECT SUM(score) AS tp_sum FROM `sql_account` WHERE  `uid` = 371  AND `source` = 2  AND `is_add` = 1  AND `type` = 3  AND `class` = 1  AND ( `created_at` > '1521129600' AND `created_at` < '1521215999' ) LIMIT 1 [ RunTime:0.002056s ]
[ sql ] [ SQL ] SELECT `value` FROM `sql_config` WHERE  `name` = 'fourTopBoomScore' LIMIT 1 [ RunTime:0.000253s ]
[ sql ] [ SQL ] SELECT `prize_score` FROM `sql_users` WHERE  `id` = 371 LIMIT 1 [ RunTime:0.000224s ]
[ sql ] [ SQL ] INSERT INTO `sql_account` (`uid` , `score` , `cur_score` , `remark` , `class` , `is_add` , `type` , `source` , `from_uid` , `created_at`) VALUES (371 , 163.8 , 570.000012 , '平衡奖结算' , 1 , 1 , 3 , 2 , 377 , '1521194686') [ RunTime:0.000315s ]
[ sql ] [ SQL ] UPDATE `sql_users`  SET `prize_score`=prize_score+163.8  WHERE  `id` = 371 [ RunTime:0.000295s ]
[ sql ] [ SQL ] SELECT `id` FROM `sql_users` WHERE  `id` = 371 LIMIT 1 [ RunTime:0.000238s ]
[ sql ] [ SQL ] SELECT `pid` FROM `sql_users` WHERE  `id` = 371 LIMIT 1 [ RunTime:0.000220s ]
[ sql ] [ SQL ] SELECT `id` FROM `sql_users` WHERE  `id` = 366 LIMIT 1 [ RunTime:0.000223s ]
[ sql ] [ SQL ] SELECT `pid` FROM `sql_users` WHERE  `id` = 366 LIMIT 1 [ RunTime:0.000199s ]
[ sql ] [ SQL ] SELECT `id` FROM `sql_users` WHERE  `id` = 362 LIMIT 1 [ RunTime:0.000200s ]
[ sql ] [ SQL ] SELECT `pid` FROM `sql_users` WHERE  `id` = 362 LIMIT 1 [ RunTime:0.000223s ]
[ sql ] [ SQL ] SELECT `id` FROM `sql_users` WHERE  `id` = 357 LIMIT 1 [ RunTime:0.000212s ]
[ sql ] [ SQL ] SELECT `pid` FROM `sql_users` WHERE  `id` = 357 LIMIT 1 [ RunTime:0.000198s ]
[ sql ] [ SQL ] SELECT `id` FROM `sql_users` WHERE  `id` = 355 LIMIT 1 [ RunTime:0.000206s ]
[ sql ] [ SQL ] SELECT `pid` FROM `sql_users` WHERE  `id` = 355 LIMIT 1 [ RunTime:0.000207s ]
[ sql ] [ SQL ] SELECT `id` FROM `sql_users` WHERE  `id` = 345 LIMIT 1 [ RunTime:0.000202s ]
[ sql ] [ SQL ] SELECT `pid` FROM `sql_users` WHERE  `id` = 345 LIMIT 1 [ RunTime:0.000206s ]
[ sql ] [ SQL ] SELECT * FROM `sql_users` WHERE  `id` = 366 LIMIT 1 [ RunTime:0.000379s ]
[ sql ] [ SQL ] SELECT `value` FROM `sql_config` WHERE  `name` = 'sevenContributionPercent' LIMIT 1 [ RunTime:0.000272s ]
[ sql ] [ SQL ] SELECT `prize_score` FROM `sql_users` WHERE  `id` = 366 LIMIT 1 [ RunTime:0.000214s ]
[ sql ] [ SQL ] INSERT INTO `sql_account` (`uid` , `score` , `cur_score` , `remark` , `class` , `is_add` , `type` , `source` , `from_uid` , `created_at`) VALUES (366 , 8.19 , 174.499998 , '贡献奖结算' , 1 , 1 , 3 , 2 , 371 , '1521194686') [ RunTime:0.000239s ]
[ sql ] [ SQL ] UPDATE `sql_users`  SET `prize_score`=prize_score+8.19  WHERE  `id` = 366 [ RunTime:0.000250s ]
[ sql ] [ SQL ] SELECT * FROM `sql_users` WHERE  `id` = 362 LIMIT 1 [ RunTime:0.000367s ]
[ sql ] [ SQL ] SELECT `value` FROM `sql_config` WHERE  `name` = 'sixContributionPercent' LIMIT 1 [ RunTime:0.000253s ]
[ sql ] [ SQL ] SELECT `prize_score` FROM `sql_users` WHERE  `id` = 362 LIMIT 1 [ RunTime:0.000220s ]
[ sql ] [ SQL ] INSERT INTO `sql_account` (`uid` , `score` , `cur_score` , `remark` , `class` , `is_add` , `type` , `source` , `from_uid` , `created_at`) VALUES (362 , 0.4095 , 873.524979 , '贡献奖结算' , 1 , 1 , 3 , 2 , 371 , '1521194686') [ RunTime:0.000246s ]
[ sql ] [ SQL ] UPDATE `sql_users`  SET `prize_score`=prize_score+0.4095  WHERE  `id` = 362 [ RunTime:0.000253s ]
[ sql ] [ SQL ] SELECT * FROM `sql_users` WHERE  `id` = 357 LIMIT 1 [ RunTime:0.000377s ]
[ sql ] [ SQL ] SELECT `value` FROM `sql_config` WHERE  `name` = 'sevenContributionPercent' LIMIT 1 [ RunTime:0.000253s ]
[ sql ] [ SQL ] SELECT `prize_score` FROM `sql_users` WHERE  `id` = 357 LIMIT 1 [ RunTime:0.000215s ]
[ sql ] [ SQL ] INSERT INTO `sql_account` (`uid` , `score` , `cur_score` , `remark` , `class` , `is_add` , `type` , `source` , `from_uid` , `created_at`) VALUES (357 , 0.020475 , 943.026273 , '贡献奖结算' , 1 , 1 , 3 , 2 , 371 , '1521194686') [ RunTime:0.000236s ]
[ sql ] [ SQL ] UPDATE `sql_users`  SET `prize_score`=prize_score+0.020475  WHERE  `id` = 357 [ RunTime:0.000251s ]
[ sql ] [ SQL ] SELECT * FROM `sql_users` WHERE  `id` = 355 LIMIT 1 [ RunTime:0.000371s ]
[ sql ] [ SQL ] SELECT `value` FROM `sql_config` WHERE  `name` = 'sevenContributionPercent' LIMIT 1 [ RunTime:0.000257s ]
[ sql ] [ SQL ] SELECT `prize_score` FROM `sql_users` WHERE  `id` = 355 LIMIT 1 [ RunTime:0.000218s ]
[ sql ] [ SQL ] INSERT INTO `sql_account` (`uid` , `score` , `cur_score` , `remark` , `class` , `is_add` , `type` , `source` , `from_uid` , `created_at`) VALUES (355 , 0.00102375 , 2756.50126775 , '贡献奖结算' , 1 , 1 , 3 , 2 , 371 , '1521194686') [ RunTime:0.000243s ]
[ sql ] [ SQL ] UPDATE `sql_users`  SET `prize_score`=prize_score+0.00102375  WHERE  `id` = 355 [ RunTime:0.000245s ]
[ sql ] [ SQL ] SELECT * FROM `sql_users` WHERE  `id` = 345 LIMIT 1 [ RunTime:0.000358s ]
[ log ] <<<碰撞完成 新人id：377--手机号：15290809875 --碰撞金额：3900---配比率：0.6---获奖人id：371--碰撞时间：2018-03-16 18:04:461521194686>>>
