---------------------------------------------------------------
[ 2018-03-23T17:01:12+08:00 ] 121.42.251.110 115.57.132.251 POST /home/users/DoUpgrade
[ info ] apibof.ewtouch.com/home/users/DoUpgrade [运行时间：0.119264s][吞吐率：8.38req/s] [内存消耗：3,264.38kb] [文件加载：65]
[ info ] [ LANG ] /www/wwwroot/bof.com/thinkphp/lang/zh-cn.php
[ info ] [ ROUTE ] array (
  'type' => 'module',
  'module' => 
  array (
    0 => 'home',
    1 => 'users',
    2 => 'DoUpgrade',
  ),
)
[ info ] [ HEADER ] array (
  'cookie' => 'PHPSESSID=ajj7eljg615qm0r1u17f1ur4kr',
  'accept-language' => 'zh-CN,zh;q=0.9',
  'accept-encoding' => 'gzip, deflate',
  'referer' => 'http://webbof.ewtouch.com/zh/business_up.html',
  'content-type' => 'application/x-www-form-urlencoded; charset=UTF-8',
  'user-agent' => 'Mozilla/5.0 (Windows NT 10.0; Win64; x64) AppleWebKit/537.36 (KHTML, like Gecko) Chrome/62.0.3202.94 Safari/537.36',
  'origin' => 'http://webbof.ewtouch.com',
  'accept' => 'application/json, text/javascript, */*; q=0.01',
  'content-length' => '7',
  'connection' => 'keep-alive',
  'host' => 'apibof.ewtouch.com',
)
[ info ] [ PARAM ] array (
  'class' => '3',
)
[ info ] [ DB ] INIT mysql
[ info ] [ SESSION ] INIT array (
  'id' => '',
  'var_session_id' => '',
  'prefix' => 'think',
  'type' => '',
  'auto_start' => true,
  'httponly' => true,
  'secure' => false,
)
[ info ] [ RUN ] app\home\controller\Users->DoUpgrade[ /www/wwwroot/bof.com/application/home/controller/Users.php ]
[ info ] [ CACHE ] INIT file
[ info ] [ LOG ] INIT File
[ sql ] [ DB ] CONNECT:[ UseTime:0.000516s ] mysql:dbname=bof_com;host=121.42.251.110;port=3306;charset=utf8
[ sql ] [ SQL ] SHOW COLUMNS FROM `sql_config` [ RunTime:0.001024s ]
[ sql ] [ SQL ] SELECT `value` FROM `sql_config` WHERE  `name` = 'pu_straight' LIMIT 1 [ RunTime:0.000336s ]
[ sql ] [ SQL ] SELECT `value` FROM `sql_config` WHERE  `name` = 'pu_straight' LIMIT 1 [ RunTime:0.000247s ]
[ sql ] [ SQL ] SELECT `value` FROM `sql_config` WHERE  `name` = 'yin_straight' LIMIT 1 [ RunTime:0.000240s ]
[ sql ] [ SQL ] SELECT `value` FROM `sql_config` WHERE  `name` = 'jin_straight' LIMIT 1 [ RunTime:0.000218s ]
[ sql ] [ SQL ] SELECT `value` FROM `sql_config` WHERE  `name` = 'baijin_straight' LIMIT 1 [ RunTime:0.000210s ]
[ sql ] [ SQL ] SELECT `value` FROM `sql_config` WHERE  `name` = 'heijin_straight' LIMIT 1 [ RunTime:0.000226s ]
[ sql ] [ SQL ] SELECT `value` FROM `sql_config` WHERE  `name` = 'zuan_straight' LIMIT 1 [ RunTime:0.000223s ]
[ sql ] [ SQL ] SELECT `value` FROM `sql_config` WHERE  `name` = 'lanzuan_straight' LIMIT 1 [ RunTime:0.000216s ]
[ sql ] [ SQL ] SHOW COLUMNS FROM `sql_users` [ RunTime:0.001049s ]
[ sql ] [ SQL ] SELECT * FROM `sql_users` WHERE  `id` = 201 LIMIT 1 [ RunTime:0.000498s ]
[ sql ] [ SQL ] SELECT `bof_all`,`class`,`balance`,`reg_score` FROM `sql_users` WHERE  `id` = 201 LIMIT 1 [ RunTime:0.000237s ]
[ sql ] [ SQL ] SELECT `class` FROM `sql_users` WHERE  `pid` = 201 [ RunTime:0.000347s ]
[ sql ] [ SQL ] SHOW COLUMNS FROM `sql_user_upgrade` [ RunTime:0.000708s ]
[ sql ] [ SQL ] SELECT * FROM `sql_user_upgrade` WHERE  `uid` = 201 LIMIT 1 [ RunTime:0.000409s ]
[ sql ] [ SQL ] SELECT `class`,`reg_score`,`shopping_number` FROM `sql_users` WHERE  `id` = 201 LIMIT 1 [ RunTime:0.000218s ]
[ sql ] [ SQL ] UPDATE `sql_users`  SET `reg_score`=99800,`class`=3  WHERE  `id` = 201 [ RunTime:0.000319s ]
[ sql ] [ SQL ] INSERT INTO `sql_user_upgrade` (`uid` , `truename` , `code` , `type` , `created_at` , `class` , `class_at` , `Amount` , `updated_at` , `state`) VALUES (201 , 'd' , 'test007' , '会员升级' , '1521795671' , 2 , 3 , 200 , '1521795671' , 1) [ RunTime:0.000255s ]
[ sql ] [ SQL ] SHOW COLUMNS FROM `sql_account` [ RunTime:0.000739s ]
[ sql ] [ SQL ] INSERT INTO `sql_account` (`uid` , `score` , `cur_score` , `remark` , `type` , `is_add` , `class` , `from_uid` , `created_at` , `source`) VALUES (201 , -200 , 99800 , '会员升级' , 1 , 2 , 1 , 201 , '1521795671' , 8) [ RunTime:0.000243s ]
[ sql ] [ SQL ] SHOW COLUMNS FROM `sql_disc` [ RunTime:0.000668s ]
[ sql ] [ SQL ] SELECT `market_price` FROM `sql_disc` ORDER BY id desc LIMIT 1 [ RunTime:0.000205s ]
[ sql ] [ SQL ] SELECT `status`,`class` FROM `sql_users` WHERE  `id` = 201 LIMIT 1 [ RunTime:0.000216s ]
[ sql ] [ SQL ] SELECT COUNT(*) AS tp_count FROM `sql_disc` LIMIT 1 [ RunTime:0.000225s ]
[ sql ] [ SQL ] SELECT * FROM `sql_disc` ORDER BY `id`  desc LIMIT 1 [ RunTime:0.000196s ]
[ sql ] [ SQL ] SELECT `class`,`balance`,`id` FROM `sql_users` WHERE  `id` = 201  AND `islock` = 1 LIMIT 1 [ RunTime:0.000242s ]
[ sql ] [ SQL ] SHOW COLUMNS FROM `sql_bof_rank` [ RunTime:0.000697s ]
[ sql ] [ SQL ] SELECT * FROM `sql_bof_rank` WHERE  `uid` = 201  AND `status` = 1 LIMIT 1 [ RunTime:0.000274s ]
[ sql ] [ SQL ] SHOW COLUMNS FROM `sql_bof_issue` [ RunTime:0.000688s ]
[ sql ] [ SQL ] SELECT `bof_num`,`id` FROM `sql_bof_issue` WHERE  `status` = 1 ORDER BY `id`  desc LIMIT 1 [ RunTime:0.000309s ]
[ sql ] [ SQL ] UPDATE `sql_bof_issue`  SET `bof_num`=4884026.020682  WHERE  `id` = 66 [ RunTime:0.000257s ]
[ sql ] [ SQL ] UPDATE `sql_users`  SET `balance`=balance+334.365325  WHERE  `id` = 201 [ RunTime:0.000247s ]
[ sql ] [ SQL ] SELECT `balance` FROM `sql_users` WHERE  `id` = 201 LIMIT 1 [ RunTime:0.000226s ]
[ sql ] [ SQL ] INSERT INTO `sql_account` (`uid` , `cur_score` , `score` , `remark` , `class` , `is_add` , `type` , `source` , `created_at`) VALUES (201 , 1085.345325 , 334.365325 , '系统分配bof' , 2 , 1 , 8 , 13 , '1521795671') [ RunTime:0.000286s ]
[ sql ] [ SQL ] SHOW COLUMNS FROM `sql_bof_deal` [ RunTime:0.000845s ]
[ sql ] [ SQL ] SELECT * FROM `sql_bof_deal` WHERE  `order_sn` = '2018031521795671812' LIMIT 1 [ RunTime:0.000635s ]
[ sql ] [ SQL ] INSERT INTO `sql_bof_deal` (`uid` , `order_sn` , `sell_price` , `sell_num` , `status` , `type` , `created_at` , `updated_at`) VALUES (201 , '2018031521795671812' , 0.323 , 334.365325 , 2 , 2 , '1521795671' , '1521795671') [ RunTime:0.000288s ]
[ sql ] [ SQL ] SELECT COUNT(*) AS tp_count FROM `sql_disc` LIMIT 1 [ RunTime:0.000243s ]
[ sql ] [ SQL ] SELECT * FROM `sql_disc` ORDER BY `id`  desc LIMIT 1 [ RunTime:0.000213s ]
[ sql ] [ SQL ] SELECT `value` FROM `sql_config` WHERE  `name` = 'market' LIMIT 1 [ RunTime:0.000265s ]
[ sql ] [ SQL ] SELECT `value` FROM `sql_config` WHERE  `name` = 'bof_all' LIMIT 1 [ RunTime:0.000222s ]
[ sql ] [ SQL ] SELECT `bof_num` FROM `sql_bof_issue` WHERE  `status` = 1 ORDER BY `id`  desc LIMIT 1 [ RunTime:0.000232s ]
[ sql ] [ SQL ] SELECT `value` FROM `sql_config` WHERE  `name` = 'current_price' LIMIT 1 [ RunTime:0.000240s ]
[ sql ] [ SQL ] SHOW COLUMNS FROM `sql_per` [ RunTime:0.000732s ]
[ sql ] [ SQL ] SELECT SUM(num) AS tp_sum FROM `sql_per` LIMIT 1 [ RunTime:0.000202s ]
[ sql ] [ SQL ] SELECT `id` FROM `sql_account` ORDER BY `id`  desc LIMIT 1 [ RunTime:0.000200s ]
[ sql ] [ SQL ] SELECT SUM(score) AS tp_sum FROM `sql_account` WHERE  `is_add` = 2  AND `source` IN (8,11) LIMIT 1 [ RunTime:0.001650s ]
[ sql ] [ SQL ] SELECT `region`,`nid` FROM `sql_users` WHERE  `id` = 201 LIMIT 1 [ RunTime:0.000234s ]
[ sql ] [ SQL ] SELECT `class`,`nid`,`region`,`left_all_ach`,`right_all_ach`,`left_ach`,`right_ach` FROM `sql_users` WHERE  `id` = 198 LIMIT 1 [ RunTime:0.000255s ]
[ sql ] [ SQL ] UPDATE `sql_users`  SET `left_all_ach`=500,`left_ach`=500  WHERE  `id` = 198 [ RunTime:0.000261s ]
[ sql ] [ SQL ] SELECT `class`,`nid`,`region`,`left_all_ach`,`right_all_ach`,`left_ach`,`right_ach` FROM `sql_users` WHERE  `id` = 196 LIMIT 1 [ RunTime:0.000312s ]
[ sql ] [ SQL ] UPDATE `sql_users`  SET `left_all_ach`=10200,`left_ach`=5500  WHERE  `id` = 196 [ RunTime:0.000344s ]
[ sql ] [ SQL ] SELECT `class`,`nid`,`region`,`left_all_ach`,`right_all_ach`,`left_ach`,`right_ach` FROM `sql_users` WHERE  `id` = 194 LIMIT 1 [ RunTime:0.000311s ]
[ sql ] [ SQL ] UPDATE `sql_users`  SET `right_all_ach`=10200,`right_ach`=200  WHERE  `id` = 194 [ RunTime:0.000324s ]
[ sql ] [ SQL ] SELECT `class`,`nid`,`region`,`left_all_ach`,`right_all_ach`,`left_ach`,`right_ach` FROM `sql_users` WHERE  `id` = 193 LIMIT 1 [ RunTime:0.000299s ]
[ sql ] [ SQL ] UPDATE `sql_users`  SET `left_all_ach`=24600,`left_ach`=24600  WHERE  `id` = 193 [ RunTime:0.000321s ]
[ sql ] [ SQL ] SELECT `class`,`nid`,`region`,`left_all_ach`,`right_all_ach`,`left_ach`,`right_ach` FROM `sql_users` WHERE  `id` = 192 LIMIT 1 [ RunTime:0.000306s ]
[ sql ] [ SQL ] UPDATE `sql_users`  SET `left_all_ach`=24600,`left_ach`=24600  WHERE  `id` = 192 [ RunTime:0.000336s ]
[ sql ] [ SQL ] SELECT `class`,`nid`,`region`,`left_all_ach`,`right_all_ach`,`left_ach`,`right_ach` FROM `sql_users` WHERE  `id` = 191 LIMIT 1 [ RunTime:0.000306s ]
[ sql ] [ SQL ] UPDATE `sql_users`  SET `left_all_ach`=10900,`left_ach`=10900  WHERE  `id` = 191 [ RunTime:0.000318s ]
[ sql ] [ SQL ] SELECT `class`,`nid`,`region`,`left_all_ach`,`right_all_ach`,`left_ach`,`right_ach` FROM `sql_users` WHERE  `id` = 190 LIMIT 1 [ RunTime:0.000301s ]
[ sql ] [ SQL ] UPDATE `sql_users`  SET `left_all_ach`=10900,`left_ach`=10900  WHERE  `id` = 190 [ RunTime:0.000303s ]
[ sql ] [ SQL ] SELECT `class`,`nid`,`region`,`left_all_ach`,`right_all_ach`,`left_ach`,`right_ach` FROM `sql_users` WHERE  `id` = 189 LIMIT 1 [ RunTime:0.000301s ]
[ sql ] [ SQL ] UPDATE `sql_users`  SET `left_all_ach`=10900,`left_ach`=10900  WHERE  `id` = 189 [ RunTime:0.000314s ]
[ sql ] [ SQL ] SELECT `class`,`nid`,`region`,`left_all_ach`,`right_all_ach`,`left_ach`,`right_ach` FROM `sql_users` WHERE  `id` = 188 LIMIT 1 [ RunTime:0.000297s ]
[ sql ] [ SQL ] UPDATE `sql_users`  SET `left_all_ach`=10900,`left_ach`=10900  WHERE  `id` = 188 [ RunTime:0.000250s ]
[ sql ] [ SQL ] SELECT `class`,`nid`,`region`,`left_all_ach`,`right_all_ach`,`left_ach`,`right_ach` FROM `sql_users` WHERE  `id` = 183 LIMIT 1 [ RunTime:0.000252s ]
[ sql ] [ SQL ] UPDATE `sql_users`  SET `left_all_ach`=10900,`left_ach`=10900  WHERE  `id` = 183 [ RunTime:0.000253s ]
[ sql ] [ SQL ] SELECT `class`,`nid`,`region`,`left_all_ach`,`right_all_ach`,`left_ach`,`right_ach` FROM `sql_users` WHERE  `id` = 182 LIMIT 1 [ RunTime:0.000258s ]
[ sql ] [ SQL ] SELECT * FROM `sql_users` WHERE  `id` = 201 LIMIT 1 [ RunTime:0.000486s ]
[ sql ] [ SQL ] SELECT `id` FROM `sql_users` WHERE  `id` = 198 LIMIT 1 [ RunTime:0.000234s ]
[ sql ] [ SQL ] SELECT `nid` FROM `sql_users` WHERE  `id` = 198 LIMIT 1 [ RunTime:0.000210s ]
[ sql ] [ SQL ] SELECT `id` FROM `sql_users` WHERE  `id` = 196 LIMIT 1 [ RunTime:0.000200s ]
[ sql ] [ SQL ] SELECT `nid` FROM `sql_users` WHERE  `id` = 196 LIMIT 1 [ RunTime:0.000198s ]
[ sql ] [ SQL ] SELECT `id` FROM `sql_users` WHERE  `id` = 194 LIMIT 1 [ RunTime:0.000202s ]
[ sql ] [ SQL ] SELECT `nid` FROM `sql_users` WHERE  `id` = 194 LIMIT 1 [ RunTime:0.000201s ]
[ sql ] [ SQL ] SELECT `id` FROM `sql_users` WHERE  `id` = 193 LIMIT 1 [ RunTime:0.000221s ]
[ sql ] [ SQL ] SELECT `nid` FROM `sql_users` WHERE  `id` = 193 LIMIT 1 [ RunTime:0.000209s ]
[ sql ] [ SQL ] SELECT `id` FROM `sql_users` WHERE  `id` = 192 LIMIT 1 [ RunTime:0.000190s ]
[ sql ] [ SQL ] SELECT `nid` FROM `sql_users` WHERE  `id` = 192 LIMIT 1 [ RunTime:0.000211s ]
[ sql ] [ SQL ] SELECT `id` FROM `sql_users` WHERE  `id` = 191 LIMIT 1 [ RunTime:0.000200s ]
[ sql ] [ SQL ] SELECT `nid` FROM `sql_users` WHERE  `id` = 191 LIMIT 1 [ RunTime:0.000194s ]
[ sql ] [ SQL ] SELECT `id` FROM `sql_users` WHERE  `id` = 190 LIMIT 1 [ RunTime:0.000256s ]
[ sql ] [ SQL ] SELECT `nid` FROM `sql_users` WHERE  `id` = 190 LIMIT 1 [ RunTime:0.000212s ]
[ sql ] [ SQL ] SELECT `id` FROM `sql_users` WHERE  `id` = 189 LIMIT 1 [ RunTime:0.000189s ]
[ sql ] [ SQL ] SELECT `nid` FROM `sql_users` WHERE  `id` = 189 LIMIT 1 [ RunTime:0.000209s ]
[ sql ] [ SQL ] SELECT `id` FROM `sql_users` WHERE  `id` = 188 LIMIT 1 [ RunTime:0.000203s ]
[ sql ] [ SQL ] SELECT `nid` FROM `sql_users` WHERE  `id` = 188 LIMIT 1 [ RunTime:0.000197s ]
[ sql ] [ SQL ] SELECT `id` FROM `sql_users` WHERE  `id` = 183 LIMIT 1 [ RunTime:0.000200s ]
[ sql ] [ SQL ] SELECT `nid` FROM `sql_users` WHERE  `id` = 183 LIMIT 1 [ RunTime:0.000204s ]
[ sql ] [ SQL ] SELECT `id` FROM `sql_users` WHERE  `id` = 182 LIMIT 1 [ RunTime:0.000181s ]
[ sql ] [ SQL ] SELECT `nid` FROM `sql_users` WHERE  `id` = 182 LIMIT 1 [ RunTime:0.000183s ]
[ sql ] [ SQL ] SELECT * FROM `sql_users` WHERE  `id` IN (198,196,194,193,192,191,190,189,188,183) [ RunTime:0.000483s ]
[ sql ] [ SQL ] SELECT SUM(score) AS tp_sum FROM `sql_account` WHERE  `type` IN (1,3)  AND `source` IN (1,2,15) LIMIT 1 [ RunTime:0.001810s ]
[ sql ] [ SQL ] UPDATE `sql_users`  SET `left_ach`=left_ach-200  WHERE  `id` = 194 [ RunTime:0.000265s ]
[ sql ] [ SQL ] UPDATE `sql_users`  SET `right_ach`=right_ach-200  WHERE  `id` = 194 [ RunTime:0.000269s ]
[ sql ] [ SQL ] SELECT `value` FROM `sql_config` WHERE  `name` = 'oneBoomPercent' LIMIT 1 [ RunTime:0.000255s ]
[ sql ] [ SQL ] SELECT `value` FROM `sql_config` WHERE  `name` = 'oneToThreePercent' LIMIT 1 [ RunTime:0.000234s ]
[ sql ] [ SQL ] SELECT SUM(score) AS tp_sum FROM `sql_account` WHERE  `uid` = 194  AND `source` = 2  AND `is_add` = 1  AND `type` = 3  AND `class` = 1  AND ( `created_at` > '1521734400' AND `created_at` < '1521820799' ) LIMIT 1 [ RunTime:0.002230s ]
[ sql ] [ SQL ] SELECT `value` FROM `sql_config` WHERE  `name` = 'oneTopBoomScore' LIMIT 1 [ RunTime:0.000237s ]
[ sql ] [ SQL ] SELECT `prize_score` FROM `sql_users` WHERE  `id` = 194 LIMIT 1 [ RunTime:0.000222s ]
[ sql ] [ SQL ] INSERT INTO `sql_account` (`uid` , `score` , `cur_score` , `remark` , `class` , `is_add` , `type` , `source` , `from_uid` , `created_at`) VALUES (194 , 6 , 1804.199951 , '平衡奖结算' , 1 , 1 , 3 , 2 , 201 , '1521795671') [ RunTime:0.000264s ]
[ sql ] [ SQL ] UPDATE `sql_users`  SET `prize_score`=prize_score+6  WHERE  `id` = 194 [ RunTime:0.000244s ]
[ sql ] [ SQL ] SELECT `id` FROM `sql_users` WHERE  `id` = 194 LIMIT 1 [ RunTime:0.000198s ]
[ sql ] [ SQL ] SELECT `pid` FROM `sql_users` WHERE  `id` = 194 LIMIT 1 [ RunTime:0.000188s ]
[ sql ] [ SQL ] SELECT `id` FROM `sql_users` WHERE  `id` = 182 LIMIT 1 [ RunTime:0.000185s ]
[ sql ] [ SQL ] SELECT `pid` FROM `sql_users` WHERE  `id` = 182 LIMIT 1 [ RunTime:0.000191s ]
[ log ] <<<碰撞完成 新人id：201--手机号：15000000003 --碰撞金额：200---配比率：0.6---获奖人id：194--碰撞时间：2018-03-23 17:01:111521795671>>>
---------------------------------------------------------------
[ 2018-03-23T17:37:19+08:00 ] 121.42.251.110 115.57.132.251 POST /home/users/DoUpgrade
[ info ] apibof.ewtouch.com/home/users/DoUpgrade [运行时间：0.094265s][吞吐率：10.61req/s] [内存消耗：3,443.88kb] [文件加载：65]
[ info ] [ LANG ] /www/wwwroot/bof.com/thinkphp/lang/zh-cn.php
[ info ] [ ROUTE ] array (
  'type' => 'module',
  'module' => 
  array (
    0 => 'home',
    1 => 'users',
    2 => 'DoUpgrade',
  ),
)
[ info ] [ HEADER ] array (
  'cookie' => 'PHPSESSID=u2dlm2juspeoavpv3e1vl35gim; PHPSESSID=rp3m32pdanp10788qrd3jvko5l',
  'accept-language' => 'zh-CN,zh;q=0.9',
  'accept-encoding' => 'gzip, deflate',
  'referer' => 'http://webbof.ewtouch.com/zh/business_up.html',
  'content-type' => 'application/x-www-form-urlencoded; charset=UTF-8',
  'user-agent' => 'Mozilla/5.0 (Macintosh; Intel Mac OS X 10_13_3) AppleWebKit/537.36 (KHTML, like Gecko) Chrome/65.0.3325.162 Safari/537.36',
  'origin' => 'http://webbof.ewtouch.com',
  'accept' => 'application/json, text/javascript, */*; q=0.01',
  'content-length' => '7',
  'proxy-connection' => 'keep-alive',
  'host' => 'apibof.ewtouch.com',
)
[ info ] [ PARAM ] array (
  'class' => '2',
)
[ info ] [ DB ] INIT mysql
[ info ] [ SESSION ] INIT array (
  'id' => '',
  'var_session_id' => '',
  'prefix' => 'think',
  'type' => '',
  'auto_start' => true,
  'httponly' => true,
  'secure' => false,
)
[ info ] [ RUN ] app\home\controller\Users->DoUpgrade[ /www/wwwroot/bof.com/application/home/controller/Users.php ]
[ info ] [ CACHE ] INIT file
[ info ] [ LOG ] INIT File
[ sql ] [ DB ] CONNECT:[ UseTime:0.000503s ] mysql:dbname=bof_com;host=121.42.251.110;port=3306;charset=utf8
[ sql ] [ SQL ] SHOW COLUMNS FROM `sql_config` [ RunTime:0.001016s ]
[ sql ] [ SQL ] SELECT `value` FROM `sql_config` WHERE  `name` = 'pu_straight' LIMIT 1 [ RunTime:0.000322s ]
[ sql ] [ SQL ] SELECT `value` FROM `sql_config` WHERE  `name` = 'pu_straight' LIMIT 1 [ RunTime:0.000248s ]
[ sql ] [ SQL ] SELECT `value` FROM `sql_config` WHERE  `name` = 'yin_straight' LIMIT 1 [ RunTime:0.000240s ]
[ sql ] [ SQL ] SELECT `value` FROM `sql_config` WHERE  `name` = 'jin_straight' LIMIT 1 [ RunTime:0.000215s ]
[ sql ] [ SQL ] SELECT `value` FROM `sql_config` WHERE  `name` = 'baijin_straight' LIMIT 1 [ RunTime:0.000217s ]
[ sql ] [ SQL ] SELECT `value` FROM `sql_config` WHERE  `name` = 'heijin_straight' LIMIT 1 [ RunTime:0.000226s ]
[ sql ] [ SQL ] SELECT `value` FROM `sql_config` WHERE  `name` = 'zuan_straight' LIMIT 1 [ RunTime:0.000221s ]
[ sql ] [ SQL ] SELECT `value` FROM `sql_config` WHERE  `name` = 'lanzuan_straight' LIMIT 1 [ RunTime:0.000222s ]
[ sql ] [ SQL ] SHOW COLUMNS FROM `sql_users` [ RunTime:0.001077s ]
[ sql ] [ SQL ] SELECT * FROM `sql_users` WHERE  `id` = 398 LIMIT 1 [ RunTime:0.000500s ]
[ sql ] [ SQL ] SELECT `bof_all`,`class`,`balance`,`reg_score` FROM `sql_users` WHERE  `id` = 398 LIMIT 1 [ RunTime:0.000233s ]
[ sql ] [ SQL ] SELECT `class` FROM `sql_users` WHERE  `pid` = 398 [ RunTime:0.000351s ]
[ sql ] [ SQL ] SHOW COLUMNS FROM `sql_user_upgrade` [ RunTime:0.000725s ]
[ sql ] [ SQL ] SELECT * FROM `sql_user_upgrade` WHERE  `uid` = 398 LIMIT 1 [ RunTime:0.000423s ]
[ sql ] [ SQL ] SELECT `class`,`reg_score`,`shopping_number` FROM `sql_users` WHERE  `id` = 398 LIMIT 1 [ RunTime:0.000227s ]
[ sql ] [ SQL ] UPDATE `sql_users`  SET `reg_score`=99700,`class`=2  WHERE  `id` = 398 [ RunTime:0.000315s ]
[ sql ] [ SQL ] INSERT INTO `sql_user_upgrade` (`uid` , `truename` , `code` , `type` , `created_at` , `class` , `class_at` , `Amount` , `updated_at` , `state`) VALUES (398 , 'dasdas' , 'q231' , '会员升级' , '1521797839' , 0 , 2 , 300 , '1521797839' , 1) [ RunTime:0.000254s ]
[ sql ] [ SQL ] SHOW COLUMNS FROM `sql_account` [ RunTime:0.000745s ]
[ sql ] [ SQL ] INSERT INTO `sql_account` (`uid` , `score` , `cur_score` , `remark` , `type` , `is_add` , `class` , `from_uid` , `created_at` , `source`) VALUES (398 , -300 , 99700 , '会员升级' , 1 , 2 , 1 , 398 , '1521797839' , 8) [ RunTime:0.000239s ]
[ sql ] [ SQL ] SHOW COLUMNS FROM `sql_disc` [ RunTime:0.002603s ]
[ sql ] [ SQL ] SELECT `market_price` FROM `sql_disc` ORDER BY id desc LIMIT 1 [ RunTime:0.000254s ]
[ sql ] [ SQL ] SELECT `status`,`class` FROM `sql_users` WHERE  `id` = 398 LIMIT 1 [ RunTime:0.000247s ]
[ sql ] [ SQL ] SELECT COUNT(*) AS tp_count FROM `sql_disc` LIMIT 1 [ RunTime:0.000223s ]
[ sql ] [ SQL ] SELECT * FROM `sql_disc` ORDER BY `id`  desc LIMIT 1 [ RunTime:0.000219s ]
[ sql ] [ SQL ] SELECT `class`,`balance`,`id` FROM `sql_users` WHERE  `id` = 398  AND `islock` = 1 LIMIT 1 [ RunTime:0.000224s ]
[ sql ] [ SQL ] SHOW COLUMNS FROM `sql_bof_rank` [ RunTime:0.000752s ]
[ sql ] [ SQL ] SELECT * FROM `sql_bof_rank` WHERE  `uid` = 398  AND `status` = 1 LIMIT 1 [ RunTime:0.000275s ]
[ sql ] [ SQL ] SHOW COLUMNS FROM `sql_bof_issue` [ RunTime:0.000673s ]
[ sql ] [ SQL ] SELECT `bof_num`,`id` FROM `sql_bof_issue` WHERE  `status` = 1 ORDER BY `id`  desc LIMIT 1 [ RunTime:0.000233s ]
[ sql ] [ SQL ] UPDATE `sql_bof_issue`  SET `bof_num`=4872899.100988  WHERE  `id` = 66 [ RunTime:0.000223s ]
[ sql ] [ SQL ] UPDATE `sql_users`  SET `balance`=balance+481.481481  WHERE  `id` = 398 [ RunTime:0.000244s ]
[ sql ] [ SQL ] SELECT `balance` FROM `sql_users` WHERE  `id` = 398 LIMIT 1 [ RunTime:0.000204s ]
[ sql ] [ SQL ] INSERT INTO `sql_account` (`uid` , `cur_score` , `score` , `remark` , `class` , `is_add` , `type` , `source` , `created_at`) VALUES (398 , 2681.481481 , 481.481481 , '系统分配bof' , 2 , 1 , 8 , 13 , '1521797839') [ RunTime:0.000265s ]
[ sql ] [ SQL ] SHOW COLUMNS FROM `sql_bof_deal` [ RunTime:0.000806s ]
[ sql ] [ SQL ] SELECT * FROM `sql_bof_deal` WHERE  `order_sn` = '2018031521797839159' LIMIT 1 [ RunTime:0.000637s ]
[ sql ] [ SQL ] INSERT INTO `sql_bof_deal` (`uid` , `order_sn` , `sell_price` , `sell_num` , `status` , `type` , `created_at` , `updated_at`) VALUES (398 , '2018031521797839159' , 0.324 , 481.481481 , 2 , 2 , '1521797839' , '1521797839') [ RunTime:0.000230s ]
[ sql ] [ SQL ] SELECT COUNT(*) AS tp_count FROM `sql_disc` LIMIT 1 [ RunTime:0.000244s ]
[ sql ] [ SQL ] SELECT * FROM `sql_disc` ORDER BY `id`  desc LIMIT 1 [ RunTime:0.000208s ]
[ sql ] [ SQL ] SELECT `value` FROM `sql_config` WHERE  `name` = 'market' LIMIT 1 [ RunTime:0.000265s ]
[ sql ] [ SQL ] SELECT `value` FROM `sql_config` WHERE  `name` = 'bof_all' LIMIT 1 [ RunTime:0.000217s ]
[ sql ] [ SQL ] SELECT `bof_num` FROM `sql_bof_issue` WHERE  `status` = 1 ORDER BY `id`  desc LIMIT 1 [ RunTime:0.000264s ]
[ sql ] [ SQL ] SELECT `value` FROM `sql_config` WHERE  `name` = 'current_price' LIMIT 1 [ RunTime:0.000283s ]
[ sql ] [ SQL ] SHOW COLUMNS FROM `sql_per` [ RunTime:0.000719s ]
[ sql ] [ SQL ] SELECT SUM(num) AS tp_sum FROM `sql_per` LIMIT 1 [ RunTime:0.000200s ]
[ sql ] [ SQL ] SELECT `id` FROM `sql_account` ORDER BY `id`  desc LIMIT 1 [ RunTime:0.000190s ]
[ sql ] [ SQL ] SELECT SUM(score) AS tp_sum FROM `sql_account` WHERE  `is_add` = 2  AND `source` IN (8,11) LIMIT 1 [ RunTime:0.001577s ]
[ sql ] [ SQL ] SELECT `region`,`nid` FROM `sql_users` WHERE  `id` = 398 LIMIT 1 [ RunTime:0.000238s ]
[ sql ] [ SQL ] SELECT `class`,`nid`,`region`,`left_all_ach`,`right_all_ach`,`left_ach`,`right_ach` FROM `sql_users` WHERE  `id` = 394 LIMIT 1 [ RunTime:0.000230s ]
[ sql ] [ SQL ] UPDATE `sql_users`  SET `left_all_ach`=2500,`left_ach`=2500  WHERE  `id` = 394 [ RunTime:0.000269s ]
[ sql ] [ SQL ] SELECT `class`,`nid`,`region`,`left_all_ach`,`right_all_ach`,`left_ach`,`right_ach` FROM `sql_users` WHERE  `id` = 335 LIMIT 1 [ RunTime:0.000228s ]
[ sql ] [ SQL ] UPDATE `sql_users`  SET `right_all_ach`=3100,`right_ach`=2500  WHERE  `id` = 335 [ RunTime:0.000236s ]
[ sql ] [ SQL ] SELECT `class`,`nid`,`region`,`left_all_ach`,`right_all_ach`,`left_ach`,`right_ach` FROM `sql_users` WHERE  `id` = 333 LIMIT 1 [ RunTime:0.000209s ]
[ sql ] [ SQL ] UPDATE `sql_users`  SET `right_all_ach`=9100,`right_ach`=2500  WHERE  `id` = 333 [ RunTime:0.000233s ]
[ sql ] [ SQL ] SELECT `class`,`nid`,`region`,`left_all_ach`,`right_all_ach`,`left_ach`,`right_ach` FROM `sql_users` WHERE  `id` = 327 LIMIT 1 [ RunTime:0.000216s ]
[ sql ] [ SQL ] UPDATE `sql_users`  SET `left_all_ach`=109100,`left_ach`=2500  WHERE  `id` = 327 [ RunTime:0.000246s ]
[ sql ] [ SQL ] SELECT `class`,`nid`,`region`,`left_all_ach`,`right_all_ach`,`left_ach`,`right_ach` FROM `sql_users` WHERE  `id` = 326 LIMIT 1 [ RunTime:0.000231s ]
[ sql ] [ SQL ] UPDATE `sql_users`  SET `left_all_ach`=264200,`left_ach`=259200  WHERE  `id` = 326 [ RunTime:0.000229s ]
[ sql ] [ SQL ] SELECT `class`,`nid`,`region`,`left_all_ach`,`right_all_ach`,`left_ach`,`right_ach` FROM `sql_users` WHERE  `id` = 299 LIMIT 1 [ RunTime:0.000216s ]
[ sql ] [ SQL ] UPDATE `sql_users`  SET `left_all_ach`=269600,`left_ach`=262400  WHERE  `id` = 299 [ RunTime:0.000244s ]
[ sql ] [ SQL ] SELECT `class`,`nid`,`region`,`left_all_ach`,`right_all_ach`,`left_ach`,`right_ach` FROM `sql_users` WHERE  `id` = 292 LIMIT 1 [ RunTime:0.000221s ]
[ sql ] [ SQL ] UPDATE `sql_users`  SET `right_all_ach`=276800,`right_ach`=276800  WHERE  `id` = 292 [ RunTime:0.000244s ]
[ sql ] [ SQL ] SELECT `class`,`nid`,`region`,`left_all_ach`,`right_all_ach`,`left_ach`,`right_ach` FROM `sql_users` WHERE  `id` = 290 LIMIT 1 [ RunTime:0.000213s ]
[ sql ] [ SQL ] UPDATE `sql_users`  SET `left_all_ach`=276800,`left_ach`=276800  WHERE  `id` = 290 [ RunTime:0.000223s ]
[ sql ] [ SQL ] SELECT `class`,`nid`,`region`,`left_all_ach`,`right_all_ach`,`left_ach`,`right_ach` FROM `sql_users` WHERE  `id` = 288 LIMIT 1 [ RunTime:0.000224s ]
[ sql ] [ SQL ] UPDATE `sql_users`  SET `left_all_ach`=276800,`left_ach`=276800  WHERE  `id` = 288 [ RunTime:0.000237s ]
[ sql ] [ SQL ] SELECT `class`,`nid`,`region`,`left_all_ach`,`right_all_ach`,`left_ach`,`right_ach` FROM `sql_users` WHERE  `id` = 287 LIMIT 1 [ RunTime:0.000213s ]
[ sql ] [ SQL ] UPDATE `sql_users`  SET `left_all_ach`=276900,`left_ach`=275500  WHERE  `id` = 287 [ RunTime:0.000225s ]
[ sql ] [ SQL ] SELECT `class`,`nid`,`region`,`left_all_ach`,`right_all_ach`,`left_ach`,`right_ach` FROM `sql_users` WHERE  `id` = 285 LIMIT 1 [ RunTime:0.000284s ]
[ sql ] [ SQL ] UPDATE `sql_users`  SET `left_all_ach`=279800,`left_ach`=279800  WHERE  `id` = 285 [ RunTime:0.000257s ]
[ sql ] [ SQL ] SELECT `class`,`nid`,`region`,`left_all_ach`,`right_all_ach`,`left_ach`,`right_ach` FROM `sql_users` WHERE  `id` = 284 LIMIT 1 [ RunTime:0.000225s ]
[ sql ] [ SQL ] UPDATE `sql_users`  SET `left_all_ach`=276800,`left_ach`=276800  WHERE  `id` = 284 [ RunTime:0.000235s ]
[ sql ] [ SQL ] SELECT `class`,`nid`,`region`,`left_all_ach`,`right_all_ach`,`left_ach`,`right_ach` FROM `sql_users` WHERE  `id` = 282 LIMIT 1 [ RunTime:0.000210s ]
[ sql ] [ SQL ] UPDATE `sql_users`  SET `left_all_ach`=276800,`left_ach`=276800  WHERE  `id` = 282 [ RunTime:0.000230s ]
[ sql ] [ SQL ] SELECT `class`,`nid`,`region`,`left_all_ach`,`right_all_ach`,`left_ach`,`right_ach` FROM `sql_users` WHERE  `id` = 0 LIMIT 1 [ RunTime:0.000209s ]
[ sql ] [ SQL ] SELECT * FROM `sql_users` WHERE  `id` = 398 LIMIT 1 [ RunTime:0.000385s ]
[ sql ] [ SQL ] SELECT `id` FROM `sql_users` WHERE  `id` = 394 LIMIT 1 [ RunTime:0.000198s ]
[ sql ] [ SQL ] SELECT `nid` FROM `sql_users` WHERE  `id` = 394 LIMIT 1 [ RunTime:0.000232s ]
[ sql ] [ SQL ] SELECT `id` FROM `sql_users` WHERE  `id` = 335 LIMIT 1 [ RunTime:0.000199s ]
[ sql ] [ SQL ] SELECT `nid` FROM `sql_users` WHERE  `id` = 335 LIMIT 1 [ RunTime:0.000203s ]
[ sql ] [ SQL ] SELECT `id` FROM `sql_users` WHERE  `id` = 333 LIMIT 1 [ RunTime:0.000184s ]
[ sql ] [ SQL ] SELECT `nid` FROM `sql_users` WHERE  `id` = 333 LIMIT 1 [ RunTime:0.000194s ]
[ sql ] [ SQL ] SELECT `id` FROM `sql_users` WHERE  `id` = 327 LIMIT 1 [ RunTime:0.000185s ]
[ sql ] [ SQL ] SELECT `nid` FROM `sql_users` WHERE  `id` = 327 LIMIT 1 [ RunTime:0.000180s ]
[ sql ] [ SQL ] SELECT `id` FROM `sql_users` WHERE  `id` = 326 LIMIT 1 [ RunTime:0.000203s ]
[ sql ] [ SQL ] SELECT `nid` FROM `sql_users` WHERE  `id` = 326 LIMIT 1 [ RunTime:0.000213s ]
[ sql ] [ SQL ] SELECT `id` FROM `sql_users` WHERE  `id` = 299 LIMIT 1 [ RunTime:0.000228s ]
[ sql ] [ SQL ] SELECT `nid` FROM `sql_users` WHERE  `id` = 299 LIMIT 1 [ RunTime:0.000216s ]
[ sql ] [ SQL ] SELECT `id` FROM `sql_users` WHERE  `id` = 292 LIMIT 1 [ RunTime:0.000229s ]
[ sql ] [ SQL ] SELECT `nid` FROM `sql_users` WHERE  `id` = 292 LIMIT 1 [ RunTime:0.000211s ]
[ sql ] [ SQL ] SELECT `id` FROM `sql_users` WHERE  `id` = 290 LIMIT 1 [ RunTime:0.000210s ]
[ sql ] [ SQL ] SELECT `nid` FROM `sql_users` WHERE  `id` = 290 LIMIT 1 [ RunTime:0.000210s ]
[ sql ] [ SQL ] SELECT `id` FROM `sql_users` WHERE  `id` = 288 LIMIT 1 [ RunTime:0.000218s ]
[ sql ] [ SQL ] SELECT `nid` FROM `sql_users` WHERE  `id` = 288 LIMIT 1 [ RunTime:0.000215s ]
[ sql ] [ SQL ] SELECT `id` FROM `sql_users` WHERE  `id` = 287 LIMIT 1 [ RunTime:0.000223s ]
[ sql ] [ SQL ] SELECT `nid` FROM `sql_users` WHERE  `id` = 287 LIMIT 1 [ RunTime:0.000209s ]
[ sql ] [ SQL ] SELECT `id` FROM `sql_users` WHERE  `id` = 285 LIMIT 1 [ RunTime:0.000218s ]
[ sql ] [ SQL ] SELECT `nid` FROM `sql_users` WHERE  `id` = 285 LIMIT 1 [ RunTime:0.000223s ]
[ sql ] [ SQL ] SELECT `id` FROM `sql_users` WHERE  `id` = 284 LIMIT 1 [ RunTime:0.000239s ]
[ sql ] [ SQL ] SELECT `nid` FROM `sql_users` WHERE  `id` = 284 LIMIT 1 [ RunTime:0.000205s ]
[ sql ] [ SQL ] SELECT `id` FROM `sql_users` WHERE  `id` = 282 LIMIT 1 [ RunTime:0.000189s ]
[ sql ] [ SQL ] SELECT `nid` FROM `sql_users` WHERE  `id` = 282 LIMIT 1 [ RunTime:0.000186s ]
[ sql ] [ SQL ] SELECT * FROM `sql_users` WHERE  `id` IN (394,335,333,327,326,299,292,290,288,287,285,284,282) [ RunTime:0.000497s ]
[ sql ] [ SQL ] SELECT SUM(score) AS tp_sum FROM `sql_account` WHERE  `type` IN (1,3)  AND `source` IN (1,2,15) LIMIT 1 [ RunTime:0.001859s ]
[ sql ] [ SQL ] UPDATE `sql_users`  SET `left_ach`=left_ach-2500  WHERE  `id` = 327 [ RunTime:0.000263s ]
[ sql ] [ SQL ] UPDATE `sql_users`  SET `right_ach`=right_ach-2500  WHERE  `id` = 327 [ RunTime:0.000219s ]
[ sql ] [ SQL ] SELECT `value` FROM `sql_config` WHERE  `name` = 'sixBoomPercent' LIMIT 1 [ RunTime:0.000279s ]
[ sql ] [ SQL ] SELECT `value` FROM `sql_config` WHERE  `name` = 'oneToThreePercent' LIMIT 1 [ RunTime:0.000230s ]
[ sql ] [ SQL ] SELECT SUM(score) AS tp_sum FROM `sql_account` WHERE  `uid` = 327  AND `source` = 2  AND `is_add` = 1  AND `type` = 3  AND `class` = 1  AND ( `created_at` > '1521734400' AND `created_at` < '1521820799' ) LIMIT 1 [ RunTime:0.002242s ]
[ sql ] [ SQL ] SELECT `value` FROM `sql_config` WHERE  `name` = 'sixTopBoomScore' LIMIT 1 [ RunTime:0.000243s ]
[ sql ] [ SQL ] SELECT `prize_score` FROM `sql_users` WHERE  `id` = 327 LIMIT 1 [ RunTime:0.000228s ]
[ sql ] [ SQL ] INSERT INTO `sql_account` (`uid` , `score` , `cur_score` , `remark` , `class` , `is_add` , `type` , `source` , `from_uid` , `created_at`) VALUES (327 , 135 , 12377.512695 , '平衡奖结算' , 1 , 1 , 3 , 2 , 398 , '1521797839') [ RunTime:0.000267s ]
[ sql ] [ SQL ] UPDATE `sql_users`  SET `prize_score`=prize_score+135  WHERE  `id` = 327 [ RunTime:0.000249s ]
[ sql ] [ SQL ] SELECT `id` FROM `sql_users` WHERE  `id` = 327 LIMIT 1 [ RunTime:0.000224s ]
[ sql ] [ SQL ] SELECT `pid` FROM `sql_users` WHERE  `id` = 327 LIMIT 1 [ RunTime:0.000229s ]
[ sql ] [ SQL ] SELECT `id` FROM `sql_users` WHERE  `id` = 326 LIMIT 1 [ RunTime:0.000201s ]
[ sql ] [ SQL ] SELECT `pid` FROM `sql_users` WHERE  `id` = 326 LIMIT 1 [ RunTime:0.000208s ]
[ sql ] [ SQL ] SELECT `id` FROM `sql_users` WHERE  `id` = 299 LIMIT 1 [ RunTime:0.000215s ]
[ sql ] [ SQL ] SELECT `pid` FROM `sql_users` WHERE  `id` = 299 LIMIT 1 [ RunTime:0.000202s ]
[ sql ] [ SQL ] SELECT `id` FROM `sql_users` WHERE  `id` = 292 LIMIT 1 [ RunTime:0.000204s ]
[ sql ] [ SQL ] SELECT `pid` FROM `sql_users` WHERE  `id` = 292 LIMIT 1 [ RunTime:0.000200s ]
[ sql ] [ SQL ] SELECT `id` FROM `sql_users` WHERE  `id` = 290 LIMIT 1 [ RunTime:0.000199s ]
[ sql ] [ SQL ] SELECT `pid` FROM `sql_users` WHERE  `id` = 290 LIMIT 1 [ RunTime:0.000201s ]
[ sql ] [ SQL ] SELECT `id` FROM `sql_users` WHERE  `id` = 287 LIMIT 1 [ RunTime:0.000202s ]
[ sql ] [ SQL ] SELECT `pid` FROM `sql_users` WHERE  `id` = 287 LIMIT 1 [ RunTime:0.000201s ]
[ sql ] [ SQL ] SELECT * FROM `sql_users` WHERE  `id` = 326 LIMIT 1 [ RunTime:0.000362s ]
[ sql ] [ SQL ] SELECT `value` FROM `sql_config` WHERE  `name` = 'twoContributionPercent' LIMIT 1 [ RunTime:0.000253s ]
[ sql ] [ SQL ] SELECT `prize_score` FROM `sql_users` WHERE  `id` = 326 LIMIT 1 [ RunTime:0.000198s ]
[ sql ] [ SQL ] INSERT INTO `sql_account` (`uid` , `score` , `cur_score` , `remark` , `class` , `is_add` , `type` , `source` , `from_uid` , `created_at`) VALUES (326 , 2.7 , 694.058887 , '贡献奖结算' , 1 , 1 , 3 , 2 , 327 , '1521797839') [ RunTime:0.000230s ]
[ sql ] [ SQL ] UPDATE `sql_users`  SET `prize_score`=prize_score+2.7  WHERE  `id` = 326 [ RunTime:0.000256s ]
[ sql ] [ SQL ] SELECT * FROM `sql_users` WHERE  `id` = 299 LIMIT 1 [ RunTime:0.000337s ]
[ sql ] [ SQL ] SELECT `value` FROM `sql_config` WHERE  `name` = 'sixContributionPercent' LIMIT 1 [ RunTime:0.000249s ]
[ sql ] [ SQL ] SELECT `prize_score` FROM `sql_users` WHERE  `id` = 299 LIMIT 1 [ RunTime:0.000212s ]
[ sql ] [ SQL ] INSERT INTO `sql_account` (`uid` , `score` , `cur_score` , `remark` , `class` , `is_add` , `type` , `source` , `from_uid` , `created_at`) VALUES (299 , 0.135 , 2203.726797 , '贡献奖结算' , 1 , 1 , 3 , 2 , 327 , '1521797839') [ RunTime:0.000233s ]
[ sql ] [ SQL ] UPDATE `sql_users`  SET `prize_score`=prize_score+0.135  WHERE  `id` = 299 [ RunTime:0.000280s ]
[ sql ] [ SQL ] SELECT * FROM `sql_users` WHERE  `id` = 292 LIMIT 1 [ RunTime:0.000357s ]
[ sql ] [ SQL ] SELECT * FROM `sql_users` WHERE  `id` = 290 LIMIT 1 [ RunTime:0.000345s ]
[ sql ] [ SQL ] SELECT * FROM `sql_users` WHERE  `id` = 287 LIMIT 1 [ RunTime:0.000364s ]
[ log ] <<<碰撞完成 新人id：398--手机号：13783336122 --碰撞金额：2500---配比率：0.6---获奖人id：327--碰撞时间：2018-03-23 17:37:191521797839>>>
---------------------------------------------------------------
[ 2018-03-23T17:37:19+08:00 ] 121.42.251.110 115.57.132.251 POST /home/users/DoUpgrade
[ info ] apibof.ewtouch.com/home/users/DoUpgrade [运行时间：0.113966s][吞吐率：8.77req/s] [内存消耗：3,419.88kb] [文件加载：65]
[ sql ] [ SQL ] SELECT SUM(score) AS tp_sum FROM `sql_account` WHERE  `type` IN (1,3)  AND `source` IN (1,2,15) LIMIT 1 [ RunTime:0.001736s ]
[ sql ] [ SQL ] UPDATE `sql_users`  SET `left_ach`=left_ach-2500  WHERE  `id` = 333 [ RunTime:0.000247s ]
[ sql ] [ SQL ] UPDATE `sql_users`  SET `right_ach`=right_ach-2500  WHERE  `id` = 333 [ RunTime:0.000223s ]
[ sql ] [ SQL ] SELECT `value` FROM `sql_config` WHERE  `name` = 'sixBoomPercent' LIMIT 1 [ RunTime:0.000243s ]
[ sql ] [ SQL ] SELECT `value` FROM `sql_config` WHERE  `name` = 'oneToThreePercent' LIMIT 1 [ RunTime:0.000233s ]
[ sql ] [ SQL ] SELECT SUM(score) AS tp_sum FROM `sql_account` WHERE  `uid` = 333  AND `source` = 2  AND `is_add` = 1  AND `type` = 3  AND `class` = 1  AND ( `created_at` > '1521734400' AND `created_at` < '1521820799' ) LIMIT 1 [ RunTime:0.002203s ]
[ sql ] [ SQL ] SELECT `value` FROM `sql_config` WHERE  `name` = 'sixTopBoomScore' LIMIT 1 [ RunTime:0.000244s ]
[ sql ] [ SQL ] SELECT `prize_score` FROM `sql_users` WHERE  `id` = 333 LIMIT 1 [ RunTime:0.000212s ]
[ sql ] [ SQL ] INSERT INTO `sql_account` (`uid` , `score` , `cur_score` , `remark` , `class` , `is_add` , `type` , `source` , `from_uid` , `created_at`) VALUES (333 , 135 , 491.399994 , '平衡奖结算' , 1 , 1 , 3 , 2 , 398 , '1521797839') [ RunTime:0.000225s ]
[ sql ] [ SQL ] UPDATE `sql_users`  SET `prize_score`=prize_score+135  WHERE  `id` = 333 [ RunTime:0.000225s ]
[ sql ] [ SQL ] SELECT `id` FROM `sql_users` WHERE  `id` = 333 LIMIT 1 [ RunTime:0.000194s ]
[ sql ] [ SQL ] SELECT `pid` FROM `sql_users` WHERE  `id` = 333 LIMIT 1 [ RunTime:0.000218s ]
[ sql ] [ SQL ] SELECT `id` FROM `sql_users` WHERE  `id` = 327 LIMIT 1 [ RunTime:0.000187s ]
[ sql ] [ SQL ] SELECT `pid` FROM `sql_users` WHERE  `id` = 327 LIMIT 1 [ RunTime:0.000183s ]
[ sql ] [ SQL ] SELECT `id` FROM `sql_users` WHERE  `id` = 326 LIMIT 1 [ RunTime:0.000182s ]
[ sql ] [ SQL ] SELECT `pid` FROM `sql_users` WHERE  `id` = 326 LIMIT 1 [ RunTime:0.000189s ]
[ sql ] [ SQL ] SELECT `id` FROM `sql_users` WHERE  `id` = 299 LIMIT 1 [ RunTime:0.000183s ]
[ sql ] [ SQL ] SELECT `pid` FROM `sql_users` WHERE  `id` = 299 LIMIT 1 [ RunTime:0.000182s ]
[ sql ] [ SQL ] SELECT `id` FROM `sql_users` WHERE  `id` = 292 LIMIT 1 [ RunTime:0.000183s ]
[ sql ] [ SQL ] SELECT `pid` FROM `sql_users` WHERE  `id` = 292 LIMIT 1 [ RunTime:0.000184s ]
[ sql ] [ SQL ] SELECT `id` FROM `sql_users` WHERE  `id` = 290 LIMIT 1 [ RunTime:0.000181s ]
[ sql ] [ SQL ] SELECT `pid` FROM `sql_users` WHERE  `id` = 290 LIMIT 1 [ RunTime:0.000179s ]
[ sql ] [ SQL ] SELECT * FROM `sql_users` WHERE  `id` = 327 LIMIT 1 [ RunTime:0.000337s ]
[ sql ] [ SQL ] SELECT `value` FROM `sql_config` WHERE  `name` = 'sixContributionPercent' LIMIT 1 [ RunTime:0.000248s ]
[ sql ] [ SQL ] SELECT `prize_score` FROM `sql_users` WHERE  `id` = 327 LIMIT 1 [ RunTime:0.000271s ]
[ sql ] [ SQL ] INSERT INTO `sql_account` (`uid` , `score` , `cur_score` , `remark` , `class` , `is_add` , `type` , `source` , `from_uid` , `created_at`) VALUES (327 , 6.75 , 12384.262695 , '贡献奖结算' , 1 , 1 , 3 , 2 , 333 , '1521797839') [ RunTime:0.000239s ]
[ sql ] [ SQL ] UPDATE `sql_users`  SET `prize_score`=prize_score+6.75  WHERE  `id` = 327 [ RunTime:0.000244s ]
[ sql ] [ SQL ] SELECT * FROM `sql_users` WHERE  `id` = 326 LIMIT 1 [ RunTime:0.000338s ]
[ sql ] [ SQL ] SELECT `value` FROM `sql_config` WHERE  `name` = 'twoContributionPercent' LIMIT 1 [ RunTime:0.000252s ]
[ sql ] [ SQL ] SELECT `prize_score` FROM `sql_users` WHERE  `id` = 326 LIMIT 1 [ RunTime:0.000193s ]
[ sql ] [ SQL ] INSERT INTO `sql_account` (`uid` , `score` , `cur_score` , `remark` , `class` , `is_add` , `type` , `source` , `from_uid` , `created_at`) VALUES (326 , 0.135 , 694.193899 , '贡献奖结算' , 1 , 1 , 3 , 2 , 333 , '1521797839') [ RunTime:0.000225s ]
[ sql ] [ SQL ] UPDATE `sql_users`  SET `prize_score`=prize_score+0.135  WHERE  `id` = 326 [ RunTime:0.000245s ]
[ sql ] [ SQL ] SELECT * FROM `sql_users` WHERE  `id` = 299 LIMIT 1 [ RunTime:0.000332s ]
[ sql ] [ SQL ] SELECT `value` FROM `sql_config` WHERE  `name` = 'sixContributionPercent' LIMIT 1 [ RunTime:0.000245s ]
[ sql ] [ SQL ] SELECT `prize_score` FROM `sql_users` WHERE  `id` = 299 LIMIT 1 [ RunTime:0.000267s ]
[ sql ] [ SQL ] INSERT INTO `sql_account` (`uid` , `score` , `cur_score` , `remark` , `class` , `is_add` , `type` , `source` , `from_uid` , `created_at`) VALUES (299 , 0.00675 , 2203.733557 , '贡献奖结算' , 1 , 1 , 3 , 2 , 333 , '1521797839') [ RunTime:0.000248s ]
[ sql ] [ SQL ] UPDATE `sql_users`  SET `prize_score`=prize_score+0.00675  WHERE  `id` = 299 [ RunTime:0.000275s ]
[ sql ] [ SQL ] SELECT * FROM `sql_users` WHERE  `id` = 292 LIMIT 1 [ RunTime:0.000359s ]
[ sql ] [ SQL ] SELECT * FROM `sql_users` WHERE  `id` = 290 LIMIT 1 [ RunTime:0.000358s ]
[ info ] [ LOG ] INIT File
[ log ] <<<碰撞完成 新人id：398--手机号：13783336122 --碰撞金额：2500---配比率：0.6---获奖人id：333--碰撞时间：2018-03-23 17:37:191521797839>>>
---------------------------------------------------------------
[ 2018-03-23T17:37:19+08:00 ] 121.42.251.110 115.57.132.251 POST /home/users/DoUpgrade
[ info ] apibof.ewtouch.com/home/users/DoUpgrade [运行时间：0.133010s][吞吐率：7.52req/s] [内存消耗：3,433.01kb] [文件加载：65]
[ sql ] [ SQL ] SELECT SUM(score) AS tp_sum FROM `sql_account` WHERE  `type` IN (1,3)  AND `source` IN (1,2,15) LIMIT 1 [ RunTime:0.001762s ]
[ sql ] [ SQL ] UPDATE `sql_users`  SET `left_ach`=left_ach-400  WHERE  `id` = 335 [ RunTime:0.000244s ]
[ sql ] [ SQL ] UPDATE `sql_users`  SET `right_ach`=right_ach-400  WHERE  `id` = 335 [ RunTime:0.000221s ]
[ sql ] [ SQL ] SELECT `value` FROM `sql_config` WHERE  `name` = 'sixBoomPercent' LIMIT 1 [ RunTime:0.000250s ]
[ sql ] [ SQL ] SELECT `value` FROM `sql_config` WHERE  `name` = 'oneToThreePercent' LIMIT 1 [ RunTime:0.000241s ]
[ sql ] [ SQL ] SELECT SUM(score) AS tp_sum FROM `sql_account` WHERE  `uid` = 335  AND `source` = 2  AND `is_add` = 1  AND `type` = 3  AND `class` = 1  AND ( `created_at` > '1521734400' AND `created_at` < '1521820799' ) LIMIT 1 [ RunTime:0.002226s ]
[ sql ] [ SQL ] SELECT `value` FROM `sql_config` WHERE  `name` = 'sixTopBoomScore' LIMIT 1 [ RunTime:0.000247s ]
[ sql ] [ SQL ] SELECT `prize_score` FROM `sql_users` WHERE  `id` = 335 LIMIT 1 [ RunTime:0.000204s ]
[ sql ] [ SQL ] INSERT INTO `sql_account` (`uid` , `score` , `cur_score` , `remark` , `class` , `is_add` , `type` , `source` , `from_uid` , `created_at`) VALUES (335 , 21.6 , 181.999994 , '平衡奖结算' , 1 , 1 , 3 , 2 , 398 , '1521797839') [ RunTime:0.000238s ]
[ sql ] [ SQL ] UPDATE `sql_users`  SET `prize_score`=prize_score+21.6  WHERE  `id` = 335 [ RunTime:0.000248s ]
[ sql ] [ SQL ] SELECT `id` FROM `sql_users` WHERE  `id` = 335 LIMIT 1 [ RunTime:0.000203s ]
[ sql ] [ SQL ] SELECT `pid` FROM `sql_users` WHERE  `id` = 335 LIMIT 1 [ RunTime:0.000208s ]
[ sql ] [ SQL ] SELECT `id` FROM `sql_users` WHERE  `id` = 327 LIMIT 1 [ RunTime:0.000200s ]
[ sql ] [ SQL ] SELECT `pid` FROM `sql_users` WHERE  `id` = 327 LIMIT 1 [ RunTime:0.000227s ]
[ sql ] [ SQL ] SELECT `id` FROM `sql_users` WHERE  `id` = 326 LIMIT 1 [ RunTime:0.000214s ]
[ sql ] [ SQL ] SELECT `pid` FROM `sql_users` WHERE  `id` = 326 LIMIT 1 [ RunTime:0.000202s ]
[ sql ] [ SQL ] SELECT `id` FROM `sql_users` WHERE  `id` = 299 LIMIT 1 [ RunTime:0.000202s ]
[ sql ] [ SQL ] SELECT `pid` FROM `sql_users` WHERE  `id` = 299 LIMIT 1 [ RunTime:0.000199s ]
[ sql ] [ SQL ] SELECT `id` FROM `sql_users` WHERE  `id` = 292 LIMIT 1 [ RunTime:0.000190s ]
[ sql ] [ SQL ] SELECT `pid` FROM `sql_users` WHERE  `id` = 292 LIMIT 1 [ RunTime:0.000187s ]
[ sql ] [ SQL ] SELECT `id` FROM `sql_users` WHERE  `id` = 290 LIMIT 1 [ RunTime:0.000197s ]
[ sql ] [ SQL ] SELECT `pid` FROM `sql_users` WHERE  `id` = 290 LIMIT 1 [ RunTime:0.000199s ]
[ sql ] [ SQL ] SELECT * FROM `sql_users` WHERE  `id` = 327 LIMIT 1 [ RunTime:0.000332s ]
[ sql ] [ SQL ] SELECT `value` FROM `sql_config` WHERE  `name` = 'sixContributionPercent' LIMIT 1 [ RunTime:0.000241s ]
[ sql ] [ SQL ] SELECT `prize_score` FROM `sql_users` WHERE  `id` = 327 LIMIT 1 [ RunTime:0.000199s ]
[ sql ] [ SQL ] INSERT INTO `sql_account` (`uid` , `score` , `cur_score` , `remark` , `class` , `is_add` , `type` , `source` , `from_uid` , `created_at`) VALUES (327 , 1.08 , 12385.342695 , '贡献奖结算' , 1 , 1 , 3 , 2 , 335 , '1521797839') [ RunTime:0.000246s ]
[ sql ] [ SQL ] UPDATE `sql_users`  SET `prize_score`=prize_score+1.08  WHERE  `id` = 327 [ RunTime:0.000244s ]
[ sql ] [ SQL ] SELECT * FROM `sql_users` WHERE  `id` = 326 LIMIT 1 [ RunTime:0.000335s ]
[ sql ] [ SQL ] SELECT `value` FROM `sql_config` WHERE  `name` = 'twoContributionPercent' LIMIT 1 [ RunTime:0.000254s ]
[ sql ] [ SQL ] SELECT `prize_score` FROM `sql_users` WHERE  `id` = 326 LIMIT 1 [ RunTime:0.000216s ]
[ sql ] [ SQL ] INSERT INTO `sql_account` (`uid` , `score` , `cur_score` , `remark` , `class` , `is_add` , `type` , `source` , `from_uid` , `created_at`) VALUES (326 , 0.0216 , 694.215509 , '贡献奖结算' , 1 , 1 , 3 , 2 , 335 , '1521797839') [ RunTime:0.000262s ]
[ sql ] [ SQL ] UPDATE `sql_users`  SET `prize_score`=prize_score+0.0216  WHERE  `id` = 326 [ RunTime:0.000247s ]
[ sql ] [ SQL ] SELECT * FROM `sql_users` WHERE  `id` = 299 LIMIT 1 [ RunTime:0.000352s ]
[ sql ] [ SQL ] SELECT `value` FROM `sql_config` WHERE  `name` = 'sixContributionPercent' LIMIT 1 [ RunTime:0.000253s ]
[ sql ] [ SQL ] SELECT `prize_score` FROM `sql_users` WHERE  `id` = 299 LIMIT 1 [ RunTime:0.000198s ]
[ sql ] [ SQL ] INSERT INTO `sql_account` (`uid` , `score` , `cur_score` , `remark` , `class` , `is_add` , `type` , `source` , `from_uid` , `created_at`) VALUES (299 , 0.00108 , 2203.734723 , '贡献奖结算' , 1 , 1 , 3 , 2 , 335 , '1521797839') [ RunTime:0.000233s ]
[ sql ] [ SQL ] UPDATE `sql_users`  SET `prize_score`=prize_score+0.00108  WHERE  `id` = 299 [ RunTime:0.000228s ]
[ sql ] [ SQL ] SELECT * FROM `sql_users` WHERE  `id` = 292 LIMIT 1 [ RunTime:0.000344s ]
[ sql ] [ SQL ] SELECT * FROM `sql_users` WHERE  `id` = 290 LIMIT 1 [ RunTime:0.000364s ]
[ info ] [ LOG ] INIT File
[ log ] <<<碰撞完成 新人id：398--手机号：13783336122 --碰撞金额：400---配比率：0.6---获奖人id：335--碰撞时间：2018-03-23 17:37:191521797839>>>
