---------------------------------------------------------------
[ 2018-03-26T10:33:41+08:00 ] 121.42.251.110 222.85.230.24 POST /home/users/DoUpgrade
[ info ] apibof.ewtouch.com/home/users/DoUpgrade [运行时间：0.121890s][吞吐率：8.20req/s] [内存消耗：3,477.65kb] [文件加载：65]
[ info ] [ LANG ] /www/wwwroot/bof.com/thinkphp/lang/zh-cn.php
[ info ] [ ROUTE ] array (
  'type' => 'module',
  'module' => 
  array (
    0 => 'home',
    1 => 'users',
    2 => 'DoUpgrade',
  ),
)
[ info ] [ HEADER ] array (
  'cookie' => 'PHPSESSID=4m27bu980ijhnmn4a548dbtm1u',
  'accept-language' => 'zh-CN,zh;q=0.8',
  'accept-encoding' => 'gzip, deflate',
  'referer' => 'http://webbof.ewtouch.com/zh/business_up.html',
  'content-type' => 'application/x-www-form-urlencoded; charset=UTF-8',
  'user-agent' => 'Mozilla/5.0 (Windows NT 10.0; WOW64) AppleWebKit/537.36 (KHTML, like Gecko) Chrome/55.0.2883.87 Safari/537.36',
  'origin' => 'http://webbof.ewtouch.com',
  'accept' => 'application/json, text/javascript, */*; q=0.01',
  'content-length' => '7',
  'connection' => 'keep-alive',
  'host' => 'apibof.ewtouch.com',
)
[ info ] [ PARAM ] array (
  'class' => '6',
)
[ info ] [ DB ] INIT mysql
[ info ] [ SESSION ] INIT array (
  'id' => '',
  'var_session_id' => '',
  'prefix' => 'think',
  'type' => '',
  'auto_start' => true,
  'httponly' => true,
  'secure' => false,
)
[ info ] [ RUN ] app\home\controller\Users->DoUpgrade[ /www/wwwroot/bof.com/application/home/controller/Users.php ]
[ info ] [ CACHE ] INIT file
[ info ] [ LOG ] INIT File
[ sql ] [ DB ] CONNECT:[ UseTime:0.000508s ] mysql:dbname=bof_com;host=121.42.251.110;port=3306;charset=utf8
[ sql ] [ SQL ] SHOW COLUMNS FROM `sql_config` [ RunTime:0.001026s ]
[ sql ] [ SQL ] SELECT `value` FROM `sql_config` WHERE  `name` = 'pu_straight' LIMIT 1 [ RunTime:0.000356s ]
[ sql ] [ SQL ] SELECT `value` FROM `sql_config` WHERE  `name` = 'pu_straight' LIMIT 1 [ RunTime:0.000238s ]
[ sql ] [ SQL ] SELECT `value` FROM `sql_config` WHERE  `name` = 'yin_straight' LIMIT 1 [ RunTime:0.000238s ]
[ sql ] [ SQL ] SELECT `value` FROM `sql_config` WHERE  `name` = 'jin_straight' LIMIT 1 [ RunTime:0.000215s ]
[ sql ] [ SQL ] SELECT `value` FROM `sql_config` WHERE  `name` = 'baijin_straight' LIMIT 1 [ RunTime:0.000205s ]
[ sql ] [ SQL ] SELECT `value` FROM `sql_config` WHERE  `name` = 'heijin_straight' LIMIT 1 [ RunTime:0.000220s ]
[ sql ] [ SQL ] SELECT `value` FROM `sql_config` WHERE  `name` = 'zuan_straight' LIMIT 1 [ RunTime:0.000228s ]
[ sql ] [ SQL ] SELECT `value` FROM `sql_config` WHERE  `name` = 'lanzuan_straight' LIMIT 1 [ RunTime:0.000285s ]
[ sql ] [ SQL ] SHOW COLUMNS FROM `sql_users` [ RunTime:0.001079s ]
[ sql ] [ SQL ] SELECT * FROM `sql_users` WHERE  `id` = 399 LIMIT 1 [ RunTime:0.000514s ]
[ sql ] [ SQL ] SELECT `bof_all`,`class`,`balance`,`reg_score` FROM `sql_users` WHERE  `id` = 399 LIMIT 1 [ RunTime:0.000235s ]
[ sql ] [ SQL ] SELECT `class` FROM `sql_users` WHERE  `pid` = 399 [ RunTime:0.000361s ]
[ sql ] [ SQL ] SHOW COLUMNS FROM `sql_user_upgrade` [ RunTime:0.000703s ]
[ sql ] [ SQL ] SELECT * FROM `sql_user_upgrade` WHERE  `uid` = 399 LIMIT 1 [ RunTime:0.000403s ]
[ sql ] [ SQL ] SELECT `class`,`reg_score`,`shopping_number` FROM `sql_users` WHERE  `id` = 399 LIMIT 1 [ RunTime:0.000208s ]
[ sql ] [ SQL ] UPDATE `sql_users`  SET `reg_score`=0,`class`=6  WHERE  `id` = 399 [ RunTime:0.000302s ]
[ sql ] [ SQL ] INSERT INTO `sql_user_upgrade` (`uid` , `truename` , `code` , `type` , `created_at` , `class` , `class_at` , `Amount` , `updated_at` , `state`) VALUES (399 , '蓝海' , 'e2116' , '会员升级' , '1522031621' , 0 , 6 , 5000 , '1522031621' , 1) [ RunTime:0.000244s ]
[ sql ] [ SQL ] SHOW COLUMNS FROM `sql_account` [ RunTime:0.000737s ]
[ sql ] [ SQL ] INSERT INTO `sql_account` (`uid` , `score` , `cur_score` , `remark` , `type` , `is_add` , `class` , `from_uid` , `created_at` , `source`) VALUES (399 , -5000 , 0 , '会员升级' , 1 , 2 , 1 , 399 , '1522031621' , 8) [ RunTime:0.000240s ]
[ sql ] [ SQL ] SHOW COLUMNS FROM `sql_disc` [ RunTime:0.000645s ]
[ sql ] [ SQL ] SELECT `market_price` FROM `sql_disc` ORDER BY id desc LIMIT 1 [ RunTime:0.000207s ]
[ sql ] [ SQL ] SELECT `status`,`class` FROM `sql_users` WHERE  `id` = 399 LIMIT 1 [ RunTime:0.000213s ]
[ sql ] [ SQL ] SELECT COUNT(*) AS tp_count FROM `sql_disc` LIMIT 1 [ RunTime:0.000229s ]
[ sql ] [ SQL ] SELECT * FROM `sql_disc` ORDER BY `id`  desc LIMIT 1 [ RunTime:0.000195s ]
[ sql ] [ SQL ] SELECT `class`,`balance`,`id` FROM `sql_users` WHERE  `id` = 399  AND `islock` = 1 LIMIT 1 [ RunTime:0.000215s ]
[ sql ] [ SQL ] SHOW COLUMNS FROM `sql_bof_rank` [ RunTime:0.000703s ]
[ sql ] [ SQL ] SELECT * FROM `sql_bof_rank` WHERE  `uid` = 399  AND `status` = 1 LIMIT 1 [ RunTime:0.000251s ]
[ sql ] [ SQL ] SHOW COLUMNS FROM `sql_bof_issue` [ RunTime:0.000660s ]
[ sql ] [ SQL ] SELECT `bof_num`,`id` FROM `sql_bof_issue` WHERE  `status` = 1 ORDER BY `id`  desc LIMIT 1 [ RunTime:0.000227s ]
[ sql ] [ SQL ] UPDATE `sql_bof_issue`  SET `bof_num`=4861812.681235  WHERE  `id` = 66 [ RunTime:0.000232s ]
[ sql ] [ SQL ] UPDATE `sql_users`  SET `balance`=balance+9259.259259  WHERE  `id` = 399 [ RunTime:0.000233s ]
[ sql ] [ SQL ] SELECT `balance` FROM `sql_users` WHERE  `id` = 399 LIMIT 1 [ RunTime:0.000197s ]
[ sql ] [ SQL ] INSERT INTO `sql_account` (`uid` , `cur_score` , `score` , `remark` , `class` , `is_add` , `type` , `source` , `created_at`) VALUES (399 , 9259.259259 , 9259.259259 , '系统分配bof' , 2 , 1 , 8 , 13 , '1522031621') [ RunTime:0.000222s ]
[ sql ] [ SQL ] SHOW COLUMNS FROM `sql_bof_deal` [ RunTime:0.000777s ]
[ sql ] [ SQL ] SELECT * FROM `sql_bof_deal` WHERE  `order_sn` = '2018031522031621663' LIMIT 1 [ RunTime:0.000630s ]
[ sql ] [ SQL ] INSERT INTO `sql_bof_deal` (`uid` , `order_sn` , `sell_price` , `sell_num` , `status` , `type` , `created_at` , `updated_at`) VALUES (399 , '2018031522031621663' , 0.324 , 9259.259259 , 2 , 1 , '1522031621' , '1522031621') [ RunTime:0.000232s ]
[ sql ] [ SQL ] SELECT COUNT(*) AS tp_count FROM `sql_disc` LIMIT 1 [ RunTime:0.000219s ]
[ sql ] [ SQL ] SELECT * FROM `sql_disc` ORDER BY `id`  desc LIMIT 1 [ RunTime:0.000198s ]
[ sql ] [ SQL ] SELECT `value` FROM `sql_config` WHERE  `name` = 'market' LIMIT 1 [ RunTime:0.000252s ]
[ sql ] [ SQL ] SELECT `value` FROM `sql_config` WHERE  `name` = 'bof_all' LIMIT 1 [ RunTime:0.000217s ]
[ sql ] [ SQL ] SELECT `bof_num` FROM `sql_bof_issue` WHERE  `status` = 1 ORDER BY `id`  desc LIMIT 1 [ RunTime:0.000209s ]
[ sql ] [ SQL ] SELECT `value` FROM `sql_config` WHERE  `name` = 'current_price' LIMIT 1 [ RunTime:0.000222s ]
[ sql ] [ SQL ] SHOW COLUMNS FROM `sql_per` [ RunTime:0.000871s ]
[ sql ] [ SQL ] SELECT SUM(num) AS tp_sum FROM `sql_per` LIMIT 1 [ RunTime:0.000189s ]
[ sql ] [ SQL ] SELECT `id` FROM `sql_account` ORDER BY `id`  desc LIMIT 1 [ RunTime:0.000168s ]
[ sql ] [ SQL ] SELECT SUM(score) AS tp_sum FROM `sql_account` WHERE  `is_add` = 2  AND `source` IN (8,11) LIMIT 1 [ RunTime:0.001590s ]
[ sql ] [ SQL ] INSERT INTO `sql_disc` (`market_price` , `created_at`) VALUES (0.325 , '1522031621') [ RunTime:0.000205s ]
[ sql ] [ SQL ] SELECT `uid` FROM `sql_bof_deal` WHERE  `pay_status` = 2 [ RunTime:0.000292s ]
[ sql ] [ SQL ] SELECT `id`,`bof_num`,`class`,`balance`,`balance_return`,`game_score`,`pay_score`,`fund_gold`,`con_score`,`prize_score` FROM `sql_users` WHERE  `id` = 176 LIMIT 1 [ RunTime:0.000235s ]
[ sql ] [ SQL ] SELECT `sell_price` FROM `sql_bof_deal` WHERE  `uid` = 176  AND `type` = 2 ORDER BY `created_at`  desc LIMIT 1 [ RunTime:0.000390s ]
[ sql ] [ SQL ] SELECT `id`,`bof_num`,`class`,`balance`,`balance_return`,`game_score`,`pay_score`,`fund_gold`,`con_score`,`prize_score` FROM `sql_users` WHERE  `id` = 333 LIMIT 1 [ RunTime:0.000234s ]
[ sql ] [ SQL ] SELECT `sell_price` FROM `sql_bof_deal` WHERE  `uid` = 333  AND `type` = 2 ORDER BY `created_at`  desc LIMIT 1 [ RunTime:0.000347s ]
[ sql ] [ SQL ] SELECT `region`,`nid` FROM `sql_users` WHERE  `id` = 399 LIMIT 1 [ RunTime:0.000208s ]
[ sql ] [ SQL ] SELECT `class`,`nid`,`region`,`left_all_ach`,`right_all_ach`,`left_ach`,`right_ach` FROM `sql_users` WHERE  `id` = 392 LIMIT 1 [ RunTime:0.000221s ]
[ sql ] [ SQL ] UPDATE `sql_users`  SET `left_all_ach`=5000,`left_ach`=5000  WHERE  `id` = 392 [ RunTime:0.000255s ]
[ sql ] [ SQL ] SELECT `class`,`nid`,`region`,`left_all_ach`,`right_all_ach`,`left_ach`,`right_ach` FROM `sql_users` WHERE  `id` = 389 LIMIT 1 [ RunTime:0.000201s ]
[ sql ] [ SQL ] UPDATE `sql_users`  SET `right_all_ach`=15500,`right_ach`=5500  WHERE  `id` = 389 [ RunTime:0.000227s ]
[ sql ] [ SQL ] SELECT `class`,`nid`,`region`,`left_all_ach`,`right_all_ach`,`left_ach`,`right_ach` FROM `sql_users` WHERE  `id` = 388 LIMIT 1 [ RunTime:0.000199s ]
[ sql ] [ SQL ] UPDATE `sql_users`  SET `left_all_ach`=30500,`left_ach`=27500  WHERE  `id` = 388 [ RunTime:0.000216s ]
[ sql ] [ SQL ] SELECT `class`,`nid`,`region`,`left_all_ach`,`right_all_ach`,`left_ach`,`right_ach` FROM `sql_users` WHERE  `id` = 340 LIMIT 1 [ RunTime:0.000214s ]
[ sql ] [ SQL ] UPDATE `sql_users`  SET `left_all_ach`=34500,`left_ach`=5000  WHERE  `id` = 340 [ RunTime:0.000228s ]
[ sql ] [ SQL ] SELECT `class`,`nid`,`region`,`left_all_ach`,`right_all_ach`,`left_ach`,`right_ach` FROM `sql_users` WHERE  `id` = 327 LIMIT 1 [ RunTime:0.000276s ]
[ sql ] [ SQL ] UPDATE `sql_users`  SET `right_all_ach`=155600,`right_ach`=46500  WHERE  `id` = 327 [ RunTime:0.000239s ]
[ sql ] [ SQL ] SELECT `class`,`nid`,`region`,`left_all_ach`,`right_all_ach`,`left_ach`,`right_ach` FROM `sql_users` WHERE  `id` = 326 LIMIT 1 [ RunTime:0.000250s ]
[ sql ] [ SQL ] UPDATE `sql_users`  SET `left_all_ach`=269700,`left_ach`=264700  WHERE  `id` = 326 [ RunTime:0.000240s ]
[ sql ] [ SQL ] SELECT `class`,`nid`,`region`,`left_all_ach`,`right_all_ach`,`left_ach`,`right_ach` FROM `sql_users` WHERE  `id` = 299 LIMIT 1 [ RunTime:0.000232s ]
[ sql ] [ SQL ] UPDATE `sql_users`  SET `left_all_ach`=275100,`left_ach`=267900  WHERE  `id` = 299 [ RunTime:0.000237s ]
[ sql ] [ SQL ] SELECT `class`,`nid`,`region`,`left_all_ach`,`right_all_ach`,`left_ach`,`right_ach` FROM `sql_users` WHERE  `id` = 292 LIMIT 1 [ RunTime:0.000216s ]
[ sql ] [ SQL ] UPDATE `sql_users`  SET `right_all_ach`=282300,`right_ach`=282300  WHERE  `id` = 292 [ RunTime:0.000242s ]
[ sql ] [ SQL ] SELECT `class`,`nid`,`region`,`left_all_ach`,`right_all_ach`,`left_ach`,`right_ach` FROM `sql_users` WHERE  `id` = 290 LIMIT 1 [ RunTime:0.000216s ]
[ sql ] [ SQL ] UPDATE `sql_users`  SET `left_all_ach`=282300,`left_ach`=282300  WHERE  `id` = 290 [ RunTime:0.000245s ]
[ sql ] [ SQL ] SELECT `class`,`nid`,`region`,`left_all_ach`,`right_all_ach`,`left_ach`,`right_ach` FROM `sql_users` WHERE  `id` = 288 LIMIT 1 [ RunTime:0.000211s ]
[ sql ] [ SQL ] UPDATE `sql_users`  SET `left_all_ach`=282300,`left_ach`=282300  WHERE  `id` = 288 [ RunTime:0.000233s ]
[ sql ] [ SQL ] SELECT `class`,`nid`,`region`,`left_all_ach`,`right_all_ach`,`left_ach`,`right_ach` FROM `sql_users` WHERE  `id` = 287 LIMIT 1 [ RunTime:0.000218s ]
[ sql ] [ SQL ] UPDATE `sql_users`  SET `left_all_ach`=282400,`left_ach`=281000  WHERE  `id` = 287 [ RunTime:0.000232s ]
[ sql ] [ SQL ] SELECT `class`,`nid`,`region`,`left_all_ach`,`right_all_ach`,`left_ach`,`right_ach` FROM `sql_users` WHERE  `id` = 285 LIMIT 1 [ RunTime:0.000228s ]
[ sql ] [ SQL ] UPDATE `sql_users`  SET `left_all_ach`=285300,`left_ach`=285300  WHERE  `id` = 285 [ RunTime:0.000230s ]
[ sql ] [ SQL ] SELECT `class`,`nid`,`region`,`left_all_ach`,`right_all_ach`,`left_ach`,`right_ach` FROM `sql_users` WHERE  `id` = 284 LIMIT 1 [ RunTime:0.000210s ]
[ sql ] [ SQL ] UPDATE `sql_users`  SET `left_all_ach`=282300,`left_ach`=282300  WHERE  `id` = 284 [ RunTime:0.000240s ]
[ sql ] [ SQL ] SELECT `class`,`nid`,`region`,`left_all_ach`,`right_all_ach`,`left_ach`,`right_ach` FROM `sql_users` WHERE  `id` = 282 LIMIT 1 [ RunTime:0.000214s ]
[ sql ] [ SQL ] UPDATE `sql_users`  SET `left_all_ach`=282300,`left_ach`=282300  WHERE  `id` = 282 [ RunTime:0.000225s ]
[ sql ] [ SQL ] SELECT `class`,`nid`,`region`,`left_all_ach`,`right_all_ach`,`left_ach`,`right_ach` FROM `sql_users` WHERE  `id` = 0 LIMIT 1 [ RunTime:0.000202s ]
[ sql ] [ SQL ] SELECT * FROM `sql_users` WHERE  `id` = 399 LIMIT 1 [ RunTime:0.000409s ]
[ sql ] [ SQL ] SELECT `id` FROM `sql_users` WHERE  `id` = 392 LIMIT 1 [ RunTime:0.000213s ]
[ sql ] [ SQL ] SELECT `nid` FROM `sql_users` WHERE  `id` = 392 LIMIT 1 [ RunTime:0.000213s ]
[ sql ] [ SQL ] SELECT `id` FROM `sql_users` WHERE  `id` = 389 LIMIT 1 [ RunTime:0.000196s ]
[ sql ] [ SQL ] SELECT `nid` FROM `sql_users` WHERE  `id` = 389 LIMIT 1 [ RunTime:0.000197s ]
[ sql ] [ SQL ] SELECT `id` FROM `sql_users` WHERE  `id` = 388 LIMIT 1 [ RunTime:0.000203s ]
[ sql ] [ SQL ] SELECT `nid` FROM `sql_users` WHERE  `id` = 388 LIMIT 1 [ RunTime:0.000280s ]
[ sql ] [ SQL ] SELECT `id` FROM `sql_users` WHERE  `id` = 340 LIMIT 1 [ RunTime:0.000201s ]
[ sql ] [ SQL ] SELECT `nid` FROM `sql_users` WHERE  `id` = 340 LIMIT 1 [ RunTime:0.000201s ]
[ sql ] [ SQL ] SELECT `id` FROM `sql_users` WHERE  `id` = 327 LIMIT 1 [ RunTime:0.000190s ]
[ sql ] [ SQL ] SELECT `nid` FROM `sql_users` WHERE  `id` = 327 LIMIT 1 [ RunTime:0.000188s ]
[ sql ] [ SQL ] SELECT `id` FROM `sql_users` WHERE  `id` = 326 LIMIT 1 [ RunTime:0.000187s ]
[ sql ] [ SQL ] SELECT `nid` FROM `sql_users` WHERE  `id` = 326 LIMIT 1 [ RunTime:0.000186s ]
[ sql ] [ SQL ] SELECT `id` FROM `sql_users` WHERE  `id` = 299 LIMIT 1 [ RunTime:0.000191s ]
[ sql ] [ SQL ] SELECT `nid` FROM `sql_users` WHERE  `id` = 299 LIMIT 1 [ RunTime:0.000209s ]
[ sql ] [ SQL ] SELECT `id` FROM `sql_users` WHERE  `id` = 292 LIMIT 1 [ RunTime:0.000191s ]
[ sql ] [ SQL ] SELECT `nid` FROM `sql_users` WHERE  `id` = 292 LIMIT 1 [ RunTime:0.000191s ]
[ sql ] [ SQL ] SELECT `id` FROM `sql_users` WHERE  `id` = 290 LIMIT 1 [ RunTime:0.000207s ]
[ sql ] [ SQL ] SELECT `nid` FROM `sql_users` WHERE  `id` = 290 LIMIT 1 [ RunTime:0.000190s ]
[ sql ] [ SQL ] SELECT `id` FROM `sql_users` WHERE  `id` = 288 LIMIT 1 [ RunTime:0.000189s ]
[ sql ] [ SQL ] SELECT `nid` FROM `sql_users` WHERE  `id` = 288 LIMIT 1 [ RunTime:0.000194s ]
[ sql ] [ SQL ] SELECT `id` FROM `sql_users` WHERE  `id` = 287 LIMIT 1 [ RunTime:0.000186s ]
[ sql ] [ SQL ] SELECT `nid` FROM `sql_users` WHERE  `id` = 287 LIMIT 1 [ RunTime:0.000190s ]
[ sql ] [ SQL ] SELECT `id` FROM `sql_users` WHERE  `id` = 285 LIMIT 1 [ RunTime:0.000205s ]
[ sql ] [ SQL ] SELECT `nid` FROM `sql_users` WHERE  `id` = 285 LIMIT 1 [ RunTime:0.000188s ]
[ sql ] [ SQL ] SELECT `id` FROM `sql_users` WHERE  `id` = 284 LIMIT 1 [ RunTime:0.000193s ]
[ sql ] [ SQL ] SELECT `nid` FROM `sql_users` WHERE  `id` = 284 LIMIT 1 [ RunTime:0.000222s ]
[ sql ] [ SQL ] SELECT `id` FROM `sql_users` WHERE  `id` = 282 LIMIT 1 [ RunTime:0.000190s ]
[ sql ] [ SQL ] SELECT `nid` FROM `sql_users` WHERE  `id` = 282 LIMIT 1 [ RunTime:0.000193s ]
[ sql ] [ SQL ] SELECT * FROM `sql_users` WHERE  `id` IN (392,389,388,340,327,326,299,292,290,288,287,285,284,282) [ RunTime:0.000533s ]
[ sql ] [ SQL ] SELECT SUM(score) AS tp_sum FROM `sql_account` WHERE  `type` IN (1,3)  AND `source` IN (1,2,15) LIMIT 1 [ RunTime:0.001836s ]
[ sql ] [ SQL ] UPDATE `sql_users`  SET `left_ach`=left_ach-5000  WHERE  `id` = 340 [ RunTime:0.000275s ]
[ sql ] [ SQL ] UPDATE `sql_users`  SET `right_ach`=right_ach-5000  WHERE  `id` = 340 [ RunTime:0.000236s ]
[ sql ] [ SQL ] SELECT `value` FROM `sql_config` WHERE  `name` = 'sixBoomPercent' LIMIT 1 [ RunTime:0.000274s ]
[ sql ] [ SQL ] SELECT `value` FROM `sql_config` WHERE  `name` = 'oneToThreePercent' LIMIT 1 [ RunTime:0.000230s ]
[ sql ] [ SQL ] SELECT SUM(score) AS tp_sum FROM `sql_account` WHERE  `uid` = 340  AND `source` = 2  AND `is_add` = 1  AND `type` = 3  AND `class` = 1  AND ( `created_at` > '1521993600' AND `created_at` < '1522079999' ) LIMIT 1 [ RunTime:0.002279s ]
[ sql ] [ SQL ] SELECT `value` FROM `sql_config` WHERE  `name` = 'sixTopBoomScore' LIMIT 1 [ RunTime:0.000243s ]
[ sql ] [ SQL ] SELECT `prize_score` FROM `sql_users` WHERE  `id` = 340 LIMIT 1 [ RunTime:0.000207s ]
[ sql ] [ SQL ] INSERT INTO `sql_account` (`uid` , `score` , `cur_score` , `remark` , `class` , `is_add` , `type` , `source` , `from_uid` , `created_at`) VALUES (340 , 270 , 2232.610107 , '平衡奖结算' , 1 , 1 , 3 , 2 , 399 , '1522031621') [ RunTime:0.000240s ]
[ sql ] [ SQL ] UPDATE `sql_users`  SET `prize_score`=prize_score+270  WHERE  `id` = 340 [ RunTime:0.000238s ]
[ sql ] [ SQL ] SELECT `id` FROM `sql_users` WHERE  `id` = 340 LIMIT 1 [ RunTime:0.000208s ]
[ sql ] [ SQL ] SELECT `pid` FROM `sql_users` WHERE  `id` = 340 LIMIT 1 [ RunTime:0.000191s ]
[ sql ] [ SQL ] SELECT `id` FROM `sql_users` WHERE  `id` = 327 LIMIT 1 [ RunTime:0.000203s ]
[ sql ] [ SQL ] SELECT `pid` FROM `sql_users` WHERE  `id` = 327 LIMIT 1 [ RunTime:0.000217s ]
[ sql ] [ SQL ] SELECT `id` FROM `sql_users` WHERE  `id` = 326 LIMIT 1 [ RunTime:0.000191s ]
[ sql ] [ SQL ] SELECT `pid` FROM `sql_users` WHERE  `id` = 326 LIMIT 1 [ RunTime:0.000195s ]
[ sql ] [ SQL ] SELECT `id` FROM `sql_users` WHERE  `id` = 299 LIMIT 1 [ RunTime:0.000192s ]
[ sql ] [ SQL ] SELECT `pid` FROM `sql_users` WHERE  `id` = 299 LIMIT 1 [ RunTime:0.000191s ]
[ sql ] [ SQL ] SELECT `id` FROM `sql_users` WHERE  `id` = 292 LIMIT 1 [ RunTime:0.000185s ]
[ sql ] [ SQL ] SELECT `pid` FROM `sql_users` WHERE  `id` = 292 LIMIT 1 [ RunTime:0.000196s ]
[ sql ] [ SQL ] SELECT `id` FROM `sql_users` WHERE  `id` = 290 LIMIT 1 [ RunTime:0.000188s ]
[ sql ] [ SQL ] SELECT `pid` FROM `sql_users` WHERE  `id` = 290 LIMIT 1 [ RunTime:0.000189s ]
[ sql ] [ SQL ] SELECT * FROM `sql_users` WHERE  `id` = 327 LIMIT 1 [ RunTime:0.000350s ]
[ sql ] [ SQL ] SELECT `value` FROM `sql_config` WHERE  `name` = 'sixContributionPercent' LIMIT 1 [ RunTime:0.000258s ]
[ sql ] [ SQL ] SELECT `prize_score` FROM `sql_users` WHERE  `id` = 327 LIMIT 1 [ RunTime:0.000208s ]
[ sql ] [ SQL ] INSERT INTO `sql_account` (`uid` , `score` , `cur_score` , `remark` , `class` , `is_add` , `type` , `source` , `from_uid` , `created_at`) VALUES (327 , 13.5 , 12417.692383 , '贡献奖结算' , 1 , 1 , 3 , 2 , 340 , '1522031621') [ RunTime:0.000237s ]
[ sql ] [ SQL ] UPDATE `sql_users`  SET `prize_score`=prize_score+13.5  WHERE  `id` = 327 [ RunTime:0.000253s ]
[ sql ] [ SQL ] SELECT * FROM `sql_users` WHERE  `id` = 326 LIMIT 1 [ RunTime:0.000364s ]
[ sql ] [ SQL ] SELECT `value` FROM `sql_config` WHERE  `name` = 'twoContributionPercent' LIMIT 1 [ RunTime:0.000277s ]
[ sql ] [ SQL ] SELECT `prize_score` FROM `sql_users` WHERE  `id` = 326 LIMIT 1 [ RunTime:0.000210s ]
[ sql ] [ SQL ] INSERT INTO `sql_account` (`uid` , `score` , `cur_score` , `remark` , `class` , `is_add` , `type` , `source` , `from_uid` , `created_at`) VALUES (326 , 0.27 , 694.512493 , '贡献奖结算' , 1 , 1 , 3 , 2 , 340 , '1522031621') [ RunTime:0.000232s ]
[ sql ] [ SQL ] UPDATE `sql_users`  SET `prize_score`=prize_score+0.27  WHERE  `id` = 326 [ RunTime:0.000238s ]
[ sql ] [ SQL ] SELECT * FROM `sql_users` WHERE  `id` = 299 LIMIT 1 [ RunTime:0.000348s ]
[ sql ] [ SQL ] SELECT `value` FROM `sql_config` WHERE  `name` = 'sixContributionPercent' LIMIT 1 [ RunTime:0.000274s ]
[ sql ] [ SQL ] SELECT `prize_score` FROM `sql_users` WHERE  `id` = 299 LIMIT 1 [ RunTime:0.000201s ]
[ sql ] [ SQL ] INSERT INTO `sql_account` (`uid` , `score` , `cur_score` , `remark` , `class` , `is_add` , `type` , `source` , `from_uid` , `created_at`) VALUES (299 , 0.0135 , 2206.249584 , '贡献奖结算' , 1 , 1 , 3 , 2 , 340 , '1522031621') [ RunTime:0.000246s ]
[ sql ] [ SQL ] UPDATE `sql_users`  SET `prize_score`=prize_score+0.0135  WHERE  `id` = 299 [ RunTime:0.000242s ]
[ sql ] [ SQL ] SELECT * FROM `sql_users` WHERE  `id` = 292 LIMIT 1 [ RunTime:0.000345s ]
[ sql ] [ SQL ] SELECT * FROM `sql_users` WHERE  `id` = 290 LIMIT 1 [ RunTime:0.000364s ]
[ log ] <<<碰撞完成 新人id：399--手机号：18185521108 --碰撞金额：5000---配比率：0.6---获奖人id：340--碰撞时间：2018-03-26 10:33:411522031621>>>
---------------------------------------------------------------
[ 2018-03-26T10:33:41+08:00 ] 121.42.251.110 222.85.230.24 POST /home/users/DoUpgrade
[ info ] apibof.ewtouch.com/home/users/DoUpgrade [运行时间：0.145149s][吞吐率：6.89req/s] [内存消耗：3,398.79kb] [文件加载：66]
[ sql ] [ SQL ] SELECT SUM(score) AS tp_sum FROM `sql_account` WHERE  `type` IN (1,3)  AND `source` IN (1,2,15) LIMIT 1 [ RunTime:0.001850s ]
[ sql ] [ SQL ] UPDATE `sql_users`  SET `left_ach`=left_ach-500  WHERE  `id` = 392 [ RunTime:0.000296s ]
[ sql ] [ SQL ] UPDATE `sql_users`  SET `right_ach`=right_ach-500  WHERE  `id` = 392 [ RunTime:0.000257s ]
[ sql ] [ SQL ] SELECT `value` FROM `sql_config` WHERE  `name` = 'sevenBoomPercent' LIMIT 1 [ RunTime:0.000282s ]
[ sql ] [ SQL ] SELECT `value` FROM `sql_config` WHERE  `name` = 'oneToThreePercent' LIMIT 1 [ RunTime:0.000255s ]
[ sql ] [ SQL ] SELECT SUM(score) AS tp_sum FROM `sql_account` WHERE  `uid` = 392  AND `source` = 2  AND `is_add` = 1  AND `type` = 3  AND `class` = 1  AND ( `created_at` > '1521993600' AND `created_at` < '1522079999' ) LIMIT 1 [ RunTime:0.002274s ]
[ sql ] [ SQL ] SELECT `value` FROM `sql_config` WHERE  `name` = 'sevenTopBoomScore' LIMIT 1 [ RunTime:0.000278s ]
[ sql ] [ SQL ] SELECT `prize_score` FROM `sql_users` WHERE  `id` = 392 LIMIT 1 [ RunTime:0.000232s ]
[ sql ] [ SQL ] INSERT INTO `sql_account` (`uid` , `score` , `cur_score` , `remark` , `class` , `is_add` , `type` , `source` , `from_uid` , `created_at`) VALUES (392 , 30 , 72.856998 , '平衡奖结算' , 1 , 1 , 3 , 2 , 399 , '1522031621') [ RunTime:0.000268s ]
[ sql ] [ SQL ] UPDATE `sql_users`  SET `prize_score`=prize_score+30  WHERE  `id` = 392 [ RunTime:0.000265s ]
[ sql ] [ SQL ] SELECT `id` FROM `sql_users` WHERE  `id` = 392 LIMIT 1 [ RunTime:0.000249s ]
[ sql ] [ SQL ] SELECT `pid` FROM `sql_users` WHERE  `id` = 392 LIMIT 1 [ RunTime:0.000227s ]
[ sql ] [ SQL ] SELECT `id` FROM `sql_users` WHERE  `id` = 389 LIMIT 1 [ RunTime:0.000221s ]
[ sql ] [ SQL ] SELECT `pid` FROM `sql_users` WHERE  `id` = 389 LIMIT 1 [ RunTime:0.000229s ]
[ sql ] [ SQL ] SELECT `id` FROM `sql_users` WHERE  `id` = 388 LIMIT 1 [ RunTime:0.000219s ]
[ sql ] [ SQL ] SELECT `pid` FROM `sql_users` WHERE  `id` = 388 LIMIT 1 [ RunTime:0.000234s ]
[ sql ] [ SQL ] SELECT `id` FROM `sql_users` WHERE  `id` = 340 LIMIT 1 [ RunTime:0.000227s ]
[ sql ] [ SQL ] SELECT `pid` FROM `sql_users` WHERE  `id` = 340 LIMIT 1 [ RunTime:0.000219s ]
[ sql ] [ SQL ] SELECT `id` FROM `sql_users` WHERE  `id` = 327 LIMIT 1 [ RunTime:0.000232s ]
[ sql ] [ SQL ] SELECT `pid` FROM `sql_users` WHERE  `id` = 327 LIMIT 1 [ RunTime:0.000221s ]
[ sql ] [ SQL ] SELECT `id` FROM `sql_users` WHERE  `id` = 326 LIMIT 1 [ RunTime:0.000218s ]
[ sql ] [ SQL ] SELECT `pid` FROM `sql_users` WHERE  `id` = 326 LIMIT 1 [ RunTime:0.000225s ]
[ sql ] [ SQL ] SELECT * FROM `sql_users` WHERE  `id` = 389 LIMIT 1 [ RunTime:0.000377s ]
[ sql ] [ SQL ] SELECT `value` FROM `sql_config` WHERE  `name` = 'sixContributionPercent' LIMIT 1 [ RunTime:0.000274s ]
[ sql ] [ SQL ] SELECT `prize_score` FROM `sql_users` WHERE  `id` = 389 LIMIT 1 [ RunTime:0.000231s ]
[ sql ] [ SQL ] INSERT INTO `sql_account` (`uid` , `score` , `cur_score` , `remark` , `class` , `is_add` , `type` , `source` , `from_uid` , `created_at`) VALUES (389 , 1.5 , 2227.601074 , '贡献奖结算' , 1 , 1 , 3 , 2 , 392 , '1522031621') [ RunTime:0.000260s ]
[ sql ] [ SQL ] UPDATE `sql_users`  SET `prize_score`=prize_score+1.5  WHERE  `id` = 389 [ RunTime:0.000272s ]
[ sql ] [ SQL ] SELECT * FROM `sql_users` WHERE  `id` = 388 LIMIT 1 [ RunTime:0.000393s ]
[ sql ] [ SQL ] SELECT `value` FROM `sql_config` WHERE  `name` = 'fourContributionPercent' LIMIT 1 [ RunTime:0.000263s ]
[ sql ] [ SQL ] SELECT `prize_score` FROM `sql_users` WHERE  `id` = 388 LIMIT 1 [ RunTime:0.000232s ]
[ sql ] [ SQL ] INSERT INTO `sql_account` (`uid` , `score` , `cur_score` , `remark` , `class` , `is_add` , `type` , `source` , `from_uid` , `created_at`) VALUES (388 , 0.045 , 725.697344 , '贡献奖结算' , 1 , 1 , 3 , 2 , 392 , '1522031621') [ RunTime:0.000261s ]
[ sql ] [ SQL ] UPDATE `sql_users`  SET `prize_score`=prize_score+0.045  WHERE  `id` = 388 [ RunTime:0.000263s ]
[ sql ] [ SQL ] SELECT * FROM `sql_users` WHERE  `id` = 340 LIMIT 1 [ RunTime:0.000400s ]
[ sql ] [ SQL ] SELECT `value` FROM `sql_config` WHERE  `name` = 'sixContributionPercent' LIMIT 1 [ RunTime:0.000273s ]
[ sql ] [ SQL ] SELECT `prize_score` FROM `sql_users` WHERE  `id` = 340 LIMIT 1 [ RunTime:0.000235s ]
[ sql ] [ SQL ] INSERT INTO `sql_account` (`uid` , `score` , `cur_score` , `remark` , `class` , `is_add` , `type` , `source` , `from_uid` , `created_at`) VALUES (340 , 0.00225 , 2232.612357 , '贡献奖结算' , 1 , 1 , 3 , 2 , 392 , '1522031621') [ RunTime:0.000246s ]
[ sql ] [ SQL ] UPDATE `sql_users`  SET `prize_score`=prize_score+0.00225  WHERE  `id` = 340 [ RunTime:0.000271s ]
[ sql ] [ SQL ] SELECT * FROM `sql_users` WHERE  `id` = 327 LIMIT 1 [ RunTime:0.000379s ]
[ sql ] [ SQL ] SELECT `value` FROM `sql_config` WHERE  `name` = 'sixContributionPercent' LIMIT 1 [ RunTime:0.000271s ]
[ sql ] [ SQL ] SELECT `prize_score` FROM `sql_users` WHERE  `id` = 327 LIMIT 1 [ RunTime:0.000231s ]
[ sql ] [ SQL ] INSERT INTO `sql_account` (`uid` , `score` , `cur_score` , `remark` , `class` , `is_add` , `type` , `source` , `from_uid` , `created_at`) VALUES (327 , 0.0001125 , 12417.6924955 , '贡献奖结算' , 1 , 1 , 3 , 2 , 392 , '1522031621') [ RunTime:0.000250s ]
[ sql ] [ SQL ] UPDATE `sql_users`  SET `prize_score`=prize_score+0.0001125  WHERE  `id` = 327 [ RunTime:0.000274s ]
[ info ] [ LOG ] INIT File
[ log ] <<<--错误信息：更改用户贡献奖异常-->>>
---------------------------------------------------------------
[ 2018-03-26T16:45:02+08:00 ] 121.42.251.110 119.62.205.236 POST /home/users/DoUpgrade
[ info ] apibof.ewtouch.com/home/users/DoUpgrade [运行时间：0.067915s][吞吐率：14.72req/s] [内存消耗：3,309.07kb] [文件加载：65]
[ info ] [ LANG ] /www/wwwroot/bof.com/thinkphp/lang/zh-cn.php
[ info ] [ ROUTE ] array (
  'type' => 'module',
  'module' => 
  array (
    0 => 'home',
    1 => 'users',
    2 => 'DoUpgrade',
  ),
)
[ info ] [ HEADER ] array (
  'cookie' => 'PHPSESSID=h6svndbso482cg01kl9a1q9o3k',
  'accept-language' => 'zh-CN,zh;q=0.8',
  'accept-encoding' => 'gzip, deflate',
  'referer' => 'http://webbof.ewtouch.com/zh/business_up.html',
  'content-type' => 'application/x-www-form-urlencoded; charset=UTF-8',
  'user-agent' => 'Mozilla/5.0 (Windows NT 10.0; WOW64) AppleWebKit/537.36 (KHTML, like Gecko) Chrome/45.0.2454.101 Safari/537.36',
  'origin' => 'http://webbof.ewtouch.com',
  'accept' => 'application/json, text/javascript, */*; q=0.01',
  'content-length' => '7',
  'connection' => 'keep-alive',
  'host' => 'apibof.ewtouch.com',
)
[ info ] [ PARAM ] array (
  'class' => '3',
)
[ info ] [ DB ] INIT mysql
[ info ] [ SESSION ] INIT array (
  'id' => '',
  'var_session_id' => '',
  'prefix' => 'think',
  'type' => '',
  'auto_start' => true,
  'httponly' => true,
  'secure' => false,
)
[ info ] [ RUN ] app\home\controller\Users->DoUpgrade[ /www/wwwroot/bof.com/application/home/controller/Users.php ]
[ info ] [ CACHE ] INIT file
[ info ] [ LOG ] INIT File
[ sql ] [ DB ] CONNECT:[ UseTime:0.000498s ] mysql:dbname=bof_com;host=121.42.251.110;port=3306;charset=utf8
[ sql ] [ SQL ] SHOW COLUMNS FROM `sql_config` [ RunTime:0.001031s ]
[ sql ] [ SQL ] SELECT `value` FROM `sql_config` WHERE  `name` = 'pu_straight' LIMIT 1 [ RunTime:0.000338s ]
[ sql ] [ SQL ] SELECT `value` FROM `sql_config` WHERE  `name` = 'pu_straight' LIMIT 1 [ RunTime:0.000254s ]
[ sql ] [ SQL ] SELECT `value` FROM `sql_config` WHERE  `name` = 'yin_straight' LIMIT 1 [ RunTime:0.000233s ]
[ sql ] [ SQL ] SELECT `value` FROM `sql_config` WHERE  `name` = 'jin_straight' LIMIT 1 [ RunTime:0.000228s ]
[ sql ] [ SQL ] SELECT `value` FROM `sql_config` WHERE  `name` = 'baijin_straight' LIMIT 1 [ RunTime:0.000232s ]
[ sql ] [ SQL ] SELECT `value` FROM `sql_config` WHERE  `name` = 'heijin_straight' LIMIT 1 [ RunTime:0.000267s ]
[ sql ] [ SQL ] SELECT `value` FROM `sql_config` WHERE  `name` = 'zuan_straight' LIMIT 1 [ RunTime:0.000242s ]
[ sql ] [ SQL ] SELECT `value` FROM `sql_config` WHERE  `name` = 'lanzuan_straight' LIMIT 1 [ RunTime:0.000215s ]
[ sql ] [ SQL ] SHOW COLUMNS FROM `sql_users` [ RunTime:0.001115s ]
[ sql ] [ SQL ] SELECT * FROM `sql_users` WHERE  `id` = 401 LIMIT 1 [ RunTime:0.000510s ]
[ sql ] [ SQL ] SELECT `bof_all`,`class`,`balance`,`reg_score` FROM `sql_users` WHERE  `id` = 401 LIMIT 1 [ RunTime:0.000244s ]
[ sql ] [ SQL ] SELECT `class` FROM `sql_users` WHERE  `pid` = 401 [ RunTime:0.000365s ]
[ sql ] [ SQL ] SHOW COLUMNS FROM `sql_user_upgrade` [ RunTime:0.000732s ]
[ sql ] [ SQL ] SELECT * FROM `sql_user_upgrade` WHERE  `uid` = 401 LIMIT 1 [ RunTime:0.000416s ]
[ sql ] [ SQL ] SELECT `class`,`reg_score`,`shopping_number` FROM `sql_users` WHERE  `id` = 401 LIMIT 1 [ RunTime:0.000231s ]
[ sql ] [ SQL ] UPDATE `sql_users`  SET `reg_score`=0,`class`=3  WHERE  `id` = 401 [ RunTime:0.000304s ]
[ sql ] [ SQL ] INSERT INTO `sql_user_upgrade` (`uid` , `truename` , `code` , `type` , `created_at` , `class` , `class_at` , `Amount` , `updated_at` , `state`) VALUES (401 , 'jd009' , 'jd009' , '会员升级' , '1522053902' , 0 , 3 , 500 , '1522053902' , 1) [ RunTime:0.000246s ]
[ sql ] [ SQL ] SHOW COLUMNS FROM `sql_account` [ RunTime:0.000760s ]
[ sql ] [ SQL ] INSERT INTO `sql_account` (`uid` , `score` , `cur_score` , `remark` , `type` , `is_add` , `class` , `from_uid` , `created_at` , `source`) VALUES (401 , -500 , 0 , '会员升级' , 1 , 2 , 1 , 401 , '1522053902' , 8) [ RunTime:0.000247s ]
[ sql ] [ SQL ] SHOW COLUMNS FROM `sql_disc` [ RunTime:0.000654s ]
[ sql ] [ SQL ] SELECT `market_price` FROM `sql_disc` ORDER BY id desc LIMIT 1 [ RunTime:0.000198s ]
[ sql ] [ SQL ] SELECT `status`,`class` FROM `sql_users` WHERE  `id` = 401 LIMIT 1 [ RunTime:0.000228s ]
[ sql ] [ SQL ] SELECT COUNT(*) AS tp_count FROM `sql_disc` LIMIT 1 [ RunTime:0.000233s ]
[ sql ] [ SQL ] SELECT * FROM `sql_disc` ORDER BY `id`  desc LIMIT 1 [ RunTime:0.000204s ]
[ sql ] [ SQL ] SELECT `class`,`balance`,`id` FROM `sql_users` WHERE  `id` = 401  AND `islock` = 1 LIMIT 1 [ RunTime:0.000224s ]
[ sql ] [ SQL ] SHOW COLUMNS FROM `sql_bof_rank` [ RunTime:0.000707s ]
[ sql ] [ SQL ] SELECT * FROM `sql_bof_rank` WHERE  `uid` = 401  AND `status` = 1 LIMIT 1 [ RunTime:0.000280s ]
[ sql ] [ SQL ] SHOW COLUMNS FROM `sql_bof_issue` [ RunTime:0.000674s ]
[ sql ] [ SQL ] SELECT `bof_num`,`id` FROM `sql_bof_issue` WHERE  `status` = 1 ORDER BY `id`  desc LIMIT 1 [ RunTime:0.000299s ]
[ sql ] [ SQL ] UPDATE `sql_bof_issue`  SET `bof_num`=4860981.912004  WHERE  `id` = 66 [ RunTime:0.000244s ]
[ sql ] [ SQL ] UPDATE `sql_users`  SET `balance`=balance+830.769231  WHERE  `id` = 401 [ RunTime:0.000287s ]
[ sql ] [ SQL ] SELECT `balance` FROM `sql_users` WHERE  `id` = 401 LIMIT 1 [ RunTime:0.000200s ]
[ sql ] [ SQL ] INSERT INTO `sql_account` (`uid` , `cur_score` , `score` , `remark` , `class` , `is_add` , `type` , `source` , `created_at`) VALUES (401 , 830.769231 , 830.769231 , '系统分配bof' , 2 , 1 , 8 , 13 , '1522053902') [ RunTime:0.000221s ]
[ sql ] [ SQL ] SHOW COLUMNS FROM `sql_bof_deal` [ RunTime:0.000821s ]
[ sql ] [ SQL ] SELECT * FROM `sql_bof_deal` WHERE  `order_sn` = '2018031522053902771' LIMIT 1 [ RunTime:0.000648s ]
[ sql ] [ SQL ] INSERT INTO `sql_bof_deal` (`uid` , `order_sn` , `sell_price` , `sell_num` , `status` , `type` , `created_at` , `updated_at`) VALUES (401 , '2018031522053902771' , 0.325 , 830.769231 , 2 , 1 , '1522053902' , '1522053902') [ RunTime:0.000229s ]
[ sql ] [ SQL ] SELECT COUNT(*) AS tp_count FROM `sql_disc` LIMIT 1 [ RunTime:0.000219s ]
[ sql ] [ SQL ] SELECT * FROM `sql_disc` ORDER BY `id`  desc LIMIT 1 [ RunTime:0.000218s ]
[ sql ] [ SQL ] SELECT `value` FROM `sql_config` WHERE  `name` = 'market' LIMIT 1 [ RunTime:0.000260s ]
[ sql ] [ SQL ] SELECT `value` FROM `sql_config` WHERE  `name` = 'bof_all' LIMIT 1 [ RunTime:0.000218s ]
[ sql ] [ SQL ] SELECT `bof_num` FROM `sql_bof_issue` WHERE  `status` = 1 ORDER BY `id`  desc LIMIT 1 [ RunTime:0.000223s ]
[ sql ] [ SQL ] SELECT `value` FROM `sql_config` WHERE  `name` = 'current_price' LIMIT 1 [ RunTime:0.000246s ]
[ sql ] [ SQL ] SHOW COLUMNS FROM `sql_per` [ RunTime:0.000674s ]
[ sql ] [ SQL ] SELECT SUM(num) AS tp_sum FROM `sql_per` LIMIT 1 [ RunTime:0.000200s ]
[ sql ] [ SQL ] SELECT `id` FROM `sql_account` ORDER BY `id`  desc LIMIT 1 [ RunTime:0.000183s ]
[ sql ] [ SQL ] SELECT SUM(score) AS tp_sum FROM `sql_account` WHERE  `is_add` = 2  AND `source` IN (8,11) LIMIT 1 [ RunTime:0.001608s ]
[ sql ] [ SQL ] SELECT `region`,`nid` FROM `sql_users` WHERE  `id` = 401 LIMIT 1 [ RunTime:0.000220s ]
[ sql ] [ SQL ] SELECT `class`,`nid`,`region`,`left_all_ach`,`right_all_ach`,`left_ach`,`right_ach` FROM `sql_users` WHERE  `id` = 380 LIMIT 1 [ RunTime:0.000264s ]
[ sql ] [ SQL ] UPDATE `sql_users`  SET `right_all_ach`=500,`right_ach`=500  WHERE  `id` = 380 [ RunTime:0.000250s ]
[ sql ] [ SQL ] SELECT `class`,`nid`,`region`,`left_all_ach`,`right_all_ach`,`left_ach`,`right_ach` FROM `sql_users` WHERE  `id` = 163 LIMIT 1 [ RunTime:0.000235s ]
[ sql ] [ SQL ] UPDATE `sql_users`  SET `left_all_ach`=19800,`left_ach`=18800  WHERE  `id` = 163 [ RunTime:0.000226s ]
[ sql ] [ SQL ] SELECT `class`,`nid`,`region`,`left_all_ach`,`right_all_ach`,`left_ach`,`right_ach` FROM `sql_users` WHERE  `id` = 140 LIMIT 1 [ RunTime:0.000212s ]
[ sql ] [ SQL ] SELECT * FROM `sql_users` WHERE  `id` = 401 LIMIT 1 [ RunTime:0.000380s ]
[ sql ] [ SQL ] SELECT `id` FROM `sql_users` WHERE  `id` = 380 LIMIT 1 [ RunTime:0.000213s ]
[ sql ] [ SQL ] SELECT `nid` FROM `sql_users` WHERE  `id` = 380 LIMIT 1 [ RunTime:0.000206s ]
[ sql ] [ SQL ] SELECT `id` FROM `sql_users` WHERE  `id` = 163 LIMIT 1 [ RunTime:0.000183s ]
[ sql ] [ SQL ] SELECT `nid` FROM `sql_users` WHERE  `id` = 163 LIMIT 1 [ RunTime:0.000180s ]
[ sql ] [ SQL ] SELECT `id` FROM `sql_users` WHERE  `id` = 140 LIMIT 1 [ RunTime:0.000184s ]
[ sql ] [ SQL ] SELECT `nid` FROM `sql_users` WHERE  `id` = 140 LIMIT 1 [ RunTime:0.000178s ]
[ sql ] [ SQL ] SELECT * FROM `sql_users` WHERE  `id` IN (380,163) [ RunTime:0.000375s ]
[ sql ] [ SQL ] SELECT SUM(score) AS tp_sum FROM `sql_account` WHERE  `type` IN (1,3)  AND `source` IN (1,2,15) LIMIT 1 [ RunTime:0.001776s ]
[ sql ] [ SQL ] UPDATE `sql_users`  SET `left_ach`=left_ach-500  WHERE  `id` = 380 [ RunTime:0.000254s ]
[ sql ] [ SQL ] UPDATE `sql_users`  SET `right_ach`=right_ach-500  WHERE  `id` = 380 [ RunTime:0.000219s ]
[ sql ] [ SQL ] SELECT `value` FROM `sql_config` WHERE  `name` = 'fourBoomPercent' LIMIT 1 [ RunTime:0.000248s ]
[ sql ] [ SQL ] SELECT `value` FROM `sql_config` WHERE  `name` = 'oneToThreePercent' LIMIT 1 [ RunTime:0.000233s ]
[ sql ] [ SQL ] SELECT SUM(score) AS tp_sum FROM `sql_account` WHERE  `uid` = 380  AND `source` = 2  AND `is_add` = 1  AND `type` = 3  AND `class` = 1  AND ( `created_at` > '1521993600' AND `created_at` < '1522079999' ) LIMIT 1 [ RunTime:0.002278s ]
[ sql ] [ SQL ] SELECT `value` FROM `sql_config` WHERE  `name` = 'fourTopBoomScore' LIMIT 1 [ RunTime:0.000233s ]
[ sql ] [ SQL ] SELECT `prize_score` FROM `sql_users` WHERE  `id` = 380 LIMIT 1 [ RunTime:0.000187s ]
[ sql ] [ SQL ] INSERT INTO `sql_account` (`uid` , `score` , `cur_score` , `remark` , `class` , `is_add` , `type` , `source` , `from_uid` , `created_at`) VALUES (380 , 21 , 330 , '平衡奖结算' , 1 , 1 , 3 , 2 , 401 , '1522053902') [ RunTime:0.000235s ]
[ sql ] [ SQL ] UPDATE `sql_users`  SET `prize_score`=prize_score+21  WHERE  `id` = 380 [ RunTime:0.000246s ]
[ sql ] [ SQL ] SELECT `id` FROM `sql_users` WHERE  `id` = 380 LIMIT 1 [ RunTime:0.000186s ]
[ sql ] [ SQL ] SELECT `pid` FROM `sql_users` WHERE  `id` = 380 LIMIT 1 [ RunTime:0.000176s ]
[ sql ] [ SQL ] SELECT `id` FROM `sql_users` WHERE  `id` = 163 LIMIT 1 [ RunTime:0.000177s ]
[ sql ] [ SQL ] SELECT `pid` FROM `sql_users` WHERE  `id` = 163 LIMIT 1 [ RunTime:0.000226s ]
[ sql ] [ SQL ] SELECT `id` FROM `sql_users` WHERE  `id` = 140 LIMIT 1 [ RunTime:0.000191s ]
[ sql ] [ SQL ] SELECT `pid` FROM `sql_users` WHERE  `id` = 140 LIMIT 1 [ RunTime:0.000265s ]
[ sql ] [ SQL ] SELECT * FROM `sql_users` WHERE  `id` = 163 LIMIT 1 [ RunTime:0.000356s ]
[ log ] <<<碰撞完成 新人id：401--手机号：18187181578 --碰撞金额：500---配比率：0.6---获奖人id：380--碰撞时间：2018-03-26 16:45:021522053902>>>
---------------------------------------------------------------
[ 2018-03-26T16:59:28+08:00 ] 121.42.251.110 119.62.205.236 POST /home/users/DoUpgrade
[ info ] apibof.ewtouch.com/home/users/DoUpgrade [运行时间：0.072144s][吞吐率：13.86req/s] [内存消耗：3,305.95kb] [文件加载：65]
[ info ] [ LANG ] /www/wwwroot/bof.com/thinkphp/lang/zh-cn.php
[ info ] [ ROUTE ] array (
  'type' => 'module',
  'module' => 
  array (
    0 => 'home',
    1 => 'users',
    2 => 'DoUpgrade',
  ),
)
[ info ] [ HEADER ] array (
  'cookie' => 'PHPSESSID=h6svndbso482cg01kl9a1q9o3k',
  'accept-language' => 'zh-CN,zh;q=0.8',
  'accept-encoding' => 'gzip, deflate',
  'referer' => 'http://webbof.ewtouch.com/zh/business_up.html',
  'content-type' => 'application/x-www-form-urlencoded; charset=UTF-8',
  'user-agent' => 'Mozilla/5.0 (Windows NT 10.0; WOW64) AppleWebKit/537.36 (KHTML, like Gecko) Chrome/45.0.2454.101 Safari/537.36',
  'origin' => 'http://webbof.ewtouch.com',
  'accept' => 'application/json, text/javascript, */*; q=0.01',
  'content-length' => '7',
  'connection' => 'keep-alive',
  'host' => 'apibof.ewtouch.com',
)
[ info ] [ PARAM ] array (
  'class' => '5',
)
[ info ] [ DB ] INIT mysql
[ info ] [ SESSION ] INIT array (
  'id' => '',
  'var_session_id' => '',
  'prefix' => 'think',
  'type' => '',
  'auto_start' => true,
  'httponly' => true,
  'secure' => false,
)
[ info ] [ RUN ] app\home\controller\Users->DoUpgrade[ /www/wwwroot/bof.com/application/home/controller/Users.php ]
[ info ] [ CACHE ] INIT file
[ info ] [ LOG ] INIT File
[ sql ] [ DB ] CONNECT:[ UseTime:0.000491s ] mysql:dbname=bof_com;host=121.42.251.110;port=3306;charset=utf8
[ sql ] [ SQL ] SHOW COLUMNS FROM `sql_config` [ RunTime:0.001067s ]
[ sql ] [ SQL ] SELECT `value` FROM `sql_config` WHERE  `name` = 'pu_straight' LIMIT 1 [ RunTime:0.000356s ]
[ sql ] [ SQL ] SELECT `value` FROM `sql_config` WHERE  `name` = 'pu_straight' LIMIT 1 [ RunTime:0.000255s ]
[ sql ] [ SQL ] SELECT `value` FROM `sql_config` WHERE  `name` = 'yin_straight' LIMIT 1 [ RunTime:0.000252s ]
[ sql ] [ SQL ] SELECT `value` FROM `sql_config` WHERE  `name` = 'jin_straight' LIMIT 1 [ RunTime:0.000252s ]
[ sql ] [ SQL ] SELECT `value` FROM `sql_config` WHERE  `name` = 'baijin_straight' LIMIT 1 [ RunTime:0.000224s ]
[ sql ] [ SQL ] SELECT `value` FROM `sql_config` WHERE  `name` = 'heijin_straight' LIMIT 1 [ RunTime:0.000239s ]
[ sql ] [ SQL ] SELECT `value` FROM `sql_config` WHERE  `name` = 'zuan_straight' LIMIT 1 [ RunTime:0.000289s ]
[ sql ] [ SQL ] SELECT `value` FROM `sql_config` WHERE  `name` = 'lanzuan_straight' LIMIT 1 [ RunTime:0.000230s ]
[ sql ] [ SQL ] SHOW COLUMNS FROM `sql_users` [ RunTime:0.001086s ]
[ sql ] [ SQL ] SELECT * FROM `sql_users` WHERE  `id` = 402 LIMIT 1 [ RunTime:0.000516s ]
[ sql ] [ SQL ] SELECT `bof_all`,`class`,`balance`,`reg_score` FROM `sql_users` WHERE  `id` = 402 LIMIT 1 [ RunTime:0.000241s ]
[ sql ] [ SQL ] SELECT `class` FROM `sql_users` WHERE  `pid` = 402 [ RunTime:0.000360s ]
[ sql ] [ SQL ] SHOW COLUMNS FROM `sql_user_upgrade` [ RunTime:0.000729s ]
[ sql ] [ SQL ] SELECT * FROM `sql_user_upgrade` WHERE  `uid` = 402 LIMIT 1 [ RunTime:0.000407s ]
[ sql ] [ SQL ] SELECT `class`,`reg_score`,`shopping_number` FROM `sql_users` WHERE  `id` = 402 LIMIT 1 [ RunTime:0.000307s ]
[ sql ] [ SQL ] UPDATE `sql_users`  SET `reg_score`=0,`class`=5  WHERE  `id` = 402 [ RunTime:0.000316s ]
[ sql ] [ SQL ] INSERT INTO `sql_user_upgrade` (`uid` , `truename` , `code` , `type` , `created_at` , `class` , `class_at` , `Amount` , `updated_at` , `state`) VALUES (402 , 'ds' , 'jd009a' , '会员升级' , '1522054768' , 0 , 5 , 3000 , '1522054768' , 1) [ RunTime:0.000238s ]
[ sql ] [ SQL ] SHOW COLUMNS FROM `sql_account` [ RunTime:0.000762s ]
[ sql ] [ SQL ] INSERT INTO `sql_account` (`uid` , `score` , `cur_score` , `remark` , `type` , `is_add` , `class` , `from_uid` , `created_at` , `source`) VALUES (402 , -3000 , 0 , '会员升级' , 1 , 2 , 1 , 402 , '1522054768' , 8) [ RunTime:0.000241s ]
[ sql ] [ SQL ] SHOW COLUMNS FROM `sql_disc` [ RunTime:0.000663s ]
[ sql ] [ SQL ] SELECT `market_price` FROM `sql_disc` ORDER BY id desc LIMIT 1 [ RunTime:0.000198s ]
[ sql ] [ SQL ] SELECT `status`,`class` FROM `sql_users` WHERE  `id` = 402 LIMIT 1 [ RunTime:0.000222s ]
[ sql ] [ SQL ] SELECT COUNT(*) AS tp_count FROM `sql_disc` LIMIT 1 [ RunTime:0.000226s ]
[ sql ] [ SQL ] SELECT * FROM `sql_disc` ORDER BY `id`  desc LIMIT 1 [ RunTime:0.000188s ]
[ sql ] [ SQL ] SELECT `class`,`balance`,`id` FROM `sql_users` WHERE  `id` = 402  AND `islock` = 1 LIMIT 1 [ RunTime:0.000219s ]
[ sql ] [ SQL ] SHOW COLUMNS FROM `sql_bof_rank` [ RunTime:0.000723s ]
[ sql ] [ SQL ] SELECT * FROM `sql_bof_rank` WHERE  `uid` = 402  AND `status` = 1 LIMIT 1 [ RunTime:0.000274s ]
[ sql ] [ SQL ] SHOW COLUMNS FROM `sql_bof_issue` [ RunTime:0.000685s ]
[ sql ] [ SQL ] SELECT `bof_num`,`id` FROM `sql_bof_issue` WHERE  `status` = 1 ORDER BY `id`  desc LIMIT 1 [ RunTime:0.000241s ]
[ sql ] [ SQL ] UPDATE `sql_bof_issue`  SET `bof_num`=4855628.06585  WHERE  `id` = 66 [ RunTime:0.000231s ]
[ sql ] [ SQL ] UPDATE `sql_users`  SET `balance`=balance+5353.846154  WHERE  `id` = 402 [ RunTime:0.000232s ]
[ sql ] [ SQL ] SELECT `balance` FROM `sql_users` WHERE  `id` = 402 LIMIT 1 [ RunTime:0.000186s ]
[ sql ] [ SQL ] INSERT INTO `sql_account` (`uid` , `cur_score` , `score` , `remark` , `class` , `is_add` , `type` , `source` , `created_at`) VALUES (402 , 5353.846154 , 5353.846154 , '系统分配bof' , 2 , 1 , 8 , 13 , '1522054768') [ RunTime:0.000211s ]
[ sql ] [ SQL ] SHOW COLUMNS FROM `sql_bof_deal` [ RunTime:0.000784s ]
[ sql ] [ SQL ] SELECT * FROM `sql_bof_deal` WHERE  `order_sn` = '2018031522054768874' LIMIT 1 [ RunTime:0.000635s ]
[ sql ] [ SQL ] INSERT INTO `sql_bof_deal` (`uid` , `order_sn` , `sell_price` , `sell_num` , `status` , `type` , `created_at` , `updated_at`) VALUES (402 , '2018031522054768874' , 0.325 , 5353.846154 , 2 , 1 , '1522054768' , '1522054768') [ RunTime:0.000226s ]
[ sql ] [ SQL ] SELECT COUNT(*) AS tp_count FROM `sql_disc` LIMIT 1 [ RunTime:0.000237s ]
[ sql ] [ SQL ] SELECT * FROM `sql_disc` ORDER BY `id`  desc LIMIT 1 [ RunTime:0.000190s ]
[ sql ] [ SQL ] SELECT `value` FROM `sql_config` WHERE  `name` = 'market' LIMIT 1 [ RunTime:0.000247s ]
[ sql ] [ SQL ] SELECT `value` FROM `sql_config` WHERE  `name` = 'bof_all' LIMIT 1 [ RunTime:0.000236s ]
[ sql ] [ SQL ] SELECT `bof_num` FROM `sql_bof_issue` WHERE  `status` = 1 ORDER BY `id`  desc LIMIT 1 [ RunTime:0.000233s ]
[ sql ] [ SQL ] SELECT `value` FROM `sql_config` WHERE  `name` = 'current_price' LIMIT 1 [ RunTime:0.000221s ]
[ sql ] [ SQL ] SHOW COLUMNS FROM `sql_per` [ RunTime:0.000652s ]
[ sql ] [ SQL ] SELECT SUM(num) AS tp_sum FROM `sql_per` LIMIT 1 [ RunTime:0.000185s ]
[ sql ] [ SQL ] SELECT `id` FROM `sql_account` ORDER BY `id`  desc LIMIT 1 [ RunTime:0.000187s ]
[ sql ] [ SQL ] SELECT SUM(score) AS tp_sum FROM `sql_account` WHERE  `is_add` = 2  AND `source` IN (8,11) LIMIT 1 [ RunTime:0.001602s ]
[ sql ] [ SQL ] INSERT INTO `sql_disc` (`market_price` , `created_at`) VALUES (0.326 , '1522054768') [ RunTime:0.000206s ]
[ sql ] [ SQL ] SELECT `uid` FROM `sql_bof_deal` WHERE  `pay_status` = 2 [ RunTime:0.000296s ]
[ sql ] [ SQL ] SELECT `id`,`bof_num`,`class`,`balance`,`balance_return`,`game_score`,`pay_score`,`fund_gold`,`con_score`,`prize_score` FROM `sql_users` WHERE  `id` = 176 LIMIT 1 [ RunTime:0.000249s ]
[ sql ] [ SQL ] SELECT `sell_price` FROM `sql_bof_deal` WHERE  `uid` = 176  AND `type` = 2 ORDER BY `created_at`  desc LIMIT 1 [ RunTime:0.000380s ]
[ sql ] [ SQL ] SELECT `id`,`bof_num`,`class`,`balance`,`balance_return`,`game_score`,`pay_score`,`fund_gold`,`con_score`,`prize_score` FROM `sql_users` WHERE  `id` = 333 LIMIT 1 [ RunTime:0.000242s ]
[ sql ] [ SQL ] SELECT `sell_price` FROM `sql_bof_deal` WHERE  `uid` = 333  AND `type` = 2 ORDER BY `created_at`  desc LIMIT 1 [ RunTime:0.000351s ]
[ sql ] [ SQL ] SELECT `region`,`nid` FROM `sql_users` WHERE  `id` = 402 LIMIT 1 [ RunTime:0.000244s ]
[ sql ] [ SQL ] SELECT `class`,`nid`,`region`,`left_all_ach`,`right_all_ach`,`left_ach`,`right_ach` FROM `sql_users` WHERE  `id` = 401 LIMIT 1 [ RunTime:0.000229s ]
[ sql ] [ SQL ] UPDATE `sql_users`  SET `left_all_ach`=3000,`left_ach`=3000  WHERE  `id` = 401 [ RunTime:0.000254s ]
[ sql ] [ SQL ] SELECT `class`,`nid`,`region`,`left_all_ach`,`right_all_ach`,`left_ach`,`right_ach` FROM `sql_users` WHERE  `id` = 380 LIMIT 1 [ RunTime:0.000222s ]
[ sql ] [ SQL ] UPDATE `sql_users`  SET `right_all_ach`=3500,`right_ach`=3000  WHERE  `id` = 380 [ RunTime:0.000260s ]
[ sql ] [ SQL ] SELECT `class`,`nid`,`region`,`left_all_ach`,`right_all_ach`,`left_ach`,`right_ach` FROM `sql_users` WHERE  `id` = 163 LIMIT 1 [ RunTime:0.000247s ]
[ sql ] [ SQL ] UPDATE `sql_users`  SET `left_all_ach`=22800,`left_ach`=21800  WHERE  `id` = 163 [ RunTime:0.000223s ]
[ sql ] [ SQL ] SELECT `class`,`nid`,`region`,`left_all_ach`,`right_all_ach`,`left_ach`,`right_ach` FROM `sql_users` WHERE  `id` = 140 LIMIT 1 [ RunTime:0.000224s ]
[ sql ] [ SQL ] SELECT * FROM `sql_users` WHERE  `id` = 402 LIMIT 1 [ RunTime:0.000392s ]
[ sql ] [ SQL ] SELECT `id` FROM `sql_users` WHERE  `id` = 401 LIMIT 1 [ RunTime:0.000210s ]
[ sql ] [ SQL ] SELECT `nid` FROM `sql_users` WHERE  `id` = 401 LIMIT 1 [ RunTime:0.000205s ]
[ sql ] [ SQL ] SELECT `id` FROM `sql_users` WHERE  `id` = 380 LIMIT 1 [ RunTime:0.000188s ]
[ sql ] [ SQL ] SELECT `nid` FROM `sql_users` WHERE  `id` = 380 LIMIT 1 [ RunTime:0.000195s ]
[ sql ] [ SQL ] SELECT `id` FROM `sql_users` WHERE  `id` = 163 LIMIT 1 [ RunTime:0.000199s ]
[ sql ] [ SQL ] SELECT `nid` FROM `sql_users` WHERE  `id` = 163 LIMIT 1 [ RunTime:0.000186s ]
[ sql ] [ SQL ] SELECT `id` FROM `sql_users` WHERE  `id` = 140 LIMIT 1 [ RunTime:0.000187s ]
[ sql ] [ SQL ] SELECT `nid` FROM `sql_users` WHERE  `id` = 140 LIMIT 1 [ RunTime:0.000191s ]
[ sql ] [ SQL ] SELECT * FROM `sql_users` WHERE  `id` IN (401,380,163) [ RunTime:0.000382s ]
[ sql ] [ SQL ] SELECT SUM(score) AS tp_sum FROM `sql_account` WHERE  `type` IN (1,3)  AND `source` IN (1,2,15) LIMIT 1 [ RunTime:0.001797s ]
[ sql ] [ SQL ] UPDATE `sql_users`  SET `left_ach`=left_ach-3000  WHERE  `id` = 380 [ RunTime:0.000244s ]
[ sql ] [ SQL ] UPDATE `sql_users`  SET `right_ach`=right_ach-3000  WHERE  `id` = 380 [ RunTime:0.000220s ]
[ sql ] [ SQL ] SELECT `value` FROM `sql_config` WHERE  `name` = 'fourBoomPercent' LIMIT 1 [ RunTime:0.000242s ]
[ sql ] [ SQL ] SELECT `value` FROM `sql_config` WHERE  `name` = 'oneToThreePercent' LIMIT 1 [ RunTime:0.000226s ]
[ sql ] [ SQL ] SELECT SUM(score) AS tp_sum FROM `sql_account` WHERE  `uid` = 380  AND `source` = 2  AND `is_add` = 1  AND `type` = 3  AND `class` = 1  AND ( `created_at` > '1521993600' AND `created_at` < '1522079999' ) LIMIT 1 [ RunTime:0.002271s ]
[ sql ] [ SQL ] SELECT `value` FROM `sql_config` WHERE  `name` = 'fourTopBoomScore' LIMIT 1 [ RunTime:0.000221s ]
[ sql ] [ SQL ] SELECT `prize_score` FROM `sql_users` WHERE  `id` = 380 LIMIT 1 [ RunTime:0.000195s ]
[ sql ] [ SQL ] INSERT INTO `sql_account` (`uid` , `score` , `cur_score` , `remark` , `class` , `is_add` , `type` , `source` , `from_uid` , `created_at`) VALUES (380 , 126 , 486 , '平衡奖结算' , 1 , 1 , 3 , 2 , 402 , '1522054768') [ RunTime:0.000226s ]
[ sql ] [ SQL ] UPDATE `sql_users`  SET `prize_score`=prize_score+126  WHERE  `id` = 380 [ RunTime:0.000216s ]
[ sql ] [ SQL ] SELECT `id` FROM `sql_users` WHERE  `id` = 380 LIMIT 1 [ RunTime:0.000187s ]
[ sql ] [ SQL ] SELECT `pid` FROM `sql_users` WHERE  `id` = 380 LIMIT 1 [ RunTime:0.000178s ]
[ sql ] [ SQL ] SELECT `id` FROM `sql_users` WHERE  `id` = 163 LIMIT 1 [ RunTime:0.000173s ]
[ sql ] [ SQL ] SELECT `pid` FROM `sql_users` WHERE  `id` = 163 LIMIT 1 [ RunTime:0.000187s ]
[ sql ] [ SQL ] SELECT `id` FROM `sql_users` WHERE  `id` = 140 LIMIT 1 [ RunTime:0.000173s ]
[ sql ] [ SQL ] SELECT `pid` FROM `sql_users` WHERE  `id` = 140 LIMIT 1 [ RunTime:0.000200s ]
[ sql ] [ SQL ] SELECT * FROM `sql_users` WHERE  `id` = 163 LIMIT 1 [ RunTime:0.000338s ]
[ log ] <<<碰撞完成 新人id：402--手机号：18187181578 --碰撞金额：3000---配比率：0.6---获奖人id：380--碰撞时间：2018-03-26 16:59:281522054768>>>
---------------------------------------------------------------
[ 2018-03-26T17:30:49+08:00 ] 121.42.251.110 119.62.205.236 POST /home/users/DoUpgrade
[ info ] apibof.ewtouch.com/home/users/DoUpgrade [运行时间：0.069007s][吞吐率：14.49req/s] [内存消耗：3,318.49kb] [文件加载：65]
[ info ] [ LANG ] /www/wwwroot/bof.com/thinkphp/lang/zh-cn.php
[ info ] [ ROUTE ] array (
  'type' => 'module',
  'module' => 
  array (
    0 => 'home',
    1 => 'users',
    2 => 'DoUpgrade',
  ),
)
[ info ] [ HEADER ] array (
  'cookie' => 'PHPSESSID=f7scbprj9dhrl1h07uhu7ru92h',
  'accept-language' => 'zh-CN,zh;q=0.8',
  'accept-encoding' => 'gzip, deflate',
  'referer' => 'http://webbof.ewtouch.com/zh/business_up.html',
  'content-type' => 'application/x-www-form-urlencoded; charset=UTF-8',
  'user-agent' => 'Mozilla/5.0 (Windows NT 10.0; WOW64) AppleWebKit/537.36 (KHTML, like Gecko) Chrome/45.0.2454.101 Safari/537.36',
  'origin' => 'http://webbof.ewtouch.com',
  'accept' => 'application/json, text/javascript, */*; q=0.01',
  'content-length' => '7',
  'connection' => 'keep-alive',
  'host' => 'apibof.ewtouch.com',
)
[ info ] [ PARAM ] array (
  'class' => '5',
)
[ info ] [ DB ] INIT mysql
[ info ] [ SESSION ] INIT array (
  'id' => '',
  'var_session_id' => '',
  'prefix' => 'think',
  'type' => '',
  'auto_start' => true,
  'httponly' => true,
  'secure' => false,
)
[ info ] [ RUN ] app\home\controller\Users->DoUpgrade[ /www/wwwroot/bof.com/application/home/controller/Users.php ]
[ info ] [ CACHE ] INIT file
[ info ] [ LOG ] INIT File
[ sql ] [ DB ] CONNECT:[ UseTime:0.000527s ] mysql:dbname=bof_com;host=121.42.251.110;port=3306;charset=utf8
[ sql ] [ SQL ] SHOW COLUMNS FROM `sql_config` [ RunTime:0.001063s ]
[ sql ] [ SQL ] SELECT `value` FROM `sql_config` WHERE  `name` = 'pu_straight' LIMIT 1 [ RunTime:0.000348s ]
[ sql ] [ SQL ] SELECT `value` FROM `sql_config` WHERE  `name` = 'pu_straight' LIMIT 1 [ RunTime:0.000255s ]
[ sql ] [ SQL ] SELECT `value` FROM `sql_config` WHERE  `name` = 'yin_straight' LIMIT 1 [ RunTime:0.000247s ]
[ sql ] [ SQL ] SELECT `value` FROM `sql_config` WHERE  `name` = 'jin_straight' LIMIT 1 [ RunTime:0.000223s ]
[ sql ] [ SQL ] SELECT `value` FROM `sql_config` WHERE  `name` = 'baijin_straight' LIMIT 1 [ RunTime:0.000218s ]
[ sql ] [ SQL ] SELECT `value` FROM `sql_config` WHERE  `name` = 'heijin_straight' LIMIT 1 [ RunTime:0.000202s ]
[ sql ] [ SQL ] SELECT `value` FROM `sql_config` WHERE  `name` = 'zuan_straight' LIMIT 1 [ RunTime:0.000247s ]
[ sql ] [ SQL ] SELECT `value` FROM `sql_config` WHERE  `name` = 'lanzuan_straight' LIMIT 1 [ RunTime:0.000224s ]
[ sql ] [ SQL ] SHOW COLUMNS FROM `sql_users` [ RunTime:0.001106s ]
[ sql ] [ SQL ] SELECT * FROM `sql_users` WHERE  `id` = 403 LIMIT 1 [ RunTime:0.000512s ]
[ sql ] [ SQL ] SELECT `bof_all`,`class`,`balance`,`reg_score` FROM `sql_users` WHERE  `id` = 403 LIMIT 1 [ RunTime:0.000264s ]
[ sql ] [ SQL ] SELECT `class` FROM `sql_users` WHERE  `pid` = 403 [ RunTime:0.000363s ]
[ sql ] [ SQL ] SHOW COLUMNS FROM `sql_user_upgrade` [ RunTime:0.000736s ]
[ sql ] [ SQL ] SELECT * FROM `sql_user_upgrade` WHERE  `uid` = 403 LIMIT 1 [ RunTime:0.000417s ]
[ sql ] [ SQL ] SELECT `class`,`reg_score`,`shopping_number` FROM `sql_users` WHERE  `id` = 403 LIMIT 1 [ RunTime:0.000228s ]
[ sql ] [ SQL ] UPDATE `sql_users`  SET `reg_score`=1500,`class`=5  WHERE  `id` = 403 [ RunTime:0.000319s ]
[ sql ] [ SQL ] INSERT INTO `sql_user_upgrade` (`uid` , `truename` , `code` , `type` , `created_at` , `class` , `class_at` , `Amount` , `updated_at` , `state`) VALUES (403 , '都是' , 'jd009b' , '会员升级' , '1522056649' , 0 , 5 , 3000 , '1522056649' , 1) [ RunTime:0.000259s ]
[ sql ] [ SQL ] SHOW COLUMNS FROM `sql_account` [ RunTime:0.000764s ]
[ sql ] [ SQL ] INSERT INTO `sql_account` (`uid` , `score` , `cur_score` , `remark` , `type` , `is_add` , `class` , `from_uid` , `created_at` , `source`) VALUES (403 , -3000 , 1500 , '会员升级' , 1 , 2 , 1 , 403 , '1522056649' , 8) [ RunTime:0.000245s ]
[ sql ] [ SQL ] SHOW COLUMNS FROM `sql_disc` [ RunTime:0.000686s ]
[ sql ] [ SQL ] SELECT `market_price` FROM `sql_disc` ORDER BY id desc LIMIT 1 [ RunTime:0.000198s ]
[ sql ] [ SQL ] SELECT `status`,`class` FROM `sql_users` WHERE  `id` = 403 LIMIT 1 [ RunTime:0.000234s ]
[ sql ] [ SQL ] SELECT COUNT(*) AS tp_count FROM `sql_disc` LIMIT 1 [ RunTime:0.000226s ]
[ sql ] [ SQL ] SELECT * FROM `sql_disc` ORDER BY `id`  desc LIMIT 1 [ RunTime:0.000208s ]
[ sql ] [ SQL ] SELECT `class`,`balance`,`id` FROM `sql_users` WHERE  `id` = 403  AND `islock` = 1 LIMIT 1 [ RunTime:0.000233s ]
[ sql ] [ SQL ] SHOW COLUMNS FROM `sql_bof_rank` [ RunTime:0.000724s ]
[ sql ] [ SQL ] SELECT * FROM `sql_bof_rank` WHERE  `uid` = 403  AND `status` = 1 LIMIT 1 [ RunTime:0.000261s ]
[ sql ] [ SQL ] SHOW COLUMNS FROM `sql_bof_issue` [ RunTime:0.000708s ]
[ sql ] [ SQL ] SELECT `bof_num`,`id` FROM `sql_bof_issue` WHERE  `status` = 1 ORDER BY `id`  desc LIMIT 1 [ RunTime:0.000230s ]
[ sql ] [ SQL ] UPDATE `sql_bof_issue`  SET `bof_num`=4850290.642537  WHERE  `id` = 66 [ RunTime:0.000228s ]
[ sql ] [ SQL ] UPDATE `sql_users`  SET `balance`=balance+5337.423313  WHERE  `id` = 403 [ RunTime:0.000229s ]
[ sql ] [ SQL ] SELECT `balance` FROM `sql_users` WHERE  `id` = 403 LIMIT 1 [ RunTime:0.000199s ]
[ sql ] [ SQL ] INSERT INTO `sql_account` (`uid` , `cur_score` , `score` , `remark` , `class` , `is_add` , `type` , `source` , `created_at`) VALUES (403 , 5337.423313 , 5337.423313 , '系统分配bof' , 2 , 1 , 8 , 13 , '1522056649') [ RunTime:0.000231s ]
[ sql ] [ SQL ] SHOW COLUMNS FROM `sql_bof_deal` [ RunTime:0.000794s ]
[ sql ] [ SQL ] SELECT * FROM `sql_bof_deal` WHERE  `order_sn` = '2018031522056649664' LIMIT 1 [ RunTime:0.000655s ]
[ sql ] [ SQL ] INSERT INTO `sql_bof_deal` (`uid` , `order_sn` , `sell_price` , `sell_num` , `status` , `type` , `created_at` , `updated_at`) VALUES (403 , '2018031522056649664' , 0.326 , 5337.423313 , 2 , 1 , '1522056649' , '1522056649') [ RunTime:0.000243s ]
[ sql ] [ SQL ] SELECT COUNT(*) AS tp_count FROM `sql_disc` LIMIT 1 [ RunTime:0.000227s ]
[ sql ] [ SQL ] SELECT * FROM `sql_disc` ORDER BY `id`  desc LIMIT 1 [ RunTime:0.000187s ]
[ sql ] [ SQL ] SELECT `value` FROM `sql_config` WHERE  `name` = 'market' LIMIT 1 [ RunTime:0.000260s ]
[ sql ] [ SQL ] SELECT `value` FROM `sql_config` WHERE  `name` = 'bof_all' LIMIT 1 [ RunTime:0.000229s ]
[ sql ] [ SQL ] SELECT `bof_num` FROM `sql_bof_issue` WHERE  `status` = 1 ORDER BY `id`  desc LIMIT 1 [ RunTime:0.000202s ]
[ sql ] [ SQL ] SELECT `value` FROM `sql_config` WHERE  `name` = 'current_price' LIMIT 1 [ RunTime:0.000219s ]
[ sql ] [ SQL ] SHOW COLUMNS FROM `sql_per` [ RunTime:0.000706s ]
[ sql ] [ SQL ] SELECT SUM(num) AS tp_sum FROM `sql_per` LIMIT 1 [ RunTime:0.000200s ]
[ sql ] [ SQL ] SELECT `id` FROM `sql_account` ORDER BY `id`  desc LIMIT 1 [ RunTime:0.000189s ]
[ sql ] [ SQL ] SELECT SUM(score) AS tp_sum FROM `sql_account` WHERE  `is_add` = 2  AND `source` IN (8,11) LIMIT 1 [ RunTime:0.001630s ]
[ sql ] [ SQL ] SELECT `region`,`nid` FROM `sql_users` WHERE  `id` = 403 LIMIT 1 [ RunTime:0.000228s ]
[ sql ] [ SQL ] SELECT `class`,`nid`,`region`,`left_all_ach`,`right_all_ach`,`left_ach`,`right_ach` FROM `sql_users` WHERE  `id` = 401 LIMIT 1 [ RunTime:0.000234s ]
[ sql ] [ SQL ] UPDATE `sql_users`  SET `right_all_ach`=3000,`right_ach`=3000  WHERE  `id` = 401 [ RunTime:0.000241s ]
[ sql ] [ SQL ] SELECT `class`,`nid`,`region`,`left_all_ach`,`right_all_ach`,`left_ach`,`right_ach` FROM `sql_users` WHERE  `id` = 380 LIMIT 1 [ RunTime:0.000211s ]
[ sql ] [ SQL ] UPDATE `sql_users`  SET `right_all_ach`=6500,`right_ach`=3000  WHERE  `id` = 380 [ RunTime:0.000247s ]
[ sql ] [ SQL ] SELECT `class`,`nid`,`region`,`left_all_ach`,`right_all_ach`,`left_ach`,`right_ach` FROM `sql_users` WHERE  `id` = 163 LIMIT 1 [ RunTime:0.000211s ]
[ sql ] [ SQL ] UPDATE `sql_users`  SET `left_all_ach`=25800,`left_ach`=24800  WHERE  `id` = 163 [ RunTime:0.000233s ]
[ sql ] [ SQL ] SELECT `class`,`nid`,`region`,`left_all_ach`,`right_all_ach`,`left_ach`,`right_ach` FROM `sql_users` WHERE  `id` = 140 LIMIT 1 [ RunTime:0.000218s ]
[ sql ] [ SQL ] SELECT * FROM `sql_users` WHERE  `id` = 403 LIMIT 1 [ RunTime:0.000378s ]
[ sql ] [ SQL ] SELECT `id` FROM `sql_users` WHERE  `id` = 401 LIMIT 1 [ RunTime:0.000218s ]
[ sql ] [ SQL ] SELECT `nid` FROM `sql_users` WHERE  `id` = 401 LIMIT 1 [ RunTime:0.000189s ]
[ sql ] [ SQL ] SELECT `id` FROM `sql_users` WHERE  `id` = 380 LIMIT 1 [ RunTime:0.000186s ]
[ sql ] [ SQL ] SELECT `nid` FROM `sql_users` WHERE  `id` = 380 LIMIT 1 [ RunTime:0.000195s ]
[ sql ] [ SQL ] SELECT `id` FROM `sql_users` WHERE  `id` = 163 LIMIT 1 [ RunTime:0.000183s ]
[ sql ] [ SQL ] SELECT `nid` FROM `sql_users` WHERE  `id` = 163 LIMIT 1 [ RunTime:0.000181s ]
[ sql ] [ SQL ] SELECT `id` FROM `sql_users` WHERE  `id` = 140 LIMIT 1 [ RunTime:0.000177s ]
[ sql ] [ SQL ] SELECT `nid` FROM `sql_users` WHERE  `id` = 140 LIMIT 1 [ RunTime:0.000176s ]
[ sql ] [ SQL ] SELECT * FROM `sql_users` WHERE  `id` IN (401,380,163) [ RunTime:0.000401s ]
[ sql ] [ SQL ] SELECT SUM(score) AS tp_sum FROM `sql_account` WHERE  `type` IN (1,3)  AND `source` IN (1,2,15) LIMIT 1 [ RunTime:0.001800s ]
[ sql ] [ SQL ] UPDATE `sql_users`  SET `left_ach`=left_ach-3000  WHERE  `id` = 380 [ RunTime:0.000254s ]
[ sql ] [ SQL ] UPDATE `sql_users`  SET `right_ach`=right_ach-3000  WHERE  `id` = 380 [ RunTime:0.000233s ]
[ sql ] [ SQL ] SELECT `value` FROM `sql_config` WHERE  `name` = 'fourBoomPercent' LIMIT 1 [ RunTime:0.000250s ]
[ sql ] [ SQL ] SELECT `value` FROM `sql_config` WHERE  `name` = 'oneToThreePercent' LIMIT 1 [ RunTime:0.000240s ]
[ sql ] [ SQL ] SELECT SUM(score) AS tp_sum FROM `sql_account` WHERE  `uid` = 380  AND `source` = 2  AND `is_add` = 1  AND `type` = 3  AND `class` = 1  AND ( `created_at` > '1521993600' AND `created_at` < '1522079999' ) LIMIT 1 [ RunTime:0.002295s ]
[ sql ] [ SQL ] SELECT `value` FROM `sql_config` WHERE  `name` = 'fourTopBoomScore' LIMIT 1 [ RunTime:0.000279s ]
[ sql ] [ SQL ] SELECT `prize_score` FROM `sql_users` WHERE  `id` = 380 LIMIT 1 [ RunTime:0.000237s ]
[ sql ] [ SQL ] INSERT INTO `sql_account` (`uid` , `score` , `cur_score` , `remark` , `class` , `is_add` , `type` , `source` , `from_uid` , `created_at`) VALUES (380 , 126 , 627 , '平衡奖结算' , 1 , 1 , 3 , 2 , 403 , '1522056649') [ RunTime:0.000267s ]
[ sql ] [ SQL ] UPDATE `sql_users`  SET `prize_score`=prize_score+126  WHERE  `id` = 380 [ RunTime:0.000245s ]
[ sql ] [ SQL ] SELECT `id` FROM `sql_users` WHERE  `id` = 380 LIMIT 1 [ RunTime:0.000213s ]
[ sql ] [ SQL ] SELECT `pid` FROM `sql_users` WHERE  `id` = 380 LIMIT 1 [ RunTime:0.000196s ]
[ sql ] [ SQL ] SELECT `id` FROM `sql_users` WHERE  `id` = 163 LIMIT 1 [ RunTime:0.000199s ]
[ sql ] [ SQL ] SELECT `pid` FROM `sql_users` WHERE  `id` = 163 LIMIT 1 [ RunTime:0.000195s ]
[ sql ] [ SQL ] SELECT `id` FROM `sql_users` WHERE  `id` = 140 LIMIT 1 [ RunTime:0.000187s ]
[ sql ] [ SQL ] SELECT `pid` FROM `sql_users` WHERE  `id` = 140 LIMIT 1 [ RunTime:0.000181s ]
[ sql ] [ SQL ] SELECT * FROM `sql_users` WHERE  `id` = 163 LIMIT 1 [ RunTime:0.000372s ]
[ log ] <<<碰撞完成 新人id：403--手机号：18187181578 --碰撞金额：3000---配比率：0.6---获奖人id：380--碰撞时间：2018-03-26 17:30:491522056649>>>
---------------------------------------------------------------
[ 2018-03-26T17:30:49+08:00 ] 121.42.251.110 119.62.205.236 POST /home/users/DoUpgrade
[ info ] apibof.ewtouch.com/home/users/DoUpgrade [运行时间：0.082827s][吞吐率：12.07req/s] [内存消耗：3,302.10kb] [文件加载：65]
[ sql ] [ SQL ] SELECT SUM(score) AS tp_sum FROM `sql_account` WHERE  `type` IN (1,3)  AND `source` IN (1,2,15) LIMIT 1 [ RunTime:0.001821s ]
[ sql ] [ SQL ] UPDATE `sql_users`  SET `left_ach`=left_ach-3000  WHERE  `id` = 401 [ RunTime:0.000279s ]
[ sql ] [ SQL ] UPDATE `sql_users`  SET `right_ach`=right_ach-3000  WHERE  `id` = 401 [ RunTime:0.000228s ]
[ sql ] [ SQL ] SELECT `value` FROM `sql_config` WHERE  `name` = 'threeBoomPercent' LIMIT 1 [ RunTime:0.000251s ]
[ sql ] [ SQL ] SELECT `value` FROM `sql_config` WHERE  `name` = 'oneToThreePercent' LIMIT 1 [ RunTime:0.000230s ]
[ sql ] [ SQL ] SELECT SUM(score) AS tp_sum FROM `sql_account` WHERE  `uid` = 401  AND `source` = 2  AND `is_add` = 1  AND `type` = 3  AND `class` = 1  AND ( `created_at` > '1521993600' AND `created_at` < '1522079999' ) LIMIT 1 [ RunTime:0.002293s ]
[ sql ] [ SQL ] SELECT `value` FROM `sql_config` WHERE  `name` = 'threeTopBoomScore' LIMIT 1 [ RunTime:0.000269s ]
[ sql ] [ SQL ] SELECT `prize_score` FROM `sql_users` WHERE  `id` = 401 LIMIT 1 [ RunTime:0.000224s ]
[ sql ] [ SQL ] INSERT INTO `sql_account` (`uid` , `score` , `cur_score` , `remark` , `class` , `is_add` , `type` , `source` , `from_uid` , `created_at`) VALUES (401 , 108 , 258 , '平衡奖结算' , 1 , 1 , 3 , 2 , 403 , '1522056649') [ RunTime:0.000242s ]
[ sql ] [ SQL ] UPDATE `sql_users`  SET `prize_score`=prize_score+108  WHERE  `id` = 401 [ RunTime:0.000237s ]
[ sql ] [ SQL ] SELECT `id` FROM `sql_users` WHERE  `id` = 401 LIMIT 1 [ RunTime:0.000208s ]
[ sql ] [ SQL ] SELECT `pid` FROM `sql_users` WHERE  `id` = 401 LIMIT 1 [ RunTime:0.000224s ]
[ sql ] [ SQL ] SELECT `id` FROM `sql_users` WHERE  `id` = 380 LIMIT 1 [ RunTime:0.000187s ]
[ sql ] [ SQL ] SELECT `pid` FROM `sql_users` WHERE  `id` = 380 LIMIT 1 [ RunTime:0.000196s ]
[ sql ] [ SQL ] SELECT `id` FROM `sql_users` WHERE  `id` = 163 LIMIT 1 [ RunTime:0.000202s ]
[ sql ] [ SQL ] SELECT `pid` FROM `sql_users` WHERE  `id` = 163 LIMIT 1 [ RunTime:0.000184s ]
[ sql ] [ SQL ] SELECT `id` FROM `sql_users` WHERE  `id` = 140 LIMIT 1 [ RunTime:0.000186s ]
[ sql ] [ SQL ] SELECT `pid` FROM `sql_users` WHERE  `id` = 140 LIMIT 1 [ RunTime:0.000207s ]
[ sql ] [ SQL ] SELECT * FROM `sql_users` WHERE  `id` = 380 LIMIT 1 [ RunTime:0.000442s ]
[ sql ] [ SQL ] SELECT `value` FROM `sql_config` WHERE  `name` = 'fourContributionPercent' LIMIT 1 [ RunTime:0.000272s ]
[ sql ] [ SQL ] SELECT `prize_score` FROM `sql_users` WHERE  `id` = 380 LIMIT 1 [ RunTime:0.000205s ]
[ sql ] [ SQL ] INSERT INTO `sql_account` (`uid` , `score` , `cur_score` , `remark` , `class` , `is_add` , `type` , `source` , `from_uid` , `created_at`) VALUES (380 , 3.24 , 630.24 , '贡献奖结算' , 1 , 1 , 3 , 2 , 401 , '1522056649') [ RunTime:0.000243s ]
[ sql ] [ SQL ] UPDATE `sql_users`  SET `prize_score`=prize_score+3.24  WHERE  `id` = 380 [ RunTime:0.000245s ]
[ sql ] [ SQL ] SELECT * FROM `sql_users` WHERE  `id` = 163 LIMIT 1 [ RunTime:0.000352s ]
[ info ] [ LOG ] INIT File
[ log ] <<<碰撞完成 新人id：403--手机号：18187181578 --碰撞金额：3000---配比率：0.6---获奖人id：401--碰撞时间：2018-03-26 17:30:491522056649>>>
